Log file open, 03/07/17 12:23:01
LogInit:Display: Running engine for game: MonkeyWrench
LogPlatformFile: Not using cached read wrapper
LogInit:Display: RandInit(1750129709) SRandInit(1750129709).
LogTaskGraph: Started task graph with 5 named threads and 6 total threads with 1 sets of task threads.
LogStats: Stats thread started at 0.072813
LogPluginManager: Loaded Plugin Paper2D, From C:/Program Files (x86)/Epic Games/4.14/Engine/Plugins/2D/Paper2D/Paper2D.uplugin
LogPluginManager: Loaded Plugin LightPropagationVolume, From C:/Program Files (x86)/Epic Games/4.14/Engine/Plugins/Blendables/LightPropagationVolume/LightPropagationVolume.uplugin
LogPluginManager: Loaded Plugin BlankPlugin, From C:/Program Files (x86)/Epic Games/4.14/Engine/Plugins/Developer/BlankPlugin/BlankPlugin.uplugin
LogPluginManager: Loaded Plugin CodeLiteSourceCodeAccess, From C:/Program Files (x86)/Epic Games/4.14/Engine/Plugins/Developer/CodeLiteSourceCodeAccess/CodeLiteSourceCodeAccess.uplugin
LogPluginManager: Loaded Plugin GitSourceControl, From C:/Program Files (x86)/Epic Games/4.14/Engine/Plugins/Developer/GitSourceControl/GitSourceControl.uplugin
LogPluginManager: Loaded Plugin KDevelopSourceCodeAccess, From C:/Program Files (x86)/Epic Games/4.14/Engine/Plugins/Developer/KDevelopSourceCodeAccess/KDevelopSourceCodeAccess.uplugin
LogPluginManager: Loaded Plugin NullSourceCodeAccess, From C:/Program Files (x86)/Epic Games/4.14/Engine/Plugins/Developer/NullSourceCodeAccess/NullSourceCodeAccess.uplugin
LogPluginManager: Loaded Plugin OneSkyLocalizationService, From C:/Program Files (x86)/Epic Games/4.14/Engine/Plugins/Developer/OneSkyLocalizationService/OneSkyLocalizationService.uplugin
LogPluginManager: Loaded Plugin PerforceSourceControl, From C:/Program Files (x86)/Epic Games/4.14/Engine/Plugins/Developer/PerforceSourceControl/PerforceSourceControl.uplugin
LogPluginManager: Loaded Plugin SubversionSourceControl, From C:/Program Files (x86)/Epic Games/4.14/Engine/Plugins/Developer/SubversionSourceControl/SubversionSourceControl.uplugin
LogPluginManager: Loaded Plugin UObjectPlugin, From C:/Program Files (x86)/Epic Games/4.14/Engine/Plugins/Developer/UObjectPlugin/UObjectPlugin.uplugin
LogPluginManager: Loaded Plugin VisualStudioSourceCodeAccess, From C:/Program Files (x86)/Epic Games/4.14/Engine/Plugins/Developer/VisualStudioSourceCodeAccess/VisualStudioSourceCodeAccess.uplugin
LogPluginManager: Loaded Plugin XCodeSourceCodeAccess, From C:/Program Files (x86)/Epic Games/4.14/Engine/Plugins/Developer/XCodeSourceCodeAccess/XCodeSourceCodeAccess.uplugin
LogPluginManager: Loaded Plugin AudioCapture, From C:/Program Files (x86)/Epic Games/4.14/Engine/Plugins/Editor/AudioCapture/AudioCapture.uplugin
LogPluginManager: Loaded Plugin EpicSurvey, From C:/Program Files (x86)/Epic Games/4.14/Engine/Plugins/Editor/EpicSurvey/EpicSurvey.uplugin
LogPluginManager: Loaded Plugin MacGraphicsSwitching, From C:/Program Files (x86)/Epic Games/4.14/Engine/Plugins/Editor/MacGraphicsSwitching/MacGraphicsSwitching.uplugin
LogPluginManager: Loaded Plugin MobileLauncherProfileWizard, From C:/Program Files (x86)/Epic Games/4.14/Engine/Plugins/Editor/MobileLauncherProfileWizard/MobileLauncherProfileWizard.uplugin
LogPluginManager: Loaded Plugin PluginBrowser, From C:/Program Files (x86)/Epic Games/4.14/Engine/Plugins/Editor/PluginBrowser/PluginBrowser.uplugin
LogPluginManager: Loaded Plugin SpeedTreeImporter, From C:/Program Files (x86)/Epic Games/4.14/Engine/Plugins/Editor/SpeedTreeImporter/SpeedTreeImporter.uplugin
LogPluginManager: Loaded Plugin SuperSearchEditor, From C:/Program Files (x86)/Epic Games/4.14/Engine/Plugins/Editor/SuperSearchEditor/SuperSearchEditor.uplugin
LogPluginManager: Loaded Plugin AlembicImporter, From C:/Program Files (x86)/Epic Games/4.14/Engine/Plugins/Experimental/AlembicImporter/AlembicImporter.uplugin
LogPluginManager: Loaded Plugin BlueprintStats, From C:/Program Files (x86)/Epic Games/4.14/Engine/Plugins/Experimental/BlueprintStats/BlueprintStats.uplugin
LogPluginManager: Loaded Plugin CharacterAI, From C:/Program Files (x86)/Epic Games/4.14/Engine/Plugins/Experimental/CharacterAI/CharacterAI.uplugin
LogPluginManager: Loaded Plugin CodeEditor, From C:/Program Files (x86)/Epic Games/4.14/Engine/Plugins/Experimental/CodeEditor/CodeEditor.uplugin
LogPluginManager: Loaded Plugin CodeView, From C:/Program Files (x86)/Epic Games/4.14/Engine/Plugins/Experimental/CodeView/CodeView.uplugin
LogPluginManager: Loaded Plugin HTML5Networking, From C:/Program Files (x86)/Epic Games/4.14/Engine/Plugins/Experimental/HTML5Networking/HTML5Networking.uplugin
LogPluginManager: Loaded Plugin OSVR, From C:/Program Files (x86)/Epic Games/4.14/Engine/Plugins/Experimental/OSVR/OSVR.uplugin
LogPluginManager: Loaded Plugin Phya, From C:/Program Files (x86)/Epic Games/4.14/Engine/Plugins/Experimental/Phya/Phya.uplugin
LogPluginManager: Loaded Plugin SignificanceManager, From C:/Program Files (x86)/Epic Games/4.14/Engine/Plugins/Experimental/SignificanceManager/SignificanceManager.uplugin
LogPluginManager: Loaded Plugin SimpleHMD, From C:/Program Files (x86)/Epic Games/4.14/Engine/Plugins/Experimental/SimpleHMD/SimpleHMD.uplugin
LogPluginManager: Loaded Plugin StereoPanorama, From C:/Program Files (x86)/Epic Games/4.14/Engine/Plugins/Experimental/StereoPanorama/StereoPanorama.uplugin
LogPluginManager: Loaded Plugin StructBox, From C:/Program Files (x86)/Epic Games/4.14/Engine/Plugins/Experimental/StructBox/StructBox.uplugin
LogPluginManager: Loaded Plugin AndroidMedia, From C:/Program Files (x86)/Epic Games/4.14/Engine/Plugins/Media/AndroidMedia/AndroidMedia.uplugin
LogPluginManager: Loaded Plugin AvfMedia, From C:/Program Files (x86)/Epic Games/4.14/Engine/Plugins/Media/AvfMedia/AvfMedia.uplugin
LogPluginManager: Loaded Plugin MediaPlayerEditor, From C:/Program Files (x86)/Epic Games/4.14/Engine/Plugins/Media/MediaPlayerEditor/MediaPlayerEditor.uplugin
LogPluginManager: Loaded Plugin WmfMedia, From C:/Program Files (x86)/Epic Games/4.14/Engine/Plugins/Media/WmfMedia/WmfMedia.uplugin
LogPluginManager: Loaded Plugin MessagingDebugger, From C:/Program Files (x86)/Epic Games/4.14/Engine/Plugins/Messaging/MessagingDebugger/MessagingDebugger.uplugin
LogPluginManager: Loaded Plugin TcpMessaging, From C:/Program Files (x86)/Epic Games/4.14/Engine/Plugins/Messaging/TcpMessaging/TcpMessaging.uplugin
LogPluginManager: Loaded Plugin UdpMessaging, From C:/Program Files (x86)/Epic Games/4.14/Engine/Plugins/Messaging/UdpMessaging/UdpMessaging.uplugin
LogPluginManager: Loaded Plugin LevelSequenceEditor, From C:/Program Files (x86)/Epic Games/4.14/Engine/Plugins/MovieScene/LevelSequenceEditor/LevelSequenceEditor.uplugin
LogPluginManager: Loaded Plugin MatineeToLevelSequence, From C:/Program Files (x86)/Epic Games/4.14/Engine/Plugins/MovieScene/MatineeToLevelSequence/MatineeToLevelSequence.uplugin
LogPluginManager: Loaded Plugin NetcodeUnitTest, From C:/Program Files (x86)/Epic Games/4.14/Engine/Plugins/NetcodeUnitTest/NetcodeUnitTest/NetcodeUnitTest.uplugin
LogPluginManager: Loaded Plugin NUTUnrealEngine4, From C:/Program Files (x86)/Epic Games/4.14/Engine/Plugins/NetcodeUnitTest/NUTUnrealEngine4/NUTUnrealEngine4.uplugin
LogPluginManager: Loaded Plugin OnlineSubsystemGameCircle, From C:/Program Files (x86)/Epic Games/4.14/Engine/Plugins/Online/Android/OnlineSubsystemGameCircle/OnlineSubsystemGameCircle.uplugin
LogPluginManager: Loaded Plugin OnlineSubsystemGooglePlay, From C:/Program Files (x86)/Epic Games/4.14/Engine/Plugins/Online/Android/OnlineSubsystemGooglePlay/OnlineSubsystemGooglePlay.uplugin
LogPluginManager: Loaded Plugin OnlineSubsystemIOS, From C:/Program Files (x86)/Epic Games/4.14/Engine/Plugins/Online/IOS/OnlineSubsystemIOS/OnlineSubsystemIOS.uplugin
LogPluginManager: Loaded Plugin OnlineFramework, From C:/Program Files (x86)/Epic Games/4.14/Engine/Plugins/Online/OnlineFramework/OnlineFramework.uplugin
LogPluginManager: Loaded Plugin OnlineSubsystem, From C:/Program Files (x86)/Epic Games/4.14/Engine/Plugins/Online/OnlineSubsystem/OnlineSubsystem.uplugin
LogPluginManager: Loaded Plugin OnlineSubsystemAmazon, From C:/Program Files (x86)/Epic Games/4.14/Engine/Plugins/Online/OnlineSubsystemAmazon/OnlineSubsystemAmazon.uplugin
LogPluginManager: Loaded Plugin OnlineSubsystemFacebook, From C:/Program Files (x86)/Epic Games/4.14/Engine/Plugins/Online/OnlineSubsystemFacebook/OnlineSubsystemFacebook.uplugin
LogPluginManager: Loaded Plugin OnlineSubsystemNull, From C:/Program Files (x86)/Epic Games/4.14/Engine/Plugins/Online/OnlineSubsystemNull/OnlineSubsystemNull.uplugin
LogPluginManager: Loaded Plugin OnlineSubsystemOculus, From C:/Program Files (x86)/Epic Games/4.14/Engine/Plugins/Online/OnlineSubsystemOculus/OnlineSubsystemOculus.uplugin
LogPluginManager: Loaded Plugin OnlineSubsystemSteam, From C:/Program Files (x86)/Epic Games/4.14/Engine/Plugins/Online/OnlineSubsystemSteam/OnlineSubsystemSteam.uplugin
LogPluginManager: Loaded Plugin OnlineSubsystemUtils, From C:/Program Files (x86)/Epic Games/4.14/Engine/Plugins/Online/OnlineSubsystemUtils/OnlineSubsystemUtils.uplugin
LogPluginManager: Loaded Plugin IOSTapJoy, From C:/Program Files (x86)/Epic Games/4.14/Engine/Plugins/Runtime/Advertising/IOSTapJoy/IOSTapJoy.uplugin
LogPluginManager: Loaded Plugin AnalyticsBlueprintLibrary, From C:/Program Files (x86)/Epic Games/4.14/Engine/Plugins/Runtime/Analytics/AnalyticsBlueprintLibrary/AnalyticsBlueprintLibrary.uplugin
LogPluginManager: Loaded Plugin AnalyticsMulticast, From C:/Program Files (x86)/Epic Games/4.14/Engine/Plugins/Runtime/Analytics/AnalyticsMulticast/AnalyticsMulticast.uplugin
LogPluginManager: Loaded Plugin Apsalar, From C:/Program Files (x86)/Epic Games/4.14/Engine/Plugins/Runtime/Analytics/Apsalar/Apsalar.uplugin
LogPluginManager: Loaded Plugin FileLogging, From C:/Program Files (x86)/Epic Games/4.14/Engine/Plugins/Runtime/Analytics/FileLogging/FileLogging.uplugin
LogPluginManager: Loaded Plugin Flurry, From C:/Program Files (x86)/Epic Games/4.14/Engine/Plugins/Runtime/Analytics/Flurry/Flurry.uplugin
LogPluginManager: Loaded Plugin AndroidDeviceProfileSelector, From C:/Program Files (x86)/Epic Games/4.14/Engine/Plugins/Runtime/AndroidDeviceProfileSelector/AndroidDeviceProfileSelector.uplugin
LogPluginManager: Loaded Plugin AndroidMoviePlayer, From C:/Program Files (x86)/Epic Games/4.14/Engine/Plugins/Runtime/AndroidMoviePlayer/AndroidMoviePlayer.uplugin
LogPluginManager: Loaded Plugin AppleMoviePlayer, From C:/Program Files (x86)/Epic Games/4.14/Engine/Plugins/Runtime/AppleMoviePlayer/AppleMoviePlayer.uplugin
LogPluginManager: Loaded Plugin ArchVisCharacter, From C:/Program Files (x86)/Epic Games/4.14/Engine/Plugins/Runtime/ArchVisCharacter/ArchVisCharacter.uplugin
LogPluginManager: Loaded Plugin CableComponent, From C:/Program Files (x86)/Epic Games/4.14/Engine/Plugins/Runtime/CableComponent/CableComponent.uplugin
LogPluginManager: Loaded Plugin CustomMeshComponent, From C:/Program Files (x86)/Epic Games/4.14/Engine/Plugins/Runtime/CustomMeshComponent/CustomMeshComponent.uplugin
LogPluginManager: Loaded Plugin ExampleDeviceProfileSelector, From C:/Program Files (x86)/Epic Games/4.14/Engine/Plugins/Runtime/ExampleDeviceProfileSelector/ExampleDeviceProfileSelector.uplugin
LogPluginManager: Loaded Plugin GearVR, From C:/Program Files (x86)/Epic Games/4.14/Engine/Plugins/Runtime/GearVR/GearVR.uplugin
LogPluginManager: Loaded Plugin GoogleVRController, From C:/Program Files (x86)/Epic Games/4.14/Engine/Plugins/Runtime/GoogleVR/GoogleVRController/GoogleVRController.uplugin
LogPluginManager: Loaded Plugin GoogleVRHMD, From C:/Program Files (x86)/Epic Games/4.14/Engine/Plugins/Runtime/GoogleVR/GoogleVRHMD/GoogleVRHMD.uplugin
LogPluginManager: Loaded Plugin IOSDeviceProfileSelector, From C:/Program Files (x86)/Epic Games/4.14/Engine/Plugins/Runtime/IOSDeviceProfileSelector/IOSDeviceProfileSelector.uplugin
LogPluginManager: Loaded Plugin LeapMotion, From C:/Program Files (x86)/Epic Games/4.14/Engine/Plugins/Runtime/LeapMotion/LeapMotion.uplugin
LogPluginManager: Loaded Plugin LinuxDeviceProfileSelector, From C:/Program Files (x86)/Epic Games/4.14/Engine/Plugins/Runtime/LinuxDeviceProfileSelector/LinuxDeviceProfileSelector.uplugin
LogPluginManager: Loaded Plugin MIDIDevice, From C:/Program Files (x86)/Epic Games/4.14/Engine/Plugins/Runtime/MIDIDevice/MIDIDevice.uplugin
LogPluginManager: Loaded Plugin MobilePatchingUtils, From C:/Program Files (x86)/Epic Games/4.14/Engine/Plugins/Runtime/MobilePatchingUtils/MobilePatchingUtils.uplugin
LogPluginManager: Loaded Plugin Ansel, From C:/Program Files (x86)/Epic Games/4.14/Engine/Plugins/Runtime/Nvidia/Ansel/Ansel.uplugin
LogPluginManager: Loaded Plugin OculusAudio, From C:/Program Files (x86)/Epic Games/4.14/Engine/Plugins/Runtime/OculusAudio/OculusAudio.uplugin
LogPluginManager: Loaded Plugin OculusInput, From C:/Program Files (x86)/Epic Games/4.14/Engine/Plugins/Runtime/OculusInput/OculusInput.uplugin
LogPluginManager: Loaded Plugin OculusLibrary, From C:/Program Files (x86)/Epic Games/4.14/Engine/Plugins/Runtime/OculusLibrary/OculusLibrary.uplugin
LogPluginManager: Loaded Plugin OculusRift, From C:/Program Files (x86)/Epic Games/4.14/Engine/Plugins/Runtime/OculusRift/OculusRift.uplugin
LogPluginManager: Loaded Plugin Oodle, From C:/Program Files (x86)/Epic Games/4.14/Engine/Plugins/Runtime/PacketHandlers/CompressionComponents/Oodle/Oodle.uplugin
LogPluginManager: Loaded Plugin ProceduralMeshComponent, From C:/Program Files (x86)/Epic Games/4.14/Engine/Plugins/Runtime/ProceduralMeshComponent/ProceduralMeshComponent.uplugin
LogPluginManager: Loaded Plugin SoundMod, From C:/Program Files (x86)/Epic Games/4.14/Engine/Plugins/Runtime/SoundMod/SoundMod.uplugin
LogPluginManager: Loaded Plugin SoundVisualizations, From C:/Program Files (x86)/Epic Games/4.14/Engine/Plugins/Runtime/SoundVisualizations/SoundVisualizations.uplugin
LogPluginManager: Loaded Plugin SteamController, From C:/Program Files (x86)/Epic Games/4.14/Engine/Plugins/Runtime/Steam/SteamController/SteamController.uplugin
LogPluginManager: Loaded Plugin SteamVR, From C:/Program Files (x86)/Epic Games/4.14/Engine/Plugins/Runtime/Steam/SteamVR/SteamVR.uplugin
LogPluginManager: Loaded Plugin WebBrowserWidget, From C:/Program Files (x86)/Epic Games/4.14/Engine/Plugins/Runtime/WebBrowserWidget/WebBrowserWidget.uplugin
LogPluginManager: Loaded Plugin WindowsDeviceProfileSelector, From C:/Program Files (x86)/Epic Games/4.14/Engine/Plugins/Runtime/WindowsDeviceProfileSelector/WindowsDeviceProfileSelector.uplugin
LogPluginManager: Loaded Plugin WindowsMoviePlayer, From C:/Program Files (x86)/Epic Games/4.14/Engine/Plugins/Runtime/WindowsMoviePlayer/WindowsMoviePlayer.uplugin
LogPluginManager: Loaded Plugin ScriptPlugin, From C:/Program Files (x86)/Epic Games/4.14/Engine/Plugins/ScriptPlugin/ScriptPlugin.uplugin
LogPluginManager: Loaded Plugin SlateRemote, From C:/Program Files (x86)/Epic Games/4.14/Engine/Plugins/Slate/SlateRemote/SlateRemote.uplugin
LogPluginManager: Loaded Plugin EditorTests, From C:/Program Files (x86)/Epic Games/4.14/Engine/Plugins/Tests/EditorTests/EditorTests.uplugin
LogPluginManager: Loaded Plugin FbxAutomationTestBuilder, From C:/Program Files (x86)/Epic Games/4.14/Engine/Plugins/Tests/FbxAutomationTestBuilder/FbxAutomationTestBuilder.uplugin
LogPluginManager: Loaded Plugin FunctionalTestingEditor, From C:/Program Files (x86)/Epic Games/4.14/Engine/Plugins/Tests/FunctionalTestingEditor/FunctionalTestingEditor.uplugin
LogPluginManager: Loaded Plugin RuntimeTests, From C:/Program Files (x86)/Epic Games/4.14/Engine/Plugins/Tests/RuntimeTests/RuntimeTests.uplugin
LogPluginManager: Loaded Plugin ScreenshotTools, From C:/Program Files (x86)/Epic Games/4.14/Engine/Plugins/Tests/ScreenshotTools/ScreenshotTools.uplugin
LogInit: Using libcurl 7.47.1
LogInit:  - built for x86_64-pc-win32
LogInit:  - supports SSL with OpenSSL/1.0.2g
LogInit:  - supports HTTP deflate (compression) using libz 1.2.8
LogInit:  - other features:
LogInit:      CURL_VERSION_SSL
LogInit:      CURL_VERSION_LIBZ
LogInit:      CURL_VERSION_IPV6
LogInit:      CURL_VERSION_ASYNCHDNS
LogInit:      CURL_VERSION_LARGEFILE
LogInit:      CURL_VERSION_IDN
LogInit:  CurlRequestOptions (configurable via config and command line):
LogInit:  - bVerifyPeer = false  - Libcurl will NOT verify peer certificate
LogInit:  - bUseHttpProxy = false  - Libcurl will NOT use HTTP proxy
LogInit:  - bDontReuseConnections = false  - Libcurl will reuse connections
LogInit:  - CertBundlePath = nullptr  - Libcurl will use whatever was configured at build time.
LogInit: Build: ++UE4+Release-4.14-CL-3249277
LogInit: Engine Version: 4.14.3-3249277+++UE4+Release-4.14
LogInit: Compatible Engine Version: 4.14.0-3195953+++UE4+Release-4.14
LogInit: Net CL: 3195953
LogDevObjectVersion: Number of dev versions registered: 13
LogDevObjectVersion:   Dev-Blueprints (B0D832E4-1F89-4F0D-ACCF-7EB736FD4AA2): 7
LogDevObjectVersion:   Dev-Build (E1C64328-A22C-4D53-A36C-8E866417BD8C): 0
LogDevObjectVersion:   Dev-Core (375EC13C-06E4-48FB-B500-84F0262A717E): 1
LogDevObjectVersion:   Dev-Editor (E4B068ED-F494-42E9-A231-DA0B2E46BB41): 8
LogDevObjectVersion:   Dev-Framework (CFFC743F-43B0-4480-9391-14DF171D2073): 17
LogDevObjectVersion:   Dev-Mobile (B02B49B5-BB20-44E9-A304-32B752E40360): 0
LogDevObjectVersion:   Dev-Networking (A4E4105C-59A1-49B5-A7C5-40C4547EDFEE): 0
LogDevObjectVersion:   Dev-Online (39C831C9-5AE6-47DC-9A44-9C173E1C8E7C): 0
LogDevObjectVersion:   Dev-Physics (78F01B33-EBEA-4F98-B9B4-84EACCB95AA2): 0
LogDevObjectVersion:   Dev-Platform (6631380F-2D4D-43E0-8009-CF276956A95A): 0
LogDevObjectVersion:   Dev-Rendering (12F88B9F-8875-4AFC-A67C-D90C383ABD29): 12
LogDevObjectVersion:   Dev-Sequencer (7B5AE74C-D270-4C10-A958-57980B212A5A): 1
LogDevObjectVersion:   Dev-VR (D7296918-1DD6-4BDD-9DE2-64A83CC13884): 0
LogInit: Compiled (64-bit): Jan  6 2017 10:49:43
LogInit: Compiled with Visual C++: 19.00.23026.00
LogInit: Build Configuration: Development
LogInit: Branch Name: ++UE4+Release-4.14
LogInit: Command line: -EpicPortal 
LogInit: Base directory: C:/Program Files (x86)/Epic Games/4.14/Engine/Binaries/Win64/
LogInit: Installed Engine Build: 1
LogInit: Presizing for max 8388607 objects, including 0 objects not considered by GC, pre-allocating 0 bytes for permanent pool.
LogInit: Object subsystem initialized
[2017.03.07-17.23.02:443][  0]LogInit: Selected Device Profile: [Windows]
[2017.03.07-17.23.02:443][  0]LogInit: Applying CVar settings loaded from the selected device profile: [Windows]
[2017.03.07-17.23.02:555][  0]LogInit: Computer: MATTLINEBACK-PC
[2017.03.07-17.23.02:555][  0]LogInit: User: mattlineback
[2017.03.07-17.23.02:555][  0]LogInit: CPU Page size=65536, Cores=2
[2017.03.07-17.23.02:555][  0]LogInit: High frequency timer resolution =3.020484 MHz
[2017.03.07-17.23.02:556][  0]LogMemory: Memory total: Physical=8.0GB (8GB approx)
[2017.03.07-17.23.02:556][  0]LogMemory: Platform Memory Stats for Windows
[2017.03.07-17.23.02:556][  0]LogMemory: Process Physical Memory: 264.04 MB used, 264.04 MB peak
[2017.03.07-17.23.02:556][  0]LogMemory: Process Virtual Memory: 262.38 MB used, 262.38 MB peak
[2017.03.07-17.23.02:556][  0]LogMemory: Physical Memory: 4529.12 MB used,  3645.52 MB free, 8174.64 MB total
[2017.03.07-17.23.02:556][  0]LogMemory: Virtual Memory: 674.55 MB used,  3645.52 MB free, 134217728.00 MB total
[2017.03.07-17.23.02:813][  0]LogTextLocalizationManager: No specific translations for ('en-US') exist, so ('en') translations will be used.
[2017.03.07-17.23.12:832][  0]LogD3D11RHI: D3D11 adapters:
[2017.03.07-17.23.12:842][  0]LogD3D11RHI:    0. 'AMD Radeon HD 6450' (Feature Level 11_0)
[2017.03.07-17.23.12:842][  0]LogD3D11RHI:       1008/0/3840 MB DedicatedVideo/DedicatedSystem/SharedSystem, Outputs:1, VendorId:0x1002
[2017.03.07-17.23.12:843][  0]LogD3D11RHI:    1. 'Microsoft Basic Render Driver' (Feature Level 11_0)
[2017.03.07-17.23.12:843][  0]LogD3D11RHI:       0/0/4087 MB DedicatedVideo/DedicatedSystem/SharedSystem, Outputs:0, VendorId:0x1414
[2017.03.07-17.23.12:843][  0]LogD3D11RHI: Chosen D3D11 Adapter: 0
[2017.03.07-17.23.12:849][  0]LogD3D11RHI: Creating new Direct3DDevice
[2017.03.07-17.23.12:849][  0]LogD3D11RHI:     GPU DeviceId: 0x6779 (for the marketing name, search the web for "GPU Device Id")
[2017.03.07-17.23.12:849][  0]LogWindows: EnumDisplayDevices:
[2017.03.07-17.23.12:849][  0]LogWindows:    0. 'AMD Radeon HD 6450' (P:1 D:1)
[2017.03.07-17.23.12:850][  0]LogWindows:    1. 'AMD Radeon HD 6450' (P:0 D:0)
[2017.03.07-17.23.12:850][  0]LogWindows:    2. 'AMD Radeon HD 6450' (P:0 D:0)
[2017.03.07-17.23.12:850][  0]LogWindows: DebugString: FoundDriverCount:3 
[2017.03.07-17.23.12:850][  0]LogD3D11RHI:     Adapter Name: AMD Radeon HD 6450
[2017.03.07-17.23.12:850][  0]LogD3D11RHI:   Driver Version: Crimson 16.2.1 (internal:15.301.1901.0, unified:15.301.1901.0)
[2017.03.07-17.23.12:850][  0]LogD3D11RHI:      Driver Date: 2-26-2016
[2017.03.07-17.23.12:850][  0]LogRHI: Texture pool is 706 MB (70% of 1008 MB)
[2017.03.07-17.23.12:857][  0]LogD3D11RHI: Async texture creation enabled
[2017.03.07-17.23.12:870][  0]LogD3D11RHI: GPU Timing Frequency: 27.000000 (Debug: 2 1)
[2017.03.07-17.23.12:871][  0]LogShaderCompilers: Guid format shader working directory is -1 characters bigger than the processId version (../../../../../../Users/mattlineback/git/monkeywrench/Intermediate/Shaders/WorkingDirectory/13196/).
[2017.03.07-17.23.12:871][  0]LogShaderCompilers: Cleaned the shader compiler working directory 'C:/Users/mattlineback/AppData/Local/Temp/UnrealShaderWorkingDir/B990C7D74599BD73505E2986DE598392/'.
[2017.03.07-17.23.12:871][  0]LogShaderCompilers:Display: Using Local Shader Compiler.
[2017.03.07-17.23.15:581][  0]LogTemp:Display: Loaded TP AllDesktopTargetPlatform
[2017.03.07-17.23.15:675][  0]LogTemp:Display: Loaded TP MacClientTargetPlatform
[2017.03.07-17.23.15:755][  0]LogTemp:Display: Loaded TP MacNoEditorTargetPlatform
[2017.03.07-17.23.15:835][  0]LogTemp:Display: Loaded TP MacServerTargetPlatform
[2017.03.07-17.23.15:935][  0]LogTemp:Display: Loaded TP MacTargetPlatform
[2017.03.07-17.23.16:014][  0]LogTemp:Display: Loaded TP WindowsClientTargetPlatform
[2017.03.07-17.23.16:094][  0]LogTemp:Display: Loaded TP WindowsNoEditorTargetPlatform
[2017.03.07-17.23.16:174][  0]LogTemp:Display: Loaded TP WindowsServerTargetPlatform
[2017.03.07-17.23.16:241][  0]LogTemp:Display: Loaded TP WindowsTargetPlatform
[2017.03.07-17.23.16:331][  0]LogTemp:Display: Loaded TP AndroidTargetPlatform
[2017.03.07-17.23.16:410][  0]LogTemp:Display: Loaded TP Android_ASTCTargetPlatform
[2017.03.07-17.23.16:489][  0]LogTemp:Display: Loaded TP Android_ATCTargetPlatform
[2017.03.07-17.23.16:573][  0]LogTemp:Display: Loaded TP Android_DXTTargetPlatform
[2017.03.07-17.23.16:651][  0]LogTemp:Display: Loaded TP Android_ETC1TargetPlatform
[2017.03.07-17.23.16:728][  0]LogTemp:Display: Loaded TP Android_ETC2TargetPlatform
[2017.03.07-17.23.16:885][  0]LogTemp:Display: Loaded TP Android_MultiTargetPlatform
[2017.03.07-17.23.16:885][  0]LogTemp:Display: Loaded TP Android_PVRTCTargetPlatform
[2017.03.07-17.23.16:942][  0]LogTemp:Display: Loaded TP HTML5TargetPlatform
[2017.03.07-17.23.17:076][  0]LogTemp:Display: Loaded TP IOSTargetPlatform
[2017.03.07-17.23.17:126][  0]LogTemp:Display: Loaded TP TVOSTargetPlatform
[2017.03.07-17.23.17:203][  0]LogTemp:Display: Loaded TP LinuxClientTargetPlatform
[2017.03.07-17.23.17:281][  0]LogTemp:Display: Loaded TP LinuxNoEditorTargetPlatform
[2017.03.07-17.23.17:357][  0]LogTemp:Display: Loaded TP LinuxServerTargetPlatform
[2017.03.07-17.23.17:459][  0]LogTemp:Display: Loaded TP LinuxTargetPlatform
[2017.03.07-17.23.17:459][  0]LogTargetPlatformManager:Display: Building Assets For Windows
[2017.03.07-17.23.18:097][  0]LogDerivedDataCache:Display: Max Cache Size: 512 MB
[2017.03.07-17.23.18:625][  0]LogDerivedDataCache: Loaded boot cache 0.53s 50MB C:/Users/mattlineback/AppData/Local/UnrealEngine/4.14/DerivedDataCache/Boot.ddc.
[2017.03.07-17.23.18:625][  0]LogDerivedDataCache:Display: Loaded Boot cache: C:/Users/mattlineback/AppData/Local/UnrealEngine/4.14/DerivedDataCache/Boot.ddc
[2017.03.07-17.23.18:625][  0]LogDerivedDataCache: FDerivedDataBackendGraph:  Pak pak cache file ../../../../../../Users/mattlineback/git/monkeywrench/DerivedDataCache/DDC.ddp not found, will not use a pak cache.
[2017.03.07-17.23.18:625][  0]LogDerivedDataCache: Unable to find inner node Pak for hierarchical cache Hierarchy.
[2017.03.07-17.23.18:625][  0]LogDerivedDataCache: FDerivedDataBackendGraph:  CompressedPak pak cache file ../../../../../../Users/mattlineback/git/monkeywrench/DerivedDataCache/Compressed.ddp not found, will not use a pak cache.
[2017.03.07-17.23.18:625][  0]LogDerivedDataCache: Unable to find inner node CompressedPak for hierarchical cache Hierarchy.
[2017.03.07-17.23.18:656][  0]LogDerivedDataCache:Display: Pak cache opened for reading ../../../Engine/DerivedDataCache/Compressed.ddp.
[2017.03.07-17.23.18:670][  0]LogDerivedDataCache: Using Local data cache path C:/Users/mattlineback/AppData/Local/UnrealEngine/Common/DerivedDataCache: Writable
[2017.03.07-17.23.19:096][  0]LogInit: Selected Device Profile: [Windows]
[2017.03.07-17.23.19:100][  0]LogContentStreaming: Texture pool size is 0.00 MB
[2017.03.07-17.23.19:473][  0]LogMeshUtilities: Using QuadricMeshReduction for automatic static mesh reduction
[2017.03.07-17.23.19:540][  0]LogSimplygon: Simplygon DLL not present - disabling.
[2017.03.07-17.23.19:619][  0]LogMeshUtilities: Using SimplygonSwarm for distributed automatic mesh merging
[2017.03.07-17.23.19:619][  0]LogMeshUtilities: No automatic skeletal mesh reduction module available
[2017.03.07-17.23.19:619][  0]LogMeshUtilities: No automatic mesh merging module available
[2017.03.07-17.23.21:111][  0]LogNetVersion: GetLocalNetworkVersion: CL: 3195953, ProjectName: monkeywrench, ProjectVersion: , EngineNetworkVersion: 2, GameNetworkVersion: 0, NetworkChecksum: 690626690
[2017.03.07-17.23.21:202][  0]LogAssetRegistry: FAssetRegistry took 0.0224 seconds to start up
[2017.03.07-17.23.21:431][  0]LogPackageLocalizationCache: Processed 3 localized package path(s) for 2 prioritized culture(s) in 0.180240 seconds
[2017.03.07-17.23.21:438][  0]LogUObjectArray: 31946 objects as part of root set at end of initial load.
[2017.03.07-17.23.21:438][  0]LogUObjectAllocator: 6935848 out of 0 bytes used by permanent object pool.
[2017.03.07-17.23.21:438][  0]LogUObjectArray: CloseDisregardForGC: 0/0 objects in disregard for GC pool
[2017.03.07-17.23.21:539][  0]LogInit: WinSock: version 1.1 (2.2), MaxSocks=32767, MaxUdp=65467
[2017.03.07-17.23.23:216][  0]LogSlate: Using Freetype 2.6.0
[2017.03.07-17.23.23:316][  0]LogSlate: SlateFontCache - WITH_FREETYPE: 1, WITH_HARFBUZZ: 1
[2017.03.07-17.23.23:317][  0]LogSlate: SlateFontCache - WITH_FREETYPE: 1, WITH_HARFBUZZ: 1
[2017.03.07-17.23.40:265][  0]LogTcpMessaging: Initializing TcpMessaging bridge
[2017.03.07-17.23.40:323][  0]LogUdpMessaging: Initializing bridge on interface 0.0.0.0:0 to multicast group 230.0.0.1:6666.
[2017.03.07-17.23.41:263][  0]LogMaterial: Uniform references updated for custom material expression Custom.
[2017.03.07-17.23.41:982][  0]SourceControl: Info Source control is disabled
[2017.03.07-17.23.45:222][  0]LogEngine: Initializing Engine...
[2017.03.07-17.23.45:223][  0]LogHMD: Failed to initialize OpenVR with code 110
[2017.03.07-17.23.45:856][  0]LogAIModule: Creating AISystem for world Untitled
[2017.03.07-17.23.45:863][  0]LogInit: XAudio2 using 'AMD HDMI Output (AMD High Definition Audio Device)' : 2 channels at 48 kHz using 16 bits per sample (channel mask 0x3)
[2017.03.07-17.23.45:882][  0]LogInit: FAudioDevice initialized.
[2017.03.07-17.23.45:913][  0]LogDerivedDataCache: Saved boot cache 0.03s 50MB C:/Users/mattlineback/AppData/Local/UnrealEngine/4.14/DerivedDataCache/Boot.ddc.
[2017.03.07-17.23.45:925][  0]LogInit: Texture streaming: Enabled
[2017.03.07-17.23.46:244][  0]LogInit: Transaction tracking system initialized
[2017.03.07-17.23.46:782][  0]BlueprintLog: New page: Editor Load
[2017.03.07-17.23.48:161][  0]LocalizationService: Info Localization service is disabled
[2017.03.07-17.23.49:420][  0]LogConsoleResponse:Display: 
[2017.03.07-17.23.51:425][  0]LogCook:Display: Max memory allowance for cook 16384mb min free memory 0mb
[2017.03.07-17.23.51:425][  0]LogCook:Display: Mobile HDR setting 1
[2017.03.07-17.23.52:397][  0]LogFileCache: Scanning file cache for directory 'C:/Users/mattlineback/git/monkeywrench/Content/' took 0.11s
[2017.03.07-17.23.53:462][  0]Cmd: MAP LOAD FILE="../../../../../../Users/mattlineback/git/monkeywrench/Content/2DSideScrollerBP/Maps/level_1.umap" TEMPLATE=0 SHOWPROGRESS=1 FEATURELEVEL=3
[2017.03.07-17.23.53:462][  0]LightingResults: New page: Lighting Build
[2017.03.07-17.23.53:525][  0]MapCheck: New page: Map Check
[2017.03.07-17.23.53:525][  0]LightingResults: New page: Lighting Build
[2017.03.07-17.23.57:330][  0]LogAIModule: Creating AISystem for world level_1
[2017.03.07-17.23.57:993][  0]LogEditorServer: Finished looking for orphan Actors (0.000 secs)
[2017.03.07-17.23.58:014][  0]Cmd: MAP CHECKDEP NOCLEARLOG
[2017.03.07-17.23.58:116][  0]MapCheck: Info Map check complete: 0 Error(s), 0 Warning(s), took 102.378ms to complete.
[2017.03.07-17.23.58:116][  0]LogFileHelpers: Loading map 'level_1' took 4.655
[2017.03.07-17.24.00:186][  0]LogCollectionManager: Loaded 0 collections in 0.003310 seconds
[2017.03.07-17.24.00:647][  0]LogFileCache: Scanning file cache for directory 'C:/Users/mattlineback/git/monkeywrench/Saved/Collections/' took 0.01s
[2017.03.07-17.24.00:647][  0]LogFileCache: Scanning file cache for directory 'C:/Users/mattlineback/git/monkeywrench/Content/Developers/mattlineback/Collections/' took 0.01s
[2017.03.07-17.24.00:647][  0]LogFileCache: Scanning file cache for directory 'C:/Users/mattlineback/git/monkeywrench/Content/Collections/' took 0.01s
[2017.03.07-17.24.00:647][  0]LogCollectionManager: Rebuilt the GUID cache for 0 collections in 0.000002 seconds
[2017.03.07-17.24.00:687][  0]LogContentBrowser: Native class hierarchy populated in 0.0338 seconds. Added 2190 classes and 428 folders.
[2017.03.07-17.24.00:877][  0]LogStats: UGameplayTagsManager::ConstructGameplayTagTree: Construct from data asset -  0.000 s
[2017.03.07-17.24.00:878][  0]LogStats: UGameplayTagsManager::ConstructGameplayTagTree: GameplayTagTreeChangedEvent.Broadcast -  0.000 s
[2017.03.07-17.24.00:879][  0]LogContentBrowser: Native class hierarchy updated for 'GameplayTags' in 0.0012 seconds. Added 13 classes and 0 folders.
[2017.03.07-17.24.01:016][  0]LogContentBrowser: Native class hierarchy updated for 'WidgetCarousel' in 0.0005 seconds. Added 0 classes and 0 folders.
[2017.03.07-17.24.03:475][  0]LogContentBrowser: Native class hierarchy updated for 'AddContentDialog' in 0.0006 seconds. Added 0 classes and 0 folders.
[2017.03.07-17.24.03:589][  0]LogContentBrowser: Native class hierarchy updated for 'SceneOutliner' in 0.0006 seconds. Added 1 classes and 2 folders.
[2017.03.07-17.24.04:828][  0]LogCrashTracker: Crashtracker disabled due to settings.
[2017.03.07-17.24.05:028][  0]LogUObjectGlobals:Warning: Failed to find object 'Class None.'
[2017.03.07-17.24.05:129][  0]LogContentBrowser: Native class hierarchy updated for 'HierarchicalLODOutliner' in 0.0006 seconds. Added 1 classes and 2 folders.
[2017.03.07-17.24.05:129][  0]LogLoad: (Engine Initialization) Total time: 67.63 seconds
[2017.03.07-17.24.05:129][  0]LogLoad: (Engine Initialization) Total Blueprint compile time: 0.59 seconds
[2017.03.07-17.24.05:129][  0]LogExternalProfiler: Found external profiler: VSPerf
[2017.03.07-17.24.05:129][  0]LogExternalProfiler: Using external profiler: VSPerf
[2017.03.07-17.24.05:469][  0]LogOcInput: OculusInput pre-init called
[2017.03.07-17.24.05:913][  0]SourceControl: Info On branch master
[2017.03.07-17.24.05:913][  0]SourceControl: Info Your branch is up-to-date with 'origin/master'.
[2017.03.07-17.24.05:914][  0]SourceControl: Info Changes not staged for commit:
[2017.03.07-17.24.05:914][  0]SourceControl: Info   (use "git add/rm <file>..." to update what will be committed)
[2017.03.07-17.24.05:914][  0]SourceControl: Info   (use "git checkout -- <file>..." to discard changes in working directory)
[2017.03.07-17.24.05:914][  0]SourceControl: Info 	modified:   Intermediate/CachedAssetRegistry.bin
[2017.03.07-17.24.05:914][  0]SourceControl: Info 	modified:   Intermediate/Config/CoalescedSourceConfigs/Engine.ini
[2017.03.07-17.24.05:914][  0]SourceControl: Info 	modified:   Saved/Config/Windows/Engine.ini
[2017.03.07-17.24.05:914][  0]SourceControl: Info 	deleted:    Saved/Logs/MonkeyWrench-backup-2017.01.30-10.10.31.log
[2017.03.07-17.24.05:914][  0]SourceControl: Info 	modified:   Saved/Logs/MonkeyWrench.log
[2017.03.07-17.24.05:914][  0]SourceControl: Info Untracked files:
[2017.03.07-17.24.05:914][  0]SourceControl: Info   (use "git add <file>..." to include in what will be committed)
[2017.03.07-17.24.05:914][  0]SourceControl: Info 	Saved/Logs/MonkeyWrench-backup-2017.03.07-12.23.01.log
[2017.03.07-17.24.05:914][  0]SourceControl: Info 	Saved/Logs/UE4CC-Windows-9FCE24D244643F1AB57FB9B94B10D1CA/
[2017.03.07-17.24.05:914][  0]SourceControl: Info no changes added to commit (use "git add" and/or "git commit -a")
[2017.03.07-17.24.05:915][  0]LogContentStreaming: Texture pool size now 800 MB
[2017.03.07-17.24.08:827][  0]LogRenderer: Reallocating scene render targets to support 1208x624 NumSamples 1 (Frame:2).
[2017.03.07-17.24.09:701][  1]LogFileCache: Retrieving MD5 hashes for directory 'C:/Users/mattlineback/git/monkeywrench/Content/' took 4.22s
[2017.03.07-17.24.10:369][  3]LogAssetRegistry: Asset discovery search completed in 49.1892 seconds
[2017.03.07-17.24.10:369][  3]LogCollectionManager: Rebuilt the object cache for 0 collections in 0.000002 seconds (found 0 objects)
[2017.03.07-17.24.10:369][  3]LogCollectionManager: Fixed up redirectors for 0 collections in 0.000035 seconds (updated 0 objects)
[2017.03.07-17.34.52:381][193]LogSlate: Only BGRA pngs, bmps or icos are supported in by External Image Picker
[2017.03.07-17.34.53:085][194]LogTemp:Display: Executing iPhonePackager certificates Engine -bundlename com.YourCompany.MonkeyWrench

[2017.03.07-17.34.53:085][194]LogTemp:Display: CWD: C:\Program Files (x86)\Epic Games\4.14\Engine\Binaries\DotNet\IOS

[2017.03.07-17.34.53:085][194]LogTemp:Display: Initial Dir: C:\Program Files (x86)\Epic Games\4.14

[2017.03.07-17.34.53:085][194]LogTemp:Display: Env CWD: C:\Program Files (x86)\Epic Games\4.14\Engine\Binaries\DotNet\IOS

[2017.03.07-17.34.53:085][194]LogTemp:Display: BranchPath = MATTLINEBACK-PC/C/Program Files (x86)/Epic Games/4.14/Engine/Binaries --- GameBranchPath = MATTLINEBACK-PC/C/Program Files (x86)/Epic Games/4.14/Engine/Binaries

[2017.03.07-17.34.53:309][198]LogTemp:Display: MATCHED-Provision:,File:,Cert:

[2017.03.07-18.06.54:194][720]LogTemp: Repeting last play command: New Editor Window (PIE)
[2017.03.07-18.06.54:217][720]LogBlueprintUserMessages: Early PlayInEditor Detection: Level '/Game/2DSideScrollerBP/Maps/level_1.level_1:PersistentLevel' has LevelScriptBlueprint '/Game/2DSideScrollerBP/Maps/level_1.level_1:PersistentLevel.level_1' with GeneratedClass '/Game/2DSideScrollerBP/Maps/level_1.level_1_C' with ClassGeneratedBy '/Game/2DSideScrollerBP/Maps/level_1.level_1:PersistentLevel.level_1'
[2017.03.07-18.06.54:218][720]LogPlayLevel: PlayLevel: No blueprints needed recompiling
[2017.03.07-18.06.54:221][720]PIE: New page: PIE session: level_1 (Mar 7, 2017, 8:06:54 AM)
[2017.03.07-18.06.54:222][720]LogPlayLevel: Creating play world package: /Game/2DSideScrollerBP/Maps/UEDPIE_0_level_1
[2017.03.07-18.06.54:277][720]LogPlayLevel: PIE: StaticDuplicateObject took: (0.054249s)
[2017.03.07-18.06.54:281][720]LogAIModule: Creating AISystem for world level_1
[2017.03.07-18.06.54:282][720]LogPlayLevel: PIE: World Init took: (0.005320s)
[2017.03.07-18.06.54:284][720]LogPlayLevel: PIE: Created PIE world by copying editor world from /Game/2DSideScrollerBP/Maps/level_1.level_1 to /Game/2DSideScrollerBP/Maps/UEDPIE_0_level_1.level_1 (0.062133s)
[2017.03.07-18.06.54:376][720]LogInit: XAudio2 using 'AMD HDMI Output (AMD High Definition Audio Device)' : 2 channels at 48 kHz using 16 bits per sample (channel mask 0x3)
[2017.03.07-18.06.54:387][720]LogInit: FAudioDevice initialized.
[2017.03.07-18.06.54:446][720]LogLoad: Game class is '2DSideScrollerGameMode_C'
[2017.03.07-18.06.54:494][720]LogWorld: Bringing World /Game/2DSideScrollerBP/Maps/UEDPIE_0_level_1.level_1 up for play (max tick rate 0) at 2017.03.07-13.06.54
[2017.03.07-18.06.54:547][720]LogWorld: Bringing up level for play took: 0.098991
[2017.03.07-18.06.54:683][720]LogContentBrowser: Native class hierarchy updated for 'MovieSceneCapture' in 0.0020 seconds. Added 11 classes and 0 folders.
[2017.03.07-18.06.54:701][720]PIE: Info Play in editor start time for /Game/2DSideScrollerBP/Maps/UEDPIE_0_level_1 0.156
[2017.03.07-18.06.54:702][720]LogBlueprintUserMessages: Late PlayInEditor Detection: Level '/Game/2DSideScrollerBP/Maps/level_1.level_1:PersistentLevel' has LevelScriptBlueprint '/Game/2DSideScrollerBP/Maps/level_1.level_1:PersistentLevel.level_1' with GeneratedClass '/Game/2DSideScrollerBP/Maps/level_1.level_1_C' with ClassGeneratedBy '/Game/2DSideScrollerBP/Maps/level_1.level_1:PersistentLevel.level_1'
[2017.03.07-18.06.54:799][720]LogRenderer: Reallocating scene render targets to support 1208x656 NumSamples 1 (Frame:3517).
[2017.03.07-18.06.57:584][759]LogRenderer: Reallocating scene render targets to support 1672x884 NumSamples 1 (Frame:3558).
[2017.03.07-18.09.20:968][ 21]LogBlueprintUserMessages: Early EndPlayMap Detection: Level '/Game/2DSideScrollerBP/Maps/level_1.level_1:PersistentLevel' has LevelScriptBlueprint '/Game/2DSideScrollerBP/Maps/level_1.level_1:PersistentLevel.level_1' with GeneratedClass '/Game/2DSideScrollerBP/Maps/level_1.level_1_C' with ClassGeneratedBy '/Game/2DSideScrollerBP/Maps/level_1.level_1:PersistentLevel.level_1'
[2017.03.07-18.09.21:134][ 21]LogBlueprintUserMessages: Late EndPlayMap Detection: Level '/Game/2DSideScrollerBP/Maps/level_1.level_1:PersistentLevel' has LevelScriptBlueprint '/Game/2DSideScrollerBP/Maps/level_1.level_1:PersistentLevel.level_1' with GeneratedClass '/Game/2DSideScrollerBP/Maps/level_1.level_1_C' with ClassGeneratedBy '/Game/2DSideScrollerBP/Maps/level_1.level_1:PersistentLevel.level_1'
[2017.03.07-18.09.26:913][ 86]LogEditorViewport: Clicking on Actor (LMB): exit_door_C (exit_door)
[2017.03.07-18.09.33:768][225]LogContentBrowser: Native class hierarchy updated for 'BlueprintGraph' in 0.0016 seconds. Added 111 classes and 0 folders.
[2017.03.07-18.09.59:940][518]BlueprintLog: New page: Compile exit_door
[2017.03.07-18.10.01:861][529]Cmd: OBJ SAVEPACKAGE PACKAGE="/Game/2DSideScrollerBP/Blueprints/exit_door" FILE="../../../../../../Users/mattlineback/git/monkeywrench/Content/2DSideScrollerBP/Blueprints/exit_door.uasset" SILENT=true
[2017.03.07-18.10.02:054][529]LogSavePackage: Save=97.72ms
[2017.03.07-18.10.02:054][529]LogSavePackage: Moving '../../../../../../Users/mattlineback/git/monkeywrench/Saved/exit_door09E00F2F4DA55E9DCBEE01B02AAB0575.tmp' to '../../../../../../Users/mattlineback/git/monkeywrench/Content/2DSideScrollerBP/Blueprints/exit_door.uasset'
[2017.03.07-18.10.02:132][529]LogSavePackage:Display: Finished SavePackage ../../../../../../Users/mattlineback/git/monkeywrench/Content/2DSideScrollerBP/Blueprints/exit_door.uasset
[2017.03.07-18.10.02:990][538]LogTemp: Repeting last play command: New Editor Window (PIE)
[2017.03.07-18.10.03:038][538]LogBlueprintUserMessages: Early PlayInEditor Detection: Level '/Game/2DSideScrollerBP/Maps/level_1.level_1:PersistentLevel' has LevelScriptBlueprint '/Game/2DSideScrollerBP/Maps/level_1.level_1:PersistentLevel.level_1' with GeneratedClass '/Game/2DSideScrollerBP/Maps/level_1.level_1_C' with ClassGeneratedBy '/Game/2DSideScrollerBP/Maps/level_1.level_1:PersistentLevel.level_1'
[2017.03.07-18.10.03:038][538]LogPlayLevel: PlayLevel: No blueprints needed recompiling
[2017.03.07-18.10.03:039][538]PIE: New page: PIE session: level_1 (Mar 7, 2017, 8:10:03 AM)
[2017.03.07-18.10.03:039][538]LogPlayLevel: Creating play world package: /Game/2DSideScrollerBP/Maps/UEDPIE_0_level_1
[2017.03.07-18.10.03:044][538]LogPlayLevel: PIE: StaticDuplicateObject took: (0.005046s)
[2017.03.07-18.10.03:045][538]LogAIModule: Creating AISystem for world level_1
[2017.03.07-18.10.03:045][538]LogPlayLevel: PIE: World Init took: (0.001049s)
[2017.03.07-18.10.03:045][538]LogPlayLevel: PIE: Created PIE world by copying editor world from /Game/2DSideScrollerBP/Maps/level_1.level_1 to /Game/2DSideScrollerBP/Maps/UEDPIE_0_level_1.level_1 (0.006374s)
[2017.03.07-18.10.03:088][538]LogInit: XAudio2 using 'AMD HDMI Output (AMD High Definition Audio Device)' : 2 channels at 48 kHz using 16 bits per sample (channel mask 0x3)
[2017.03.07-18.10.03:097][538]LogInit: FAudioDevice initialized.
[2017.03.07-18.10.03:139][538]LogLoad: Game class is '2DSideScrollerGameMode_C'
[2017.03.07-18.10.03:142][538]LogWorld: Bringing World /Game/2DSideScrollerBP/Maps/UEDPIE_0_level_1.level_1 up for play (max tick rate 0) at 2017.03.07-13.10.03
[2017.03.07-18.10.03:143][538]LogWorld: Bringing up level for play took: 0.003226
[2017.03.07-18.10.03:149][538]PIE: Info Play in editor start time for /Game/2DSideScrollerBP/Maps/UEDPIE_0_level_1 0.604
[2017.03.07-18.10.03:150][538]LogBlueprintUserMessages: Late PlayInEditor Detection: Level '/Game/2DSideScrollerBP/Maps/level_1.level_1:PersistentLevel' has LevelScriptBlueprint '/Game/2DSideScrollerBP/Maps/level_1.level_1:PersistentLevel.level_1' with GeneratedClass '/Game/2DSideScrollerBP/Maps/level_1.level_1_C' with ClassGeneratedBy '/Game/2DSideScrollerBP/Maps/level_1.level_1:PersistentLevel.level_1'
[2017.03.07-18.10.14:679][611]LogBlueprintUserMessages: Early EndPlayMap Detection: Level '/Game/2DSideScrollerBP/Maps/level_1.level_1:PersistentLevel' has LevelScriptBlueprint '/Game/2DSideScrollerBP/Maps/level_1.level_1:PersistentLevel.level_1' with GeneratedClass '/Game/2DSideScrollerBP/Maps/level_1.level_1_C' with ClassGeneratedBy '/Game/2DSideScrollerBP/Maps/level_1.level_1:PersistentLevel.level_1'
[2017.03.07-18.10.14:902][611]LogBlueprintUserMessages: Late EndPlayMap Detection: Level '/Game/2DSideScrollerBP/Maps/level_1.level_1:PersistentLevel' has LevelScriptBlueprint '/Game/2DSideScrollerBP/Maps/level_1.level_1:PersistentLevel.level_1' with GeneratedClass '/Game/2DSideScrollerBP/Maps/level_1.level_1_C' with ClassGeneratedBy '/Game/2DSideScrollerBP/Maps/level_1.level_1:PersistentLevel.level_1'
[2017.03.07-18.10.23:843][649]LogSavePackage: Save=165.96ms
[2017.03.07-18.10.23:843][649]LogSavePackage: Moving '../../../../../../Users/mattlineback/git/monkeywrench/Saved/level_1DDC503AE4F0855EF95EDE589C73133B3.tmp' to '../../../../../../Users/mattlineback/git/monkeywrench/Content/2DSideScrollerBP/Maps/level_1.umap'
[2017.03.07-18.10.23:847][649]LogSavePackage:Display: Finished SavePackage ../../../../../../Users/mattlineback/git/monkeywrench/Content/2DSideScrollerBP/Maps/level_1.umap
[2017.03.07-18.10.24:034][649]LogFileHelpers: Saving map 'level_1' took 3.184
[2017.03.07-18.10.26:697][676]LogSavePackage: Save=135.06ms
[2017.03.07-18.10.26:697][676]LogSavePackage: Moving '../../../../../../Users/mattlineback/git/monkeywrench/Saved/level_1D2B297E0430D73430D3510BF01815958.tmp' to '../../../../../../Users/mattlineback/git/monkeywrench/Content/2DSideScrollerBP/Maps/level_1.umap'
[2017.03.07-18.10.26:705][676]LogSavePackage:Display: Finished SavePackage ../../../../../../Users/mattlineback/git/monkeywrench/Content/2DSideScrollerBP/Maps/level_1.umap
[2017.03.07-18.19.50:609][570]LogAIModule: Creating AISystem for world level_2
[2017.03.07-18.19.51:415][570]Cmd: MAP LOAD FILE="../../../../../../Users/mattlineback/git/monkeywrench/Content/2DSideScrollerBP/Maps/level_2.umap" TEMPLATE=0 SHOWPROGRESS=1 FEATURELEVEL=3
[2017.03.07-18.19.51:415][570]LightingResults: New page: Lighting Build
[2017.03.07-18.19.51:417][570]LoadErrors: New page: Loading map: level_2.umap
[2017.03.07-18.19.51:419][570]MapCheck: New page: Map Check
[2017.03.07-18.19.51:419][570]LightingResults: New page: Lighting Build
[2017.03.07-18.19.51:623][570]LogEditorServer: Finished looking for orphan Actors (0.000 secs)
[2017.03.07-18.19.51:691][570]Cmd: MAP CHECKDEP NOCLEARLOG
[2017.03.07-18.19.51:795][570]MapCheck: Info Map check complete: 0 Error(s), 0 Warning(s), took 103.745ms to complete.
[2017.03.07-18.19.51:795][570]LogFileHelpers: Loading map 'level_2' took 0.385
[2017.03.07-18.19.54:741][600]LogEditorViewport: Clicking on Actor (LMB): exit_door2_C (exit_door2)
[2017.03.07-18.20.15:978][951]Cmd: OBJ SAVEPACKAGE PACKAGE="/Game/2DSideScrollerBP/Blueprints/exit_door2" FILE="../../../../../../Users/mattlineback/git/monkeywrench/Content/2DSideScrollerBP/Blueprints/exit_door2.uasset" SILENT=true
[2017.03.07-18.20.16:254][951]LogSavePackage: Save=62.18ms
[2017.03.07-18.20.16:254][951]LogSavePackage: Moving '../../../../../../Users/mattlineback/git/monkeywrench/Saved/exit_door2C52CA032480A1B69B12A89A009BBD81C.tmp' to '../../../../../../Users/mattlineback/git/monkeywrench/Content/2DSideScrollerBP/Blueprints/exit_door2.uasset'
[2017.03.07-18.20.16:272][951]LogSavePackage:Display: Finished SavePackage ../../../../../../Users/mattlineback/git/monkeywrench/Content/2DSideScrollerBP/Blueprints/exit_door2.uasset
[2017.03.07-18.20.16:768][957]BlueprintLog: New page: Compile exit_door2
[2017.03.07-18.20.38:090][155]LogEditorViewport: Clicking on Actor (LMB): PaperSpriteActor (Winter_lab_machinery_S5E5_Sprite_1)
[2017.03.07-18.20.49:632][258]LogEditorViewport: Clicking on Actor (LMB): PaperSpriteActor (Winter_lab_machinery_S5E5_Sprite_1)
[2017.03.07-18.21.48:995][475]LogSavePackage: Save=178.62ms
[2017.03.07-18.21.48:995][475]LogSavePackage: Moving '../../../../../../Users/mattlineback/git/monkeywrench/Saved/level_2EA593A7E43E87CFFE65E7A857275628E.tmp' to '../../../../../../Users/mattlineback/git/monkeywrench/Content/2DSideScrollerBP/Maps/level_2.umap'
[2017.03.07-18.21.49:001][475]LogSavePackage:Display: Finished SavePackage ../../../../../../Users/mattlineback/git/monkeywrench/Content/2DSideScrollerBP/Maps/level_2.umap
[2017.03.07-18.21.49:040][475]LogFileHelpers: Saving map 'level_2' took 0.375
[2017.03.07-18.21.50:884][491]LogSavePackage: Save=156.55ms
[2017.03.07-18.21.50:884][491]LogSavePackage: Moving '../../../../../../Users/mattlineback/git/monkeywrench/Saved/level_2FC62FD114D88ED2F3EA151AC78B84B32.tmp' to '../../../../../../Users/mattlineback/git/monkeywrench/Content/2DSideScrollerBP/Maps/level_2.umap'
[2017.03.07-18.21.50:886][491]LogSavePackage:Display: Finished SavePackage ../../../../../../Users/mattlineback/git/monkeywrench/Content/2DSideScrollerBP/Maps/level_2.umap
[2017.03.07-18.22.03:692][780]SourceControl: Info fatal: C:/Program Files (x86)/Epic Games/4.14/Engine/Content/: 'C:/Program Files (x86)/Epic Games/4.14/Engine/Content/' is outside repository
[2017.03.07-18.22.16:213][780]LogPackageName:Error: Illegal call to DoesPackageExist: '../../../../../../Users/mattlineback/git/monkeywrench/MonkeyWrench.uproject' is not a standard unreal filename or a long path name. Reason: Path should be no less than 4 characters long.
[2017.03.07-18.22.36:021][780]LogStats: FPlatformStackWalk::StackWalkAndDump - 19.756 s
[2017.03.07-18.22.36:021][780]LogOutputDevice:Error: === Handled ensure: ===
[2017.03.07-18.22.36:021][780]LogOutputDevice:Error: 
[2017.03.07-18.22.36:021][780]LogOutputDevice:Error: Ensure condition failed: false [File:D:\Build\++UE4+Release-4.14+Compile\Sync\Engine\Source\Runtime\CoreUObject\Private\Misc\PackageName.cpp] [Line: 624]
[2017.03.07-18.22.36:021][780]LogOutputDevice:Error: Illegal call to DoesPackageExist: '../../../../../../Users/mattlineback/git/monkeywrench/MonkeyWrench.uproject' is not a standard unreal filename or a long path name. Reason: Path should be no less than 4 characters long.
[2017.03.07-18.22.36:021][780]LogOutputDevice:Error: Stack: 
[2017.03.07-18.22.36:021][780]LogOutputDevice:Error: UE4Editor-Core.dll!FWindowsPlatformStackWalk::StackWalkAndDump() [d:\build\++ue4+release-4.14+compile\sync\engine\source\runtime\core\private\windows\windowsplatformstackwalk.cpp:185]
[2017.03.07-18.22.36:021][780]LogOutputDevice:Error: UE4Editor-Core.dll!FDebug::EnsureFailed() [d:\build\++ue4+release-4.14+compile\sync\engine\source\runtime\core\private\misc\assertionmacros.cpp:216]
[2017.03.07-18.22.36:021][780]LogOutputDevice:Error: UE4Editor-Core.dll!FDebug::OptionallyLogFormattedEnsureMessageReturningFalse() [d:\build\++ue4+release-4.14+compile\sync\engine\source\runtime\core\private\misc\assertionmacros.cpp:343]
[2017.03.07-18.22.36:021][780]LogOutputDevice:Error: UE4Editor-CoreUObject.dll!FPackageName::DoesPackageExist() [d:\build\++ue4+release-4.14+compile\sync\engine\source\runtime\coreuobject\private\misc\packagename.cpp:624]
[2017.03.07-18.22.36:021][780]LogOutputDevice:Error: UE4Editor-SourceControl.dll!SourceControlHelpers::PackageFilename_Internal() [d:\build\++ue4+release-4.14+compile\sync\engine\source\developer\sourcecontrol\private\sourcecontrolhelpers.cpp:52]
[2017.03.07-18.22.36:021][780]LogOutputDevice:Error: UE4Editor-SourceControl.dll!SourceControlHelpers::PackageFilenames() [d:\build\++ue4+release-4.14+compile\sync\engine\source\developer\sourcecontrol\private\sourcecontrolhelpers.cpp:103]
[2017.03.07-18.22.36:021][780]LogOutputDevice:Error: UE4Editor-SourceControlWindows.dll!FSourceControlWindows::PromptForCheckin() [d:\build\++ue4+release-4.14+compile\sync\engine\source\editor\sourcecontrolwindows\private\ssourcecontrolsubmit.cpp:597]
[2017.03.07-18.22.36:021][780]LogOutputDevice:Error: UE4Editor-SourceControlWindows.dll!FSourceControlWindows::ChoosePackagesToCheckInCompleted() [d:\build\++ue4+release-4.14+compile\sync\engine\source\editor\sourcecontrolwindows\private\ssourcecontrolsubmit.cpp:456]
[2017.03.07-18.22.36:021][780]LogOutputDevice:Error: UE4Editor-SourceControlWindows.dll!FSourceControlWindows::ChoosePackagesToCheckInCallback() [d:\build\++ue4+release-4.14+compile\sync\engine\source\editor\sourcecontrolwindows\private\ssourcecontrolsubmit.cpp:520]
[2017.03.07-18.22.36:022][780]LogOutputDevice:Error: UE4Editor-SourceControlWindows.dll!TBaseStaticDelegateInstance<void __cdecl(TSharedRef<ISourceControlOperation,1> const & __ptr64,enum ECommandResult::Type)>::ExecuteIfSafe() [d:\build\++ue4+release-4.14+compile\sync\engine\source\runtime\core\public\delegates\delegateinstancesimpl.h:1018]
[2017.03.07-18.22.36:022][780]LogOutputDevice:Error: UE4Editor-GitSourceControl.dll
[2017.03.07-18.22.36:022][780]LogOutputDevice:Error: UE4Editor-GitSourceControl.dll
[2017.03.07-18.22.36:022][780]LogOutputDevice:Error: UE4Editor-SourceControl.dll!FSourceControlModule::Tick() [d:\build\++ue4+release-4.14+compile\sync\engine\source\developer\sourcecontrol\private\sourcecontrolmodule.cpp:235]
[2017.03.07-18.22.36:022][780]LogOutputDevice:Error: UE4Editor-UnrealEd.dll!UEditorEngine::Tick() [d:\build\++ue4+release-4.14+compile\sync\engine\source\editor\unrealed\private\editorengine.cpp:1587]
[2017.03.07-18.22.36:022][780]LogOutputDevice:Error: UE4Editor-UnrealEd.dll!UUnrealEdEngine::Tick() [d:\build\++ue4+release-4.14+compile\sync\engine\source\editor\unrealed\private\unrealedengine.cpp:371]
[2017.03.07-18.22.36:022][780]LogOutputDevice:Error: UE4Editor.exe!FEngineLoop::Tick() [d:\build\++ue4+release-4.14+compile\sync\engine\source\runtime\launch\private\launchengineloop.cpp:2859]
[2017.03.07-18.22.36:022][780]LogOutputDevice:Error: UE4Editor.exe!GuardedMain() [d:\build\++ue4+release-4.14+compile\sync\engine\source\runtime\launch\private\launch.cpp:152]
[2017.03.07-18.22.36:022][780]LogOutputDevice:Error: UE4Editor.exe!GuardedMainWrapper() [d:\build\++ue4+release-4.14+compile\sync\engine\source\runtime\launch\private\windows\launchwindows.cpp:126]
[2017.03.07-18.22.36:022][780]LogOutputDevice:Error: UE4Editor.exe!WinMain() [d:\build\++ue4+release-4.14+compile\sync\engine\source\runtime\launch\private\windows\launchwindows.cpp:202]
[2017.03.07-18.22.36:022][780]LogOutputDevice:Error: UE4Editor.exe!__scrt_common_main_seh() [f:\dd\vctools\crt\vcstartup\src\startup\exe_common.inl:264]
[2017.03.07-18.22.36:022][780]LogOutputDevice:Error: KERNEL32.DLL
[2017.03.07-18.22.36:022][780]LogOutputDevice:Error: ntdll.dll
[2017.03.07-18.22.36:022][780]LogOutputDevice:Error: 
[2017.03.07-18.22.36:028][780]LogStats:                SubmitErrorReport -  0.000 s
