Log file open, 02/16/17 20:48:53
LogInit:Display: Running engine for game: MonkeyWrench
LogPlatformFile: Not using cached read wrapper
LogInit:Display: RandInit(-1439581434) SRandInit(-1439581434).
LogTaskGraph: Started task graph with 5 named threads and 6 total threads with 1 sets of task threads.
LogStats: Stats thread started at 2.676781
LogPluginManager: Loaded Plugin Paper2D, From C:/Program Files (x86)/Epic Games/4.14/Engine/Plugins/2D/Paper2D/Paper2D.uplugin
LogPluginManager: Loaded Plugin LightPropagationVolume, From C:/Program Files (x86)/Epic Games/4.14/Engine/Plugins/Blendables/LightPropagationVolume/LightPropagationVolume.uplugin
LogPluginManager: Loaded Plugin BlankPlugin, From C:/Program Files (x86)/Epic Games/4.14/Engine/Plugins/Developer/BlankPlugin/BlankPlugin.uplugin
LogPluginManager: Loaded Plugin CodeLiteSourceCodeAccess, From C:/Program Files (x86)/Epic Games/4.14/Engine/Plugins/Developer/CodeLiteSourceCodeAccess/CodeLiteSourceCodeAccess.uplugin
LogPluginManager: Loaded Plugin GitSourceControl, From C:/Program Files (x86)/Epic Games/4.14/Engine/Plugins/Developer/GitSourceControl/GitSourceControl.uplugin
LogPluginManager: Loaded Plugin KDevelopSourceCodeAccess, From C:/Program Files (x86)/Epic Games/4.14/Engine/Plugins/Developer/KDevelopSourceCodeAccess/KDevelopSourceCodeAccess.uplugin
LogPluginManager: Loaded Plugin NullSourceCodeAccess, From C:/Program Files (x86)/Epic Games/4.14/Engine/Plugins/Developer/NullSourceCodeAccess/NullSourceCodeAccess.uplugin
LogPluginManager: Loaded Plugin OneSkyLocalizationService, From C:/Program Files (x86)/Epic Games/4.14/Engine/Plugins/Developer/OneSkyLocalizationService/OneSkyLocalizationService.uplugin
LogPluginManager: Loaded Plugin PerforceSourceControl, From C:/Program Files (x86)/Epic Games/4.14/Engine/Plugins/Developer/PerforceSourceControl/PerforceSourceControl.uplugin
LogPluginManager: Loaded Plugin SubversionSourceControl, From C:/Program Files (x86)/Epic Games/4.14/Engine/Plugins/Developer/SubversionSourceControl/SubversionSourceControl.uplugin
LogPluginManager: Loaded Plugin UObjectPlugin, From C:/Program Files (x86)/Epic Games/4.14/Engine/Plugins/Developer/UObjectPlugin/UObjectPlugin.uplugin
LogPluginManager: Loaded Plugin VisualStudioSourceCodeAccess, From C:/Program Files (x86)/Epic Games/4.14/Engine/Plugins/Developer/VisualStudioSourceCodeAccess/VisualStudioSourceCodeAccess.uplugin
LogPluginManager: Loaded Plugin XCodeSourceCodeAccess, From C:/Program Files (x86)/Epic Games/4.14/Engine/Plugins/Developer/XCodeSourceCodeAccess/XCodeSourceCodeAccess.uplugin
LogPluginManager: Loaded Plugin AudioCapture, From C:/Program Files (x86)/Epic Games/4.14/Engine/Plugins/Editor/AudioCapture/AudioCapture.uplugin
LogPluginManager: Loaded Plugin EpicSurvey, From C:/Program Files (x86)/Epic Games/4.14/Engine/Plugins/Editor/EpicSurvey/EpicSurvey.uplugin
LogPluginManager: Loaded Plugin MacGraphicsSwitching, From C:/Program Files (x86)/Epic Games/4.14/Engine/Plugins/Editor/MacGraphicsSwitching/MacGraphicsSwitching.uplugin
LogPluginManager: Loaded Plugin MobileLauncherProfileWizard, From C:/Program Files (x86)/Epic Games/4.14/Engine/Plugins/Editor/MobileLauncherProfileWizard/MobileLauncherProfileWizard.uplugin
LogPluginManager: Loaded Plugin PluginBrowser, From C:/Program Files (x86)/Epic Games/4.14/Engine/Plugins/Editor/PluginBrowser/PluginBrowser.uplugin
LogPluginManager: Loaded Plugin SpeedTreeImporter, From C:/Program Files (x86)/Epic Games/4.14/Engine/Plugins/Editor/SpeedTreeImporter/SpeedTreeImporter.uplugin
LogPluginManager: Loaded Plugin SuperSearchEditor, From C:/Program Files (x86)/Epic Games/4.14/Engine/Plugins/Editor/SuperSearchEditor/SuperSearchEditor.uplugin
LogPluginManager: Loaded Plugin AlembicImporter, From C:/Program Files (x86)/Epic Games/4.14/Engine/Plugins/Experimental/AlembicImporter/AlembicImporter.uplugin
LogPluginManager: Loaded Plugin BlueprintStats, From C:/Program Files (x86)/Epic Games/4.14/Engine/Plugins/Experimental/BlueprintStats/BlueprintStats.uplugin
LogPluginManager: Loaded Plugin CharacterAI, From C:/Program Files (x86)/Epic Games/4.14/Engine/Plugins/Experimental/CharacterAI/CharacterAI.uplugin
LogPluginManager: Loaded Plugin CodeEditor, From C:/Program Files (x86)/Epic Games/4.14/Engine/Plugins/Experimental/CodeEditor/CodeEditor.uplugin
LogPluginManager: Loaded Plugin CodeView, From C:/Program Files (x86)/Epic Games/4.14/Engine/Plugins/Experimental/CodeView/CodeView.uplugin
LogPluginManager: Loaded Plugin HTML5Networking, From C:/Program Files (x86)/Epic Games/4.14/Engine/Plugins/Experimental/HTML5Networking/HTML5Networking.uplugin
LogPluginManager: Loaded Plugin OSVR, From C:/Program Files (x86)/Epic Games/4.14/Engine/Plugins/Experimental/OSVR/OSVR.uplugin
LogPluginManager: Loaded Plugin Phya, From C:/Program Files (x86)/Epic Games/4.14/Engine/Plugins/Experimental/Phya/Phya.uplugin
LogPluginManager: Loaded Plugin SignificanceManager, From C:/Program Files (x86)/Epic Games/4.14/Engine/Plugins/Experimental/SignificanceManager/SignificanceManager.uplugin
LogPluginManager: Loaded Plugin SimpleHMD, From C:/Program Files (x86)/Epic Games/4.14/Engine/Plugins/Experimental/SimpleHMD/SimpleHMD.uplugin
LogPluginManager: Loaded Plugin StereoPanorama, From C:/Program Files (x86)/Epic Games/4.14/Engine/Plugins/Experimental/StereoPanorama/StereoPanorama.uplugin
LogPluginManager: Loaded Plugin StructBox, From C:/Program Files (x86)/Epic Games/4.14/Engine/Plugins/Experimental/StructBox/StructBox.uplugin
LogPluginManager: Loaded Plugin AndroidMedia, From C:/Program Files (x86)/Epic Games/4.14/Engine/Plugins/Media/AndroidMedia/AndroidMedia.uplugin
LogPluginManager: Loaded Plugin AvfMedia, From C:/Program Files (x86)/Epic Games/4.14/Engine/Plugins/Media/AvfMedia/AvfMedia.uplugin
LogPluginManager: Loaded Plugin MediaPlayerEditor, From C:/Program Files (x86)/Epic Games/4.14/Engine/Plugins/Media/MediaPlayerEditor/MediaPlayerEditor.uplugin
LogPluginManager: Loaded Plugin WmfMedia, From C:/Program Files (x86)/Epic Games/4.14/Engine/Plugins/Media/WmfMedia/WmfMedia.uplugin
LogPluginManager: Loaded Plugin MessagingDebugger, From C:/Program Files (x86)/Epic Games/4.14/Engine/Plugins/Messaging/MessagingDebugger/MessagingDebugger.uplugin
LogPluginManager: Loaded Plugin TcpMessaging, From C:/Program Files (x86)/Epic Games/4.14/Engine/Plugins/Messaging/TcpMessaging/TcpMessaging.uplugin
LogPluginManager: Loaded Plugin UdpMessaging, From C:/Program Files (x86)/Epic Games/4.14/Engine/Plugins/Messaging/UdpMessaging/UdpMessaging.uplugin
LogPluginManager: Loaded Plugin LevelSequenceEditor, From C:/Program Files (x86)/Epic Games/4.14/Engine/Plugins/MovieScene/LevelSequenceEditor/LevelSequenceEditor.uplugin
LogPluginManager: Loaded Plugin MatineeToLevelSequence, From C:/Program Files (x86)/Epic Games/4.14/Engine/Plugins/MovieScene/MatineeToLevelSequence/MatineeToLevelSequence.uplugin
LogPluginManager: Loaded Plugin NetcodeUnitTest, From C:/Program Files (x86)/Epic Games/4.14/Engine/Plugins/NetcodeUnitTest/NetcodeUnitTest/NetcodeUnitTest.uplugin
LogPluginManager: Loaded Plugin NUTUnrealEngine4, From C:/Program Files (x86)/Epic Games/4.14/Engine/Plugins/NetcodeUnitTest/NUTUnrealEngine4/NUTUnrealEngine4.uplugin
LogPluginManager: Loaded Plugin OnlineSubsystemGameCircle, From C:/Program Files (x86)/Epic Games/4.14/Engine/Plugins/Online/Android/OnlineSubsystemGameCircle/OnlineSubsystemGameCircle.uplugin
LogPluginManager: Loaded Plugin OnlineSubsystemGooglePlay, From C:/Program Files (x86)/Epic Games/4.14/Engine/Plugins/Online/Android/OnlineSubsystemGooglePlay/OnlineSubsystemGooglePlay.uplugin
LogPluginManager: Loaded Plugin OnlineSubsystemIOS, From C:/Program Files (x86)/Epic Games/4.14/Engine/Plugins/Online/IOS/OnlineSubsystemIOS/OnlineSubsystemIOS.uplugin
LogPluginManager: Loaded Plugin OnlineFramework, From C:/Program Files (x86)/Epic Games/4.14/Engine/Plugins/Online/OnlineFramework/OnlineFramework.uplugin
LogPluginManager: Loaded Plugin OnlineSubsystem, From C:/Program Files (x86)/Epic Games/4.14/Engine/Plugins/Online/OnlineSubsystem/OnlineSubsystem.uplugin
LogPluginManager: Loaded Plugin OnlineSubsystemAmazon, From C:/Program Files (x86)/Epic Games/4.14/Engine/Plugins/Online/OnlineSubsystemAmazon/OnlineSubsystemAmazon.uplugin
LogPluginManager: Loaded Plugin OnlineSubsystemFacebook, From C:/Program Files (x86)/Epic Games/4.14/Engine/Plugins/Online/OnlineSubsystemFacebook/OnlineSubsystemFacebook.uplugin
LogPluginManager: Loaded Plugin OnlineSubsystemNull, From C:/Program Files (x86)/Epic Games/4.14/Engine/Plugins/Online/OnlineSubsystemNull/OnlineSubsystemNull.uplugin
LogPluginManager: Loaded Plugin OnlineSubsystemOculus, From C:/Program Files (x86)/Epic Games/4.14/Engine/Plugins/Online/OnlineSubsystemOculus/OnlineSubsystemOculus.uplugin
LogPluginManager: Loaded Plugin OnlineSubsystemSteam, From C:/Program Files (x86)/Epic Games/4.14/Engine/Plugins/Online/OnlineSubsystemSteam/OnlineSubsystemSteam.uplugin
LogPluginManager: Loaded Plugin OnlineSubsystemUtils, From C:/Program Files (x86)/Epic Games/4.14/Engine/Plugins/Online/OnlineSubsystemUtils/OnlineSubsystemUtils.uplugin
LogPluginManager: Loaded Plugin IOSTapJoy, From C:/Program Files (x86)/Epic Games/4.14/Engine/Plugins/Runtime/Advertising/IOSTapJoy/IOSTapJoy.uplugin
LogPluginManager: Loaded Plugin AnalyticsBlueprintLibrary, From C:/Program Files (x86)/Epic Games/4.14/Engine/Plugins/Runtime/Analytics/AnalyticsBlueprintLibrary/AnalyticsBlueprintLibrary.uplugin
LogPluginManager: Loaded Plugin AnalyticsMulticast, From C:/Program Files (x86)/Epic Games/4.14/Engine/Plugins/Runtime/Analytics/AnalyticsMulticast/AnalyticsMulticast.uplugin
LogPluginManager: Loaded Plugin Apsalar, From C:/Program Files (x86)/Epic Games/4.14/Engine/Plugins/Runtime/Analytics/Apsalar/Apsalar.uplugin
LogPluginManager: Loaded Plugin FileLogging, From C:/Program Files (x86)/Epic Games/4.14/Engine/Plugins/Runtime/Analytics/FileLogging/FileLogging.uplugin
LogPluginManager: Loaded Plugin Flurry, From C:/Program Files (x86)/Epic Games/4.14/Engine/Plugins/Runtime/Analytics/Flurry/Flurry.uplugin
LogPluginManager: Loaded Plugin AndroidDeviceProfileSelector, From C:/Program Files (x86)/Epic Games/4.14/Engine/Plugins/Runtime/AndroidDeviceProfileSelector/AndroidDeviceProfileSelector.uplugin
LogPluginManager: Loaded Plugin AndroidMoviePlayer, From C:/Program Files (x86)/Epic Games/4.14/Engine/Plugins/Runtime/AndroidMoviePlayer/AndroidMoviePlayer.uplugin
LogPluginManager: Loaded Plugin AppleMoviePlayer, From C:/Program Files (x86)/Epic Games/4.14/Engine/Plugins/Runtime/AppleMoviePlayer/AppleMoviePlayer.uplugin
LogPluginManager: Loaded Plugin ArchVisCharacter, From C:/Program Files (x86)/Epic Games/4.14/Engine/Plugins/Runtime/ArchVisCharacter/ArchVisCharacter.uplugin
LogPluginManager: Loaded Plugin CableComponent, From C:/Program Files (x86)/Epic Games/4.14/Engine/Plugins/Runtime/CableComponent/CableComponent.uplugin
LogPluginManager: Loaded Plugin CustomMeshComponent, From C:/Program Files (x86)/Epic Games/4.14/Engine/Plugins/Runtime/CustomMeshComponent/CustomMeshComponent.uplugin
LogPluginManager: Loaded Plugin ExampleDeviceProfileSelector, From C:/Program Files (x86)/Epic Games/4.14/Engine/Plugins/Runtime/ExampleDeviceProfileSelector/ExampleDeviceProfileSelector.uplugin
LogPluginManager: Loaded Plugin GearVR, From C:/Program Files (x86)/Epic Games/4.14/Engine/Plugins/Runtime/GearVR/GearVR.uplugin
LogPluginManager: Loaded Plugin GoogleVRController, From C:/Program Files (x86)/Epic Games/4.14/Engine/Plugins/Runtime/GoogleVR/GoogleVRController/GoogleVRController.uplugin
LogPluginManager: Loaded Plugin GoogleVRHMD, From C:/Program Files (x86)/Epic Games/4.14/Engine/Plugins/Runtime/GoogleVR/GoogleVRHMD/GoogleVRHMD.uplugin
LogPluginManager: Loaded Plugin IOSDeviceProfileSelector, From C:/Program Files (x86)/Epic Games/4.14/Engine/Plugins/Runtime/IOSDeviceProfileSelector/IOSDeviceProfileSelector.uplugin
LogPluginManager: Loaded Plugin LeapMotion, From C:/Program Files (x86)/Epic Games/4.14/Engine/Plugins/Runtime/LeapMotion/LeapMotion.uplugin
LogPluginManager: Loaded Plugin LinuxDeviceProfileSelector, From C:/Program Files (x86)/Epic Games/4.14/Engine/Plugins/Runtime/LinuxDeviceProfileSelector/LinuxDeviceProfileSelector.uplugin
LogPluginManager: Loaded Plugin MIDIDevice, From C:/Program Files (x86)/Epic Games/4.14/Engine/Plugins/Runtime/MIDIDevice/MIDIDevice.uplugin
LogPluginManager: Loaded Plugin MobilePatchingUtils, From C:/Program Files (x86)/Epic Games/4.14/Engine/Plugins/Runtime/MobilePatchingUtils/MobilePatchingUtils.uplugin
LogPluginManager: Loaded Plugin Ansel, From C:/Program Files (x86)/Epic Games/4.14/Engine/Plugins/Runtime/Nvidia/Ansel/Ansel.uplugin
LogPluginManager: Loaded Plugin OculusAudio, From C:/Program Files (x86)/Epic Games/4.14/Engine/Plugins/Runtime/OculusAudio/OculusAudio.uplugin
LogPluginManager: Loaded Plugin OculusInput, From C:/Program Files (x86)/Epic Games/4.14/Engine/Plugins/Runtime/OculusInput/OculusInput.uplugin
LogPluginManager: Loaded Plugin OculusLibrary, From C:/Program Files (x86)/Epic Games/4.14/Engine/Plugins/Runtime/OculusLibrary/OculusLibrary.uplugin
LogPluginManager: Loaded Plugin OculusRift, From C:/Program Files (x86)/Epic Games/4.14/Engine/Plugins/Runtime/OculusRift/OculusRift.uplugin
LogPluginManager: Loaded Plugin Oodle, From C:/Program Files (x86)/Epic Games/4.14/Engine/Plugins/Runtime/PacketHandlers/CompressionComponents/Oodle/Oodle.uplugin
LogPluginManager: Loaded Plugin ProceduralMeshComponent, From C:/Program Files (x86)/Epic Games/4.14/Engine/Plugins/Runtime/ProceduralMeshComponent/ProceduralMeshComponent.uplugin
LogPluginManager: Loaded Plugin SoundMod, From C:/Program Files (x86)/Epic Games/4.14/Engine/Plugins/Runtime/SoundMod/SoundMod.uplugin
LogPluginManager: Loaded Plugin SoundVisualizations, From C:/Program Files (x86)/Epic Games/4.14/Engine/Plugins/Runtime/SoundVisualizations/SoundVisualizations.uplugin
LogPluginManager: Loaded Plugin SteamController, From C:/Program Files (x86)/Epic Games/4.14/Engine/Plugins/Runtime/Steam/SteamController/SteamController.uplugin
LogPluginManager: Loaded Plugin SteamVR, From C:/Program Files (x86)/Epic Games/4.14/Engine/Plugins/Runtime/Steam/SteamVR/SteamVR.uplugin
LogPluginManager: Loaded Plugin WebBrowserWidget, From C:/Program Files (x86)/Epic Games/4.14/Engine/Plugins/Runtime/WebBrowserWidget/WebBrowserWidget.uplugin
LogPluginManager: Loaded Plugin WindowsDeviceProfileSelector, From C:/Program Files (x86)/Epic Games/4.14/Engine/Plugins/Runtime/WindowsDeviceProfileSelector/WindowsDeviceProfileSelector.uplugin
LogPluginManager: Loaded Plugin WindowsMoviePlayer, From C:/Program Files (x86)/Epic Games/4.14/Engine/Plugins/Runtime/WindowsMoviePlayer/WindowsMoviePlayer.uplugin
LogPluginManager: Loaded Plugin ScriptPlugin, From C:/Program Files (x86)/Epic Games/4.14/Engine/Plugins/ScriptPlugin/ScriptPlugin.uplugin
LogPluginManager: Loaded Plugin SlateRemote, From C:/Program Files (x86)/Epic Games/4.14/Engine/Plugins/Slate/SlateRemote/SlateRemote.uplugin
LogPluginManager: Loaded Plugin EditorTests, From C:/Program Files (x86)/Epic Games/4.14/Engine/Plugins/Tests/EditorTests/EditorTests.uplugin
LogPluginManager: Loaded Plugin FbxAutomationTestBuilder, From C:/Program Files (x86)/Epic Games/4.14/Engine/Plugins/Tests/FbxAutomationTestBuilder/FbxAutomationTestBuilder.uplugin
LogPluginManager: Loaded Plugin FunctionalTestingEditor, From C:/Program Files (x86)/Epic Games/4.14/Engine/Plugins/Tests/FunctionalTestingEditor/FunctionalTestingEditor.uplugin
LogPluginManager: Loaded Plugin RuntimeTests, From C:/Program Files (x86)/Epic Games/4.14/Engine/Plugins/Tests/RuntimeTests/RuntimeTests.uplugin
LogPluginManager: Loaded Plugin ScreenshotTools, From C:/Program Files (x86)/Epic Games/4.14/Engine/Plugins/Tests/ScreenshotTools/ScreenshotTools.uplugin
LogInit: Using libcurl 7.47.1
LogInit:  - built for x86_64-pc-win32
LogInit:  - supports SSL with OpenSSL/1.0.2g
LogInit:  - supports HTTP deflate (compression) using libz 1.2.8
LogInit:  - other features:
LogInit:      CURL_VERSION_SSL
LogInit:      CURL_VERSION_LIBZ
LogInit:      CURL_VERSION_IPV6
LogInit:      CURL_VERSION_ASYNCHDNS
LogInit:      CURL_VERSION_LARGEFILE
LogInit:      CURL_VERSION_IDN
LogInit:  CurlRequestOptions (configurable via config and command line):
LogInit:  - bVerifyPeer = false  - Libcurl will NOT verify peer certificate
LogInit:  - bUseHttpProxy = false  - Libcurl will NOT use HTTP proxy
LogInit:  - bDontReuseConnections = false  - Libcurl will reuse connections
LogInit:  - CertBundlePath = nullptr  - Libcurl will use whatever was configured at build time.
LogInit: Build: ++UE4+Release-4.14-CL-3249277
LogInit: Engine Version: 4.14.3-3249277+++UE4+Release-4.14
LogInit: Compatible Engine Version: 4.14.0-3195953+++UE4+Release-4.14
LogInit: Net CL: 3195953
LogDevObjectVersion: Number of dev versions registered: 13
LogDevObjectVersion:   Dev-Blueprints (B0D832E4-1F89-4F0D-ACCF-7EB736FD4AA2): 7
LogDevObjectVersion:   Dev-Build (E1C64328-A22C-4D53-A36C-8E866417BD8C): 0
LogDevObjectVersion:   Dev-Core (375EC13C-06E4-48FB-B500-84F0262A717E): 1
LogDevObjectVersion:   Dev-Editor (E4B068ED-F494-42E9-A231-DA0B2E46BB41): 8
LogDevObjectVersion:   Dev-Framework (CFFC743F-43B0-4480-9391-14DF171D2073): 17
LogDevObjectVersion:   Dev-Mobile (B02B49B5-BB20-44E9-A304-32B752E40360): 0
LogDevObjectVersion:   Dev-Networking (A4E4105C-59A1-49B5-A7C5-40C4547EDFEE): 0
LogDevObjectVersion:   Dev-Online (39C831C9-5AE6-47DC-9A44-9C173E1C8E7C): 0
LogDevObjectVersion:   Dev-Physics (78F01B33-EBEA-4F98-B9B4-84EACCB95AA2): 0
LogDevObjectVersion:   Dev-Platform (6631380F-2D4D-43E0-8009-CF276956A95A): 0
LogDevObjectVersion:   Dev-Rendering (12F88B9F-8875-4AFC-A67C-D90C383ABD29): 12
LogDevObjectVersion:   Dev-Sequencer (7B5AE74C-D270-4C10-A958-57980B212A5A): 1
LogDevObjectVersion:   Dev-VR (D7296918-1DD6-4BDD-9DE2-64A83CC13884): 0
LogInit: Compiled (64-bit): Jan  6 2017 10:49:43
LogInit: Compiled with Visual C++: 19.00.23026.00
LogInit: Build Configuration: Development
LogInit: Branch Name: ++UE4+Release-4.14
LogInit: Command line:  
LogInit: Base directory: C:/Program Files (x86)/Epic Games/4.14/Engine/Binaries/Win64/
LogInit: Installed Engine Build: 1
LogInit: Presizing for max 8388607 objects, including 0 objects not considered by GC, pre-allocating 0 bytes for permanent pool.
LogInit: Object subsystem initialized
[2017.02.17-01.48.54:584][  0]LogInit: Selected Device Profile: [Windows]
[2017.02.17-01.48.54:584][  0]LogInit: Applying CVar settings loaded from the selected device profile: [Windows]
[2017.02.17-01.48.54:714][  0]LogInit: Computer: MATTLINEBACK-PC
[2017.02.17-01.48.54:714][  0]LogInit: User: mattlineback
[2017.02.17-01.48.54:714][  0]LogInit: CPU Page size=65536, Cores=2
[2017.02.17-01.48.54:714][  0]LogInit: High frequency timer resolution =3.020495 MHz
[2017.02.17-01.48.54:714][  0]LogMemory: Memory total: Physical=8.0GB (8GB approx)
[2017.02.17-01.48.54:718][  0]LogMemory: Platform Memory Stats for Windows
[2017.02.17-01.48.54:718][  0]LogMemory: Process Physical Memory: 264.28 MB used, 264.28 MB peak
[2017.02.17-01.48.54:718][  0]LogMemory: Process Virtual Memory: 262.40 MB used, 262.40 MB peak
[2017.02.17-01.48.54:718][  0]LogMemory: Physical Memory: 2567.73 MB used,  5606.91 MB free, 8174.64 MB total
[2017.02.17-01.48.54:718][  0]LogMemory: Virtual Memory: 674.55 MB used,  5606.91 MB free, 134217728.00 MB total
[2017.02.17-01.48.55:855][  0]LogTextLocalizationManager: No specific translations for ('en-US') exist, so ('en') translations will be used.
[2017.02.17-01.49.06:745][  0]LogD3D11RHI: D3D11 adapters:
[2017.02.17-01.49.06:776][  0]LogD3D11RHI:    0. 'AMD Radeon HD 6450' (Feature Level 11_0)
[2017.02.17-01.49.06:776][  0]LogD3D11RHI:       1008/0/3840 MB DedicatedVideo/DedicatedSystem/SharedSystem, Outputs:1, VendorId:0x1002
[2017.02.17-01.49.06:778][  0]LogD3D11RHI:    1. 'Microsoft Basic Render Driver' (Feature Level 11_0)
[2017.02.17-01.49.06:778][  0]LogD3D11RHI:       0/0/4087 MB DedicatedVideo/DedicatedSystem/SharedSystem, Outputs:0, VendorId:0x1414
[2017.02.17-01.49.06:778][  0]LogD3D11RHI: Chosen D3D11 Adapter: 0
[2017.02.17-01.49.06:785][  0]LogD3D11RHI: Creating new Direct3DDevice
[2017.02.17-01.49.06:785][  0]LogD3D11RHI:     GPU DeviceId: 0x6779 (for the marketing name, search the web for "GPU Device Id")
[2017.02.17-01.49.06:785][  0]LogWindows: EnumDisplayDevices:
[2017.02.17-01.49.06:785][  0]LogWindows:    0. 'AMD Radeon HD 6450' (P:1 D:1)
[2017.02.17-01.49.06:785][  0]LogWindows:    1. 'AMD Radeon HD 6450' (P:0 D:0)
[2017.02.17-01.49.06:785][  0]LogWindows:    2. 'AMD Radeon HD 6450' (P:0 D:0)
[2017.02.17-01.49.06:786][  0]LogWindows: DebugString: FoundDriverCount:3 
[2017.02.17-01.49.06:786][  0]LogD3D11RHI:     Adapter Name: AMD Radeon HD 6450
[2017.02.17-01.49.06:786][  0]LogD3D11RHI:   Driver Version: Crimson 16.2.1 (internal:15.301.1901.0, unified:15.301.1901.0)
[2017.02.17-01.49.06:786][  0]LogD3D11RHI:      Driver Date: 2-26-2016
[2017.02.17-01.49.06:786][  0]LogRHI: Texture pool is 706 MB (70% of 1008 MB)
[2017.02.17-01.49.06:792][  0]LogD3D11RHI: Async texture creation enabled
[2017.02.17-01.49.06:984][  0]LogD3D11RHI: GPU Timing Frequency: 27.000000 (Debug: 2 1)
[2017.02.17-01.49.07:051][  0]LogShaderCompilers: Guid format shader working directory is 0 characters bigger than the processId version (../../../../../../Users/mattlineback/git/monkeywrench/Intermediate/Shaders/WorkingDirectory/9112/).
[2017.02.17-01.49.07:051][  0]LogShaderCompilers: Cleaned the shader compiler working directory 'C:/Users/mattlineback/AppData/Local/Temp/UnrealShaderWorkingDir/522F79324107D966653DF4A09C3CDBA4/'.
[2017.02.17-01.49.07:051][  0]LogShaderCompilers:Display: Using Local Shader Compiler.
[2017.02.17-01.49.14:121][  0]LogTemp:Display: Loaded TP AllDesktopTargetPlatform
[2017.02.17-01.49.14:208][  0]LogTemp:Display: Loaded TP MacClientTargetPlatform
[2017.02.17-01.49.14:301][  0]LogTemp:Display: Loaded TP MacNoEditorTargetPlatform
[2017.02.17-01.49.14:398][  0]LogTemp:Display: Loaded TP MacServerTargetPlatform
[2017.02.17-01.49.14:493][  0]LogTemp:Display: Loaded TP MacTargetPlatform
[2017.02.17-01.49.14:583][  0]LogTemp:Display: Loaded TP WindowsClientTargetPlatform
[2017.02.17-01.49.14:680][  0]LogTemp:Display: Loaded TP WindowsNoEditorTargetPlatform
[2017.02.17-01.49.14:763][  0]LogTemp:Display: Loaded TP WindowsServerTargetPlatform
[2017.02.17-01.49.14:826][  0]LogTemp:Display: Loaded TP WindowsTargetPlatform
[2017.02.17-01.49.15:027][  0]LogTemp:Display: Loaded TP AndroidTargetPlatform
[2017.02.17-01.49.15:115][  0]LogTemp:Display: Loaded TP Android_ASTCTargetPlatform
[2017.02.17-01.49.15:223][  0]LogTemp:Display: Loaded TP Android_ATCTargetPlatform
[2017.02.17-01.49.15:401][  0]LogTemp:Display: Loaded TP Android_DXTTargetPlatform
[2017.02.17-01.49.15:555][  0]LogTemp:Display: Loaded TP Android_ETC1TargetPlatform
[2017.02.17-01.49.15:704][  0]LogTemp:Display: Loaded TP Android_ETC2TargetPlatform
[2017.02.17-01.49.15:991][  0]LogTemp:Display: Loaded TP Android_MultiTargetPlatform
[2017.02.17-01.49.15:991][  0]LogTemp:Display: Loaded TP Android_PVRTCTargetPlatform
[2017.02.17-01.49.16:057][  0]LogTemp:Display: Loaded TP HTML5TargetPlatform
[2017.02.17-01.49.16:521][  0]LogTemp:Display: Loaded TP IOSTargetPlatform
[2017.02.17-01.49.16:568][  0]LogTemp:Display: Loaded TP TVOSTargetPlatform
[2017.02.17-01.49.16:638][  0]LogTemp:Display: Loaded TP LinuxClientTargetPlatform
[2017.02.17-01.49.16:709][  0]LogTemp:Display: Loaded TP LinuxNoEditorTargetPlatform
[2017.02.17-01.49.16:782][  0]LogTemp:Display: Loaded TP LinuxServerTargetPlatform
[2017.02.17-01.49.16:868][  0]LogTemp:Display: Loaded TP LinuxTargetPlatform
[2017.02.17-01.49.16:868][  0]LogTargetPlatformManager:Display: Building Assets For Windows
[2017.02.17-01.49.18:833][  0]LogDerivedDataCache:Display: Max Cache Size: 512 MB
[2017.02.17-01.49.19:489][  0]LogDerivedDataCache: Loaded boot cache 0.64s 50MB C:/Users/mattlineback/AppData/Local/UnrealEngine/4.14/DerivedDataCache/Boot.ddc.
[2017.02.17-01.49.19:489][  0]LogDerivedDataCache:Display: Loaded Boot cache: C:/Users/mattlineback/AppData/Local/UnrealEngine/4.14/DerivedDataCache/Boot.ddc
[2017.02.17-01.49.19:489][  0]LogDerivedDataCache: FDerivedDataBackendGraph:  Pak pak cache file ../../../../../../Users/mattlineback/git/monkeywrench/DerivedDataCache/DDC.ddp not found, will not use a pak cache.
[2017.02.17-01.49.19:489][  0]LogDerivedDataCache: Unable to find inner node Pak for hierarchical cache Hierarchy.
[2017.02.17-01.49.19:489][  0]LogDerivedDataCache: FDerivedDataBackendGraph:  CompressedPak pak cache file ../../../../../../Users/mattlineback/git/monkeywrench/DerivedDataCache/Compressed.ddp not found, will not use a pak cache.
[2017.02.17-01.49.19:489][  0]LogDerivedDataCache: Unable to find inner node CompressedPak for hierarchical cache Hierarchy.
[2017.02.17-01.49.19:597][  0]LogDerivedDataCache:Display: Pak cache opened for reading ../../../Engine/DerivedDataCache/Compressed.ddp.
[2017.02.17-01.49.19:623][  0]LogDerivedDataCache: Using Local data cache path C:/Users/mattlineback/AppData/Local/UnrealEngine/Common/DerivedDataCache: Writable
[2017.02.17-01.49.30:497][  0]LogInit: Selected Device Profile: [Windows]
[2017.02.17-01.49.30:651][  0]LogContentStreaming: Texture pool size is 0.00 MB
[2017.02.17-01.49.32:108][  0]LogMeshUtilities: Using QuadricMeshReduction for automatic static mesh reduction
[2017.02.17-01.49.32:258][  0]LogSimplygon: Simplygon DLL not present - disabling.
[2017.02.17-01.49.32:412][  0]LogMeshUtilities: Using SimplygonSwarm for distributed automatic mesh merging
[2017.02.17-01.49.32:412][  0]LogMeshUtilities: No automatic skeletal mesh reduction module available
[2017.02.17-01.49.32:412][  0]LogMeshUtilities: No automatic mesh merging module available
[2017.02.17-01.49.39:982][  0]LogNetVersion: GetLocalNetworkVersion: CL: 3195953, ProjectName: monkeywrench, ProjectVersion: , EngineNetworkVersion: 2, GameNetworkVersion: 0, NetworkChecksum: 690626690
[2017.02.17-01.49.40:293][  0]LogAssetRegistry: FAssetRegistry took 0.0593 seconds to start up
[2017.02.17-01.49.40:659][  0]LogPackageLocalizationCache: Processed 3 localized package path(s) for 2 prioritized culture(s) in 0.146867 seconds
[2017.02.17-01.49.40:688][  0]LogUObjectArray: 31946 objects as part of root set at end of initial load.
[2017.02.17-01.49.40:688][  0]LogUObjectAllocator: 6935848 out of 0 bytes used by permanent object pool.
[2017.02.17-01.49.40:688][  0]LogUObjectArray: CloseDisregardForGC: 0/0 objects in disregard for GC pool
[2017.02.17-01.49.40:866][  0]LogInit: WinSock: version 1.1 (2.2), MaxSocks=32767, MaxUdp=65467
[2017.02.17-01.49.49:965][  0]LogSlate: Using Freetype 2.6.0
[2017.02.17-01.49.50:102][  0]LogSlate: SlateFontCache - WITH_FREETYPE: 1, WITH_HARFBUZZ: 1
[2017.02.17-01.49.50:102][  0]LogSlate: SlateFontCache - WITH_FREETYPE: 1, WITH_HARFBUZZ: 1
[2017.02.17-01.50.14:529][  0]LogTcpMessaging: Initializing TcpMessaging bridge
[2017.02.17-01.50.14:691][  0]LogUdpMessaging: Initializing bridge on interface 0.0.0.0:0 to multicast group 230.0.0.1:6666.
[2017.02.17-01.50.16:430][  0]LogMaterial: Uniform references updated for custom material expression Custom.
[2017.02.17-01.50.18:320][  0]SourceControl: Info Source control is disabled
[2017.02.17-01.50.24:956][  0]LogEngine: Initializing Engine...
[2017.02.17-01.50.24:992][  0]LogHMD: Failed to initialize OpenVR with code 110
[2017.02.17-01.50.27:006][  0]LogAIModule: Creating AISystem for world Untitled
[2017.02.17-01.50.27:093][  0]LogInit: XAudio2 using 'AMD HDMI Output (AMD High Definition Audio Device)' : 2 channels at 48 kHz using 16 bits per sample (channel mask 0x3)
[2017.02.17-01.50.27:156][  0]LogInit: FAudioDevice initialized.
[2017.02.17-01.50.27:188][  0]LogDerivedDataCache: Saved boot cache 0.03s 50MB C:/Users/mattlineback/AppData/Local/UnrealEngine/4.14/DerivedDataCache/Boot.ddc.
[2017.02.17-01.50.27:201][  0]LogInit: Texture streaming: Enabled
[2017.02.17-01.50.28:170][  0]LogInit: Transaction tracking system initialized
[2017.02.17-01.50.31:088][  0]BlueprintLog: New page: Editor Load
[2017.02.17-01.50.39:776][  0]LocalizationService: Info Localization service is disabled
[2017.02.17-01.50.46:154][  0]LogConsoleResponse:Display: 
[2017.02.17-01.50.52:799][  0]LogCook:Display: Max memory allowance for cook 16384mb min free memory 0mb
[2017.02.17-01.50.52:799][  0]LogCook:Display: Mobile HDR setting 1
[2017.02.17-01.51.02:526][  0]LogFileCache: Scanning file cache for directory 'C:/Users/mattlineback/git/monkeywrench/Content/' took 3.19s
[2017.02.17-01.51.19:391][  0]Cmd: MAP LOAD FILE="../../../../../../Users/mattlineback/git/monkeywrench/Content/2DSideScrollerBP/Maps/2DSideScrollerExampleMap.umap" TEMPLATE=0 SHOWPROGRESS=1 FEATURELEVEL=3
[2017.02.17-01.51.19:871][  0]LightingResults: New page: Lighting Build
[2017.02.17-01.51.21:244][  0]MapCheck: New page: Map Check
[2017.02.17-01.51.21:244][  0]LightingResults: New page: Lighting Build
[2017.02.17-01.51.43:867][  0]LogAIModule: Creating AISystem for world 2DSideScrollerExampleMap
[2017.02.17-01.51.47:608][  0]LogEditorServer: Finished looking for orphan Actors (0.000 secs)
[2017.02.17-01.51.48:859][  0]Cmd: MAP CHECKDEP NOCLEARLOG
[2017.02.17-01.51.49:487][  0]MapCheck: Info Map check complete: 0 Error(s), 0 Warning(s), took 546.994ms to complete.
[2017.02.17-01.51.49:487][  0]LogFileHelpers: Loading map '2DSideScrollerExampleMap' took 30.096
[2017.02.17-01.52.14:534][  0]LogCollectionManager: Loaded 0 collections in 0.003186 seconds
[2017.02.17-01.52.17:215][  0]LogFileCache: Scanning file cache for directory 'C:/Users/mattlineback/git/monkeywrench/Saved/Collections/' took 0.01s
[2017.02.17-01.52.17:215][  0]LogFileCache: Scanning file cache for directory 'C:/Users/mattlineback/git/monkeywrench/Content/Developers/mattlineback/Collections/' took 0.01s
[2017.02.17-01.52.17:215][  0]LogFileCache: Scanning file cache for directory 'C:/Users/mattlineback/git/monkeywrench/Content/Collections/' took 0.01s
[2017.02.17-01.52.17:215][  0]LogCollectionManager: Rebuilt the GUID cache for 0 collections in 0.000004 seconds
[2017.02.17-01.52.18:432][  0]LogContentBrowser: Native class hierarchy populated in 0.3414 seconds. Added 2190 classes and 428 folders.
[2017.02.17-01.52.19:860][  0]LogStats: UGameplayTagsManager::ConstructGameplayTagTree: Construct from data asset -  0.000 s
[2017.02.17-01.52.19:910][  0]LogStats: UGameplayTagsManager::ConstructGameplayTagTree: GameplayTagTreeChangedEvent.Broadcast -  0.051 s
[2017.02.17-01.52.20:015][  0]LogContentBrowser: Native class hierarchy updated for 'GameplayTags' in 0.0531 seconds. Added 13 classes and 0 folders.
[2017.02.17-01.52.20:509][  0]LogContentBrowser: Native class hierarchy updated for 'WidgetCarousel' in 0.0006 seconds. Added 0 classes and 0 folders.
[2017.02.17-01.52.31:467][  0]LogContentBrowser: Native class hierarchy updated for 'AddContentDialog' in 0.0006 seconds. Added 0 classes and 0 folders.
[2017.02.17-01.52.32:257][  0]LogContentBrowser: Native class hierarchy updated for 'SceneOutliner' in 0.0006 seconds. Added 1 classes and 2 folders.
[2017.02.17-01.52.45:431][  0]LogCrashTracker: Crashtracker disabled due to settings.
[2017.02.17-01.52.46:598][  0]LogUObjectGlobals:Warning: Failed to find object 'Class None.'
[2017.02.17-01.52.48:337][  0]LogContentBrowser: Native class hierarchy updated for 'HierarchicalLODOutliner' in 0.0007 seconds. Added 1 classes and 2 folders.
[2017.02.17-01.52.48:337][  0]LogLoad: (Engine Initialization) Total time: 258.32 seconds
[2017.02.17-01.52.48:337][  0]LogLoad: (Engine Initialization) Total Blueprint compile time: 3.45 seconds
[2017.02.17-01.52.48:434][  0]LogExternalProfiler: Found external profiler: VSPerf
[2017.02.17-01.52.48:434][  0]LogExternalProfiler: Using external profiler: VSPerf
[2017.02.17-01.52.49:043][  0]LogOcInput: OculusInput pre-init called
[2017.02.17-01.52.50:306][  0]SourceControl: Info On branch master
[2017.02.17-01.52.50:306][  0]SourceControl: Info Your branch is up-to-date with 'origin/master'.
[2017.02.17-01.52.50:306][  0]SourceControl: Info Changes not staged for commit:
[2017.02.17-01.52.50:306][  0]SourceControl: Info   (use "git add/rm <file>..." to update what will be committed)
[2017.02.17-01.52.50:306][  0]SourceControl: Info   (use "git checkout -- <file>..." to discard changes in working directory)
[2017.02.17-01.52.50:306][  0]SourceControl: Info 	modified:   Intermediate/CachedAssetRegistry.bin
[2017.02.17-01.52.50:306][  0]SourceControl: Info 	modified:   Saved/AutoScreenshot.png
[2017.02.17-01.52.50:306][  0]SourceControl: Info 	modified:   Saved/Config/Windows/EditorPerProjectUserSettings.ini
[2017.02.17-01.52.50:306][  0]SourceControl: Info 	modified:   Saved/Config/Windows/Engine.ini
[2017.02.17-01.52.50:306][  0]SourceControl: Info 	modified:   Saved/Config/Windows/SourceControlSettings.ini
[2017.02.17-01.52.50:306][  0]SourceControl: Info 	deleted:    Saved/Logs/MonkeyWrench-backup-2017.02.06-11.05.55.log
[2017.02.17-01.52.50:306][  0]SourceControl: Info 	deleted:    Saved/Logs/MonkeyWrench-backup-2017.02.08-09.09.25.log
[2017.02.17-01.52.50:306][  0]SourceControl: Info 	modified:   Saved/Logs/MonkeyWrench.log
[2017.02.17-01.52.50:306][  0]SourceControl: Info Untracked files:
[2017.02.17-01.52.50:306][  0]SourceControl: Info   (use "git add <file>..." to include in what will be committed)
[2017.02.17-01.52.50:306][  0]SourceControl: Info 	Saved/Autosaves/Game/2DSideScroller/Sprites/Dead_Monkey_Auto1.uasset
[2017.02.17-01.52.50:306][  0]SourceControl: Info 	Saved/Autosaves/Game/2DSideScroller/Sprites/MonkeyAnimations/
[2017.02.17-01.52.50:306][  0]SourceControl: Info 	Saved/Autosaves/Game/2DSideScroller/Sprites/Monkey_Exit_Auto2.uasset
[2017.02.17-01.52.50:306][  0]SourceControl: Info 	Saved/Autosaves/Game/2DSideScroller/Sprites/Monkey_Walk_Frames/
[2017.02.17-01.52.50:306][  0]SourceControl: Info 	Saved/Autosaves/Game/2DSideScroller/Sprites/platforms/
[2017.02.17-01.52.50:306][  0]SourceControl: Info 	Saved/Backup/2DSideScrollerCharacter_2017-02-15-22-05-57.uasset
[2017.02.17-01.52.50:306][  0]SourceControl: Info 	Saved/Backup/2DSideScrollerExampleMap_2017-02-15-22-05-57.umap
[2017.02.17-01.52.50:306][  0]SourceControl: Info 	Saved/Backup/2DSideScrollerExampleMap_2017-02-15-22-13-09.umap
[2017.02.17-01.52.50:306][  0]SourceControl: Info 	Saved/Backup/2DSideScrollerExampleMap_2017-02-15-23-43-27.umap
[2017.02.17-01.52.50:306][  0]SourceControl: Info 	Saved/Backup/2DSideScrollerExampleMap_BuiltData_2017-02-15-23-43-27.uasset
[2017.02.17-01.52.50:306][  0]SourceControl: Info 	Saved/Backup/Dead_Monkey_2017-02-15-21-41-13.uasset
[2017.02.17-01.52.50:306][  0]SourceControl: Info 	Saved/Backup/Monkey_Exit_2017-02-15-21-50-46.uasset
[2017.02.17-01.52.50:306][  0]SourceControl: Info 	Saved/Backup/sheet_2017-02-15-23-12-49.uasset
[2017.02.17-01.52.50:306][  0]SourceControl: Info 	Saved/Backup/sheet_2017-02-15-23-21-06.uasset
[2017.02.17-01.52.50:307][  0]SourceControl: Info 	Saved/Backup/tiles_spritesheet_2017-02-15-23-12-50.uasset
[2017.02.17-01.52.50:307][  0]SourceControl: Info 	Saved/Logs/MonkeyWrench-backup-2017.02.15-21.24.37.log
[2017.02.17-01.52.50:307][  0]SourceControl: Info 	Saved/Logs/MonkeyWrench-backup-2017.02.16-20.48.53.log
[2017.02.17-01.52.50:307][  0]SourceControl: Info 	Saved/Logs/UE4CC-Windows-301CEE954CEB121D365A61A38325085D/
[2017.02.17-01.52.50:307][  0]SourceControl: Info 	Saved/Logs/UE4CC-Windows-E997B65648B495DA798F00B31DB41E7C/
[2017.02.17-01.52.50:307][  0]SourceControl: Info 	Saved/Logs/UE4CC-Windows-E997B65648B495DA798F00B31DB41E7C_0000/
[2017.02.17-01.52.50:307][  0]SourceControl: Info no changes added to commit (use "git add" and/or "git commit -a")
[2017.02.17-01.52.50:355][  0]LogContentStreaming: Texture pool size now 1000 MB
[2017.02.17-01.53.05:389][  0]LogRenderer: Reallocating scene render targets to support 1208x576 NumSamples 1 (Frame:2).
[2017.02.17-01.53.07:193][  1]LogFileCache: Retrieving MD5 hashes for directory 'C:/Users/mattlineback/git/monkeywrench/Content/' took 17.89s
[2017.02.17-01.53.12:659][  5]LogAssetRegistry: Asset discovery search completed in 212.3883 seconds
[2017.02.17-01.53.12:707][  5]LogCollectionManager: Rebuilt the object cache for 0 collections in 0.000001 seconds (found 0 objects)
[2017.02.17-01.53.12:707][  5]LogCollectionManager: Fixed up redirectors for 0 collections in 0.034062 seconds (updated 0 objects)
[2017.02.17-01.57.17:573][157]LogEditorViewport: Clicking on Actor (LMB): PaperSpriteActor (Ledge_16)
[2017.02.17-01.57.21:471][202]LogEditorViewport: Clicking on Actor (LMB): PaperSpriteActor (Ledge_15)
[2017.02.17-01.57.23:290][222]LogEditorViewport: Clicking on Actor (LMB): PaperSpriteActor (Ledge_12)
[2017.02.17-02.19.18:165][646]LogAssetTools:Warning: Failed to import '../../../../../../Users/mattlineback/git/monkeywrench/Content/2DSideScroller/Sprites/metalplat.xcf'. Unknown extension 'xcf'.
[2017.02.17-02.21.13:837][351]LogFactory: FactoryCreateFile: Texture with ReimportTextureFactory (0 0 ../../../../../../Users/mattlineback/git/monkeywrench/Content/2DSideScroller/Sprites/metalplat.png)
[2017.02.17-02.21.14:025][351]LogTexture:Display: Building textures: metalplat (BGRA8)
[2017.02.17-02.21.44:021][871]LogEditorViewport: Clicking on Actor (LMB): PaperSpriteActor (Ledge_15)
[2017.02.17-02.21.46:407][896]LogEditorViewport: Clicking on Actor (context menu): PaperSpriteActor (Ledge_15)
[2017.02.17-02.21.51:850][ 99]EditorErrors: New page: Actor Reattachment
[2017.02.17-02.22.09:665][297]LogEditorViewport: Clicking on Actor (LMB): PaperSpriteActor (Winter_lab_machinery_S5E5_Sprite)
[2017.02.17-02.22.12:640][328]LogEditorViewport: Clicking on Actor (LMB): PaperSpriteActor (Ledge_12)
[2017.02.17-02.22.13:967][342]LogEditorViewport: Clicking on Actor (context menu): PaperSpriteActor (Ledge_12)
[2017.02.17-02.22.20:134][600]Cmd: DELETE
[2017.02.17-02.22.20:134][600]Cmd: ACTOR DELETE
[2017.02.17-02.22.20:392][600]LogEditorActor: Deleted Actor: PaperSpriteActor
[2017.02.17-02.22.20:414][600]LogEditorActor: Deleted 1 Actors (0.054 secs)
[2017.02.17-02.22.21:616][615]LogEditorViewport: Clicking on Actor (LMB): PaperSpriteActor (Ledge_16)
[2017.02.17-02.22.22:692][625]LogEditorViewport: Clicking on Actor (context menu): PaperSpriteActor (Ledge_16)
[2017.02.17-02.22.26:325][772]Cmd: DELETE
[2017.02.17-02.22.26:325][772]Cmd: ACTOR DELETE
[2017.02.17-02.22.26:325][772]LogEditorActor: Deleted Actor: PaperSpriteActor
[2017.02.17-02.22.26:345][772]LogEditorActor: Deleted 1 Actors (0.020 secs)
[2017.02.17-02.22.35:215][872]LogEditorViewport: Clicking on Actor (LMB): PaperSpriteActor (Winter_lab_machinery_S5E5_Sprite)
[2017.02.17-02.22.54:414][ 68]LogEditorViewport: Clicking on Actor (LMB): PaperSpriteActor (Winter_lab_machinery_S5E5_Sprite)
[2017.02.17-02.22.55:598][ 80]LogEditorViewport: Clicking on Actor (LMB): PaperSpriteActor (Ledge_15)
[2017.02.17-02.22.56:974][ 96]LogEditorViewport: Clicking on Actor (LMB): PaperSpriteActor (Winter_lab_machinery_S5E5_Sprite)
[2017.02.17-02.23.01:214][138]LogEditorViewport: Clicking on Actor (LMB): PaperSpriteActor (Ledge_15)
[2017.02.17-02.23.03:141][160]LogEditorViewport: Clicking on Actor (LMB): PaperSpriteActor (Winter_lab_machinery_S5E5_Sprite)
[2017.02.17-02.23.05:450][183]LogEditorViewport: Clicking on Actor (LMB): PaperSpriteActor (metalplat_Sprite)
[2017.02.17-02.23.06:358][191]LogEditorViewport: Clicking on Actor (context menu): PaperSpriteActor (metalplat_Sprite)
[2017.02.17-02.23.09:531][318]Cmd: DELETE
[2017.02.17-02.23.09:531][318]Cmd: ACTOR DELETE
[2017.02.17-02.23.09:532][318]LogEditorActor: Deleted Actor: PaperSpriteActor
[2017.02.17-02.23.09:553][318]LogEditorActor: Deleted 1 Actors (0.021 secs)
[2017.02.17-02.23.31:457][565]AssetReimport: New page: Outstanding source content changes 4:23:31 PM
[2017.02.17-02.23.31:544][566]LogEditorFactories: Performing atomic reimport of [C:/Users/mattlineback/git/monkeywrench/Content/2DSideScroller/Sprites/metalplat.png]
[2017.02.17-02.23.31:545][566]LogFactory: FactoryCreateFile: Texture2D with ReimportTextureFactory (0 0 C:/Users/mattlineback/git/monkeywrench/Content/2DSideScroller/Sprites/metalplat.png)
[2017.02.17-02.23.31:572][566]LogEditorFactories: -- imported successfully
[2017.02.17-02.23.34:723][622]AssetReimport: Info Reimported asset metalplat from C:/Users/mattlineback/git/monkeywrench/Content/2DSideScroller/Sprites/metalplat.png.
[2017.02.17-02.23.43:772][728]LogTemp: Repeting last play command: Selected Viewport
[2017.02.17-02.23.43:801][728]LogBlueprintUserMessages: Early PlayInEditor Detection: Level '/Game/2DSideScrollerBP/Maps/2DSideScrollerExampleMap.2DSideScrollerExampleMap:PersistentLevel' has LevelScriptBlueprint '/Game/2DSideScrollerBP/Maps/2DSideScrollerExampleMap.2DSideScrollerExampleMap:PersistentLevel.2DSideScrollerExampleMap' with GeneratedClass '/Game/2DSideScrollerBP/Maps/2DSideScrollerExampleMap.2DSideScrollerExampleMap_C' with ClassGeneratedBy '/Game/2DSideScrollerBP/Maps/2DSideScrollerExampleMap.2DSideScrollerExampleMap:PersistentLevel.2DSideScrollerExampleMap'
[2017.02.17-02.23.43:819][728]LogPlayLevel: PlayLevel: No blueprints needed recompiling
[2017.02.17-02.23.43:927][728]PIE: New page: PIE session: 2DSideScrollerExampleMap (Feb 16, 2017, 4:23:43 PM)
[2017.02.17-02.23.43:939][728]LogPlayLevel: Creating play world package: /Game/2DSideScrollerBP/Maps/UEDPIE_0_2DSideScrollerExampleMap
[2017.02.17-02.23.44:003][728]LogPlayLevel: PIE: StaticDuplicateObject took: (0.063981s)
[2017.02.17-02.23.44:004][728]LogAIModule: Creating AISystem for world 2DSideScrollerExampleMap
[2017.02.17-02.23.44:018][728]LogPlayLevel: PIE: World Init took: (0.014804s)
[2017.02.17-02.23.44:027][728]LogPlayLevel: PIE: Created PIE world by copying editor world from /Game/2DSideScrollerBP/Maps/2DSideScrollerExampleMap.2DSideScrollerExampleMap to /Game/2DSideScrollerBP/Maps/UEDPIE_0_2DSideScrollerExampleMap.2DSideScrollerExampleMap (0.087745s)
[2017.02.17-02.23.44:089][728]LogInit: XAudio2 using 'AMD HDMI Output (AMD High Definition Audio Device)' : 2 channels at 48 kHz using 16 bits per sample (channel mask 0x3)
[2017.02.17-02.23.44:105][728]LogInit: FAudioDevice initialized.
[2017.02.17-02.23.44:344][728]LogLoad: Game class is '2DSideScrollerGameMode_C'
[2017.02.17-02.23.44:468][728]LogWorld: Bringing World /Game/2DSideScrollerBP/Maps/UEDPIE_0_2DSideScrollerExampleMap.2DSideScrollerExampleMap up for play (max tick rate 0) at 2017.02.16-21.23.44
[2017.02.17-02.23.44:556][728]LogWorld: Bringing up level for play took: 0.083781
[2017.02.17-02.23.49:802][728]LogContentBrowser: Native class hierarchy updated for 'MovieSceneCapture' in 0.0008 seconds. Added 11 classes and 0 folders.
[2017.02.17-02.23.49:852][728]PIE: Info Play in editor start time for /Game/2DSideScrollerBP/Maps/UEDPIE_0_2DSideScrollerExampleMap 5.118
[2017.02.17-02.23.49:852][728]LogBlueprintUserMessages: Late PlayInEditor Detection: Level '/Game/2DSideScrollerBP/Maps/2DSideScrollerExampleMap.2DSideScrollerExampleMap:PersistentLevel' has LevelScriptBlueprint '/Game/2DSideScrollerBP/Maps/2DSideScrollerExampleMap.2DSideScrollerExampleMap:PersistentLevel.2DSideScrollerExampleMap' with GeneratedClass '/Game/2DSideScrollerBP/Maps/2DSideScrollerExampleMap.2DSideScrollerExampleMap_C' with ClassGeneratedBy '/Game/2DSideScrollerBP/Maps/2DSideScrollerExampleMap.2DSideScrollerExampleMap:PersistentLevel.2DSideScrollerExampleMap'
[2017.02.17-02.24.34:794][375]LogBlueprintUserMessages: Early EndPlayMap Detection: Level '/Game/2DSideScrollerBP/Maps/2DSideScrollerExampleMap.2DSideScrollerExampleMap:PersistentLevel' has LevelScriptBlueprint '/Game/2DSideScrollerBP/Maps/2DSideScrollerExampleMap.2DSideScrollerExampleMap:PersistentLevel.2DSideScrollerExampleMap' with GeneratedClass '/Game/2DSideScrollerBP/Maps/2DSideScrollerExampleMap.2DSideScrollerExampleMap_C' with ClassGeneratedBy '/Game/2DSideScrollerBP/Maps/2DSideScrollerExampleMap.2DSideScrollerExampleMap:PersistentLevel.2DSideScrollerExampleMap'
[2017.02.17-02.24.35:028][375]LogBlueprintUserMessages: Late EndPlayMap Detection: Level '/Game/2DSideScrollerBP/Maps/2DSideScrollerExampleMap.2DSideScrollerExampleMap:PersistentLevel' has LevelScriptBlueprint '/Game/2DSideScrollerBP/Maps/2DSideScrollerExampleMap.2DSideScrollerExampleMap:PersistentLevel.2DSideScrollerExampleMap' with GeneratedClass '/Game/2DSideScrollerBP/Maps/2DSideScrollerExampleMap.2DSideScrollerExampleMap_C' with ClassGeneratedBy '/Game/2DSideScrollerBP/Maps/2DSideScrollerExampleMap.2DSideScrollerExampleMap:PersistentLevel.2DSideScrollerExampleMap'
[2017.02.17-02.30.10:379][399]LogSavePackage: Save=465.98ms
[2017.02.17-02.30.10:379][399]LogSavePackage: Moving '../../../../../../Users/mattlineback/git/monkeywrench/Saved/2DSideScrollerExampleMap_Auto1A6DB489F40BA89DFC2A9E393D164A301.tmp' to '../../../../../../Users/mattlineback/git/monkeywrench/Saved/Autosaves/Game/2DSideScrollerBP/Maps/2DSideScrollerExampleMap_Auto1.umap'
[2017.02.17-02.30.10:382][399]LogSavePackage:Display: Finished SavePackage ../../../../../../Users/mattlineback/git/monkeywrench/Saved/Autosaves/Game/2DSideScrollerBP/Maps/2DSideScrollerExampleMap_Auto1.umap
[2017.02.17-02.30.10:419][399]LogFileHelpers: Editor autosave (incl. sublevels) for '/Game/2DSideScrollerBP/Maps/2DSideScrollerExampleMap' took 0.596
[2017.02.17-02.30.10:420][399]LogFileHelpers: Editor autosave (incl. sublevels) for all levels took 0.596
[2017.02.17-02.30.10:422][399]OBJ SavePackage: Generating thumbnails for [1] asset(s) in package [/Game/2DSideScroller/Sprites/metalplat] ([1] browsable assets)...
[2017.02.17-02.30.10:425][399]OBJ SavePackage:     Rendered thumbnail for [Texture2D /Game/2DSideScroller/Sprites/metalplat.metalplat]
[2017.02.17-02.30.10:425][399]OBJ SavePackage: Finished generating thumbnails for package [/Game/2DSideScroller/Sprites/metalplat]
[2017.02.17-02.30.10:452][399]LogSavePackage: Save=25.47ms
[2017.02.17-02.30.10:452][399]LogSavePackage: Moving '../../../../../../Users/mattlineback/git/monkeywrench/Saved/metalplat_Auto1A2F9F2C44BC6608016A3F4A6E2EBF5AF.tmp' to '../../../../../../Users/mattlineback/git/monkeywrench/Saved/Autosaves/Game/2DSideScroller/Sprites/metalplat_Auto1.uasset'
[2017.02.17-02.30.10:453][399]LogSavePackage:Display: Finished SavePackage ../../../../../../Users/mattlineback/git/monkeywrench/Saved/Autosaves/Game/2DSideScroller/Sprites/metalplat_Auto1.uasset
[2017.02.17-02.30.10:454][399]OBJ SavePackage: Generating thumbnails for [1] asset(s) in package [/Game/2DSideScroller/Sprites/metalplat_Sprite] ([1] browsable assets)...
[2017.02.17-02.30.10:466][399]OBJ SavePackage:     Rendered thumbnail for [PaperSprite /Game/2DSideScroller/Sprites/metalplat_Sprite.metalplat_Sprite]
[2017.02.17-02.30.10:466][399]OBJ SavePackage: Finished generating thumbnails for package [/Game/2DSideScroller/Sprites/metalplat_Sprite]
[2017.02.17-02.30.10:478][399]LogSavePackage: Save=10.10ms
[2017.02.17-02.30.10:479][399]LogSavePackage: Moving '../../../../../../Users/mattlineback/git/monkeywrench/Saved/metalplat_Sprite_Auto1969B238148CF445415A732A8FFBC90CA.tmp' to '../../../../../../Users/mattlineback/git/monkeywrench/Saved/Autosaves/Game/2DSideScroller/Sprites/metalplat_Sprite_Auto1.uasset'
[2017.02.17-02.30.10:494][399]LogSavePackage:Display: Finished SavePackage ../../../../../../Users/mattlineback/git/monkeywrench/Saved/Autosaves/Game/2DSideScroller/Sprites/metalplat_Sprite_Auto1.uasset
[2017.02.17-02.30.10:494][399]LogFileHelpers: Auto-saving content packages took 0.074
[2017.02.17-02.33.38:582][ 39]AssetReimport: New page: Outstanding source content changes 4:33:38 PM
[2017.02.17-02.33.38:596][ 40]LogEditorFactories: Performing atomic reimport of [C:/Users/mattlineback/git/monkeywrench/Content/2DSideScroller/Sprites/metalplat.png]
[2017.02.17-02.33.38:596][ 40]LogFactory: FactoryCreateFile: Texture2D with ReimportTextureFactory (0 0 C:/Users/mattlineback/git/monkeywrench/Content/2DSideScroller/Sprites/metalplat.png)
[2017.02.17-02.33.38:805][ 40]LogEditorFactories: -- imported successfully
[2017.02.17-02.33.41:929][ 75]AssetReimport: Info Reimported asset metalplat from C:/Users/mattlineback/git/monkeywrench/Content/2DSideScroller/Sprites/metalplat.png.
[2017.02.17-02.34.13:468][449]LogEditorViewport: Clicking on Actor (LMB): PaperSpriteActor (Ledge_15)
[2017.02.17-02.34.15:497][474]LogEditorViewport: Clicking on Actor (context menu): PaperSpriteActor (Ledge_15)
[2017.02.17-02.34.36:013][683]LogRenderer: Reallocating scene render targets to support 1220x920 NumSamples 1 (Frame:5385).
[2017.02.17-02.35.32:189][ 19]Cmd: TRANSACTION UNDO
[2017.02.17-02.35.32:189][ 19]LogEditorTransaction: Undo Edit X
[2017.02.17-02.36.44:659][508]LogEditorViewport: Clicking on Actor (LMB): PaperSpriteActor (Winter_lab_machinery_S5E5_Sprite)
[2017.02.17-02.36.47:710][541]LogEditorViewport: Clicking on Actor (LMB): PaperSpriteActor (Ledge_15)
[2017.02.17-02.36.52:229][590]LogEditorViewport: Clicking on Actor (LMB): PaperSpriteActor (Ledge_15)
[2017.02.17-02.36.53:185][599]LogEditorViewport: Clicking on Actor (context menu): PaperSpriteActor (Ledge_15)
[2017.02.17-02.37.03:756][706]LogEditorViewport: Clicking on Actor (LMB): PaperSpriteActor (Winter_lab_machinery_S5E5_Sprite)
[2017.02.17-02.37.05:077][721]LogEditorViewport: Clicking on Actor (LMB): PaperSpriteActor (Ledge_15)
[2017.02.17-02.37.33:769][915]LogEditorViewport: Clicking on Actor (context menu): PaperSpriteActor (Ledge_15)
[2017.02.17-02.40.11:171][989]LogRenderer: Reallocating scene render targets to support 1392x924 NumSamples 1 (Frame:9774).
[2017.02.17-02.40.19:467][ 45]SourceControl: Info fatal: C:/Program Files (x86)/Epic Games/4.14/Engine/Plugins/2D/Paper2D/Content/TranslucentUnlitSpriteMaterial.uasset: 'C:/Program Files (x86)/Epic Games/4.14/Engine/Plugins/2D/Paper2D/Content/TranslucentUnlitSpriteMaterial.uasset' is outside repository
[2017.02.17-02.41.49:008][748]LogEditorViewport: Clicking on Actor (LMB): PaperSpriteActor (Ledge_15)
[2017.02.17-02.42.01:418][880]Cmd: TRANSACTION UNDO
[2017.02.17-02.42.01:418][880]LogEditorTransaction: Undo Move Actors
[2017.02.17-02.42.02:909][893]LogEditorViewport: Clicking on Actor (LMB): PaperSpriteActor (Winter_lab_machinery_S5E5_Sprite)
[2017.02.17-02.42.04:596][909]LogEditorViewport: Clicking on Actor (LMB): PaperSpriteActor (Background_Sprite)
[2017.02.17-02.43.04:444][258]LogSavePackage: Save=89.65ms
[2017.02.17-02.43.04:444][258]LogSavePackage: Moving '../../../../../../Users/mattlineback/git/monkeywrench/Saved/2DSideScrollerExampleMap_Auto25CC0834E45120F78DAD7758A27AC866D.tmp' to '../../../../../../Users/mattlineback/git/monkeywrench/Saved/Autosaves/Game/2DSideScrollerBP/Maps/2DSideScrollerExampleMap_Auto2.umap'
[2017.02.17-02.43.04:447][258]LogSavePackage:Display: Finished SavePackage ../../../../../../Users/mattlineback/git/monkeywrench/Saved/Autosaves/Game/2DSideScrollerBP/Maps/2DSideScrollerExampleMap_Auto2.umap
[2017.02.17-02.43.04:450][258]LogFileHelpers: Editor autosave (incl. sublevels) for '/Game/2DSideScrollerBP/Maps/2DSideScrollerExampleMap' took 0.137
[2017.02.17-02.43.04:450][258]LogFileHelpers: Editor autosave (incl. sublevels) for all levels took 0.137
[2017.02.17-02.43.04:465][258]OBJ SavePackage: Generating thumbnails for [1] asset(s) in package [/Paper2D/TranslucentUnlitSpriteMaterial] ([1] browsable assets)...
[2017.02.17-02.43.04:557][258]OBJ SavePackage:     Rendered thumbnail for [MaterialInstanceConstant /Paper2D/TranslucentUnlitSpriteMaterial.TranslucentUnlitSpriteMaterial]
[2017.02.17-02.43.04:557][258]OBJ SavePackage: Finished generating thumbnails for package [/Paper2D/TranslucentUnlitSpriteMaterial]
[2017.02.17-02.43.04:591][258]LogSavePackage: Save=15.79ms
[2017.02.17-02.43.04:591][258]LogSavePackage: Moving '../../../../../../Users/mattlineback/git/monkeywrench/Saved/TranslucentUnlitSpriteMaterial_Auto2BE46FC2E4C15C1952674F382DF52E42B.tmp' to '../../../../../../Users/mattlineback/git/monkeywrench/Saved/Autosaves/Paper2D/TranslucentUnlitSpriteMaterial_Auto2.uasset'
[2017.02.17-02.43.04:593][258]LogSavePackage:Display: Finished SavePackage ../../../../../../Users/mattlineback/git/monkeywrench/Saved/Autosaves/Paper2D/TranslucentUnlitSpriteMaterial_Auto2.uasset
[2017.02.17-02.43.04:594][258]OBJ SavePackage: Generating thumbnails for [1] asset(s) in package [/Game/2DSideScroller/Sprites/metalplat] ([1] browsable assets)...
[2017.02.17-02.43.04:603][258]OBJ SavePackage:     Rendered thumbnail for [Texture2D /Game/2DSideScroller/Sprites/metalplat.metalplat]
[2017.02.17-02.43.04:603][258]OBJ SavePackage: Finished generating thumbnails for package [/Game/2DSideScroller/Sprites/metalplat]
[2017.02.17-02.43.04:614][258]LogSavePackage: Save=9.29ms
[2017.02.17-02.43.04:614][258]LogSavePackage: Moving '../../../../../../Users/mattlineback/git/monkeywrench/Saved/metalplat_Auto2D6FEDB704F3696F3048F4C9F3BF3E30E.tmp' to '../../../../../../Users/mattlineback/git/monkeywrench/Saved/Autosaves/Game/2DSideScroller/Sprites/metalplat_Auto2.uasset'
[2017.02.17-02.43.04:616][258]LogSavePackage:Display: Finished SavePackage ../../../../../../Users/mattlineback/git/monkeywrench/Saved/Autosaves/Game/2DSideScroller/Sprites/metalplat_Auto2.uasset
[2017.02.17-02.43.04:617][258]OBJ SavePackage: Generating thumbnails for [1] asset(s) in package [/Game/2DSideScroller/Sprites/metalplat_Sprite] ([1] browsable assets)...
[2017.02.17-02.43.04:630][258]OBJ SavePackage:     Rendered thumbnail for [PaperSprite /Game/2DSideScroller/Sprites/metalplat_Sprite.metalplat_Sprite]
[2017.02.17-02.43.04:630][258]OBJ SavePackage: Finished generating thumbnails for package [/Game/2DSideScroller/Sprites/metalplat_Sprite]
[2017.02.17-02.43.04:642][258]LogSavePackage: Save=10.73ms
[2017.02.17-02.43.04:642][258]LogSavePackage: Moving '../../../../../../Users/mattlineback/git/monkeywrench/Saved/metalplat_Sprite_Auto2B390D4244863F86A091F3996CF2AA660.tmp' to '../../../../../../Users/mattlineback/git/monkeywrench/Saved/Autosaves/Game/2DSideScroller/Sprites/metalplat_Sprite_Auto2.uasset'
[2017.02.17-02.43.04:644][258]LogSavePackage:Display: Finished SavePackage ../../../../../../Users/mattlineback/git/monkeywrench/Saved/Autosaves/Game/2DSideScroller/Sprites/metalplat_Sprite_Auto2.uasset
[2017.02.17-02.43.04:644][258]LogFileHelpers: Auto-saving content packages took 0.181
[2017.02.17-02.43.35:634][377]AssetReimport: New page: Outstanding source content changes 4:43:35 PM
[2017.02.17-02.43.35:740][378]LogEditorFactories: Performing atomic reimport of [C:/Users/mattlineback/git/monkeywrench/Content/2DSideScroller/Sprites/metalplat.png]
[2017.02.17-02.43.35:741][378]LogFactory: FactoryCreateFile: Texture2D with ReimportTextureFactory (0 0 C:/Users/mattlineback/git/monkeywrench/Content/2DSideScroller/Sprites/metalplat.png)
[2017.02.17-02.43.35:779][378]LogEditorFactories: -- imported successfully
[2017.02.17-02.43.38:946][408]AssetReimport: Info Reimported asset metalplat from C:/Users/mattlineback/git/monkeywrench/Content/2DSideScroller/Sprites/metalplat.png.
[2017.02.17-02.44.22:923][592]AssetReimport: New page: Outstanding source content changes 4:44:22 PM
[2017.02.17-02.44.23:033][593]LogEditorFactories: Performing atomic reimport of [C:/Users/mattlineback/git/monkeywrench/Content/2DSideScroller/Sprites/metalplat.png]
[2017.02.17-02.44.23:033][593]LogFactory: FactoryCreateFile: Texture2D with ReimportTextureFactory (0 0 C:/Users/mattlineback/git/monkeywrench/Content/2DSideScroller/Sprites/metalplat.png)
[2017.02.17-02.44.23:067][593]LogEditorFactories: -- imported successfully
[2017.02.17-02.44.26:191][623]AssetReimport: Info Reimported asset metalplat from C:/Users/mattlineback/git/monkeywrench/Content/2DSideScroller/Sprites/metalplat.png.
[2017.02.17-02.44.34:359][704]LogEditorViewport: Clicking on Actor (LMB): PaperSpriteActor (Ledge_15)
[2017.02.17-02.44.35:954][721]LogEditorViewport: Clicking on Actor (LMB): PaperSpriteActor (Winter_lab_machinery_S5E5_Sprite)
[2017.02.17-02.44.37:391][736]LogEditorViewport: Clicking on Actor (LMB): PaperSpriteActor (Background_Sprite)
[2017.02.17-02.44.53:969][898]LogSavePackage: Save=105.82ms
[2017.02.17-02.44.53:969][898]LogSavePackage: Moving '../../../../../../Users/mattlineback/git/monkeywrench/Saved/2DSideScrollerExampleMapCFEABE9A4A55CAC3FCDA30ADC7C88BD7.tmp' to '../../../../../../Users/mattlineback/git/monkeywrench/Content/2DSideScrollerBP/Maps/2DSideScrollerExampleMap.umap'
[2017.02.17-02.44.53:988][898]LogSavePackage:Display: Finished SavePackage ../../../../../../Users/mattlineback/git/monkeywrench/Content/2DSideScrollerBP/Maps/2DSideScrollerExampleMap.umap
[2017.02.17-02.44.54:112][898]LogSavePackage: Save=5.08ms
[2017.02.17-02.44.54:112][898]LogSavePackage: Moving '../../../../../../Users/mattlineback/git/monkeywrench/Saved/2DSideScrollerExampleMap_BuiltDataFE8A02C242CC6BC66F6B839E5050CF79.tmp' to '../../../../../../Users/mattlineback/git/monkeywrench/Content/2DSideScrollerBP/Maps/2DSideScrollerExampleMap_BuiltData.uasset'
[2017.02.17-02.44.54:113][898]LogSavePackage:Display: Finished SavePackage ../../../../../../Users/mattlineback/git/monkeywrench/Content/2DSideScrollerBP/Maps/2DSideScrollerExampleMap_BuiltData.uasset
[2017.02.17-02.44.57:239][914]SourceControl: Info fatal: C:/Program Files (x86)/Epic Games/4.14/Engine/Plugins/2D/Paper2D/Content/TranslucentUnlitSpriteMaterial.uasset: 'C:/Program Files (x86)/Epic Games/4.14/Engine/Plugins/2D/Paper2D/Content/TranslucentUnlitSpriteMaterial.uasset' is outside repository
[2017.02.17-02.44.57:259][914]Cmd: OBJ SAVEPACKAGE PACKAGE="/Game/2DSideScroller/Sprites/metalplat" FILE="../../../../../../Users/mattlineback/git/monkeywrench/Content/2DSideScroller/Sprites/metalplat.uasset" SILENT=true
[2017.02.17-02.44.57:275][914]LogSavePackage: Save=13.76ms
[2017.02.17-02.44.57:275][914]LogSavePackage: Moving '../../../../../../Users/mattlineback/git/monkeywrench/Saved/metalplat92BA31754A3B0E95A0316CB08727A1A8.tmp' to '../../../../../../Users/mattlineback/git/monkeywrench/Content/2DSideScroller/Sprites/metalplat.uasset'
[2017.02.17-02.44.57:281][914]LogSavePackage:Display: Finished SavePackage ../../../../../../Users/mattlineback/git/monkeywrench/Content/2DSideScroller/Sprites/metalplat.uasset
[2017.02.17-02.44.57:478][914]Cmd: OBJ SAVEPACKAGE PACKAGE="/Game/2DSideScroller/Sprites/metalplat_Sprite" FILE="../../../../../../Users/mattlineback/git/monkeywrench/Content/2DSideScroller/Sprites/metalplat_Sprite.uasset" SILENT=true
[2017.02.17-02.44.57:489][914]LogSavePackage: Save=9.72ms
[2017.02.17-02.44.57:489][914]LogSavePackage: Moving '../../../../../../Users/mattlineback/git/monkeywrench/Saved/metalplat_SpriteDA8F767A438A61305338309B5C4DCCF3.tmp' to '../../../../../../Users/mattlineback/git/monkeywrench/Content/2DSideScroller/Sprites/metalplat_Sprite.uasset'
[2017.02.17-02.44.57:495][914]LogSavePackage:Display: Finished SavePackage ../../../../../../Users/mattlineback/git/monkeywrench/Content/2DSideScroller/Sprites/metalplat_Sprite.uasset
[2017.02.17-02.44.57:636][914]Cmd: OBJ SAVEPACKAGE PACKAGE="/Paper2D/TranslucentUnlitSpriteMaterial" FILE="../../../Engine/Plugins/2D/Paper2D/Content/TranslucentUnlitSpriteMaterial.uasset" SILENT=true
[2017.02.17-02.44.57:654][914]LogSavePackage: Save=5.63ms
[2017.02.17-02.44.57:654][914]LogSavePackage: Moving '../../../../../../Users/mattlineback/git/monkeywrench/Saved/TranslucentUnlitSpriteMaterialF978C7D245CD3929B04C6EBFBF2F9BEC.tmp' to '../../../Engine/Plugins/2D/Paper2D/Content/TranslucentUnlitSpriteMaterial.uasset'
[2017.02.17-02.44.57:660][914]LogSavePackage:Display: Finished SavePackage ../../../Engine/Plugins/2D/Paper2D/Content/TranslucentUnlitSpriteMaterial.uasset
[2017.02.17-02.44.57:797][918]SourceControl: Info fatal: C:/Program Files (x86)/Epic Games/4.14/Engine/Plugins/2D/Paper2D/Content/TranslucentUnlitSpriteMaterial.uasset: 'C:/Program Files (x86)/Epic Games/4.14/Engine/Plugins/2D/Paper2D/Content/TranslucentUnlitSpriteMaterial.uasset' is outside repository
[2017.02.17-02.45.01:366][951]SourceControl: Info fatal: C:/Program Files (x86)/Epic Games/4.14/Engine/Content/: 'C:/Program Files (x86)/Epic Games/4.14/Engine/Content/' is outside repository
[2017.02.17-02.45.01:536][951]LogPackageName:Error: Illegal call to DoesPackageExist: '../../../../../../Users/mattlineback/git/monkeywrench/MonkeyWrench.uproject' is not a standard unreal filename or a long path name. Reason: Path should be no less than 4 characters long.
[2017.02.17-02.45.08:166][951]LogStats: FPlatformStackWalk::StackWalkAndDump -  6.619 s
[2017.02.17-02.45.08:167][951]LogOutputDevice:Error: === Handled ensure: ===
[2017.02.17-02.45.08:167][951]LogOutputDevice:Error: 
[2017.02.17-02.45.08:167][951]LogOutputDevice:Error: Ensure condition failed: false [File:D:\Build\++UE4+Release-4.14+Compile\Sync\Engine\Source\Runtime\CoreUObject\Private\Misc\PackageName.cpp] [Line: 624]
[2017.02.17-02.45.08:167][951]LogOutputDevice:Error: Illegal call to DoesPackageExist: '../../../../../../Users/mattlineback/git/monkeywrench/MonkeyWrench.uproject' is not a standard unreal filename or a long path name. Reason: Path should be no less than 4 characters long.
[2017.02.17-02.45.08:167][951]LogOutputDevice:Error: Stack: 
[2017.02.17-02.45.08:167][951]LogOutputDevice:Error: UE4Editor-Core.dll!FWindowsPlatformStackWalk::StackWalkAndDump() [d:\build\++ue4+release-4.14+compile\sync\engine\source\runtime\core\private\windows\windowsplatformstackwalk.cpp:185]
[2017.02.17-02.45.08:167][951]LogOutputDevice:Error: UE4Editor-Core.dll!FDebug::EnsureFailed() [d:\build\++ue4+release-4.14+compile\sync\engine\source\runtime\core\private\misc\assertionmacros.cpp:216]
[2017.02.17-02.45.08:167][951]LogOutputDevice:Error: UE4Editor-Core.dll!FDebug::OptionallyLogFormattedEnsureMessageReturningFalse() [d:\build\++ue4+release-4.14+compile\sync\engine\source\runtime\core\private\misc\assertionmacros.cpp:343]
[2017.02.17-02.45.08:167][951]LogOutputDevice:Error: UE4Editor-CoreUObject.dll!FPackageName::DoesPackageExist() [d:\build\++ue4+release-4.14+compile\sync\engine\source\runtime\coreuobject\private\misc\packagename.cpp:624]
[2017.02.17-02.45.08:167][951]LogOutputDevice:Error: UE4Editor-SourceControl.dll!SourceControlHelpers::PackageFilename_Internal() [d:\build\++ue4+release-4.14+compile\sync\engine\source\developer\sourcecontrol\private\sourcecontrolhelpers.cpp:52]
[2017.02.17-02.45.08:167][951]LogOutputDevice:Error: UE4Editor-SourceControl.dll!SourceControlHelpers::PackageFilenames() [d:\build\++ue4+release-4.14+compile\sync\engine\source\developer\sourcecontrol\private\sourcecontrolhelpers.cpp:103]
[2017.02.17-02.45.08:167][951]LogOutputDevice:Error: UE4Editor-SourceControlWindows.dll!FSourceControlWindows::PromptForCheckin() [d:\build\++ue4+release-4.14+compile\sync\engine\source\editor\sourcecontrolwindows\private\ssourcecontrolsubmit.cpp:597]
[2017.02.17-02.45.08:167][951]LogOutputDevice:Error: UE4Editor-SourceControlWindows.dll!FSourceControlWindows::ChoosePackagesToCheckInCompleted() [d:\build\++ue4+release-4.14+compile\sync\engine\source\editor\sourcecontrolwindows\private\ssourcecontrolsubmit.cpp:456]
[2017.02.17-02.45.08:167][951]LogOutputDevice:Error: UE4Editor-SourceControlWindows.dll!FSourceControlWindows::ChoosePackagesToCheckInCallback() [d:\build\++ue4+release-4.14+compile\sync\engine\source\editor\sourcecontrolwindows\private\ssourcecontrolsubmit.cpp:520]
[2017.02.17-02.45.08:167][951]LogOutputDevice:Error: UE4Editor-SourceControlWindows.dll!TBaseStaticDelegateInstance<void __cdecl(TSharedRef<ISourceControlOperation,1> const & __ptr64,enum ECommandResult::Type)>::ExecuteIfSafe() [d:\build\++ue4+release-4.14+compile\sync\engine\source\runtime\core\public\delegates\delegateinstancesimpl.h:1018]
[2017.02.17-02.45.08:167][951]LogOutputDevice:Error: UE4Editor-GitSourceControl.dll
[2017.02.17-02.45.08:167][951]LogOutputDevice:Error: UE4Editor-GitSourceControl.dll
[2017.02.17-02.45.08:167][951]LogOutputDevice:Error: UE4Editor-SourceControl.dll!FSourceControlModule::Tick() [d:\build\++ue4+release-4.14+compile\sync\engine\source\developer\sourcecontrol\private\sourcecontrolmodule.cpp:235]
[2017.02.17-02.45.08:167][951]LogOutputDevice:Error: UE4Editor-UnrealEd.dll!UEditorEngine::Tick() [d:\build\++ue4+release-4.14+compile\sync\engine\source\editor\unrealed\private\editorengine.cpp:1587]
[2017.02.17-02.45.08:167][951]LogOutputDevice:Error: UE4Editor-UnrealEd.dll!UUnrealEdEngine::Tick() [d:\build\++ue4+release-4.14+compile\sync\engine\source\editor\unrealed\private\unrealedengine.cpp:371]
[2017.02.17-02.45.08:167][951]LogOutputDevice:Error: UE4Editor.exe!FEngineLoop::Tick() [d:\build\++ue4+release-4.14+compile\sync\engine\source\runtime\launch\private\launchengineloop.cpp:2859]
[2017.02.17-02.45.08:167][951]LogOutputDevice:Error: UE4Editor.exe!GuardedMain() [d:\build\++ue4+release-4.14+compile\sync\engine\source\runtime\launch\private\launch.cpp:152]
[2017.02.17-02.45.08:167][951]LogOutputDevice:Error: UE4Editor.exe!GuardedMainWrapper() [d:\build\++ue4+release-4.14+compile\sync\engine\source\runtime\launch\private\windows\launchwindows.cpp:126]
[2017.02.17-02.45.08:167][951]LogOutputDevice:Error: UE4Editor.exe!WinMain() [d:\build\++ue4+release-4.14+compile\sync\engine\source\runtime\launch\private\windows\launchwindows.cpp:202]
[2017.02.17-02.45.08:167][951]LogOutputDevice:Error: UE4Editor.exe!__scrt_common_main_seh() [f:\dd\vctools\crt\vcstartup\src\startup\exe_common.inl:264]
[2017.02.17-02.45.08:167][951]LogOutputDevice:Error: KERNEL32.DLL
[2017.02.17-02.45.08:167][951]LogOutputDevice:Error: ntdll.dll
[2017.02.17-02.45.08:167][951]LogOutputDevice:Error: 
[2017.02.17-02.45.08:170][951]LogStats:                SubmitErrorReport -  0.000 s
