Log file open, 03/07/17 15:26:38
LogInit:Display: Running engine for game: MonkeyWrench
LogPlatformFile: Not using cached read wrapper
LogInit:Display: RandInit(669662538) SRandInit(669662538).
LogTaskGraph: Started task graph with 5 named threads and 6 total threads with 1 sets of task threads.
LogStats: Stats thread started at 0.086198
LogPluginManager: Loaded Plugin Paper2D, From C:/Program Files (x86)/Epic Games/4.14/Engine/Plugins/2D/Paper2D/Paper2D.uplugin
LogPluginManager: Loaded Plugin LightPropagationVolume, From C:/Program Files (x86)/Epic Games/4.14/Engine/Plugins/Blendables/LightPropagationVolume/LightPropagationVolume.uplugin
LogPluginManager: Loaded Plugin BlankPlugin, From C:/Program Files (x86)/Epic Games/4.14/Engine/Plugins/Developer/BlankPlugin/BlankPlugin.uplugin
LogPluginManager: Loaded Plugin CodeLiteSourceCodeAccess, From C:/Program Files (x86)/Epic Games/4.14/Engine/Plugins/Developer/CodeLiteSourceCodeAccess/CodeLiteSourceCodeAccess.uplugin
LogPluginManager: Loaded Plugin GitSourceControl, From C:/Program Files (x86)/Epic Games/4.14/Engine/Plugins/Developer/GitSourceControl/GitSourceControl.uplugin
LogPluginManager: Loaded Plugin KDevelopSourceCodeAccess, From C:/Program Files (x86)/Epic Games/4.14/Engine/Plugins/Developer/KDevelopSourceCodeAccess/KDevelopSourceCodeAccess.uplugin
LogPluginManager: Loaded Plugin NullSourceCodeAccess, From C:/Program Files (x86)/Epic Games/4.14/Engine/Plugins/Developer/NullSourceCodeAccess/NullSourceCodeAccess.uplugin
LogPluginManager: Loaded Plugin OneSkyLocalizationService, From C:/Program Files (x86)/Epic Games/4.14/Engine/Plugins/Developer/OneSkyLocalizationService/OneSkyLocalizationService.uplugin
LogPluginManager: Loaded Plugin PerforceSourceControl, From C:/Program Files (x86)/Epic Games/4.14/Engine/Plugins/Developer/PerforceSourceControl/PerforceSourceControl.uplugin
LogPluginManager: Loaded Plugin SubversionSourceControl, From C:/Program Files (x86)/Epic Games/4.14/Engine/Plugins/Developer/SubversionSourceControl/SubversionSourceControl.uplugin
LogPluginManager: Loaded Plugin UObjectPlugin, From C:/Program Files (x86)/Epic Games/4.14/Engine/Plugins/Developer/UObjectPlugin/UObjectPlugin.uplugin
LogPluginManager: Loaded Plugin VisualStudioSourceCodeAccess, From C:/Program Files (x86)/Epic Games/4.14/Engine/Plugins/Developer/VisualStudioSourceCodeAccess/VisualStudioSourceCodeAccess.uplugin
LogPluginManager: Loaded Plugin XCodeSourceCodeAccess, From C:/Program Files (x86)/Epic Games/4.14/Engine/Plugins/Developer/XCodeSourceCodeAccess/XCodeSourceCodeAccess.uplugin
LogPluginManager: Loaded Plugin AudioCapture, From C:/Program Files (x86)/Epic Games/4.14/Engine/Plugins/Editor/AudioCapture/AudioCapture.uplugin
LogPluginManager: Loaded Plugin EpicSurvey, From C:/Program Files (x86)/Epic Games/4.14/Engine/Plugins/Editor/EpicSurvey/EpicSurvey.uplugin
LogPluginManager: Loaded Plugin MacGraphicsSwitching, From C:/Program Files (x86)/Epic Games/4.14/Engine/Plugins/Editor/MacGraphicsSwitching/MacGraphicsSwitching.uplugin
LogPluginManager: Loaded Plugin MobileLauncherProfileWizard, From C:/Program Files (x86)/Epic Games/4.14/Engine/Plugins/Editor/MobileLauncherProfileWizard/MobileLauncherProfileWizard.uplugin
LogPluginManager: Loaded Plugin PluginBrowser, From C:/Program Files (x86)/Epic Games/4.14/Engine/Plugins/Editor/PluginBrowser/PluginBrowser.uplugin
LogPluginManager: Loaded Plugin SpeedTreeImporter, From C:/Program Files (x86)/Epic Games/4.14/Engine/Plugins/Editor/SpeedTreeImporter/SpeedTreeImporter.uplugin
LogPluginManager: Loaded Plugin SuperSearchEditor, From C:/Program Files (x86)/Epic Games/4.14/Engine/Plugins/Editor/SuperSearchEditor/SuperSearchEditor.uplugin
LogPluginManager: Loaded Plugin AlembicImporter, From C:/Program Files (x86)/Epic Games/4.14/Engine/Plugins/Experimental/AlembicImporter/AlembicImporter.uplugin
LogPluginManager: Loaded Plugin BlueprintStats, From C:/Program Files (x86)/Epic Games/4.14/Engine/Plugins/Experimental/BlueprintStats/BlueprintStats.uplugin
LogPluginManager: Loaded Plugin CharacterAI, From C:/Program Files (x86)/Epic Games/4.14/Engine/Plugins/Experimental/CharacterAI/CharacterAI.uplugin
LogPluginManager: Loaded Plugin CodeEditor, From C:/Program Files (x86)/Epic Games/4.14/Engine/Plugins/Experimental/CodeEditor/CodeEditor.uplugin
LogPluginManager: Loaded Plugin CodeView, From C:/Program Files (x86)/Epic Games/4.14/Engine/Plugins/Experimental/CodeView/CodeView.uplugin
LogPluginManager: Loaded Plugin HTML5Networking, From C:/Program Files (x86)/Epic Games/4.14/Engine/Plugins/Experimental/HTML5Networking/HTML5Networking.uplugin
LogPluginManager: Loaded Plugin OSVR, From C:/Program Files (x86)/Epic Games/4.14/Engine/Plugins/Experimental/OSVR/OSVR.uplugin
LogPluginManager: Loaded Plugin Phya, From C:/Program Files (x86)/Epic Games/4.14/Engine/Plugins/Experimental/Phya/Phya.uplugin
LogPluginManager: Loaded Plugin SignificanceManager, From C:/Program Files (x86)/Epic Games/4.14/Engine/Plugins/Experimental/SignificanceManager/SignificanceManager.uplugin
LogPluginManager: Loaded Plugin SimpleHMD, From C:/Program Files (x86)/Epic Games/4.14/Engine/Plugins/Experimental/SimpleHMD/SimpleHMD.uplugin
LogPluginManager: Loaded Plugin StereoPanorama, From C:/Program Files (x86)/Epic Games/4.14/Engine/Plugins/Experimental/StereoPanorama/StereoPanorama.uplugin
LogPluginManager: Loaded Plugin StructBox, From C:/Program Files (x86)/Epic Games/4.14/Engine/Plugins/Experimental/StructBox/StructBox.uplugin
LogPluginManager: Loaded Plugin AndroidMedia, From C:/Program Files (x86)/Epic Games/4.14/Engine/Plugins/Media/AndroidMedia/AndroidMedia.uplugin
LogPluginManager: Loaded Plugin AvfMedia, From C:/Program Files (x86)/Epic Games/4.14/Engine/Plugins/Media/AvfMedia/AvfMedia.uplugin
LogPluginManager: Loaded Plugin MediaPlayerEditor, From C:/Program Files (x86)/Epic Games/4.14/Engine/Plugins/Media/MediaPlayerEditor/MediaPlayerEditor.uplugin
LogPluginManager: Loaded Plugin WmfMedia, From C:/Program Files (x86)/Epic Games/4.14/Engine/Plugins/Media/WmfMedia/WmfMedia.uplugin
LogPluginManager: Loaded Plugin MessagingDebugger, From C:/Program Files (x86)/Epic Games/4.14/Engine/Plugins/Messaging/MessagingDebugger/MessagingDebugger.uplugin
LogPluginManager: Loaded Plugin TcpMessaging, From C:/Program Files (x86)/Epic Games/4.14/Engine/Plugins/Messaging/TcpMessaging/TcpMessaging.uplugin
LogPluginManager: Loaded Plugin UdpMessaging, From C:/Program Files (x86)/Epic Games/4.14/Engine/Plugins/Messaging/UdpMessaging/UdpMessaging.uplugin
LogPluginManager: Loaded Plugin LevelSequenceEditor, From C:/Program Files (x86)/Epic Games/4.14/Engine/Plugins/MovieScene/LevelSequenceEditor/LevelSequenceEditor.uplugin
LogPluginManager: Loaded Plugin MatineeToLevelSequence, From C:/Program Files (x86)/Epic Games/4.14/Engine/Plugins/MovieScene/MatineeToLevelSequence/MatineeToLevelSequence.uplugin
LogPluginManager: Loaded Plugin NetcodeUnitTest, From C:/Program Files (x86)/Epic Games/4.14/Engine/Plugins/NetcodeUnitTest/NetcodeUnitTest/NetcodeUnitTest.uplugin
LogPluginManager: Loaded Plugin NUTUnrealEngine4, From C:/Program Files (x86)/Epic Games/4.14/Engine/Plugins/NetcodeUnitTest/NUTUnrealEngine4/NUTUnrealEngine4.uplugin
LogPluginManager: Loaded Plugin OnlineSubsystemGameCircle, From C:/Program Files (x86)/Epic Games/4.14/Engine/Plugins/Online/Android/OnlineSubsystemGameCircle/OnlineSubsystemGameCircle.uplugin
LogPluginManager: Loaded Plugin OnlineSubsystemGooglePlay, From C:/Program Files (x86)/Epic Games/4.14/Engine/Plugins/Online/Android/OnlineSubsystemGooglePlay/OnlineSubsystemGooglePlay.uplugin
LogPluginManager: Loaded Plugin OnlineSubsystemIOS, From C:/Program Files (x86)/Epic Games/4.14/Engine/Plugins/Online/IOS/OnlineSubsystemIOS/OnlineSubsystemIOS.uplugin
LogPluginManager: Loaded Plugin OnlineFramework, From C:/Program Files (x86)/Epic Games/4.14/Engine/Plugins/Online/OnlineFramework/OnlineFramework.uplugin
LogPluginManager: Loaded Plugin OnlineSubsystem, From C:/Program Files (x86)/Epic Games/4.14/Engine/Plugins/Online/OnlineSubsystem/OnlineSubsystem.uplugin
LogPluginManager: Loaded Plugin OnlineSubsystemAmazon, From C:/Program Files (x86)/Epic Games/4.14/Engine/Plugins/Online/OnlineSubsystemAmazon/OnlineSubsystemAmazon.uplugin
LogPluginManager: Loaded Plugin OnlineSubsystemFacebook, From C:/Program Files (x86)/Epic Games/4.14/Engine/Plugins/Online/OnlineSubsystemFacebook/OnlineSubsystemFacebook.uplugin
LogPluginManager: Loaded Plugin OnlineSubsystemNull, From C:/Program Files (x86)/Epic Games/4.14/Engine/Plugins/Online/OnlineSubsystemNull/OnlineSubsystemNull.uplugin
LogPluginManager: Loaded Plugin OnlineSubsystemOculus, From C:/Program Files (x86)/Epic Games/4.14/Engine/Plugins/Online/OnlineSubsystemOculus/OnlineSubsystemOculus.uplugin
LogPluginManager: Loaded Plugin OnlineSubsystemSteam, From C:/Program Files (x86)/Epic Games/4.14/Engine/Plugins/Online/OnlineSubsystemSteam/OnlineSubsystemSteam.uplugin
LogPluginManager: Loaded Plugin OnlineSubsystemUtils, From C:/Program Files (x86)/Epic Games/4.14/Engine/Plugins/Online/OnlineSubsystemUtils/OnlineSubsystemUtils.uplugin
LogPluginManager: Loaded Plugin IOSTapJoy, From C:/Program Files (x86)/Epic Games/4.14/Engine/Plugins/Runtime/Advertising/IOSTapJoy/IOSTapJoy.uplugin
LogPluginManager: Loaded Plugin AnalyticsBlueprintLibrary, From C:/Program Files (x86)/Epic Games/4.14/Engine/Plugins/Runtime/Analytics/AnalyticsBlueprintLibrary/AnalyticsBlueprintLibrary.uplugin
LogPluginManager: Loaded Plugin AnalyticsMulticast, From C:/Program Files (x86)/Epic Games/4.14/Engine/Plugins/Runtime/Analytics/AnalyticsMulticast/AnalyticsMulticast.uplugin
LogPluginManager: Loaded Plugin Apsalar, From C:/Program Files (x86)/Epic Games/4.14/Engine/Plugins/Runtime/Analytics/Apsalar/Apsalar.uplugin
LogPluginManager: Loaded Plugin FileLogging, From C:/Program Files (x86)/Epic Games/4.14/Engine/Plugins/Runtime/Analytics/FileLogging/FileLogging.uplugin
LogPluginManager: Loaded Plugin Flurry, From C:/Program Files (x86)/Epic Games/4.14/Engine/Plugins/Runtime/Analytics/Flurry/Flurry.uplugin
LogPluginManager: Loaded Plugin AndroidDeviceProfileSelector, From C:/Program Files (x86)/Epic Games/4.14/Engine/Plugins/Runtime/AndroidDeviceProfileSelector/AndroidDeviceProfileSelector.uplugin
LogPluginManager: Loaded Plugin AndroidMoviePlayer, From C:/Program Files (x86)/Epic Games/4.14/Engine/Plugins/Runtime/AndroidMoviePlayer/AndroidMoviePlayer.uplugin
LogPluginManager: Loaded Plugin AppleMoviePlayer, From C:/Program Files (x86)/Epic Games/4.14/Engine/Plugins/Runtime/AppleMoviePlayer/AppleMoviePlayer.uplugin
LogPluginManager: Loaded Plugin ArchVisCharacter, From C:/Program Files (x86)/Epic Games/4.14/Engine/Plugins/Runtime/ArchVisCharacter/ArchVisCharacter.uplugin
LogPluginManager: Loaded Plugin CableComponent, From C:/Program Files (x86)/Epic Games/4.14/Engine/Plugins/Runtime/CableComponent/CableComponent.uplugin
LogPluginManager: Loaded Plugin CustomMeshComponent, From C:/Program Files (x86)/Epic Games/4.14/Engine/Plugins/Runtime/CustomMeshComponent/CustomMeshComponent.uplugin
LogPluginManager: Loaded Plugin ExampleDeviceProfileSelector, From C:/Program Files (x86)/Epic Games/4.14/Engine/Plugins/Runtime/ExampleDeviceProfileSelector/ExampleDeviceProfileSelector.uplugin
LogPluginManager: Loaded Plugin GearVR, From C:/Program Files (x86)/Epic Games/4.14/Engine/Plugins/Runtime/GearVR/GearVR.uplugin
LogPluginManager: Loaded Plugin GoogleVRController, From C:/Program Files (x86)/Epic Games/4.14/Engine/Plugins/Runtime/GoogleVR/GoogleVRController/GoogleVRController.uplugin
LogPluginManager: Loaded Plugin GoogleVRHMD, From C:/Program Files (x86)/Epic Games/4.14/Engine/Plugins/Runtime/GoogleVR/GoogleVRHMD/GoogleVRHMD.uplugin
LogPluginManager: Loaded Plugin IOSDeviceProfileSelector, From C:/Program Files (x86)/Epic Games/4.14/Engine/Plugins/Runtime/IOSDeviceProfileSelector/IOSDeviceProfileSelector.uplugin
LogPluginManager: Loaded Plugin LeapMotion, From C:/Program Files (x86)/Epic Games/4.14/Engine/Plugins/Runtime/LeapMotion/LeapMotion.uplugin
LogPluginManager: Loaded Plugin LinuxDeviceProfileSelector, From C:/Program Files (x86)/Epic Games/4.14/Engine/Plugins/Runtime/LinuxDeviceProfileSelector/LinuxDeviceProfileSelector.uplugin
LogPluginManager: Loaded Plugin MIDIDevice, From C:/Program Files (x86)/Epic Games/4.14/Engine/Plugins/Runtime/MIDIDevice/MIDIDevice.uplugin
LogPluginManager: Loaded Plugin MobilePatchingUtils, From C:/Program Files (x86)/Epic Games/4.14/Engine/Plugins/Runtime/MobilePatchingUtils/MobilePatchingUtils.uplugin
LogPluginManager: Loaded Plugin Ansel, From C:/Program Files (x86)/Epic Games/4.14/Engine/Plugins/Runtime/Nvidia/Ansel/Ansel.uplugin
LogPluginManager: Loaded Plugin OculusAudio, From C:/Program Files (x86)/Epic Games/4.14/Engine/Plugins/Runtime/OculusAudio/OculusAudio.uplugin
LogPluginManager: Loaded Plugin OculusInput, From C:/Program Files (x86)/Epic Games/4.14/Engine/Plugins/Runtime/OculusInput/OculusInput.uplugin
LogPluginManager: Loaded Plugin OculusLibrary, From C:/Program Files (x86)/Epic Games/4.14/Engine/Plugins/Runtime/OculusLibrary/OculusLibrary.uplugin
LogPluginManager: Loaded Plugin OculusRift, From C:/Program Files (x86)/Epic Games/4.14/Engine/Plugins/Runtime/OculusRift/OculusRift.uplugin
LogPluginManager: Loaded Plugin Oodle, From C:/Program Files (x86)/Epic Games/4.14/Engine/Plugins/Runtime/PacketHandlers/CompressionComponents/Oodle/Oodle.uplugin
LogPluginManager: Loaded Plugin ProceduralMeshComponent, From C:/Program Files (x86)/Epic Games/4.14/Engine/Plugins/Runtime/ProceduralMeshComponent/ProceduralMeshComponent.uplugin
LogPluginManager: Loaded Plugin SoundMod, From C:/Program Files (x86)/Epic Games/4.14/Engine/Plugins/Runtime/SoundMod/SoundMod.uplugin
LogPluginManager: Loaded Plugin SoundVisualizations, From C:/Program Files (x86)/Epic Games/4.14/Engine/Plugins/Runtime/SoundVisualizations/SoundVisualizations.uplugin
LogPluginManager: Loaded Plugin SteamController, From C:/Program Files (x86)/Epic Games/4.14/Engine/Plugins/Runtime/Steam/SteamController/SteamController.uplugin
LogPluginManager: Loaded Plugin SteamVR, From C:/Program Files (x86)/Epic Games/4.14/Engine/Plugins/Runtime/Steam/SteamVR/SteamVR.uplugin
LogPluginManager: Loaded Plugin WebBrowserWidget, From C:/Program Files (x86)/Epic Games/4.14/Engine/Plugins/Runtime/WebBrowserWidget/WebBrowserWidget.uplugin
LogPluginManager: Loaded Plugin WindowsDeviceProfileSelector, From C:/Program Files (x86)/Epic Games/4.14/Engine/Plugins/Runtime/WindowsDeviceProfileSelector/WindowsDeviceProfileSelector.uplugin
LogPluginManager: Loaded Plugin WindowsMoviePlayer, From C:/Program Files (x86)/Epic Games/4.14/Engine/Plugins/Runtime/WindowsMoviePlayer/WindowsMoviePlayer.uplugin
LogPluginManager: Loaded Plugin ScriptPlugin, From C:/Program Files (x86)/Epic Games/4.14/Engine/Plugins/ScriptPlugin/ScriptPlugin.uplugin
LogPluginManager: Loaded Plugin SlateRemote, From C:/Program Files (x86)/Epic Games/4.14/Engine/Plugins/Slate/SlateRemote/SlateRemote.uplugin
LogPluginManager: Loaded Plugin EditorTests, From C:/Program Files (x86)/Epic Games/4.14/Engine/Plugins/Tests/EditorTests/EditorTests.uplugin
LogPluginManager: Loaded Plugin FbxAutomationTestBuilder, From C:/Program Files (x86)/Epic Games/4.14/Engine/Plugins/Tests/FbxAutomationTestBuilder/FbxAutomationTestBuilder.uplugin
LogPluginManager: Loaded Plugin FunctionalTestingEditor, From C:/Program Files (x86)/Epic Games/4.14/Engine/Plugins/Tests/FunctionalTestingEditor/FunctionalTestingEditor.uplugin
LogPluginManager: Loaded Plugin RuntimeTests, From C:/Program Files (x86)/Epic Games/4.14/Engine/Plugins/Tests/RuntimeTests/RuntimeTests.uplugin
LogPluginManager: Loaded Plugin ScreenshotTools, From C:/Program Files (x86)/Epic Games/4.14/Engine/Plugins/Tests/ScreenshotTools/ScreenshotTools.uplugin
LogInit: Using libcurl 7.47.1
LogInit:  - built for x86_64-pc-win32
LogInit:  - supports SSL with OpenSSL/1.0.2g
LogInit:  - supports HTTP deflate (compression) using libz 1.2.8
LogInit:  - other features:
LogInit:      CURL_VERSION_SSL
LogInit:      CURL_VERSION_LIBZ
LogInit:      CURL_VERSION_IPV6
LogInit:      CURL_VERSION_ASYNCHDNS
LogInit:      CURL_VERSION_LARGEFILE
LogInit:      CURL_VERSION_IDN
LogInit:  CurlRequestOptions (configurable via config and command line):
LogInit:  - bVerifyPeer = false  - Libcurl will NOT verify peer certificate
LogInit:  - bUseHttpProxy = false  - Libcurl will NOT use HTTP proxy
LogInit:  - bDontReuseConnections = false  - Libcurl will reuse connections
LogInit:  - CertBundlePath = nullptr  - Libcurl will use whatever was configured at build time.
LogInit: Build: ++UE4+Release-4.14-CL-3249277
LogInit: Engine Version: 4.14.3-3249277+++UE4+Release-4.14
LogInit: Compatible Engine Version: 4.14.0-3195953+++UE4+Release-4.14
LogInit: Net CL: 3195953
LogDevObjectVersion: Number of dev versions registered: 13
LogDevObjectVersion:   Dev-Blueprints (B0D832E4-1F89-4F0D-ACCF-7EB736FD4AA2): 7
LogDevObjectVersion:   Dev-Build (E1C64328-A22C-4D53-A36C-8E866417BD8C): 0
LogDevObjectVersion:   Dev-Core (375EC13C-06E4-48FB-B500-84F0262A717E): 1
LogDevObjectVersion:   Dev-Editor (E4B068ED-F494-42E9-A231-DA0B2E46BB41): 8
LogDevObjectVersion:   Dev-Framework (CFFC743F-43B0-4480-9391-14DF171D2073): 17
LogDevObjectVersion:   Dev-Mobile (B02B49B5-BB20-44E9-A304-32B752E40360): 0
LogDevObjectVersion:   Dev-Networking (A4E4105C-59A1-49B5-A7C5-40C4547EDFEE): 0
LogDevObjectVersion:   Dev-Online (39C831C9-5AE6-47DC-9A44-9C173E1C8E7C): 0
LogDevObjectVersion:   Dev-Physics (78F01B33-EBEA-4F98-B9B4-84EACCB95AA2): 0
LogDevObjectVersion:   Dev-Platform (6631380F-2D4D-43E0-8009-CF276956A95A): 0
LogDevObjectVersion:   Dev-Rendering (12F88B9F-8875-4AFC-A67C-D90C383ABD29): 12
LogDevObjectVersion:   Dev-Sequencer (7B5AE74C-D270-4C10-A958-57980B212A5A): 1
LogDevObjectVersion:   Dev-VR (D7296918-1DD6-4BDD-9DE2-64A83CC13884): 0
LogInit: Compiled (64-bit): Jan  6 2017 10:49:43
LogInit: Compiled with Visual C++: 19.00.23026.00
LogInit: Build Configuration: Development
LogInit: Branch Name: ++UE4+Release-4.14
LogInit: Command line:  
LogInit: Base directory: C:/Program Files (x86)/Epic Games/4.14/Engine/Binaries/Win64/
LogInit: Installed Engine Build: 1
LogInit: Presizing for max 8388607 objects, including 0 objects not considered by GC, pre-allocating 0 bytes for permanent pool.
LogInit: Object subsystem initialized
[2017.03.07-20.26.38:455][  0]LogInit: Selected Device Profile: [Windows]
[2017.03.07-20.26.38:455][  0]LogInit: Applying CVar settings loaded from the selected device profile: [Windows]
[2017.03.07-20.26.38:477][  0]LogInit: Computer: MATTLINEBACK-PC
[2017.03.07-20.26.38:477][  0]LogInit: User: mattlineback
[2017.03.07-20.26.38:477][  0]LogInit: CPU Page size=65536, Cores=2
[2017.03.07-20.26.38:477][  0]LogInit: High frequency timer resolution =3.020484 MHz
[2017.03.07-20.26.38:477][  0]LogMemory: Memory total: Physical=8.0GB (8GB approx)
[2017.03.07-20.26.38:477][  0]LogMemory: Platform Memory Stats for Windows
[2017.03.07-20.26.38:477][  0]LogMemory: Process Physical Memory: 264.08 MB used, 264.08 MB peak
[2017.03.07-20.26.38:477][  0]LogMemory: Process Virtual Memory: 262.47 MB used, 262.47 MB peak
[2017.03.07-20.26.38:477][  0]LogMemory: Physical Memory: 3498.41 MB used,  4676.23 MB free, 8174.64 MB total
[2017.03.07-20.26.38:477][  0]LogMemory: Virtual Memory: 674.55 MB used,  4676.23 MB free, 134217728.00 MB total
[2017.03.07-20.26.38:502][  0]LogTextLocalizationManager: No specific translations for ('en-US') exist, so ('en') translations will be used.
[2017.03.07-20.26.43:225][  0]LogD3D11RHI: D3D11 adapters:
[2017.03.07-20.26.43:234][  0]LogD3D11RHI:    0. 'AMD Radeon HD 6450' (Feature Level 11_0)
[2017.03.07-20.26.43:234][  0]LogD3D11RHI:       1008/0/3840 MB DedicatedVideo/DedicatedSystem/SharedSystem, Outputs:1, VendorId:0x1002
[2017.03.07-20.26.43:235][  0]LogD3D11RHI:    1. 'Microsoft Basic Render Driver' (Feature Level 11_0)
[2017.03.07-20.26.43:235][  0]LogD3D11RHI:       0/0/4087 MB DedicatedVideo/DedicatedSystem/SharedSystem, Outputs:0, VendorId:0x1414
[2017.03.07-20.26.43:235][  0]LogD3D11RHI: Chosen D3D11 Adapter: 0
[2017.03.07-20.26.43:241][  0]LogD3D11RHI: Creating new Direct3DDevice
[2017.03.07-20.26.43:241][  0]LogD3D11RHI:     GPU DeviceId: 0x6779 (for the marketing name, search the web for "GPU Device Id")
[2017.03.07-20.26.43:241][  0]LogWindows: EnumDisplayDevices:
[2017.03.07-20.26.43:241][  0]LogWindows:    0. 'AMD Radeon HD 6450' (P:1 D:1)
[2017.03.07-20.26.43:241][  0]LogWindows:    1. 'AMD Radeon HD 6450' (P:0 D:0)
[2017.03.07-20.26.43:242][  0]LogWindows:    2. 'AMD Radeon HD 6450' (P:0 D:0)
[2017.03.07-20.26.43:242][  0]LogWindows: DebugString: FoundDriverCount:3 
[2017.03.07-20.26.43:242][  0]LogD3D11RHI:     Adapter Name: AMD Radeon HD 6450
[2017.03.07-20.26.43:242][  0]LogD3D11RHI:   Driver Version: Crimson 16.2.1 (internal:15.301.1901.0, unified:15.301.1901.0)
[2017.03.07-20.26.43:242][  0]LogD3D11RHI:      Driver Date: 2-26-2016
[2017.03.07-20.26.43:242][  0]LogRHI: Texture pool is 706 MB (70% of 1008 MB)
[2017.03.07-20.26.43:249][  0]LogD3D11RHI: Async texture creation enabled
[2017.03.07-20.26.43:263][  0]LogD3D11RHI: GPU Timing Frequency: 27.000000 (Debug: 2 1)
[2017.03.07-20.26.43:264][  0]LogShaderCompilers: Guid format shader working directory is 24 characters bigger than the processId version (G:/monkeywrench/monkeywrench/Intermediate/Shaders/WorkingDirectory/13264/).
[2017.03.07-20.26.43:264][  0]LogShaderCompilers: Cleaned the shader compiler working directory 'C:/Users/mattlineback/AppData/Local/Temp/UnrealShaderWorkingDir/9D0706CE479DBB89BE5791884DBF9845/'.
[2017.03.07-20.26.43:264][  0]LogShaderCompilers:Display: Using Local Shader Compiler.
[2017.03.07-20.26.45:767][  0]LogTemp:Display: Loaded TP AllDesktopTargetPlatform
[2017.03.07-20.26.45:843][  0]LogTemp:Display: Loaded TP MacClientTargetPlatform
[2017.03.07-20.26.45:916][  0]LogTemp:Display: Loaded TP MacNoEditorTargetPlatform
[2017.03.07-20.26.45:988][  0]LogTemp:Display: Loaded TP MacServerTargetPlatform
[2017.03.07-20.26.46:077][  0]LogTemp:Display: Loaded TP MacTargetPlatform
[2017.03.07-20.26.46:149][  0]LogTemp:Display: Loaded TP WindowsClientTargetPlatform
[2017.03.07-20.26.46:223][  0]LogTemp:Display: Loaded TP WindowsNoEditorTargetPlatform
[2017.03.07-20.26.46:297][  0]LogTemp:Display: Loaded TP WindowsServerTargetPlatform
[2017.03.07-20.26.46:358][  0]LogTemp:Display: Loaded TP WindowsTargetPlatform
[2017.03.07-20.26.46:439][  0]LogTemp:Display: Loaded TP AndroidTargetPlatform
[2017.03.07-20.26.46:513][  0]LogTemp:Display: Loaded TP Android_ASTCTargetPlatform
[2017.03.07-20.26.46:584][  0]LogTemp:Display: Loaded TP Android_ATCTargetPlatform
[2017.03.07-20.26.46:657][  0]LogTemp:Display: Loaded TP Android_DXTTargetPlatform
[2017.03.07-20.26.46:731][  0]LogTemp:Display: Loaded TP Android_ETC1TargetPlatform
[2017.03.07-20.26.46:803][  0]LogTemp:Display: Loaded TP Android_ETC2TargetPlatform
[2017.03.07-20.26.46:946][  0]LogTemp:Display: Loaded TP Android_MultiTargetPlatform
[2017.03.07-20.26.46:946][  0]LogTemp:Display: Loaded TP Android_PVRTCTargetPlatform
[2017.03.07-20.26.46:997][  0]LogTemp:Display: Loaded TP HTML5TargetPlatform
[2017.03.07-20.26.47:125][  0]LogTemp:Display: Loaded TP IOSTargetPlatform
[2017.03.07-20.26.47:175][  0]LogTemp:Display: Loaded TP TVOSTargetPlatform
[2017.03.07-20.26.47:251][  0]LogTemp:Display: Loaded TP LinuxClientTargetPlatform
[2017.03.07-20.26.47:322][  0]LogTemp:Display: Loaded TP LinuxNoEditorTargetPlatform
[2017.03.07-20.26.47:398][  0]LogTemp:Display: Loaded TP LinuxServerTargetPlatform
[2017.03.07-20.26.47:485][  0]LogTemp:Display: Loaded TP LinuxTargetPlatform
[2017.03.07-20.26.47:485][  0]LogTargetPlatformManager:Display: Building Assets For Windows
[2017.03.07-20.26.48:051][  0]LogDerivedDataCache:Display: Max Cache Size: 512 MB
[2017.03.07-20.26.48:602][  0]LogDerivedDataCache: Loaded boot cache 0.55s 50MB C:/Users/mattlineback/AppData/Local/UnrealEngine/4.14/DerivedDataCache/Boot.ddc.
[2017.03.07-20.26.48:602][  0]LogDerivedDataCache:Display: Loaded Boot cache: C:/Users/mattlineback/AppData/Local/UnrealEngine/4.14/DerivedDataCache/Boot.ddc
[2017.03.07-20.26.48:603][  0]LogDerivedDataCache: FDerivedDataBackendGraph:  Pak pak cache file G:/monkeywrench/monkeywrench/DerivedDataCache/DDC.ddp not found, will not use a pak cache.
[2017.03.07-20.26.48:603][  0]LogDerivedDataCache: Unable to find inner node Pak for hierarchical cache Hierarchy.
[2017.03.07-20.26.48:603][  0]LogDerivedDataCache: FDerivedDataBackendGraph:  CompressedPak pak cache file G:/monkeywrench/monkeywrench/DerivedDataCache/Compressed.ddp not found, will not use a pak cache.
[2017.03.07-20.26.48:603][  0]LogDerivedDataCache: Unable to find inner node CompressedPak for hierarchical cache Hierarchy.
[2017.03.07-20.26.48:641][  0]LogDerivedDataCache:Display: Pak cache opened for reading ../../../Engine/DerivedDataCache/Compressed.ddp.
[2017.03.07-20.26.48:653][  0]LogDerivedDataCache: Using Local data cache path C:/Users/mattlineback/AppData/Local/UnrealEngine/Common/DerivedDataCache: Writable
[2017.03.07-20.26.49:046][  0]LogInit: Selected Device Profile: [Windows]
[2017.03.07-20.26.49:050][  0]LogContentStreaming: Texture pool size is 0.00 MB
[2017.03.07-20.26.49:429][  0]LogMeshUtilities: Using QuadricMeshReduction for automatic static mesh reduction
[2017.03.07-20.26.49:487][  0]LogSimplygon: Simplygon DLL not present - disabling.
[2017.03.07-20.26.49:553][  0]LogMeshUtilities: Using SimplygonSwarm for distributed automatic mesh merging
[2017.03.07-20.26.49:553][  0]LogMeshUtilities: No automatic skeletal mesh reduction module available
[2017.03.07-20.26.49:553][  0]LogMeshUtilities: No automatic mesh merging module available
[2017.03.07-20.26.51:041][  0]LogNetVersion: GetLocalNetworkVersion: CL: 3195953, ProjectName: monkeywrench, ProjectVersion: , EngineNetworkVersion: 2, GameNetworkVersion: 0, NetworkChecksum: 690626690
[2017.03.07-20.26.51:124][  0]LogAssetRegistry: FAssetRegistry took 0.0222 seconds to start up
[2017.03.07-20.26.51:266][  0]LogPackageLocalizationCache: Processed 3 localized package path(s) for 2 prioritized culture(s) in 0.098527 seconds
[2017.03.07-20.26.51:274][  0]LogUObjectArray: 31946 objects as part of root set at end of initial load.
[2017.03.07-20.26.51:274][  0]LogUObjectAllocator: 6935848 out of 0 bytes used by permanent object pool.
[2017.03.07-20.26.51:274][  0]LogUObjectArray: CloseDisregardForGC: 0/0 objects in disregard for GC pool
[2017.03.07-20.26.51:377][  0]LogInit: WinSock: version 1.1 (2.2), MaxSocks=32767, MaxUdp=65467
[2017.03.07-20.26.52:633][  0]LogSlate: Using Freetype 2.6.0
[2017.03.07-20.26.52:650][  0]LogSlate: SlateFontCache - WITH_FREETYPE: 1, WITH_HARFBUZZ: 1
[2017.03.07-20.26.52:650][  0]LogSlate: SlateFontCache - WITH_FREETYPE: 1, WITH_HARFBUZZ: 1
[2017.03.07-20.27.16:353][  0]LogTcpMessaging: Initializing TcpMessaging bridge
[2017.03.07-20.27.16:404][  0]LogUdpMessaging: Initializing bridge on interface 0.0.0.0:0 to multicast group 230.0.0.1:6666.
[2017.03.07-20.27.17:185][  0]LogMaterial: Uniform references updated for custom material expression Custom.
[2017.03.07-20.27.17:861][  0]SourceControl: Info Source control is disabled
[2017.03.07-20.27.20:925][  0]LogEngine: Initializing Engine...
[2017.03.07-20.27.20:925][  0]LogHMD: Failed to initialize OpenVR with code 110
[2017.03.07-20.27.21:636][  0]LogAIModule: Creating AISystem for world Untitled
[2017.03.07-20.27.21:691][  0]LogInit: XAudio2 using 'AMD HDMI Output (AMD High Definition Audio Device)' : 2 channels at 48 kHz using 16 bits per sample (channel mask 0x3)
[2017.03.07-20.27.21:723][  0]LogInit: FAudioDevice initialized.
[2017.03.07-20.27.21:757][  0]LogDerivedDataCache: Saved boot cache 0.03s 50MB C:/Users/mattlineback/AppData/Local/UnrealEngine/4.14/DerivedDataCache/Boot.ddc.
[2017.03.07-20.27.21:770][  0]LogInit: Texture streaming: Enabled
[2017.03.07-20.27.22:081][  0]LogInit: Transaction tracking system initialized
[2017.03.07-20.27.22:554][  0]BlueprintLog: New page: Editor Load
[2017.03.07-20.27.24:089][  0]LocalizationService: Info Localization service is disabled
[2017.03.07-20.27.26:156][  0]LogConsoleResponse:Display: 
[2017.03.07-20.27.27:982][  0]LogCook:Display: Max memory allowance for cook 16384mb min free memory 0mb
[2017.03.07-20.27.27:982][  0]LogCook:Display: Mobile HDR setting 1
[2017.03.07-20.27.28:661][  0]LogFileCache: Scanning file cache for directory 'G:/monkeywrench/monkeywrench/Content/' took 0.02s
[2017.03.07-20.27.30:417][  0]Cmd: MAP LOAD FILE="G:/monkeywrench/monkeywrench/Content/2DSideScrollerBP/Maps/level_1.umap" TEMPLATE=0 SHOWPROGRESS=1 FEATURELEVEL=3
[2017.03.07-20.27.30:418][  0]LightingResults: New page: Lighting Build
[2017.03.07-20.27.30:474][  0]MapCheck: New page: Map Check
[2017.03.07-20.27.30:474][  0]LightingResults: New page: Lighting Build
[2017.03.07-20.27.32:116][  0]LogAIModule: Creating AISystem for world level_1
[2017.03.07-20.27.32:508][  0]LogEditorServer: Finished looking for orphan Actors (0.000 secs)
[2017.03.07-20.27.32:509][  0]Cmd: MAP CHECKDEP NOCLEARLOG
[2017.03.07-20.27.32:581][  0]MapCheck: Info Map check complete: 0 Error(s), 0 Warning(s), took 71.794ms to complete.
[2017.03.07-20.27.32:581][  0]LogFileHelpers: Loading map 'level_1' took 2.165
[2017.03.07-20.27.32:909][  0]LogCollectionManager: Loaded 0 collections in 0.004991 seconds
[2017.03.07-20.27.33:027][  0]LogFileCache: Scanning file cache for directory 'G:/monkeywrench/monkeywrench/Saved/Collections/' took 0.01s
[2017.03.07-20.27.33:027][  0]LogFileCache: Scanning file cache for directory 'G:/monkeywrench/monkeywrench/Content/Developers/mattlineback/Collections/' took 0.01s
[2017.03.07-20.27.33:027][  0]LogFileCache: Scanning file cache for directory 'G:/monkeywrench/monkeywrench/Content/Collections/' took 0.01s
[2017.03.07-20.27.33:027][  0]LogCollectionManager: Rebuilt the GUID cache for 0 collections in 0.000003 seconds
[2017.03.07-20.27.33:046][  0]LogContentBrowser: Native class hierarchy populated in 0.0186 seconds. Added 2190 classes and 428 folders.
[2017.03.07-20.27.33:124][  0]LogStats: UGameplayTagsManager::ConstructGameplayTagTree: Construct from data asset -  0.000 s
[2017.03.07-20.27.33:124][  0]LogStats: UGameplayTagsManager::ConstructGameplayTagTree: GameplayTagTreeChangedEvent.Broadcast -  0.000 s
[2017.03.07-20.27.33:126][  0]LogContentBrowser: Native class hierarchy updated for 'GameplayTags' in 0.0009 seconds. Added 13 classes and 0 folders.
[2017.03.07-20.27.33:246][  0]LogContentBrowser: Native class hierarchy updated for 'WidgetCarousel' in 0.0007 seconds. Added 0 classes and 0 folders.
[2017.03.07-20.27.35:493][  0]LogContentBrowser: Native class hierarchy updated for 'AddContentDialog' in 0.0007 seconds. Added 0 classes and 0 folders.
[2017.03.07-20.27.35:575][  0]LogContentBrowser: Native class hierarchy updated for 'SceneOutliner' in 0.0009 seconds. Added 1 classes and 2 folders.
[2017.03.07-20.27.35:730][  0]LogCrashTracker: Crashtracker disabled due to settings.
[2017.03.07-20.27.35:737][  0]LogUObjectGlobals:Warning: Failed to find object 'Class None.'
[2017.03.07-20.27.35:853][  0]LogContentBrowser: Native class hierarchy updated for 'HierarchicalLODOutliner' in 0.0009 seconds. Added 1 classes and 2 folders.
[2017.03.07-20.27.35:853][  0]LogLoad: (Engine Initialization) Total time: 60.50 seconds
[2017.03.07-20.27.35:853][  0]LogLoad: (Engine Initialization) Total Blueprint compile time: 0.22 seconds
[2017.03.07-20.27.35:853][  0]LogExternalProfiler: Found external profiler: VSPerf
[2017.03.07-20.27.35:853][  0]LogExternalProfiler: Using external profiler: VSPerf
[2017.03.07-20.27.36:195][  0]LogOcInput: OculusInput pre-init called
[2017.03.07-20.27.36:232][  0]LogContentStreaming: Texture pool size now 800 MB
[2017.03.07-20.27.36:862][  0]LogRenderer: Reallocating scene render targets to support 1208x624 NumSamples 1 (Frame:2).
[2017.03.07-20.27.37:418][  1]LogFileCache: Retrieving MD5 hashes for directory 'G:/monkeywrench/monkeywrench/Content/' took 1.21s
[2017.03.07-20.27.37:751][  2]LogAssetRegistry: Asset discovery search completed in 46.6496 seconds
[2017.03.07-20.27.37:751][  2]LogCollectionManager: Rebuilt the object cache for 0 collections in 0.000002 seconds (found 0 objects)
[2017.03.07-20.27.37:751][  2]LogCollectionManager: Fixed up redirectors for 0 collections in 0.000030 seconds (updated 0 objects)
[2017.03.07-20.27.37:752][  2]SourceControl: Info On branch master
[2017.03.07-20.27.37:752][  2]SourceControl: Info Your branch is ahead of 'origin/master' by 1 commit.
[2017.03.07-20.27.37:752][  2]SourceControl: Info   (use "git push" to publish your local commits)
[2017.03.07-20.27.37:752][  2]SourceControl: Info Changes to be committed:
[2017.03.07-20.27.37:752][  2]SourceControl: Info   (use "git reset HEAD <file>..." to unstage)
[2017.03.07-20.27.37:752][  2]SourceControl: Info 	new file:   Content/2DSideScroller/Sounds/level00.uasset
[2017.03.07-20.27.37:752][  2]SourceControl: Info Changes not staged for commit:
[2017.03.07-20.27.37:752][  2]SourceControl: Info   (use "git add/rm <file>..." to update what will be committed)
[2017.03.07-20.27.37:752][  2]SourceControl: Info   (use "git checkout -- <file>..." to discard changes in working directory)
[2017.03.07-20.27.37:752][  2]SourceControl: Info 	modified:   Content/2DSideScrollerBP/Maps/2DSideScrollerExampleMap.umap
[2017.03.07-20.27.37:752][  2]SourceControl: Info 	modified:   Content/2DSideScrollerBP/Maps/2DSideScrollerExampleMap_BuiltData.uasset
[2017.03.07-20.27.37:752][  2]SourceControl: Info 	modified:   Intermediate/CachedAssetRegistry.bin
[2017.03.07-20.27.37:752][  2]SourceControl: Info 	modified:   Intermediate/Config/CoalescedSourceConfigs/Engine.ini
[2017.03.07-20.27.37:752][  2]SourceControl: Info 	modified:   Saved/AutoScreenshot.png
[2017.03.07-20.27.37:752][  2]SourceControl: Info 	modified:   Saved/Autosaves/Game/2DSideScrollerBP/Maps/2DSideScrollerExampleMap_Auto1.umap
[2017.03.07-20.27.37:752][  2]SourceControl: Info 	modified:   Saved/Config/Windows/EditorPerProjectUserSettings.ini
[2017.03.07-20.27.37:752][  2]SourceControl: Info 	modified:   Saved/Config/Windows/Engine.ini
[2017.03.07-20.27.37:752][  2]SourceControl: Info 	deleted:    Saved/Logs/MonkeyWrench-backup-2017.01.30-10.10.31.log
[2017.03.07-20.27.37:752][  2]SourceControl: Info 	deleted:    Saved/Logs/MonkeyWrench-backup-2017.01.31-10.36.44.log
[2017.03.07-20.27.37:752][  2]SourceControl: Info 	modified:   Saved/Logs/MonkeyWrench.log
[2017.03.07-20.27.37:752][  2]SourceControl: Info Untracked files:
[2017.03.07-20.27.37:752][  2]SourceControl: Info   (use "git add <file>..." to include in what will be committed)
[2017.03.07-20.27.37:752][  2]SourceControl: Info 	Content/2DSideScrollerBP/Maps/Geometry/
[2017.03.07-20.27.37:752][  2]SourceControl: Info 	Content/2DSideScrollerBP/Maps/PuzzleCPP/
[2017.03.07-20.27.37:752][  2]SourceControl: Info 	Content/Content/
[2017.03.07-20.27.37:752][  2]SourceControl: Info 	Content/Geometry/
[2017.03.07-20.27.37:752][  2]SourceControl: Info 	Content/Puzzle/
[2017.03.07-20.27.37:752][  2]SourceControl: Info 	Content/PuzzleCPP/
[2017.03.07-20.27.37:753][  2]SourceControl: Info 	Saved/Backup/2DSideScrollerExampleMap_2017-03-07-13-38-14.umap
[2017.03.07-20.27.37:753][  2]SourceControl: Info 	Saved/Backup/2DSideScrollerExampleMap_2017-03-07-13-56-11.umap
[2017.03.07-20.27.37:753][  2]SourceControl: Info 	Saved/Backup/2DSideScrollerExampleMap_2017-03-07-14-02-46.umap
[2017.03.07-20.27.37:753][  2]SourceControl: Info 	Saved/Backup/2DSideScrollerExampleMap_BuiltData_2017-03-07-13-38-16.uasset
[2017.03.07-20.27.37:753][  2]SourceControl: Info 	Saved/Backup/PuzzleExampleMap_2017-03-07-14-12-42.umap
[2017.03.07-20.27.37:753][  2]SourceControl: Info 	Saved/Backup/PuzzleExampleMap_BuiltData_2017-03-07-14-12-42.uasset
[2017.03.07-20.27.37:753][  2]SourceControl: Info 	Saved/Backup/exit_door2_2017-03-07-13-20-16.uasset
[2017.03.07-20.27.37:753][  2]SourceControl: Info 	Saved/Backup/exit_door_2017-03-07-13-10-01.uasset
[2017.03.07-20.27.37:753][  2]SourceControl: Info 	Saved/Backup/level_1_2017-03-07-13-10-23.umap
[2017.03.07-20.27.37:753][  2]SourceControl: Info 	Saved/Backup/level_2_2017-03-07-13-21-48.umap
[2017.03.07-20.27.37:753][  2]SourceControl: Info 	Saved/Config/WorldState/3617323457.json
[2017.03.07-20.27.37:753][  2]SourceControl: Info 	Saved/Logs/MonkeyWrench-backup-2017.03.07-12.23.01.log
[2017.03.07-20.27.37:753][  2]SourceControl: Info 	Saved/Logs/MonkeyWrench-backup-2017.03.07-15.26.38.log
[2017.03.07-20.27.37:753][  2]SourceControl: Info 	Saved/Logs/UE4CC-Windows-9FCE24D244643F1AB57FB9B94B10D1CA/
[2017.03.07-20.27.37:753][  2]SourceControl: Info 	Saved/Logs/UE4CC-Windows-9FCE24D244643F1AB57FB9B94B10D1CA_0000/
[2017.03.07-20.27.37:753][  2]SourceControl: Info 	Saved/Logs/UE4CC-Windows-E7E4679D4C6D576670D0578A0F7F513D/
[2017.03.07-20.28.53:151][917]LogSlate: Only BGRA pngs, bmps or icos are supported in by External Image Picker
[2017.03.07-20.28.53:204][918]LogTemp:Display: Executing iPhonePackager certificates Engine -bundlename com.YourCompany.MonkeyWrench

[2017.03.07-20.28.53:204][918]LogTemp:Display: CWD: C:\Program Files (x86)\Epic Games\4.14\Engine\Binaries\DotNet\IOS

[2017.03.07-20.28.53:204][918]LogTemp:Display: Initial Dir: C:\Program Files (x86)\Epic Games\4.14

[2017.03.07-20.28.53:204][918]LogTemp:Display: Env CWD: C:\Program Files (x86)\Epic Games\4.14\Engine\Binaries\DotNet\IOS

[2017.03.07-20.28.53:204][918]LogTemp:Display: BranchPath = MATTLINEBACK-PC/C/Program Files (x86)/Epic Games/4.14/Engine/Binaries --- GameBranchPath = MATTLINEBACK-PC/C/Program Files (x86)/Epic Games/4.14/Engine/Binaries

[2017.03.07-20.28.53:221][919]LogTemp:Display: MATCHED-Provision:,File:,Cert:

[2017.03.07-20.30.02:241][141]LogAIModule: Creating AISystem for world 2DSideScrollerExampleMap
[2017.03.07-20.30.02:392][141]Cmd: MAP LOAD FILE="G:/monkeywrench/monkeywrench/Content/2DSideScrollerBP/Maps/2DSideScrollerExampleMap.umap" TEMPLATE=0 SHOWPROGRESS=1 FEATURELEVEL=3
[2017.03.07-20.30.02:392][141]LightingResults: New page: Lighting Build
[2017.03.07-20.30.02:393][141]LoadErrors: New page: Loading map: 2DSideScrollerExampleMap.umap
[2017.03.07-20.30.02:393][141]MapCheck: New page: Map Check
[2017.03.07-20.30.02:394][141]LightingResults: New page: Lighting Build
[2017.03.07-20.30.02:468][141]LogEditorServer: Finished looking for orphan Actors (0.000 secs)
[2017.03.07-20.30.02:506][141]Cmd: MAP CHECKDEP NOCLEARLOG
[2017.03.07-20.30.02:570][141]MapCheck: Info Map check complete: 0 Error(s), 0 Warning(s), took 63.125ms to complete.
[2017.03.07-20.30.02:571][141]LogFileHelpers: Loading map '2DSideScrollerExampleMap' took 0.180
[2017.03.07-20.30.13:615][280]LogLinker:Warning: Can't find file '/Script/PuzzleProject'
[2017.03.07-20.30.13:615][280]LogLinker:Warning: Can't find file for asset '/Script/PuzzleProject' while loading G:/monkeywrench/monkeywrench/Content/2DSideScrollerBP/Maps/PuzzleCPP/Maps/PuzzleExampleMap.umap.
[2017.03.07-20.30.13:615][280]LoadErrors:Error: Error /Game/2DSideScrollerBP/Maps/PuzzleCPP/Maps/PuzzleExampleMap : Can't find file for asset. /Script/PuzzleProject
[2017.03.07-20.30.13:658][280]LogLinker:Warning: Can't find file '/Script/PuzzleProject'
[2017.03.07-20.30.13:658][280]LogLinker:Warning: Can't find file for asset '/Script/PuzzleProject' while loading G:/monkeywrench/monkeywrench/Content/2DSideScrollerBP/Maps/PuzzleCPP/Maps/PuzzleExampleMap.umap.
[2017.03.07-20.30.13:658][280]LogLinker:Warning: Can't find file '/Script/PuzzleProject'
[2017.03.07-20.30.13:658][280]LogLinker:Warning: Can't find file for asset '/Script/PuzzleProject' while loading G:/monkeywrench/monkeywrench/Content/2DSideScrollerBP/Maps/PuzzleCPP/Maps/PuzzleExampleMap.umap.
[2017.03.07-20.30.13:658][280]LogLinker:Warning: Can't find file '/Script/PuzzleProject'
[2017.03.07-20.30.13:658][280]LogLinker:Warning: Can't find file for asset '/Script/PuzzleProject' while loading G:/monkeywrench/monkeywrench/Content/2DSideScrollerBP/Maps/PuzzleCPP/Maps/PuzzleExampleMap.umap.
[2017.03.07-20.30.13:659][280]LogLinker:Warning: Can't find file '/Script/PuzzleProject'
[2017.03.07-20.30.13:659][280]LogLinker:Warning: Can't find file for asset '/Script/PuzzleProject' while loading G:/monkeywrench/monkeywrench/Content/2DSideScrollerBP/Maps/PuzzleCPP/Maps/PuzzleExampleMap.umap.
[2017.03.07-20.30.13:659][280]LogLinker:Warning: Can't find file '/Script/PuzzleProject'
[2017.03.07-20.30.13:659][280]LogLinker:Warning: Can't find file for asset '/Script/PuzzleProject' while loading NULL.
[2017.03.07-20.30.13:659][280]LogLinker:Warning: Can't find file '/Script/PuzzleProject'
[2017.03.07-20.30.13:659][280]LogLinker:Warning: Can't find file for asset '/Script/PuzzleProject' while loading NULL.
[2017.03.07-20.30.13:659][280]LogLinker:Warning: Can't find file '/Script/PuzzleProject'
[2017.03.07-20.30.13:659][280]LogLinker:Warning: Can't find file for asset '/Script/PuzzleProject' while loading NULL.
[2017.03.07-20.30.13:660][280]LogLinker:Warning: Can't find file '/Script/PuzzleProject'
[2017.03.07-20.30.13:660][280]LogLinker:Warning: Can't find file for asset '/Script/PuzzleProject' while loading NULL.
[2017.03.07-20.30.13:660][280]LogLinker:Warning: Can't find file '/Script/PuzzleProject'
[2017.03.07-20.30.13:660][280]LogLinker:Warning: Can't find file for asset '/Script/PuzzleProject' while loading NULL.
[2017.03.07-20.30.13:669][280]LogLinker:Warning: Can't find file '/Script/PuzzleProject'
[2017.03.07-20.30.13:669][280]LogLinker:Warning: Can't find file for asset '/Script/PuzzleProject' while loading NULL.
[2017.03.07-20.30.13:669][280]LogLinker:Warning: Can't find file '/Script/PuzzleProject'
[2017.03.07-20.30.13:669][280]LogLinker:Warning: Can't find file for asset '/Script/PuzzleProject' while loading NULL.
[2017.03.07-20.30.13:669][280]LogLinker:Warning: Can't find file '/Script/PuzzleProject'
[2017.03.07-20.30.13:669][280]LogLinker:Warning: Can't find file for asset '/Script/PuzzleProject' while loading NULL.
[2017.03.07-20.30.13:669][280]LogLinker:Warning: Can't find file '/Script/PuzzleProject'
[2017.03.07-20.30.13:669][280]LogLinker:Warning: Can't find file for asset '/Script/PuzzleProject' while loading NULL.
[2017.03.07-20.30.13:670][280]LogLinker:Warning: Can't find file '/Script/PuzzleProject'
[2017.03.07-20.30.13:670][280]LogLinker:Warning: Can't find file for asset '/Script/PuzzleProject' while loading NULL.
[2017.03.07-20.30.13:670][280]LogLinker:Warning: Can't find file '/Script/PuzzleProject'
[2017.03.07-20.30.13:670][280]LogLinker:Warning: Can't find file for asset '/Script/PuzzleProject' while loading NULL.
[2017.03.07-20.30.13:671][280]LogLinker:Warning: Can't find file '/Script/PuzzleProject'
[2017.03.07-20.30.13:671][280]LogLinker:Warning: Can't find file for asset '/Script/PuzzleProject' while loading NULL.
[2017.03.07-20.30.13:671][280]LogLinker:Warning: Can't find file '/Script/PuzzleProject'
[2017.03.07-20.30.13:671][280]LoadErrors: Info Failed to load /Script/PuzzleProject.PuzzleProjectBlockGrid Referenced by PersistentLevel
[2017.03.07-20.30.13:671][280]LogLinker:Warning: Can't find file for asset '/Script/PuzzleProject' while loading NULL.
[2017.03.07-20.30.14:028][280]LogAIModule: Creating AISystem for world PuzzleExampleMap
[2017.03.07-20.30.14:065][280]Cmd: MAP LOAD FILE="G:/monkeywrench/monkeywrench/Content/2DSideScrollerBP/Maps/PuzzleCPP/Maps/PuzzleExampleMap.umap" TEMPLATE=0 SHOWPROGRESS=1 FEATURELEVEL=3
[2017.03.07-20.30.14:065][280]LightingResults: New page: Lighting Build
[2017.03.07-20.30.14:066][280]LoadErrors: New page: Loading map: PuzzleExampleMap.umap
[2017.03.07-20.30.14:067][280]MapCheck: New page: Map Check
[2017.03.07-20.30.14:067][280]LightingResults: New page: Lighting Build
[2017.03.07-20.30.14:155][280]LogEditorServer: Finished looking for orphan Actors (0.000 secs)
[2017.03.07-20.30.14:193][280]Cmd: MAP CHECKDEP NOCLEARLOG
[2017.03.07-20.30.14:257][280]MapCheck: Info Map check complete: 0 Error(s), 0 Warning(s), took 63.832ms to complete.
[2017.03.07-20.30.14:257][280]LogFileHelpers: Loading map 'PuzzleExampleMap' took 0.193
[2017.03.07-20.30.14:261][280]LoadErrors:Warning: Warning CreateExport: Failed to load Outer for resource 'Dummy0': PuzzleProjectBlockGrid /Game/2DSideScrollerBP/Maps/PuzzleCPP/Maps/PuzzleExampleMap.PuzzleExampleMap:PersistentLevel.PuzzleBlockGrid
[2017.03.07-20.30.14:262][280]LoadErrors:Warning: Warning CreateExport: Failed to load Outer for resource 'ScoreText0': PuzzleProjectBlockGrid /Game/2DSideScrollerBP/Maps/PuzzleCPP/Maps/PuzzleExampleMap.PuzzleExampleMap:PersistentLevel.PuzzleBlockGrid
[2017.03.07-20.30.17:371][312]LogTemp: Repeting last play command: New Editor Window (PIE)
[2017.03.07-20.30.17:396][312]LogBlueprintUserMessages: Early PlayInEditor Detection: Level '/Game/2DSideScrollerBP/Maps/PuzzleCPP/Maps/PuzzleExampleMap.PuzzleExampleMap:PersistentLevel' has LevelScriptBlueprint '/Game/2DSideScrollerBP/Maps/PuzzleCPP/Maps/PuzzleExampleMap.PuzzleExampleMap:PersistentLevel.PuzzleExampleMap' with GeneratedClass '/Game/2DSideScrollerBP/Maps/PuzzleCPP/Maps/PuzzleExampleMap.PuzzleExampleMap_C' with ClassGeneratedBy '/Game/2DSideScrollerBP/Maps/PuzzleCPP/Maps/PuzzleExampleMap.PuzzleExampleMap:PersistentLevel.PuzzleExampleMap'
[2017.03.07-20.30.17:396][312]LogPlayLevel: PlayLevel: No blueprints needed recompiling
[2017.03.07-20.30.17:397][312]PIE: New page: PIE session: PuzzleExampleMap (Mar 7, 2017, 10:30:17 AM)
[2017.03.07-20.30.17:397][312]LogPlayLevel: Creating play world package: /Game/2DSideScrollerBP/Maps/PuzzleCPP/Maps/UEDPIE_0_PuzzleExampleMap
[2017.03.07-20.30.17:425][312]LogPlayLevel: PIE: StaticDuplicateObject took: (0.027687s)
[2017.03.07-20.30.17:425][312]LogAIModule: Creating AISystem for world PuzzleExampleMap
[2017.03.07-20.30.17:426][312]LogPlayLevel: PIE: World Init took: (0.000887s)
[2017.03.07-20.30.17:426][312]LogPlayLevel: PIE: Created PIE world by copying editor world from /Game/2DSideScrollerBP/Maps/PuzzleCPP/Maps/PuzzleExampleMap.PuzzleExampleMap to /Game/2DSideScrollerBP/Maps/PuzzleCPP/Maps/UEDPIE_0_PuzzleExampleMap.PuzzleExampleMap (0.028831s)
[2017.03.07-20.30.17:476][312]LogInit: XAudio2 using 'AMD HDMI Output (AMD High Definition Audio Device)' : 2 channels at 48 kHz using 16 bits per sample (channel mask 0x3)
[2017.03.07-20.30.17:485][312]LogInit: FAudioDevice initialized.
[2017.03.07-20.30.17:534][312]LogLoad: Game class is '2DSideScrollerGameMode_C'
[2017.03.07-20.30.17:537][312]LogWorld: Bringing World /Game/2DSideScrollerBP/Maps/PuzzleCPP/Maps/UEDPIE_0_PuzzleExampleMap.PuzzleExampleMap up for play (max tick rate 0) at 2017.03.07-15.30.17
[2017.03.07-20.30.17:537][312]LogWorld: Bringing up level for play took: 0.001820
[2017.03.07-20.30.17:600][312]LogContentBrowser: Native class hierarchy updated for 'MovieSceneCapture' in 0.0007 seconds. Added 11 classes and 0 folders.
[2017.03.07-20.30.17:605][312]PIE: Info Play in editor start time for /Game/2DSideScrollerBP/Maps/PuzzleCPP/Maps/UEDPIE_0_PuzzleExampleMap 1.06
[2017.03.07-20.30.17:606][312]LogBlueprintUserMessages: Late PlayInEditor Detection: Level '/Game/2DSideScrollerBP/Maps/PuzzleCPP/Maps/PuzzleExampleMap.PuzzleExampleMap:PersistentLevel' has LevelScriptBlueprint '/Game/2DSideScrollerBP/Maps/PuzzleCPP/Maps/PuzzleExampleMap.PuzzleExampleMap:PersistentLevel.PuzzleExampleMap' with GeneratedClass '/Game/2DSideScrollerBP/Maps/PuzzleCPP/Maps/PuzzleExampleMap.PuzzleExampleMap_C' with ClassGeneratedBy '/Game/2DSideScrollerBP/Maps/PuzzleCPP/Maps/PuzzleExampleMap.PuzzleExampleMap:PersistentLevel.PuzzleExampleMap'
[2017.03.07-20.30.17:700][312]LogRenderer: Reallocating scene render targets to support 1208x656 NumSamples 1 (Frame:1078).
[2017.03.07-20.30.25:409][410]LogBlueprintUserMessages: Early EndPlayMap Detection: Level '/Game/2DSideScrollerBP/Maps/PuzzleCPP/Maps/PuzzleExampleMap.PuzzleExampleMap:PersistentLevel' has LevelScriptBlueprint '/Game/2DSideScrollerBP/Maps/PuzzleCPP/Maps/PuzzleExampleMap.PuzzleExampleMap:PersistentLevel.PuzzleExampleMap' with GeneratedClass '/Game/2DSideScrollerBP/Maps/PuzzleCPP/Maps/PuzzleExampleMap.PuzzleExampleMap_C' with ClassGeneratedBy '/Game/2DSideScrollerBP/Maps/PuzzleCPP/Maps/PuzzleExampleMap.PuzzleExampleMap:PersistentLevel.PuzzleExampleMap'
[2017.03.07-20.30.25:555][410]LogBlueprintUserMessages: Late EndPlayMap Detection: Level '/Game/2DSideScrollerBP/Maps/PuzzleCPP/Maps/PuzzleExampleMap.PuzzleExampleMap:PersistentLevel' has LevelScriptBlueprint '/Game/2DSideScrollerBP/Maps/PuzzleCPP/Maps/PuzzleExampleMap.PuzzleExampleMap:PersistentLevel.PuzzleExampleMap' with GeneratedClass '/Game/2DSideScrollerBP/Maps/PuzzleCPP/Maps/PuzzleExampleMap.PuzzleExampleMap_C' with ClassGeneratedBy '/Game/2DSideScrollerBP/Maps/PuzzleCPP/Maps/PuzzleExampleMap.PuzzleExampleMap:PersistentLevel.PuzzleExampleMap'
[2017.03.07-20.30.26:895][426]LogEditorViewport: Clicking on Actor (LMB): StaticMeshActor (CubeMesh)
[2017.03.07-20.30.50:658][677]LogTemp: Repeting last play command: New Editor Window (PIE)
[2017.03.07-20.30.50:703][677]LogBlueprintUserMessages: Early PlayInEditor Detection: Level '/Game/2DSideScrollerBP/Maps/PuzzleCPP/Maps/PuzzleExampleMap.PuzzleExampleMap:PersistentLevel' has LevelScriptBlueprint '/Game/2DSideScrollerBP/Maps/PuzzleCPP/Maps/PuzzleExampleMap.PuzzleExampleMap:PersistentLevel.PuzzleExampleMap' with GeneratedClass '/Game/2DSideScrollerBP/Maps/PuzzleCPP/Maps/PuzzleExampleMap.PuzzleExampleMap_C' with ClassGeneratedBy '/Game/2DSideScrollerBP/Maps/PuzzleCPP/Maps/PuzzleExampleMap.PuzzleExampleMap:PersistentLevel.PuzzleExampleMap'
[2017.03.07-20.30.50:703][677]LogPlayLevel: PlayLevel: No blueprints needed recompiling
[2017.03.07-20.30.50:704][677]PIE: New page: PIE session: PuzzleExampleMap (Mar 7, 2017, 10:30:50 AM)
[2017.03.07-20.30.50:704][677]LogPlayLevel: Creating play world package: /Game/2DSideScrollerBP/Maps/PuzzleCPP/Maps/UEDPIE_0_PuzzleExampleMap
[2017.03.07-20.30.50:729][677]LogPlayLevel: PIE: StaticDuplicateObject took: (0.024933s)
[2017.03.07-20.30.50:730][677]LogAIModule: Creating AISystem for world PuzzleExampleMap
[2017.03.07-20.30.50:730][677]LogPlayLevel: PIE: World Init took: (0.001201s)
[2017.03.07-20.30.50:730][677]LogPlayLevel: PIE: Created PIE world by copying editor world from /Game/2DSideScrollerBP/Maps/PuzzleCPP/Maps/PuzzleExampleMap.PuzzleExampleMap to /Game/2DSideScrollerBP/Maps/PuzzleCPP/Maps/UEDPIE_0_PuzzleExampleMap.PuzzleExampleMap (0.026531s)
[2017.03.07-20.30.50:756][677]LogInit: XAudio2 using 'AMD HDMI Output (AMD High Definition Audio Device)' : 2 channels at 48 kHz using 16 bits per sample (channel mask 0x3)
[2017.03.07-20.30.50:765][677]LogInit: FAudioDevice initialized.
[2017.03.07-20.30.50:802][677]LogLoad: Game class is '2DSideScrollerGameMode_C'
[2017.03.07-20.30.50:804][677]LogWorld: Bringing World /Game/2DSideScrollerBP/Maps/PuzzleCPP/Maps/UEDPIE_0_PuzzleExampleMap.PuzzleExampleMap up for play (max tick rate 0) at 2017.03.07-15.30.50
[2017.03.07-20.30.50:805][677]LogWorld: Bringing up level for play took: 0.001904
[2017.03.07-20.30.50:809][677]PIE: Info Play in editor start time for /Game/2DSideScrollerBP/Maps/PuzzleCPP/Maps/UEDPIE_0_PuzzleExampleMap 0.264
[2017.03.07-20.30.50:810][677]LogBlueprintUserMessages: Late PlayInEditor Detection: Level '/Game/2DSideScrollerBP/Maps/PuzzleCPP/Maps/PuzzleExampleMap.PuzzleExampleMap:PersistentLevel' has LevelScriptBlueprint '/Game/2DSideScrollerBP/Maps/PuzzleCPP/Maps/PuzzleExampleMap.PuzzleExampleMap:PersistentLevel.PuzzleExampleMap' with GeneratedClass '/Game/2DSideScrollerBP/Maps/PuzzleCPP/Maps/PuzzleExampleMap.PuzzleExampleMap_C' with ClassGeneratedBy '/Game/2DSideScrollerBP/Maps/PuzzleCPP/Maps/PuzzleExampleMap.PuzzleExampleMap:PersistentLevel.PuzzleExampleMap'
[2017.03.07-20.30.55:251][730]LogBlueprintUserMessages: Early EndPlayMap Detection: Level '/Game/2DSideScrollerBP/Maps/PuzzleCPP/Maps/PuzzleExampleMap.PuzzleExampleMap:PersistentLevel' has LevelScriptBlueprint '/Game/2DSideScrollerBP/Maps/PuzzleCPP/Maps/PuzzleExampleMap.PuzzleExampleMap:PersistentLevel.PuzzleExampleMap' with GeneratedClass '/Game/2DSideScrollerBP/Maps/PuzzleCPP/Maps/PuzzleExampleMap.PuzzleExampleMap_C' with ClassGeneratedBy '/Game/2DSideScrollerBP/Maps/PuzzleCPP/Maps/PuzzleExampleMap.PuzzleExampleMap:PersistentLevel.PuzzleExampleMap'
[2017.03.07-20.30.55:419][730]LogBlueprintUserMessages: Late EndPlayMap Detection: Level '/Game/2DSideScrollerBP/Maps/PuzzleCPP/Maps/PuzzleExampleMap.PuzzleExampleMap:PersistentLevel' has LevelScriptBlueprint '/Game/2DSideScrollerBP/Maps/PuzzleCPP/Maps/PuzzleExampleMap.PuzzleExampleMap:PersistentLevel.PuzzleExampleMap' with GeneratedClass '/Game/2DSideScrollerBP/Maps/PuzzleCPP/Maps/PuzzleExampleMap.PuzzleExampleMap_C' with ClassGeneratedBy '/Game/2DSideScrollerBP/Maps/PuzzleCPP/Maps/PuzzleExampleMap.PuzzleExampleMap:PersistentLevel.PuzzleExampleMap'
[2017.03.07-20.32.31:924][920]LogAIModule: Creating AISystem for world 2DSideScrollerExampleMap
[2017.03.07-20.36.25:065][535]LogTemp:Display: Executing iPhonePackager certificates Engine -bundlename com.YourCompany.MonkeyWrench

[2017.03.07-20.36.25:065][535]LogTemp:Display: CWD: C:\Program Files (x86)\Epic Games\4.14\Engine\Binaries\DotNet\IOS

[2017.03.07-20.36.25:065][535]LogTemp:Display: Initial Dir: C:\Program Files (x86)\Epic Games\4.14

[2017.03.07-20.36.25:065][535]LogTemp:Display: Env CWD: C:\Program Files (x86)\Epic Games\4.14\Engine\Binaries\DotNet\IOS

[2017.03.07-20.36.25:065][535]LogTemp:Display: BranchPath = MATTLINEBACK-PC/C/Program Files (x86)/Epic Games/4.14/Engine/Binaries --- GameBranchPath = MATTLINEBACK-PC/C/Program Files (x86)/Epic Games/4.14/Engine/Binaries

[2017.03.07-20.36.25:065][535]LogTemp:Display: MATCHED-Provision:,File:,Cert:

[2017.03.07-20.36.25:065][535]LogSlate: Only BGRA pngs, bmps or icos are supported in by External Image Picker
[2017.03.07-20.36.54:166][108]SourceControl:Error: Error fatal: Could not switch to '/Script/': No such file or directory
[2017.03.07-20.37.46:595][396]Cmd: MAP LOAD FILE="G:/monkeywrench/monkeywrench/Content/2DSideScrollerBP/Maps/2DSideScrollerExampleMap.umap" TEMPLATE=0 SHOWPROGRESS=1 FEATURELEVEL=3
[2017.03.07-20.37.46:595][396]LightingResults: New page: Lighting Build
[2017.03.07-20.37.46:596][396]LoadErrors: New page: Loading map: 2DSideScrollerExampleMap.umap
[2017.03.07-20.37.46:596][396]MapCheck: New page: Map Check
[2017.03.07-20.37.46:596][396]LightingResults: New page: Lighting Build
[2017.03.07-20.37.46:983][396]LogEditorServer: Finished looking for orphan Actors (0.001 secs)
[2017.03.07-20.37.47:053][396]Cmd: MAP CHECKDEP NOCLEARLOG
[2017.03.07-20.37.47:134][396]MapCheck: Info Map check complete: 0 Error(s), 0 Warning(s), took 80.486ms to complete.
[2017.03.07-20.37.47:135][396]LogFileHelpers: Loading map '2DSideScrollerExampleMap' took 0.541
[2017.03.07-20.38.10:194][841]LogTemp: Repeting last play command: New Editor Window (PIE)
[2017.03.07-20.38.10:220][841]LogBlueprintUserMessages: Early PlayInEditor Detection: Level '/Game/2DSideScrollerBP/Maps/2DSideScrollerExampleMap.2DSideScrollerExampleMap:PersistentLevel' has LevelScriptBlueprint '/Game/2DSideScrollerBP/Maps/2DSideScrollerExampleMap.2DSideScrollerExampleMap:PersistentLevel.2DSideScrollerExampleMap' with GeneratedClass '/Game/2DSideScrollerBP/Maps/2DSideScrollerExampleMap.2DSideScrollerExampleMap_C' with ClassGeneratedBy '/Game/2DSideScrollerBP/Maps/2DSideScrollerExampleMap.2DSideScrollerExampleMap:PersistentLevel.2DSideScrollerExampleMap'
[2017.03.07-20.38.10:220][841]LogPlayLevel: PlayLevel: No blueprints needed recompiling
[2017.03.07-20.38.10:221][841]PIE: New page: PIE session: 2DSideScrollerExampleMap (Mar 7, 2017, 10:38:10 AM)
[2017.03.07-20.38.10:221][841]LogPlayLevel: Creating play world package: /Game/2DSideScrollerBP/Maps/UEDPIE_0_2DSideScrollerExampleMap
[2017.03.07-20.38.10:225][841]LogPlayLevel: PIE: StaticDuplicateObject took: (0.003371s)
[2017.03.07-20.38.10:225][841]LogAIModule: Creating AISystem for world 2DSideScrollerExampleMap
[2017.03.07-20.38.10:225][841]LogPlayLevel: PIE: World Init took: (0.000800s)
[2017.03.07-20.38.10:226][841]LogPlayLevel: PIE: Created PIE world by copying editor world from /Game/2DSideScrollerBP/Maps/2DSideScrollerExampleMap.2DSideScrollerExampleMap to /Game/2DSideScrollerBP/Maps/UEDPIE_0_2DSideScrollerExampleMap.2DSideScrollerExampleMap (0.004451s)
[2017.03.07-20.38.10:249][841]LogInit: XAudio2 using 'AMD HDMI Output (AMD High Definition Audio Device)' : 2 channels at 48 kHz using 16 bits per sample (channel mask 0x3)
[2017.03.07-20.38.10:259][841]LogInit: FAudioDevice initialized.
[2017.03.07-20.38.10:300][841]LogLoad: Game class is '2DSideScrollerGameMode_C'
[2017.03.07-20.38.10:303][841]LogWorld: Bringing World /Game/2DSideScrollerBP/Maps/UEDPIE_0_2DSideScrollerExampleMap.2DSideScrollerExampleMap up for play (max tick rate 0) at 2017.03.07-15.38.10
[2017.03.07-20.38.10:303][841]LogWorld: Bringing up level for play took: 0.002835
[2017.03.07-20.38.10:309][841]PIE: Info Play in editor start time for /Game/2DSideScrollerBP/Maps/UEDPIE_0_2DSideScrollerExampleMap -0.236
[2017.03.07-20.38.10:309][841]LogBlueprintUserMessages: Late PlayInEditor Detection: Level '/Game/2DSideScrollerBP/Maps/2DSideScrollerExampleMap.2DSideScrollerExampleMap:PersistentLevel' has LevelScriptBlueprint '/Game/2DSideScrollerBP/Maps/2DSideScrollerExampleMap.2DSideScrollerExampleMap:PersistentLevel.2DSideScrollerExampleMap' with GeneratedClass '/Game/2DSideScrollerBP/Maps/2DSideScrollerExampleMap.2DSideScrollerExampleMap_C' with ClassGeneratedBy '/Game/2DSideScrollerBP/Maps/2DSideScrollerExampleMap.2DSideScrollerExampleMap:PersistentLevel.2DSideScrollerExampleMap'
[2017.03.07-20.38.12:980][883]LogRenderer: Reallocating scene render targets to support 1672x884 NumSamples 1 (Frame:3175).
[2017.03.07-20.38.36:810][103]LogNet: Browse: /Game/2DSideScrollerBP/Maps/level_1
[2017.03.07-20.38.36:810][103]LogLoad: LoadMap: /Game/2DSideScrollerBP/Maps/level_1
[2017.03.07-20.38.36:945][103]Cmd: MEM
[2017.03.07-20.38.36:988][103]LogMemory: Platform Memory Stats for Windows
[2017.03.07-20.38.36:988][103]LogMemory: Process Physical Memory: 1256.97 MB used, 1262.33 MB peak
[2017.03.07-20.38.36:988][103]LogMemory: Process Virtual Memory: 1487.36 MB used, 1717.31 MB peak
[2017.03.07-20.38.36:988][103]LogMemory: Physical Memory: 6219.21 MB used,  1955.43 MB free, 8174.64 MB total
[2017.03.07-20.38.36:988][103]LogMemory: Virtual Memory: 2242.24 MB used,  1955.43 MB free, 134217728.00 MB total
[2017.03.07-20.38.36:988][103]LogMemory: 
[2017.03.07-20.38.36:988][103]Allocator Stats for TBB: (not implemented)
[2017.03.07-20.38.39:957][103]LogAIModule: Creating AISystem for world level_1
[2017.03.07-20.38.39:957][103]LogLoad: Game class is '2DSideScrollerGameMode_C'
[2017.03.07-20.38.39:969][103]LogWorld: Bringing World /Game/2DSideScrollerBP/Maps/UEDPIE_0_level_1.level_1 up for play (max tick rate 0) at 2017.03.07-15.38.39
[2017.03.07-20.38.39:969][103]LogWorld: Bringing up level for play took: 0.011163
[2017.03.07-20.38.39:971][103]LogLoad: Took 3.160692 seconds to LoadMap(/Game/2DSideScrollerBP/Maps/level_1)
[2017.03.07-20.39.00:967][299]LogBlueprintUserMessages: Early EndPlayMap Detection: Level '/Game/2DSideScrollerBP/Maps/2DSideScrollerExampleMap.2DSideScrollerExampleMap:PersistentLevel' has LevelScriptBlueprint '/Game/2DSideScrollerBP/Maps/2DSideScrollerExampleMap.2DSideScrollerExampleMap:PersistentLevel.2DSideScrollerExampleMap' with GeneratedClass '/Game/2DSideScrollerBP/Maps/2DSideScrollerExampleMap.2DSideScrollerExampleMap_C' with ClassGeneratedBy '/Game/2DSideScrollerBP/Maps/2DSideScrollerExampleMap.2DSideScrollerExampleMap:PersistentLevel.2DSideScrollerExampleMap'
[2017.03.07-20.39.01:149][299]LogBlueprintUserMessages: Late EndPlayMap Detection: Level '/Game/2DSideScrollerBP/Maps/2DSideScrollerExampleMap.2DSideScrollerExampleMap:PersistentLevel' has LevelScriptBlueprint '/Game/2DSideScrollerBP/Maps/2DSideScrollerExampleMap.2DSideScrollerExampleMap:PersistentLevel.2DSideScrollerExampleMap' with GeneratedClass '/Game/2DSideScrollerBP/Maps/2DSideScrollerExampleMap.2DSideScrollerExampleMap_C' with ClassGeneratedBy '/Game/2DSideScrollerBP/Maps/2DSideScrollerExampleMap.2DSideScrollerExampleMap:PersistentLevel.2DSideScrollerExampleMap'
[2017.03.07-20.39.02:516][320]Cmd: SELECT NONE
[2017.03.07-20.39.10:861][548]SourceControl: Info fatal: C:/Program Files (x86)/Epic Games/4.14/Engine/Content/: 'C:/Program Files (x86)/Epic Games/4.14/Engine/Content/' is outside repository
[2017.03.07-20.39.11:019][548]LogUObjectHash:Warning: Ambiguous search, could be ByteProperty /Script/CoreUObject.Color:G or FloatProperty /Script/CoreUObject.LinearColor:G
[2017.03.07-20.39.11:019][548]LogUObjectHash:Warning: Ambiguous search, could be ByteProperty /Script/CoreUObject.Color:G or BoolProperty /Script/UnrealEd.DComponentMaskParameter:G
[2017.03.07-20.39.11:019][548]LogUObjectHash:Warning: Ambiguous search, could be ByteProperty /Script/CoreUObject.Color:G or BoolProperty /Script/UnrealEd.ComponentMaskParameter:G
[2017.03.07-20.39.11:019][548]LogUObjectHash:Warning: Ambiguous search, could be ByteProperty /Script/CoreUObject.Color:G or FloatProperty /Script/Engine.KismetMathLibrary:BreakColor.G
[2017.03.07-20.39.11:019][548]LogUObjectHash:Warning: Ambiguous search, could be ByteProperty /Script/CoreUObject.Color:G or FloatProperty /Script/Engine.KismetMathLibrary:MakeColor.G
[2017.03.07-20.39.11:019][548]LogUObjectHash:Warning: Ambiguous search, could be ByteProperty /Script/CoreUObject.Color:G or BoolProperty /Script/Engine.MaterialExpressionComponentMask:G
[2017.03.07-20.39.11:019][548]LogUObjectHash:Warning: Ambiguous search, could be ByteProperty /Script/CoreUObject.Color:G or FloatProperty /Script/Engine.MaterialExpressionConstant2Vector:G
[2017.03.07-20.39.11:021][548]LogPackageName:Error: Illegal call to DoesPackageExist: 'G:/monkeywrench/monkeywrench/MonkeyWrench.uproject' is not a standard unreal filename or a long path name. Reason: Path should be no less than 4 characters long.
[2017.03.07-20.39.17:631][548]LogStats: FPlatformStackWalk::StackWalkAndDump -  6.582 s
[2017.03.07-20.39.17:632][548]LogOutputDevice:Error: === Handled ensure: ===
[2017.03.07-20.39.17:632][548]LogOutputDevice:Error: 
[2017.03.07-20.39.17:632][548]LogOutputDevice:Error: Ensure condition failed: false [File:D:\Build\++UE4+Release-4.14+Compile\Sync\Engine\Source\Runtime\CoreUObject\Private\Misc\PackageName.cpp] [Line: 624]
[2017.03.07-20.39.17:632][548]LogOutputDevice:Error: Illegal call to DoesPackageExist: 'G:/monkeywrench/monkeywrench/MonkeyWrench.uproject' is not a standard unreal filename or a long path name. Reason: Path should be no less than 4 characters long.
[2017.03.07-20.39.17:632][548]LogOutputDevice:Error: Stack: 
[2017.03.07-20.39.17:632][548]LogOutputDevice:Error: UE4Editor-Core.dll!FWindowsPlatformStackWalk::StackWalkAndDump() [d:\build\++ue4+release-4.14+compile\sync\engine\source\runtime\core\private\windows\windowsplatformstackwalk.cpp:185]
[2017.03.07-20.39.17:632][548]LogOutputDevice:Error: UE4Editor-Core.dll!FDebug::EnsureFailed() [d:\build\++ue4+release-4.14+compile\sync\engine\source\runtime\core\private\misc\assertionmacros.cpp:216]
[2017.03.07-20.39.17:632][548]LogOutputDevice:Error: UE4Editor-Core.dll!FDebug::OptionallyLogFormattedEnsureMessageReturningFalse() [d:\build\++ue4+release-4.14+compile\sync\engine\source\runtime\core\private\misc\assertionmacros.cpp:343]
[2017.03.07-20.39.17:632][548]LogOutputDevice:Error: UE4Editor-CoreUObject.dll!FPackageName::DoesPackageExist() [d:\build\++ue4+release-4.14+compile\sync\engine\source\runtime\coreuobject\private\misc\packagename.cpp:624]
[2017.03.07-20.39.17:632][548]LogOutputDevice:Error: UE4Editor-SourceControl.dll!SourceControlHelpers::PackageFilename_Internal() [d:\build\++ue4+release-4.14+compile\sync\engine\source\developer\sourcecontrol\private\sourcecontrolhelpers.cpp:52]
[2017.03.07-20.39.17:632][548]LogOutputDevice:Error: UE4Editor-SourceControl.dll!SourceControlHelpers::PackageFilenames() [d:\build\++ue4+release-4.14+compile\sync\engine\source\developer\sourcecontrol\private\sourcecontrolhelpers.cpp:103]
[2017.03.07-20.39.17:632][548]LogOutputDevice:Error: UE4Editor-SourceControlWindows.dll!FSourceControlWindows::PromptForCheckin() [d:\build\++ue4+release-4.14+compile\sync\engine\source\editor\sourcecontrolwindows\private\ssourcecontrolsubmit.cpp:597]
[2017.03.07-20.39.17:632][548]LogOutputDevice:Error: UE4Editor-SourceControlWindows.dll!FSourceControlWindows::ChoosePackagesToCheckInCompleted() [d:\build\++ue4+release-4.14+compile\sync\engine\source\editor\sourcecontrolwindows\private\ssourcecontrolsubmit.cpp:456]
[2017.03.07-20.39.17:632][548]LogOutputDevice:Error: UE4Editor-SourceControlWindows.dll!FSourceControlWindows::ChoosePackagesToCheckInCallback() [d:\build\++ue4+release-4.14+compile\sync\engine\source\editor\sourcecontrolwindows\private\ssourcecontrolsubmit.cpp:520]
[2017.03.07-20.39.17:632][548]LogOutputDevice:Error: UE4Editor-SourceControlWindows.dll!TBaseStaticDelegateInstance<void __cdecl(TSharedRef<ISourceControlOperation,1> const & __ptr64,enum ECommandResult::Type)>::ExecuteIfSafe() [d:\build\++ue4+release-4.14+compile\sync\engine\source\runtime\core\public\delegates\delegateinstancesimpl.h:1018]
[2017.03.07-20.39.17:632][548]LogOutputDevice:Error: UE4Editor-GitSourceControl.dll
[2017.03.07-20.39.17:632][548]LogOutputDevice:Error: UE4Editor-GitSourceControl.dll
[2017.03.07-20.39.17:632][548]LogOutputDevice:Error: UE4Editor-SourceControl.dll!FSourceControlModule::Tick() [d:\build\++ue4+release-4.14+compile\sync\engine\source\developer\sourcecontrol\private\sourcecontrolmodule.cpp:235]
[2017.03.07-20.39.17:632][548]LogOutputDevice:Error: UE4Editor-UnrealEd.dll!UEditorEngine::Tick() [d:\build\++ue4+release-4.14+compile\sync\engine\source\editor\unrealed\private\editorengine.cpp:1587]
[2017.03.07-20.39.17:632][548]LogOutputDevice:Error: UE4Editor-UnrealEd.dll!UUnrealEdEngine::Tick() [d:\build\++ue4+release-4.14+compile\sync\engine\source\editor\unrealed\private\unrealedengine.cpp:371]
[2017.03.07-20.39.17:632][548]LogOutputDevice:Error: UE4Editor.exe!FEngineLoop::Tick() [d:\build\++ue4+release-4.14+compile\sync\engine\source\runtime\launch\private\launchengineloop.cpp:2859]
[2017.03.07-20.39.17:632][548]LogOutputDevice:Error: UE4Editor.exe!GuardedMain() [d:\build\++ue4+release-4.14+compile\sync\engine\source\runtime\launch\private\launch.cpp:152]
[2017.03.07-20.39.17:632][548]LogOutputDevice:Error: UE4Editor.exe!GuardedMainWrapper() [d:\build\++ue4+release-4.14+compile\sync\engine\source\runtime\launch\private\windows\launchwindows.cpp:126]
[2017.03.07-20.39.17:632][548]LogOutputDevice:Error: UE4Editor.exe!WinMain() [d:\build\++ue4+release-4.14+compile\sync\engine\source\runtime\launch\private\windows\launchwindows.cpp:202]
[2017.03.07-20.39.17:632][548]LogOutputDevice:Error: UE4Editor.exe!__scrt_common_main_seh() [f:\dd\vctools\crt\vcstartup\src\startup\exe_common.inl:264]
[2017.03.07-20.39.17:632][548]LogOutputDevice:Error: KERNEL32.DLL
[2017.03.07-20.39.17:632][548]LogOutputDevice:Error: ntdll.dll
[2017.03.07-20.39.17:632][548]LogOutputDevice:Error: 
[2017.03.07-20.39.17:642][548]LogStats:                SubmitErrorReport -  0.000 s
