Log file open, 03/03/17 08:52:35
LogInit:Display: Running engine for game: MonkeyWrench
LogPlatformFile: Not using cached read wrapper
LogInit:Display: RandInit(-1193371803) SRandInit(-1193371803).
LogTaskGraph: Started task graph with 5 named threads and 8 total threads with 1 sets of task threads.
LogStats: Stats thread started at 0.077671
LogPluginManager: Loaded Plugin Paper2D, From C:/Program Files/Epic Games/UE_4.14/Engine/Plugins/2D/Paper2D/Paper2D.uplugin
LogPluginManager: Loaded Plugin LightPropagationVolume, From C:/Program Files/Epic Games/UE_4.14/Engine/Plugins/Blendables/LightPropagationVolume/LightPropagationVolume.uplugin
LogPluginManager: Loaded Plugin BlankPlugin, From C:/Program Files/Epic Games/UE_4.14/Engine/Plugins/Developer/BlankPlugin/BlankPlugin.uplugin
LogPluginManager: Loaded Plugin CodeLiteSourceCodeAccess, From C:/Program Files/Epic Games/UE_4.14/Engine/Plugins/Developer/CodeLiteSourceCodeAccess/CodeLiteSourceCodeAccess.uplugin
LogPluginManager: Loaded Plugin GitSourceControl, From C:/Program Files/Epic Games/UE_4.14/Engine/Plugins/Developer/GitSourceControl/GitSourceControl.uplugin
LogPluginManager: Loaded Plugin KDevelopSourceCodeAccess, From C:/Program Files/Epic Games/UE_4.14/Engine/Plugins/Developer/KDevelopSourceCodeAccess/KDevelopSourceCodeAccess.uplugin
LogPluginManager: Loaded Plugin NullSourceCodeAccess, From C:/Program Files/Epic Games/UE_4.14/Engine/Plugins/Developer/NullSourceCodeAccess/NullSourceCodeAccess.uplugin
LogPluginManager: Loaded Plugin OneSkyLocalizationService, From C:/Program Files/Epic Games/UE_4.14/Engine/Plugins/Developer/OneSkyLocalizationService/OneSkyLocalizationService.uplugin
LogPluginManager: Loaded Plugin PerforceSourceControl, From C:/Program Files/Epic Games/UE_4.14/Engine/Plugins/Developer/PerforceSourceControl/PerforceSourceControl.uplugin
LogPluginManager: Loaded Plugin SubversionSourceControl, From C:/Program Files/Epic Games/UE_4.14/Engine/Plugins/Developer/SubversionSourceControl/SubversionSourceControl.uplugin
LogPluginManager: Loaded Plugin UObjectPlugin, From C:/Program Files/Epic Games/UE_4.14/Engine/Plugins/Developer/UObjectPlugin/UObjectPlugin.uplugin
LogPluginManager: Loaded Plugin VisualStudioSourceCodeAccess, From C:/Program Files/Epic Games/UE_4.14/Engine/Plugins/Developer/VisualStudioSourceCodeAccess/VisualStudioSourceCodeAccess.uplugin
LogPluginManager: Loaded Plugin XCodeSourceCodeAccess, From C:/Program Files/Epic Games/UE_4.14/Engine/Plugins/Developer/XCodeSourceCodeAccess/XCodeSourceCodeAccess.uplugin
LogPluginManager: Loaded Plugin AudioCapture, From C:/Program Files/Epic Games/UE_4.14/Engine/Plugins/Editor/AudioCapture/AudioCapture.uplugin
LogPluginManager: Loaded Plugin EpicSurvey, From C:/Program Files/Epic Games/UE_4.14/Engine/Plugins/Editor/EpicSurvey/EpicSurvey.uplugin
LogPluginManager: Loaded Plugin MacGraphicsSwitching, From C:/Program Files/Epic Games/UE_4.14/Engine/Plugins/Editor/MacGraphicsSwitching/MacGraphicsSwitching.uplugin
LogPluginManager: Loaded Plugin MobileLauncherProfileWizard, From C:/Program Files/Epic Games/UE_4.14/Engine/Plugins/Editor/MobileLauncherProfileWizard/MobileLauncherProfileWizard.uplugin
LogPluginManager: Loaded Plugin PluginBrowser, From C:/Program Files/Epic Games/UE_4.14/Engine/Plugins/Editor/PluginBrowser/PluginBrowser.uplugin
LogPluginManager: Loaded Plugin SpeedTreeImporter, From C:/Program Files/Epic Games/UE_4.14/Engine/Plugins/Editor/SpeedTreeImporter/SpeedTreeImporter.uplugin
LogPluginManager: Loaded Plugin SuperSearchEditor, From C:/Program Files/Epic Games/UE_4.14/Engine/Plugins/Editor/SuperSearchEditor/SuperSearchEditor.uplugin
LogPluginManager: Loaded Plugin AlembicImporter, From C:/Program Files/Epic Games/UE_4.14/Engine/Plugins/Experimental/AlembicImporter/AlembicImporter.uplugin
LogPluginManager: Loaded Plugin BlueprintStats, From C:/Program Files/Epic Games/UE_4.14/Engine/Plugins/Experimental/BlueprintStats/BlueprintStats.uplugin
LogPluginManager: Loaded Plugin CharacterAI, From C:/Program Files/Epic Games/UE_4.14/Engine/Plugins/Experimental/CharacterAI/CharacterAI.uplugin
LogPluginManager: Loaded Plugin CodeEditor, From C:/Program Files/Epic Games/UE_4.14/Engine/Plugins/Experimental/CodeEditor/CodeEditor.uplugin
LogPluginManager: Loaded Plugin CodeView, From C:/Program Files/Epic Games/UE_4.14/Engine/Plugins/Experimental/CodeView/CodeView.uplugin
LogPluginManager: Loaded Plugin HTML5Networking, From C:/Program Files/Epic Games/UE_4.14/Engine/Plugins/Experimental/HTML5Networking/HTML5Networking.uplugin
LogPluginManager: Loaded Plugin OSVR, From C:/Program Files/Epic Games/UE_4.14/Engine/Plugins/Experimental/OSVR/OSVR.uplugin
LogPluginManager: Loaded Plugin Phya, From C:/Program Files/Epic Games/UE_4.14/Engine/Plugins/Experimental/Phya/Phya.uplugin
LogPluginManager: Loaded Plugin SignificanceManager, From C:/Program Files/Epic Games/UE_4.14/Engine/Plugins/Experimental/SignificanceManager/SignificanceManager.uplugin
LogPluginManager: Loaded Plugin SimpleHMD, From C:/Program Files/Epic Games/UE_4.14/Engine/Plugins/Experimental/SimpleHMD/SimpleHMD.uplugin
LogPluginManager: Loaded Plugin StereoPanorama, From C:/Program Files/Epic Games/UE_4.14/Engine/Plugins/Experimental/StereoPanorama/StereoPanorama.uplugin
LogPluginManager: Loaded Plugin StructBox, From C:/Program Files/Epic Games/UE_4.14/Engine/Plugins/Experimental/StructBox/StructBox.uplugin
LogPluginManager: Loaded Plugin AndroidMedia, From C:/Program Files/Epic Games/UE_4.14/Engine/Plugins/Media/AndroidMedia/AndroidMedia.uplugin
LogPluginManager: Loaded Plugin AvfMedia, From C:/Program Files/Epic Games/UE_4.14/Engine/Plugins/Media/AvfMedia/AvfMedia.uplugin
LogPluginManager: Loaded Plugin MediaPlayerEditor, From C:/Program Files/Epic Games/UE_4.14/Engine/Plugins/Media/MediaPlayerEditor/MediaPlayerEditor.uplugin
LogPluginManager: Loaded Plugin WmfMedia, From C:/Program Files/Epic Games/UE_4.14/Engine/Plugins/Media/WmfMedia/WmfMedia.uplugin
LogPluginManager: Loaded Plugin MessagingDebugger, From C:/Program Files/Epic Games/UE_4.14/Engine/Plugins/Messaging/MessagingDebugger/MessagingDebugger.uplugin
LogPluginManager: Loaded Plugin TcpMessaging, From C:/Program Files/Epic Games/UE_4.14/Engine/Plugins/Messaging/TcpMessaging/TcpMessaging.uplugin
LogPluginManager: Loaded Plugin UdpMessaging, From C:/Program Files/Epic Games/UE_4.14/Engine/Plugins/Messaging/UdpMessaging/UdpMessaging.uplugin
LogPluginManager: Loaded Plugin LevelSequenceEditor, From C:/Program Files/Epic Games/UE_4.14/Engine/Plugins/MovieScene/LevelSequenceEditor/LevelSequenceEditor.uplugin
LogPluginManager: Loaded Plugin MatineeToLevelSequence, From C:/Program Files/Epic Games/UE_4.14/Engine/Plugins/MovieScene/MatineeToLevelSequence/MatineeToLevelSequence.uplugin
LogPluginManager: Loaded Plugin NetcodeUnitTest, From C:/Program Files/Epic Games/UE_4.14/Engine/Plugins/NetcodeUnitTest/NetcodeUnitTest/NetcodeUnitTest.uplugin
LogPluginManager: Loaded Plugin NUTUnrealEngine4, From C:/Program Files/Epic Games/UE_4.14/Engine/Plugins/NetcodeUnitTest/NUTUnrealEngine4/NUTUnrealEngine4.uplugin
LogPluginManager: Loaded Plugin OnlineSubsystemGameCircle, From C:/Program Files/Epic Games/UE_4.14/Engine/Plugins/Online/Android/OnlineSubsystemGameCircle/OnlineSubsystemGameCircle.uplugin
LogPluginManager: Loaded Plugin OnlineSubsystemGooglePlay, From C:/Program Files/Epic Games/UE_4.14/Engine/Plugins/Online/Android/OnlineSubsystemGooglePlay/OnlineSubsystemGooglePlay.uplugin
LogPluginManager: Loaded Plugin OnlineSubsystemIOS, From C:/Program Files/Epic Games/UE_4.14/Engine/Plugins/Online/IOS/OnlineSubsystemIOS/OnlineSubsystemIOS.uplugin
LogPluginManager: Loaded Plugin OnlineFramework, From C:/Program Files/Epic Games/UE_4.14/Engine/Plugins/Online/OnlineFramework/OnlineFramework.uplugin
LogPluginManager: Loaded Plugin OnlineSubsystem, From C:/Program Files/Epic Games/UE_4.14/Engine/Plugins/Online/OnlineSubsystem/OnlineSubsystem.uplugin
LogPluginManager: Loaded Plugin OnlineSubsystemAmazon, From C:/Program Files/Epic Games/UE_4.14/Engine/Plugins/Online/OnlineSubsystemAmazon/OnlineSubsystemAmazon.uplugin
LogPluginManager: Loaded Plugin OnlineSubsystemFacebook, From C:/Program Files/Epic Games/UE_4.14/Engine/Plugins/Online/OnlineSubsystemFacebook/OnlineSubsystemFacebook.uplugin
LogPluginManager: Loaded Plugin OnlineSubsystemNull, From C:/Program Files/Epic Games/UE_4.14/Engine/Plugins/Online/OnlineSubsystemNull/OnlineSubsystemNull.uplugin
LogPluginManager: Loaded Plugin OnlineSubsystemOculus, From C:/Program Files/Epic Games/UE_4.14/Engine/Plugins/Online/OnlineSubsystemOculus/OnlineSubsystemOculus.uplugin
LogPluginManager: Loaded Plugin OnlineSubsystemSteam, From C:/Program Files/Epic Games/UE_4.14/Engine/Plugins/Online/OnlineSubsystemSteam/OnlineSubsystemSteam.uplugin
LogPluginManager: Loaded Plugin OnlineSubsystemUtils, From C:/Program Files/Epic Games/UE_4.14/Engine/Plugins/Online/OnlineSubsystemUtils/OnlineSubsystemUtils.uplugin
LogPluginManager: Loaded Plugin IOSTapJoy, From C:/Program Files/Epic Games/UE_4.14/Engine/Plugins/Runtime/Advertising/IOSTapJoy/IOSTapJoy.uplugin
LogPluginManager: Loaded Plugin AnalyticsBlueprintLibrary, From C:/Program Files/Epic Games/UE_4.14/Engine/Plugins/Runtime/Analytics/AnalyticsBlueprintLibrary/AnalyticsBlueprintLibrary.uplugin
LogPluginManager: Loaded Plugin AnalyticsMulticast, From C:/Program Files/Epic Games/UE_4.14/Engine/Plugins/Runtime/Analytics/AnalyticsMulticast/AnalyticsMulticast.uplugin
LogPluginManager: Loaded Plugin Apsalar, From C:/Program Files/Epic Games/UE_4.14/Engine/Plugins/Runtime/Analytics/Apsalar/Apsalar.uplugin
LogPluginManager: Loaded Plugin FileLogging, From C:/Program Files/Epic Games/UE_4.14/Engine/Plugins/Runtime/Analytics/FileLogging/FileLogging.uplugin
LogPluginManager: Loaded Plugin Flurry, From C:/Program Files/Epic Games/UE_4.14/Engine/Plugins/Runtime/Analytics/Flurry/Flurry.uplugin
LogPluginManager: Loaded Plugin AndroidDeviceProfileSelector, From C:/Program Files/Epic Games/UE_4.14/Engine/Plugins/Runtime/AndroidDeviceProfileSelector/AndroidDeviceProfileSelector.uplugin
LogPluginManager: Loaded Plugin AndroidMoviePlayer, From C:/Program Files/Epic Games/UE_4.14/Engine/Plugins/Runtime/AndroidMoviePlayer/AndroidMoviePlayer.uplugin
LogPluginManager: Loaded Plugin AppleMoviePlayer, From C:/Program Files/Epic Games/UE_4.14/Engine/Plugins/Runtime/AppleMoviePlayer/AppleMoviePlayer.uplugin
LogPluginManager: Loaded Plugin ArchVisCharacter, From C:/Program Files/Epic Games/UE_4.14/Engine/Plugins/Runtime/ArchVisCharacter/ArchVisCharacter.uplugin
LogPluginManager: Loaded Plugin CableComponent, From C:/Program Files/Epic Games/UE_4.14/Engine/Plugins/Runtime/CableComponent/CableComponent.uplugin
LogPluginManager: Loaded Plugin CustomMeshComponent, From C:/Program Files/Epic Games/UE_4.14/Engine/Plugins/Runtime/CustomMeshComponent/CustomMeshComponent.uplugin
LogPluginManager: Loaded Plugin ExampleDeviceProfileSelector, From C:/Program Files/Epic Games/UE_4.14/Engine/Plugins/Runtime/ExampleDeviceProfileSelector/ExampleDeviceProfileSelector.uplugin
LogPluginManager: Loaded Plugin GearVR, From C:/Program Files/Epic Games/UE_4.14/Engine/Plugins/Runtime/GearVR/GearVR.uplugin
LogPluginManager: Loaded Plugin GoogleVRController, From C:/Program Files/Epic Games/UE_4.14/Engine/Plugins/Runtime/GoogleVR/GoogleVRController/GoogleVRController.uplugin
LogPluginManager: Loaded Plugin GoogleVRHMD, From C:/Program Files/Epic Games/UE_4.14/Engine/Plugins/Runtime/GoogleVR/GoogleVRHMD/GoogleVRHMD.uplugin
LogPluginManager: Loaded Plugin IOSDeviceProfileSelector, From C:/Program Files/Epic Games/UE_4.14/Engine/Plugins/Runtime/IOSDeviceProfileSelector/IOSDeviceProfileSelector.uplugin
LogPluginManager: Loaded Plugin LeapMotion, From C:/Program Files/Epic Games/UE_4.14/Engine/Plugins/Runtime/LeapMotion/LeapMotion.uplugin
LogPluginManager: Loaded Plugin LinuxDeviceProfileSelector, From C:/Program Files/Epic Games/UE_4.14/Engine/Plugins/Runtime/LinuxDeviceProfileSelector/LinuxDeviceProfileSelector.uplugin
LogPluginManager: Loaded Plugin MIDIDevice, From C:/Program Files/Epic Games/UE_4.14/Engine/Plugins/Runtime/MIDIDevice/MIDIDevice.uplugin
LogPluginManager: Loaded Plugin MobilePatchingUtils, From C:/Program Files/Epic Games/UE_4.14/Engine/Plugins/Runtime/MobilePatchingUtils/MobilePatchingUtils.uplugin
LogPluginManager: Loaded Plugin Ansel, From C:/Program Files/Epic Games/UE_4.14/Engine/Plugins/Runtime/Nvidia/Ansel/Ansel.uplugin
LogPluginManager: Loaded Plugin OculusAudio, From C:/Program Files/Epic Games/UE_4.14/Engine/Plugins/Runtime/OculusAudio/OculusAudio.uplugin
LogPluginManager: Loaded Plugin OculusInput, From C:/Program Files/Epic Games/UE_4.14/Engine/Plugins/Runtime/OculusInput/OculusInput.uplugin
LogPluginManager: Loaded Plugin OculusLibrary, From C:/Program Files/Epic Games/UE_4.14/Engine/Plugins/Runtime/OculusLibrary/OculusLibrary.uplugin
LogPluginManager: Loaded Plugin OculusRift, From C:/Program Files/Epic Games/UE_4.14/Engine/Plugins/Runtime/OculusRift/OculusRift.uplugin
LogPluginManager: Loaded Plugin Oodle, From C:/Program Files/Epic Games/UE_4.14/Engine/Plugins/Runtime/PacketHandlers/CompressionComponents/Oodle/Oodle.uplugin
LogPluginManager: Loaded Plugin ProceduralMeshComponent, From C:/Program Files/Epic Games/UE_4.14/Engine/Plugins/Runtime/ProceduralMeshComponent/ProceduralMeshComponent.uplugin
LogPluginManager: Loaded Plugin SoundMod, From C:/Program Files/Epic Games/UE_4.14/Engine/Plugins/Runtime/SoundMod/SoundMod.uplugin
LogPluginManager: Loaded Plugin SoundVisualizations, From C:/Program Files/Epic Games/UE_4.14/Engine/Plugins/Runtime/SoundVisualizations/SoundVisualizations.uplugin
LogPluginManager: Loaded Plugin SteamController, From C:/Program Files/Epic Games/UE_4.14/Engine/Plugins/Runtime/Steam/SteamController/SteamController.uplugin
LogPluginManager: Loaded Plugin SteamVR, From C:/Program Files/Epic Games/UE_4.14/Engine/Plugins/Runtime/Steam/SteamVR/SteamVR.uplugin
LogPluginManager: Loaded Plugin WebBrowserWidget, From C:/Program Files/Epic Games/UE_4.14/Engine/Plugins/Runtime/WebBrowserWidget/WebBrowserWidget.uplugin
LogPluginManager: Loaded Plugin WindowsDeviceProfileSelector, From C:/Program Files/Epic Games/UE_4.14/Engine/Plugins/Runtime/WindowsDeviceProfileSelector/WindowsDeviceProfileSelector.uplugin
LogPluginManager: Loaded Plugin WindowsMoviePlayer, From C:/Program Files/Epic Games/UE_4.14/Engine/Plugins/Runtime/WindowsMoviePlayer/WindowsMoviePlayer.uplugin
LogPluginManager: Loaded Plugin ScriptPlugin, From C:/Program Files/Epic Games/UE_4.14/Engine/Plugins/ScriptPlugin/ScriptPlugin.uplugin
LogPluginManager: Loaded Plugin SlateRemote, From C:/Program Files/Epic Games/UE_4.14/Engine/Plugins/Slate/SlateRemote/SlateRemote.uplugin
LogPluginManager: Loaded Plugin EditorTests, From C:/Program Files/Epic Games/UE_4.14/Engine/Plugins/Tests/EditorTests/EditorTests.uplugin
LogPluginManager: Loaded Plugin FbxAutomationTestBuilder, From C:/Program Files/Epic Games/UE_4.14/Engine/Plugins/Tests/FbxAutomationTestBuilder/FbxAutomationTestBuilder.uplugin
LogPluginManager: Loaded Plugin FunctionalTestingEditor, From C:/Program Files/Epic Games/UE_4.14/Engine/Plugins/Tests/FunctionalTestingEditor/FunctionalTestingEditor.uplugin
LogPluginManager: Loaded Plugin RuntimeTests, From C:/Program Files/Epic Games/UE_4.14/Engine/Plugins/Tests/RuntimeTests/RuntimeTests.uplugin
LogPluginManager: Loaded Plugin ScreenshotTools, From C:/Program Files/Epic Games/UE_4.14/Engine/Plugins/Tests/ScreenshotTools/ScreenshotTools.uplugin
LogInit: Using libcurl 7.47.1
LogInit:  - built for x86_64-pc-win32
LogInit:  - supports SSL with OpenSSL/1.0.2g
LogInit:  - supports HTTP deflate (compression) using libz 1.2.8
LogInit:  - other features:
LogInit:      CURL_VERSION_SSL
LogInit:      CURL_VERSION_LIBZ
LogInit:      CURL_VERSION_IPV6
LogInit:      CURL_VERSION_ASYNCHDNS
LogInit:      CURL_VERSION_LARGEFILE
LogInit:      CURL_VERSION_IDN
LogInit:  CurlRequestOptions (configurable via config and command line):
LogInit:  - bVerifyPeer = false  - Libcurl will NOT verify peer certificate
LogInit:  - bUseHttpProxy = false  - Libcurl will NOT use HTTP proxy
LogInit:  - bDontReuseConnections = false  - Libcurl will reuse connections
LogInit:  - CertBundlePath = nullptr  - Libcurl will use whatever was configured at build time.
LogInit: Build: ++UE4+Release-4.14-CL-3249277
LogInit: Engine Version: 4.14.3-3249277+++UE4+Release-4.14
LogInit: Compatible Engine Version: 4.14.0-3195953+++UE4+Release-4.14
LogInit: Net CL: 3195953
LogDevObjectVersion: Number of dev versions registered: 13
LogDevObjectVersion:   Dev-Blueprints (B0D832E4-1F89-4F0D-ACCF-7EB736FD4AA2): 7
LogDevObjectVersion:   Dev-Build (E1C64328-A22C-4D53-A36C-8E866417BD8C): 0
LogDevObjectVersion:   Dev-Core (375EC13C-06E4-48FB-B500-84F0262A717E): 1
LogDevObjectVersion:   Dev-Editor (E4B068ED-F494-42E9-A231-DA0B2E46BB41): 8
LogDevObjectVersion:   Dev-Framework (CFFC743F-43B0-4480-9391-14DF171D2073): 17
LogDevObjectVersion:   Dev-Mobile (B02B49B5-BB20-44E9-A304-32B752E40360): 0
LogDevObjectVersion:   Dev-Networking (A4E4105C-59A1-49B5-A7C5-40C4547EDFEE): 0
LogDevObjectVersion:   Dev-Online (39C831C9-5AE6-47DC-9A44-9C173E1C8E7C): 0
LogDevObjectVersion:   Dev-Physics (78F01B33-EBEA-4F98-B9B4-84EACCB95AA2): 0
LogDevObjectVersion:   Dev-Platform (6631380F-2D4D-43E0-8009-CF276956A95A): 0
LogDevObjectVersion:   Dev-Rendering (12F88B9F-8875-4AFC-A67C-D90C383ABD29): 12
LogDevObjectVersion:   Dev-Sequencer (7B5AE74C-D270-4C10-A958-57980B212A5A): 1
LogDevObjectVersion:   Dev-VR (D7296918-1DD6-4BDD-9DE2-64A83CC13884): 0
LogInit: Compiled (64-bit): Jan  6 2017 10:49:43
LogInit: Compiled with Visual C++: 19.00.23026.00
LogInit: Build Configuration: Development
LogInit: Branch Name: ++UE4+Release-4.14
LogInit: Command line: -EpicPortal 
LogInit: Base directory: C:/Program Files/Epic Games/UE_4.14/Engine/Binaries/Win64/
LogInit: Installed Engine Build: 1
LogInit: Presizing for max 8388607 objects, including 0 objects not considered by GC, pre-allocating 0 bytes for permanent pool.
LogInit: Object subsystem initialized
[2017.03.03-13.52.35:591][  0]LogInit: Selected Device Profile: [Windows]
[2017.03.03-13.52.35:591][  0]LogInit: Applying CVar settings loaded from the selected device profile: [Windows]
[2017.03.03-13.52.35:600][  0]LogInit: Computer: NH008-25
[2017.03.03-13.52.35:600][  0]LogInit: User: NH008s
[2017.03.03-13.52.35:600][  0]LogInit: CPU Page size=65536, Cores=4
[2017.03.03-13.52.35:601][  0]LogInit: High frequency timer resolution =1.948710 MHz
[2017.03.03-13.52.35:601][  0]LogMemory: Memory total: Physical=7.9GB (8GB approx)
[2017.03.03-13.52.35:601][  0]LogMemory: Platform Memory Stats for Windows
[2017.03.03-13.52.35:601][  0]LogMemory: Process Physical Memory: 264.20 MB used, 264.20 MB peak
[2017.03.03-13.52.35:601][  0]LogMemory: Process Virtual Memory: 264.14 MB used, 264.14 MB peak
[2017.03.03-13.52.35:601][  0]LogMemory: Physical Memory: 3851.56 MB used,  4248.62 MB free, 8100.18 MB total
[2017.03.03-13.52.35:601][  0]LogMemory: Virtual Memory: 662.44 MB used,  4248.62 MB free, 8388608.00 MB total
[2017.03.03-13.52.35:631][  0]LogTextLocalizationManager: No specific translations for ('en-US') exist, so ('en') translations will be used.
[2017.03.03-13.52.36:308][  0]LogD3D11RHI: D3D11 adapters:
[2017.03.03-13.52.36:318][  0]LogD3D11RHI:    0. 'Intel(R) HD Graphics 4600' (Feature Level 11_0)
[2017.03.03-13.52.36:318][  0]LogD3D11RHI:       64/0/1632 MB DedicatedVideo/DedicatedSystem/SharedSystem, Outputs:1, VendorId:0x8086
[2017.03.03-13.52.36:318][  0]LogD3D11RHI: Chosen D3D11 Adapter: 0
[2017.03.03-13.52.36:324][  0]LogD3D11RHI: Creating new Direct3DDevice
[2017.03.03-13.52.36:324][  0]LogD3D11RHI:     GPU DeviceId: 0x412 (for the marketing name, search the web for "GPU Device Id")
[2017.03.03-13.52.36:324][  0]LogWindows: EnumDisplayDevices:
[2017.03.03-13.52.36:324][  0]LogWindows:    0. 'Intel(R) HD Graphics 4600' (P:1 D:1)
[2017.03.03-13.52.36:324][  0]LogWindows:    1. 'Intel(R) HD Graphics 4600' (P:0 D:0)
[2017.03.03-13.52.36:324][  0]LogWindows:    2. 'Intel(R) HD Graphics 4600' (P:0 D:0)
[2017.03.03-13.52.36:324][  0]LogWindows:    3. 'RDPDD Chained DD' (P:0 D:0)
[2017.03.03-13.52.36:325][  0]LogWindows:    4. 'RDP Encoder Mirror Driver' (P:0 D:0)
[2017.03.03-13.52.36:325][  0]LogWindows:    5. 'RDP Reflector Display Driver' (P:0 D:0)
[2017.03.03-13.52.36:325][  0]LogWindows: DebugString: GetVideoDriverDetailsInvalid PrimaryIsNotTheChoosenAdapter GetVideoDriverDetailsInvalid PrimaryIsNotTheChoosenAdapter GetVideoDriverDetailsInvalid PrimaryIsNotTheChoosenAdapter FoundDriverCount:3 
[2017.03.03-13.52.36:325][  0]LogD3D11RHI:     Adapter Name: Intel(R) HD Graphics 4600
[2017.03.03-13.52.36:325][  0]LogD3D11RHI:   Driver Version: 10.18.14.4170 (internal:10.18.14.4170, unified:10.18.14.4170)
[2017.03.03-13.52.36:325][  0]LogD3D11RHI:      Driver Date: 3-16-2015
[2017.03.03-13.52.36:325][  0]LogRHI: Texture pool is 616 MB (70% of 880 MB)
[2017.03.03-13.52.36:333][  0]LogD3D11RHI: Async texture creation enabled
[2017.03.03-13.52.36:340][  0]LogD3D11RHI: GPU Timing Frequency: 12.500000 (Debug: 2 0)
[2017.03.03-13.52.36:340][  0]LogShaderCompilers: Guid format shader working directory is -8 characters bigger than the processId version (../../../../../../Users/NH008s/Saved Games/monkeywrench/Intermediate/Shaders/WorkingDirectory/3412/).
[2017.03.03-13.52.36:340][  0]LogShaderCompilers: Cleaned the shader compiler working directory 'C:/Users/NH008s/AppData/Local/Temp/UnrealShaderWorkingDir/667B605C4A7E91B7494EE0A246F938C1/'.
[2017.03.03-13.52.36:340][  0]LogShaderCompilers:Display: Using Local Shader Compiler.
[2017.03.03-13.52.37:610][  0]LogTemp:Display: Loaded TP AllDesktopTargetPlatform
[2017.03.03-13.52.37:665][  0]LogTemp:Display: Loaded TP MacClientTargetPlatform
[2017.03.03-13.52.37:719][  0]LogTemp:Display: Loaded TP MacNoEditorTargetPlatform
[2017.03.03-13.52.37:774][  0]LogTemp:Display: Loaded TP MacServerTargetPlatform
[2017.03.03-13.52.37:862][  0]LogTemp:Display: Loaded TP MacTargetPlatform
[2017.03.03-13.52.37:917][  0]LogTemp:Display: Loaded TP WindowsClientTargetPlatform
[2017.03.03-13.52.37:972][  0]LogTemp:Display: Loaded TP WindowsNoEditorTargetPlatform
[2017.03.03-13.52.38:028][  0]LogTemp:Display: Loaded TP WindowsServerTargetPlatform
[2017.03.03-13.52.38:072][  0]LogTemp:Display: Loaded TP WindowsTargetPlatform
[2017.03.03-13.52.38:127][  0]LogTemp:Display: Loaded TP AndroidTargetPlatform
[2017.03.03-13.52.38:184][  0]LogTemp:Display: Loaded TP Android_ASTCTargetPlatform
[2017.03.03-13.52.38:242][  0]LogTemp:Display: Loaded TP Android_ATCTargetPlatform
[2017.03.03-13.52.38:299][  0]LogTemp:Display: Loaded TP Android_DXTTargetPlatform
[2017.03.03-13.52.38:354][  0]LogTemp:Display: Loaded TP Android_ETC1TargetPlatform
[2017.03.03-13.52.38:410][  0]LogTemp:Display: Loaded TP Android_ETC2TargetPlatform
[2017.03.03-13.52.38:523][  0]LogTemp:Display: Loaded TP Android_MultiTargetPlatform
[2017.03.03-13.52.38:523][  0]LogTemp:Display: Loaded TP Android_PVRTCTargetPlatform
[2017.03.03-13.52.38:559][  0]LogTemp:Display: Loaded TP HTML5TargetPlatform
[2017.03.03-13.52.38:649][  0]LogTemp:Display: Loaded TP IOSTargetPlatform
[2017.03.03-13.52.38:690][  0]LogTemp:Display: Loaded TP TVOSTargetPlatform
[2017.03.03-13.52.38:748][  0]LogTemp:Display: Loaded TP LinuxClientTargetPlatform
[2017.03.03-13.52.38:801][  0]LogTemp:Display: Loaded TP LinuxNoEditorTargetPlatform
[2017.03.03-13.52.38:854][  0]LogTemp:Display: Loaded TP LinuxServerTargetPlatform
[2017.03.03-13.52.38:906][  0]LogTemp:Display: Loaded TP LinuxTargetPlatform
[2017.03.03-13.52.38:906][  0]LogTargetPlatformManager:Display: Building Assets For Windows
[2017.03.03-13.52.39:250][  0]LogDerivedDataCache:Display: Max Cache Size: 512 MB
[2017.03.03-13.52.39:316][  0]LogDerivedDataCache: Loaded boot cache 0.07s 64MB C:/Users/NH008s/AppData/Local/UnrealEngine/4.14/DerivedDataCache/Boot.ddc.
[2017.03.03-13.52.39:316][  0]LogDerivedDataCache:Display: Loaded Boot cache: C:/Users/NH008s/AppData/Local/UnrealEngine/4.14/DerivedDataCache/Boot.ddc
[2017.03.03-13.52.39:316][  0]LogDerivedDataCache: FDerivedDataBackendGraph:  Pak pak cache file ../../../../../../Users/NH008s/Saved Games/monkeywrench/DerivedDataCache/DDC.ddp not found, will not use a pak cache.
[2017.03.03-13.52.39:316][  0]LogDerivedDataCache: Unable to find inner node Pak for hierarchical cache Hierarchy.
[2017.03.03-13.52.39:316][  0]LogDerivedDataCache: FDerivedDataBackendGraph:  CompressedPak pak cache file ../../../../../../Users/NH008s/Saved Games/monkeywrench/DerivedDataCache/Compressed.ddp not found, will not use a pak cache.
[2017.03.03-13.52.39:316][  0]LogDerivedDataCache: Unable to find inner node CompressedPak for hierarchical cache Hierarchy.
[2017.03.03-13.52.39:337][  0]LogDerivedDataCache:Display: Pak cache opened for reading ../../../Engine/DerivedDataCache/Compressed.ddp.
[2017.03.03-13.52.39:348][  0]LogDerivedDataCache: Using Local data cache path C:/Users/NH008s/AppData/Local/UnrealEngine/Common/DerivedDataCache: Writable
[2017.03.03-13.52.39:556][  0]LogInit: Selected Device Profile: [Windows]
[2017.03.03-13.52.39:559][  0]LogContentStreaming: Texture pool size is 0.00 MB
[2017.03.03-13.52.39:774][  0]LogMeshUtilities: Using QuadricMeshReduction for automatic static mesh reduction
[2017.03.03-13.52.39:813][  0]LogSimplygon: Simplygon DLL not present - disabling.
[2017.03.03-13.52.39:853][  0]LogMeshUtilities: Using SimplygonSwarm for distributed automatic mesh merging
[2017.03.03-13.52.39:853][  0]LogMeshUtilities: No automatic skeletal mesh reduction module available
[2017.03.03-13.52.39:853][  0]LogMeshUtilities: No automatic mesh merging module available
[2017.03.03-13.52.40:511][  0]LogNetVersion: GetLocalNetworkVersion: CL: 3195953, ProjectName: monkeywrench, ProjectVersion: , EngineNetworkVersion: 2, GameNetworkVersion: 0, NetworkChecksum: 690626690
[2017.03.03-13.52.40:564][  0]LogAssetRegistry: FAssetRegistry took 0.0198 seconds to start up
[2017.03.03-13.52.40:604][  0]LogPackageLocalizationCache: Processed 3 localized package path(s) for 2 prioritized culture(s) in 0.021738 seconds
[2017.03.03-13.52.40:610][  0]LogUObjectArray: 31946 objects as part of root set at end of initial load.
[2017.03.03-13.52.40:610][  0]LogUObjectAllocator: 6935840 out of 0 bytes used by permanent object pool.
[2017.03.03-13.52.40:610][  0]LogUObjectArray: CloseDisregardForGC: 0/0 objects in disregard for GC pool
[2017.03.03-13.52.40:663][  0]LogInit: WinSock: version 1.1 (2.2), MaxSocks=32767, MaxUdp=65467
[2017.03.03-13.52.41:364][  0]LogSlate: Using Freetype 2.6.0
[2017.03.03-13.52.41:365][  0]LogSlate: SlateFontCache - WITH_FREETYPE: 1, WITH_HARFBUZZ: 1
[2017.03.03-13.52.41:365][  0]LogSlate: SlateFontCache - WITH_FREETYPE: 1, WITH_HARFBUZZ: 1
[2017.03.03-13.52.42:180][  0]LogTcpMessaging: Initializing TcpMessaging bridge
[2017.03.03-13.52.42:214][  0]LogUdpMessaging: Initializing bridge on interface 0.0.0.0:0 to multicast group 230.0.0.1:6666.
[2017.03.03-13.52.42:498][  0]LogMaterial: Uniform references updated for custom material expression Custom.
[2017.03.03-13.52.42:857][  0]SourceControl: Info Source control is disabled
[2017.03.03-13.52.44:480][  0]LogEngine: Initializing Engine...
[2017.03.03-13.52.44:481][  0]LogHMD: Failed to initialize OpenVR with code 110
[2017.03.03-13.52.44:723][  0]LogAIModule: Creating AISystem for world Untitled
[2017.03.03-13.52.44:732][  0]LogInit: No audio devices found!
[2017.03.03-13.52.44:767][  0]LogDerivedDataCache: Saved boot cache 0.03s 64MB C:/Users/NH008s/AppData/Local/UnrealEngine/4.14/DerivedDataCache/Boot.ddc.
[2017.03.03-13.52.44:772][  0]LogInit: Texture streaming: Enabled
[2017.03.03-13.52.44:976][  0]LogInit: Transaction tracking system initialized
[2017.03.03-13.52.45:283][  0]BlueprintLog: New page: Editor Load
[2017.03.03-13.52.46:060][  0]LocalizationService: Info Localization service is disabled
[2017.03.03-13.52.46:646][  0]LogConsoleResponse:Display: 
[2017.03.03-13.52.46:851][  0]LogCook:Display: Max memory allowance for cook 16384mb min free memory 0mb
[2017.03.03-13.52.46:851][  0]LogCook:Display: Mobile HDR setting 1
[2017.03.03-13.52.47:648][  0]LogFileCache: Scanning file cache for directory 'C:/Users/NH008s/Saved Games/monkeywrench/Content/' took 0.02s
[2017.03.03-13.52.47:793][  0]Cmd: MAP LOAD FILE="../../../../../../Users/NH008s/Saved Games/monkeywrench/Content/2DSideScrollerBP/Maps/2DSideScrollerExampleMap.umap" TEMPLATE=0 SHOWPROGRESS=1 FEATURELEVEL=3
[2017.03.03-13.52.47:794][  0]LightingResults: New page: Lighting Build
[2017.03.03-13.52.47:832][  0]MapCheck: New page: Map Check
[2017.03.03-13.52.47:832][  0]LightingResults: New page: Lighting Build
[2017.03.03-13.52.48:115][  0]LogTexture:Display: Building textures: monkey_jump_swing_3 (AutoDXT)
[2017.03.03-13.52.48:129][  0]LogTexture:Display: Building textures: monkey_jump_swing_2 (AutoDXT)
[2017.03.03-13.52.48:143][  0]LogTexture:Display: Building textures: monkey_jump_4 (AutoDXT)
[2017.03.03-13.52.48:158][  0]LogTexture:Display: Building textures: monkey_jump_3 (AutoDXT)
[2017.03.03-13.52.48:173][  0]LogTexture:Display: Building textures: monkey_jump_1 (AutoDXT)
[2017.03.03-13.52.48:187][  0]LogTexture:Display: Building textures: monkey_walk_away_3 (AutoDXT)
[2017.03.03-13.52.48:298][  0]LogTexture:Display: Building textures: Winter_lab_machinery_S5E5 (AutoDXT)
[2017.03.03-13.52.48:811][  0]LogTexture:Display: Building textures: metalplat (BGRA8)
[2017.03.03-13.52.48:822][  0]LogTexture:Display: Building textures: metalplat1 (BGRA8)
[2017.03.03-13.52.48:843][  0]LogTexture:Display: Building textures: 2DBackgroundBlockAtlas (AutoDXT)
[2017.03.03-13.52.49:060][  0]LogTexture:Display: Building textures: door (BGRA8)
[2017.03.03-13.52.49:123][  0]LogTexture:Display: Building textures: Steel_Cage02 (BGRA8)
[2017.03.03-13.52.49:205][  0]LogTexture:Display: Building textures: monkey_run_7 (AutoDXT)
[2017.03.03-13.52.49:219][  0]LogTexture:Display: Building textures: monkey_run_6 (AutoDXT)
[2017.03.03-13.52.49:235][  0]LogTexture:Display: Building textures: monkey_run_5 (AutoDXT)
[2017.03.03-13.52.49:250][  0]LogTexture:Display: Building textures: monkey_run_4 (AutoDXT)
[2017.03.03-13.52.49:265][  0]LogTexture:Display: Building textures: monkey_run_3 (AutoDXT)
[2017.03.03-13.52.49:279][  0]LogTexture:Display: Building textures: monkey_run_2 (AutoDXT)
[2017.03.03-13.52.49:293][  0]LogTexture:Display: Building textures: monkey_run_1 (AutoDXT)
[2017.03.03-13.52.49:308][  0]LogTexture:Display: Building textures: monkey_dead (AutoDXT)
[2017.03.03-13.52.49:324][  0]LogTexture:Display: Building textures: monkey_walk_away_1 (AutoDXT)
[2017.03.03-13.52.49:339][  0]LogTexture:Display: Building textures: monkey_walk_away_2 (AutoDXT)
[2017.03.03-13.52.49:355][  0]LogTexture:Display: Building textures: monkey_armsup (AutoDXT)
[2017.03.03-13.52.49:375][  0]LogTexture:Display: Building textures: monkey_armsup_happy (AutoDXT)
[2017.03.03-13.52.49:392][  0]LogTexture:Display: Building textures: monkey_jump_swing_ (AutoDXT)
[2017.03.03-13.52.49:407][  0]LogTexture:Display: Building textures: monkey_faceforward (AutoDXT)
[2017.03.03-13.52.49:486][  0]LogAIModule: Creating AISystem for world 2DSideScrollerExampleMap
[2017.03.03-13.52.49:561][  0]LogEditorServer: Finished looking for orphan Actors (0.000 secs)
[2017.03.03-13.52.49:580][  0]Cmd: MAP CHECKDEP NOCLEARLOG
[2017.03.03-13.52.49:618][  0]MapCheck: Info Map check complete: 0 Error(s), 0 Warning(s), took 38.31ms to complete.
[2017.03.03-13.52.49:618][  0]LogFileHelpers: Loading map '2DSideScrollerExampleMap' took 1.825
[2017.03.03-13.52.50:213][  0]LogCollectionManager: Loaded 0 collections in 0.001061 seconds
[2017.03.03-13.52.50:497][  0]LogFileCache: Scanning file cache for directory 'C:/Users/NH008s/Saved Games/monkeywrench/Saved/Collections/' took 0.01s
[2017.03.03-13.52.50:497][  0]LogFileCache: Scanning file cache for directory 'C:/Users/NH008s/Saved Games/monkeywrench/Content/Developers/NH008s/Collections/' took 0.01s
[2017.03.03-13.52.50:497][  0]LogFileCache: Scanning file cache for directory 'C:/Users/NH008s/Saved Games/monkeywrench/Content/Collections/' took 0.01s
[2017.03.03-13.52.50:497][  0]LogCollectionManager: Rebuilt the GUID cache for 0 collections in 0.000002 seconds
[2017.03.03-13.52.50:530][  0]LogContentBrowser: Native class hierarchy populated in 0.0303 seconds. Added 2190 classes and 428 folders.
[2017.03.03-13.52.50:581][  0]LogStats: UGameplayTagsManager::ConstructGameplayTagTree: Construct from data asset -  0.000 s
[2017.03.03-13.52.50:581][  0]LogStats: UGameplayTagsManager::ConstructGameplayTagTree: GameplayTagTreeChangedEvent.Broadcast -  0.000 s
[2017.03.03-13.52.50:600][  0]LogContentBrowser: Native class hierarchy updated for 'GameplayTags' in 0.0006 seconds. Added 13 classes and 0 folders.
[2017.03.03-13.52.50:696][  0]LogContentBrowser: Native class hierarchy updated for 'WidgetCarousel' in 0.0005 seconds. Added 0 classes and 0 folders.
[2017.03.03-13.52.51:096][  0]LogContentBrowser: Native class hierarchy updated for 'AddContentDialog' in 0.0005 seconds. Added 0 classes and 0 folders.
[2017.03.03-13.52.51:213][  0]LogContentBrowser: Native class hierarchy updated for 'SceneOutliner' in 0.0005 seconds. Added 1 classes and 2 folders.
[2017.03.03-13.52.51:922][  0]LogCrashTracker: Crashtracker disabled due to settings.
[2017.03.03-13.52.52:063][  0]LogTexture:Display: Building textures: Blueprint_64x (BGRA8)
[2017.03.03-13.52.52:065][  0]LogTexture:Display: Building textures: icon_Editor_Preferences_General_40x (BGRA8)
[2017.03.03-13.52.52:066][  0]LogTexture:Display: Building textures: Paper2DSprite_TutorialIcon (BGRA8)
[2017.03.03-13.52.52:069][  0]LogTexture:Display: Building textures: icon_ShowSkeletalMeshes_40x (BGRA8)
[2017.03.03-13.52.52:070][  0]LogTexture:Display: Building textures: Landscape (BGRA8)
[2017.03.03-13.52.52:072][  0]LogTexture:Display: Building textures: Foliage (BGRA8)
[2017.03.03-13.52.52:192][  0]LogContentBrowser: Native class hierarchy updated for 'HierarchicalLODOutliner' in 0.0006 seconds. Added 1 classes and 2 folders.
[2017.03.03-13.52.52:192][  0]LogLoad: (Engine Initialization) Total time: 18.38 seconds
[2017.03.03-13.52.52:192][  0]LogLoad: (Engine Initialization) Total Blueprint compile time: 0.16 seconds
[2017.03.03-13.52.52:192][  0]LogExternalProfiler: No external profilers were discovered.  External profiling features will not be available.
[2017.03.03-13.52.52:201][  0]LogOcInput: OculusInput pre-init called
[2017.03.03-13.52.52:340][  0]SourceControl: Info On branch master
[2017.03.03-13.52.52:340][  0]SourceControl: Info Your branch is up-to-date with 'origin/master'.
[2017.03.03-13.52.52:340][  0]SourceControl: Info Changes not staged for commit:
[2017.03.03-13.52.52:340][  0]SourceControl: Info   (use "git add/rm <file>..." to update what will be committed)
[2017.03.03-13.52.52:340][  0]SourceControl: Info   (use "git checkout -- <file>..." to discard changes in working directory)
[2017.03.03-13.52.52:340][  0]SourceControl: Info 	modified:   Intermediate/CachedAssetRegistry.bin
[2017.03.03-13.52.52:340][  0]SourceControl: Info 	modified:   Saved/Config/Windows/Editor.ini
[2017.03.03-13.52.52:340][  0]SourceControl: Info 	modified:   Saved/Config/Windows/Engine.ini
[2017.03.03-13.52.52:340][  0]SourceControl: Info 	deleted:    Saved/Logs/MonkeyWrench-backup-2017.03.01-09.33.19.log
[2017.03.03-13.52.52:340][  0]SourceControl: Info 	modified:   Saved/Logs/MonkeyWrench.log
[2017.03.03-13.52.52:340][  0]SourceControl: Info Untracked files:
[2017.03.03-13.52.52:340][  0]SourceControl: Info   (use "git add <file>..." to include in what will be committed)
[2017.03.03-13.52.52:340][  0]SourceControl: Info 	Saved/Logs/MonkeyWrench-backup-2017.03.03-08.52.35.log
[2017.03.03-13.52.52:340][  0]SourceControl: Info 	Saved/Logs/UE4CC-Windows-9E6133654B709071BB8458980EC98A6D/
[2017.03.03-13.52.52:340][  0]SourceControl: Info no changes added to commit (use "git add" and/or "git commit -a")
[2017.03.03-13.52.52:340][  0]LogContentStreaming: Texture pool size now 1000 MB
[2017.03.03-13.52.52:436][  0]LogTexture:Display: Building textures: icon_tab_Levels_40x (BGRA8)
[2017.03.03-13.52.52:681][  0]LogTexture:Display: Building textures: LevelGrid1DStripes (BGRA8)
[2017.03.03-13.52.52:936][  0]LogRenderer: Reallocating scene render targets to support 904x456 NumSamples 1 (Frame:2).
[2017.03.03-13.52.54:252][  1]LogFileCache: Retrieving MD5 hashes for directory 'C:/Users/NH008s/Saved Games/monkeywrench/Content/' took 2.02s
[2017.03.03-13.52.54:268][  1]LogAssetRegistry: Asset discovery search completed in 13.7255 seconds
[2017.03.03-13.52.54:268][  1]LogCollectionManager: Rebuilt the object cache for 0 collections in 0.000001 seconds (found 0 objects)
[2017.03.03-13.52.54:268][  1]LogCollectionManager: Fixed up redirectors for 0 collections in 0.000015 seconds (updated 0 objects)
[2017.03.03-13.53.37:189][509]LogSlate: Only BGRA pngs, bmps or icos are supported in by External Image Picker
[2017.03.03-13.53.37:639][515]LogTemp:Display: Executing iPhonePackager certificates Engine -bundlename com.YourCompany.MonkeyWrench

[2017.03.03-13.53.37:639][515]LogTemp:Display: CWD: C:\Program Files\Epic Games\UE_4.14\Engine\Binaries\DotNet\IOS

[2017.03.03-13.53.37:639][515]LogTemp:Display: Initial Dir: C:\Program Files\Epic Games\UE_4.14

[2017.03.03-13.53.37:639][515]LogTemp:Display: Env CWD: C:\Program Files\Epic Games\UE_4.14\Engine\Binaries\DotNet\IOS

[2017.03.03-13.53.37:643][515]LogTemp:Display: BranchPath = NH008-25/C/Program Files/Epic Games/UE_4.14/Engine/Binaries --- GameBranchPath = NH008-25/C/Program Files/Epic Games/UE_4.14/Engine/Binaries

[2017.03.03-13.53.38:198][531]LogTemp:Display: IPP ERROR: Application exception: System.IO.DirectoryNotFoundException: Could not find a part of the path 'C:\Users\NH008s\AppData\Local\Apple Computer\MobileDevice\Provisioning Profiles'.

[2017.03.03-13.53.38:198][531]LogTemp:Display:    at System.IO.__Error.WinIOError(Int32 errorCode, String maybeFullPath)

[2017.03.03-13.53.38:198][531]LogTemp:Display:    at System.IO.FileSystemEnumerableIterator`1.CommonInit()

[2017.03.03-13.53.38:198][531]LogTemp:Display:    at System.IO.FileSystemEnumerableIterator`1..ctor(String path, String originalUserPath, String searchPattern, SearchOption searchOption, SearchResultHandler`1 resultHandler, Boolean checkHost)

[2017.03.03-13.53.38:198][531]LogTemp:Display:    at System.IO.Directory.EnumerateFiles(String path, String searchPattern)

[2017.03.03-13.53.38:198][531]LogTemp:Display:    at iPhonePackager.CodeSignatureBuilder.FindProvisions(String CFBundleIdentifier)

[2017.03.03-13.53.38:198][531]LogTemp:Display:    at iPhonePackager.Program.Main(String[] args)

[2017.03.03-13.56.58:869][393]LogTexture:Display: Building textures: tiles_spritesheet (BGRA8)
[2017.03.03-13.56.58:970][393]LogTexture:Display: Building textures: metal (BGRA8)
[2017.03.03-13.56.58:982][393]LogTexture:Display: Building textures: sheet (BGRA8)
[2017.03.03-13.56.59:039][393]LogAIModule: Creating AISystem for world level_2
[2017.03.03-13.56.59:087][393]Cmd: MAP LOAD FILE="../../../../../../Users/NH008s/Saved Games/monkeywrench/Content/2DSideScrollerBP/Maps/level_2.umap" TEMPLATE=0 SHOWPROGRESS=1 FEATURELEVEL=3
[2017.03.03-13.56.59:087][393]LightingResults: New page: Lighting Build
[2017.03.03-13.56.59:087][393]LoadErrors: New page: Loading map: level_2.umap
[2017.03.03-13.56.59:088][393]MapCheck: New page: Map Check
[2017.03.03-13.56.59:088][393]LightingResults: New page: Lighting Build
[2017.03.03-13.56.59:104][393]LogEditorServer: Finished looking for orphan Actors (0.000 secs)
[2017.03.03-13.56.59:129][393]Cmd: MAP CHECKDEP NOCLEARLOG
[2017.03.03-13.56.59:172][393]MapCheck: Info Map check complete: 0 Error(s), 0 Warning(s), took 43.492ms to complete.
[2017.03.03-13.56.59:172][393]LogFileHelpers: Loading map 'level_2' took 0.086
[2017.03.03-13.57.01:639][469]LogAIModule: Creating AISystem for world Level02
[2017.03.03-13.57.01:650][469]Cmd: MAP LOAD FILE="../../../../../../Users/NH008s/Saved Games/monkeywrench/Content/2DSideScrollerBP/Maps/Level02.umap" TEMPLATE=0 SHOWPROGRESS=1 FEATURELEVEL=3
[2017.03.03-13.57.01:650][469]LightingResults: New page: Lighting Build
[2017.03.03-13.57.01:651][469]LoadErrors: New page: Loading map: Level02.umap
[2017.03.03-13.57.01:652][469]MapCheck: New page: Map Check
[2017.03.03-13.57.01:652][469]LightingResults: New page: Lighting Build
[2017.03.03-13.57.01:678][469]LogEditorServer: Finished looking for orphan Actors (0.000 secs)
[2017.03.03-13.57.01:700][469]Cmd: MAP CHECKDEP NOCLEARLOG
[2017.03.03-13.57.01:741][469]MapCheck: Info Map check complete: 0 Error(s), 0 Warning(s), took 41.267ms to complete.
[2017.03.03-13.57.01:741][469]LogFileHelpers: Loading map 'Level02' took 0.092
[2017.03.03-13.57.05:991][666]LightingResults: New page: Lighting Build
[2017.03.03-13.57.05:994][666]MapCheck: New page: Map Check
[2017.03.03-13.57.05:994][666]LightingResults: New page: Lighting Build
[2017.03.03-13.57.06:032][666]LogAIModule: Creating AISystem for world Untitled
[2017.03.03-13.57.06:035][666]LoadErrors: New page: New Map
[2017.03.03-13.57.06:039][666]LogAIModule: Creating AISystem for world Level02
[2017.03.03-13.57.06:756][666]SourceControl: Info rm 'Content/2DSideScrollerBP/Maps/Level02.umap'
[2017.03.03-13.57.11:729][890]LogAIModule: Creating AISystem for world Level02
[2017.03.03-13.57.14:390][ 28]SourceControl: Info rm 'Content/Level02.umap'
[2017.03.03-13.57.17:741][176]LogAIModule: Creating AISystem for world Level02
[2017.03.03-13.57.17:753][176]Cmd: MAP LOAD FILE="../../../../../../Users/NH008s/Saved Games/monkeywrench/Content/2DSideScrollerBP/Level02.umap" TEMPLATE=0 SHOWPROGRESS=1 FEATURELEVEL=3
[2017.03.03-13.57.17:753][176]LightingResults: New page: Lighting Build
[2017.03.03-13.57.17:753][176]LoadErrors: New page: Loading map: Level02.umap
[2017.03.03-13.57.17:754][176]MapCheck: New page: Map Check
[2017.03.03-13.57.17:754][176]LightingResults: New page: Lighting Build
[2017.03.03-13.57.17:767][176]LogEditorServer: Finished looking for orphan Actors (0.000 secs)
[2017.03.03-13.57.17:787][176]Cmd: MAP CHECKDEP NOCLEARLOG
[2017.03.03-13.57.17:832][176]MapCheck: Info Map check complete: 0 Error(s), 0 Warning(s), took 44.461ms to complete.
[2017.03.03-13.57.17:832][176]LogFileHelpers: Loading map 'Level02' took 0.080
[2017.03.03-13.57.21:751][397]LightingResults: New page: Lighting Build
[2017.03.03-13.57.21:761][397]MapCheck: New page: Map Check
[2017.03.03-13.57.21:761][397]LightingResults: New page: Lighting Build
[2017.03.03-13.57.21:774][397]LogAIModule: Creating AISystem for world Untitled
[2017.03.03-13.57.21:778][397]LoadErrors: New page: New Map
[2017.03.03-13.57.21:782][397]LogAIModule: Creating AISystem for world Level02
[2017.03.03-13.57.22:172][397]SourceControl: Info rm 'Content/2DSideScrollerBP/Level02.umap'
[2017.03.03-13.58.12:938][723]Cmd: OBJ SAVEPACKAGE PACKAGE="/Game/2DSideScrollerBP/Blueprints/exit_door2" FILE="../../../../../../Users/NH008s/Saved Games/monkeywrench/Content/2DSideScrollerBP/Blueprints/exit_door2.uasset" SILENT=true
[2017.03.03-13.58.12:973][723]LogSavePackage: Save=29.77ms
[2017.03.03-13.58.12:973][723]LogSavePackage: Moving '../../../../../../Users/NH008s/Saved Games/monkeywrench/Saved/exit_door2CEA4DD6047D4C302F4C4319AF7BD54AE.tmp' to '../../../../../../Users/NH008s/Saved Games/monkeywrench/Content/2DSideScrollerBP/Blueprints/exit_door2.uasset'
[2017.03.03-13.58.12:974][723]LogSavePackage:Display: Finished SavePackage ../../../../../../Users/NH008s/Saved Games/monkeywrench/Content/2DSideScrollerBP/Blueprints/exit_door2.uasset
[2017.03.03-13.58.16:036][812]LogContentBrowser: Native class hierarchy updated for 'BlueprintGraph' in 0.0010 seconds. Added 111 classes and 0 folders.
[2017.03.03-13.58.17:993][812]LogTexture:Display: Building textures: TilePatine_N (BC5)
[2017.03.03-13.58.18:096][812]LogTexture:Display: Building textures: TilePatine_D (AutoDXT)
[2017.03.03-13.58.40:718][706]LogAIModule: Creating AISystem for world 2DSideScrollerExampleMap
[2017.03.03-13.58.50:064][208]LogSpawn:Warning: UWorld::DestroyActor: World has no context! World: level_1, Actor: /Game/2DSideScrollerBP/Maps/level_1.level_1:PersistentLevel.2DSideScrollerExampleMap_C_1
[2017.03.03-13.58.50:153][208]LogAIModule: Creating AISystem for world level_1
[2017.03.03-13.58.50:360][208]LogSpawn:Warning: UWorld::DestroyActor: World has no context! World: level_1, Actor: /Game/2DSideScrollerBP/Maps/level_1.level_1:PersistentLevel.level_1_C_0
[2017.03.03-13.58.50:457][208]LogSavePackage: Save=98.68ms
[2017.03.03-13.58.50:457][208]LogSavePackage: Moving '../../../../../../Users/NH008s/Saved Games/monkeywrench/Saved/level_1CC44B51B4C2D4CE19E0563B679552196.tmp' to '../../../../../../Users/NH008s/Saved Games/monkeywrench/Content/2DSideScrollerBP/Maps/level_1.umap'
[2017.03.03-13.58.50:458][208]LogSavePackage:Display: Finished SavePackage ../../../../../../Users/NH008s/Saved Games/monkeywrench/Content/2DSideScrollerBP/Maps/level_1.umap
[2017.03.03-13.58.50:559][208]LogFileHelpers: Saving map 'level_1' took 0.282
[2017.03.03-13.59.22:384][532]Cmd: OBJ SAVEPACKAGE PACKAGE="/Game/2DSideScrollerBP/Blueprints/exit_door2" FILE="../../../../../../Users/NH008s/Saved Games/monkeywrench/Content/2DSideScrollerBP/Blueprints/exit_door2.uasset" SILENT=true
[2017.03.03-13.59.22:431][532]LogSavePackage: Save=37.22ms
[2017.03.03-13.59.22:431][532]LogSavePackage: Moving '../../../../../../Users/NH008s/Saved Games/monkeywrench/Saved/exit_door21978884B45AF163E73AA688270DFF31C.tmp' to '../../../../../../Users/NH008s/Saved Games/monkeywrench/Content/2DSideScrollerBP/Blueprints/exit_door2.uasset'
[2017.03.03-13.59.22:433][532]LogSavePackage:Display: Finished SavePackage ../../../../../../Users/NH008s/Saved Games/monkeywrench/Content/2DSideScrollerBP/Blueprints/exit_door2.uasset
[2017.03.03-13.59.22:897][553]BlueprintLog: New page: Compile exit_door2
[2017.03.03-13.59.30:627][799]LogSpawn:Warning: UWorld::DestroyActor: World has no context! World: level_1, Actor: /Game/2DSideScrollerBP/Maps/level_1.level_1:PersistentLevel.level_1_C_1
[2017.03.03-13.59.30:746][799]LogSavePackage: Save=120.36ms
[2017.03.03-13.59.30:746][799]LogSavePackage: Moving '../../../../../../Users/NH008s/Saved Games/monkeywrench/Saved/level_1E46DC75E49C7A82F0C94D48FA117FDD6.tmp' to '../../../../../../Users/NH008s/Saved Games/monkeywrench/Content/2DSideScrollerBP/Maps/level_1.umap'
[2017.03.03-13.59.30:747][799]LogSavePackage:Display: Finished SavePackage ../../../../../../Users/NH008s/Saved Games/monkeywrench/Content/2DSideScrollerBP/Maps/level_1.umap
[2017.03.03-13.59.30:755][799]LogFileHelpers: Saving map 'level_1' took 0.204
[2017.03.03-13.59.37:253][ 95]LogAIModule: Creating AISystem for world level_2
[2017.03.03-13.59.40:595][ 95]LogSpawn:Warning: UWorld::DestroyActor: World has no context! World: level_1, Actor: /Game/2DSideScrollerBP/Maps/level_1.level_1:PersistentLevel.level_1_C_0
[2017.03.03-13.59.40:688][ 95]LogSavePackage: Save=94.14ms
[2017.03.03-13.59.40:688][ 95]LogSavePackage: Moving '../../../../../../Users/NH008s/Saved Games/monkeywrench/Saved/level_1E8DA146C403385B50D2EE093520CF3AC.tmp' to '../../../../../../Users/NH008s/Saved Games/monkeywrench/Content/2DSideScrollerBP/Maps/level_1.umap'
[2017.03.03-13.59.40:689][ 95]LogSavePackage:Display: Finished SavePackage ../../../../../../Users/NH008s/Saved Games/monkeywrench/Content/2DSideScrollerBP/Maps/level_1.umap
[2017.03.03-13.59.40:693][ 95]LogFileHelpers: Saving map 'level_1' took 0.174
[2017.03.03-13.59.40:694][ 95]Cmd: MAP LOAD FILE="../../../../../../Users/NH008s/Saved Games/monkeywrench/Content/2DSideScrollerBP/Maps/level_2.umap" TEMPLATE=0 SHOWPROGRESS=1 FEATURELEVEL=3
[2017.03.03-13.59.40:694][ 95]LightingResults: New page: Lighting Build
[2017.03.03-13.59.40:695][ 95]LoadErrors: New page: Loading map: level_2.umap
[2017.03.03-13.59.40:695][ 95]MapCheck: New page: Map Check
[2017.03.03-13.59.40:695][ 95]LightingResults: New page: Lighting Build
[2017.03.03-13.59.43:474][ 95]LogEditorServer: Finished looking for orphan Actors (0.000 secs)
[2017.03.03-13.59.43:499][ 95]Cmd: MAP CHECKDEP NOCLEARLOG
[2017.03.03-13.59.43:546][ 95]MapCheck: Info Map check complete: 0 Error(s), 0 Warning(s), took 46.948ms to complete.
[2017.03.03-13.59.43:547][ 95]LogFileHelpers: Loading map 'level_2' took 2.854
[2017.03.03-14.00.13:345][359]LogEditorViewport: Clicking on Actor (LMB): PaperSpriteActor (Winter_lab_machinery_S5E5_Sprite_1)
[2017.03.03-14.00.14:791][389]LogEditorViewport: Clicking on Actor (LMB): exit_door2_C (exit_door2)
[2017.03.03-14.00.18:565][540]LogEditorViewport: Clicking on Actor (LMB): PaperSpriteActor (Winter_lab_machinery_S5E5_Sprite_1)
[2017.03.03-14.00.19:514][575]LogEditorViewport: Clicking on Actor (LMB): exit_door2_C (exit_door2)
[2017.03.03-14.00.23:700][746]LogEditorViewport: Clicking on Actor (LMB): PaperSpriteActor (Winter_lab_machinery_S5E5_Sprite_1)
[2017.03.03-14.00.24:865][788]LogEditorViewport: Clicking on Actor (LMB): exit_door2_C (exit_door2)
[2017.03.03-14.00.27:904][910]LogEditorViewport: Clicking on Actor (LMB): PaperSpriteActor (Winter_lab_machinery_S5E5_Sprite_1)
[2017.03.03-14.00.30:036][988]LogEditorViewport: Clicking on Actor (LMB): exit_door2_C (exit_door2)
[2017.03.03-14.00.41:557][465]LogEditorViewport: Clicking on Actor (LMB): PaperSpriteActor (Winter_lab_machinery_S5E5_Sprite_1)
[2017.03.03-14.00.42:614][502]LogEditorViewport: Clicking on Actor (LMB): exit_door2_C (exit_door2)
[2017.03.03-14.00.44:487][576]LogEditorViewport: Clicking on Actor (LMB): 2DSideScrollerCharacter_C (2DSideScrollerCharacter)
[2017.03.03-14.00.45:579][605]LogEditorViewport: Clicking on Actor (LMB): exit_door2_C (exit_door2)
[2017.03.03-14.00.49:396][757]LogEditorViewport: Clicking on Actor (LMB): PaperSpriteActor (Winter_lab_machinery_S5E5_Sprite_1)
[2017.03.03-14.00.54:861][958]LogEditorViewport: Clicking on Actor (LMB): exit_door2_C (exit_door2)
[2017.03.03-14.00.58:542][108]LogEditorViewport: Clicking on Actor (LMB): PaperSpriteActor (Winter_lab_machinery_S5E5_Sprite_1)
[2017.03.03-14.00.59:019][125]LogEditorViewport: Clicking on Actor (LMB): PaperSpriteActor (Winter_lab_machinery_S5E5_Sprite_1)
[2017.03.03-14.01.02:805][264]LogEditorViewport: Clicking on Actor (LMB): exit_door2_C (exit_door2)
[2017.03.03-14.01.05:512][374]LogTemp: Repeting last play command: New Editor Window (PIE)
[2017.03.03-14.01.05:551][374]LogBlueprintUserMessages: Early PlayInEditor Detection: Level '/Game/2DSideScrollerBP/Maps/level_2.level_2:PersistentLevel' has LevelScriptBlueprint '/Game/2DSideScrollerBP/Maps/level_2.level_2:PersistentLevel.level_2' with GeneratedClass '/Game/2DSideScrollerBP/Maps/level_2.level_2_C' with ClassGeneratedBy '/Game/2DSideScrollerBP/Maps/level_2.level_2:PersistentLevel.level_2'
[2017.03.03-14.01.05:587][374]LogPlayLevel: PlayLevel: No blueprints needed recompiling
[2017.03.03-14.01.05:606][374]PIE: New page: PIE session: level_2 (Mar 3, 2017, 4:01:05 AM)
[2017.03.03-14.01.05:606][374]LogPlayLevel: Creating play world package: /Game/2DSideScrollerBP/Maps/UEDPIE_0_level_2
[2017.03.03-14.01.05:608][374]LogPlayLevel: PIE: StaticDuplicateObject took: (0.002456s)
[2017.03.03-14.01.05:609][374]LogAIModule: Creating AISystem for world level_2
[2017.03.03-14.01.05:609][374]LogPlayLevel: PIE: World Init took: (0.000866s)
[2017.03.03-14.01.05:610][374]LogPlayLevel: PIE: Created PIE world by copying editor world from /Game/2DSideScrollerBP/Maps/level_2.level_2 to /Game/2DSideScrollerBP/Maps/UEDPIE_0_level_2.level_2 (0.003608s)
[2017.03.03-14.01.05:729][374]LogLoad: Game class is '2DSideScrollerGameMode_C'
[2017.03.03-14.01.05:841][374]LogWorld: Bringing World /Game/2DSideScrollerBP/Maps/UEDPIE_0_level_2.level_2 up for play (max tick rate 0) at 2017.03.03-09.01.05
[2017.03.03-14.01.05:854][374]LogWorld: Bringing up level for play took: 0.037881
[2017.03.03-14.01.05:976][374]LogContentBrowser: Native class hierarchy updated for 'MovieSceneCapture' in 0.0007 seconds. Added 11 classes and 0 folders.
[2017.03.03-14.01.05:980][374]PIE: Info Play in editor start time for /Game/2DSideScrollerBP/Maps/UEDPIE_0_level_2 0.153
[2017.03.03-14.01.05:980][374]LogBlueprintUserMessages: Late PlayInEditor Detection: Level '/Game/2DSideScrollerBP/Maps/level_2.level_2:PersistentLevel' has LevelScriptBlueprint '/Game/2DSideScrollerBP/Maps/level_2.level_2:PersistentLevel.level_2' with GeneratedClass '/Game/2DSideScrollerBP/Maps/level_2.level_2_C' with ClassGeneratedBy '/Game/2DSideScrollerBP/Maps/level_2.level_2:PersistentLevel.level_2'
[2017.03.03-14.01.06:060][374]LogRenderer: Reallocating scene render targets to support 1292x756 NumSamples 1 (Frame:12735).
[2017.03.03-14.01.09:432][440]LogNet: Browse: /Game/2DSideScrollerBP/Maps/level_1
[2017.03.03-14.01.09:432][440]LogLoad: LoadMap: /Game/2DSideScrollerBP/Maps/level_1
[2017.03.03-14.01.09:507][440]Cmd: MEM
[2017.03.03-14.01.09:540][440]LogMemory: Platform Memory Stats for Windows
[2017.03.03-14.01.09:540][440]LogMemory: Process Physical Memory: 2169.43 MB used, 2192.47 MB peak
[2017.03.03-14.01.09:540][440]LogMemory: Process Virtual Memory: 2110.37 MB used, 2118.56 MB peak
[2017.03.03-14.01.09:540][440]LogMemory: Physical Memory: 5618.95 MB used,  2481.23 MB free, 8100.18 MB total
[2017.03.03-14.01.09:540][440]LogMemory: Virtual Memory: 2850.79 MB used,  2481.23 MB free, 8388608.00 MB total
[2017.03.03-14.01.09:540][440]LogMemory: 
[2017.03.03-14.01.09:540][440]Allocator Stats for TBB: (not implemented)
[2017.03.03-14.01.09:542][440]LogPlayLevel: Creating play world package: /Game/2DSideScrollerBP/Maps/UEDPIE_0_level_1
[2017.03.03-14.01.09:545][440]LogPlayLevel: PIE: StaticDuplicateObject took: (0.002558s)
[2017.03.03-14.01.09:545][440]LogAIModule: Creating AISystem for world level_1
[2017.03.03-14.01.09:546][440]LogPlayLevel: PIE: World Init took: (0.000621s)
[2017.03.03-14.01.09:546][440]LogPlayLevel: PIE: Created PIE world by copying editor world from /Game/2DSideScrollerBP/Maps/level_1.level_1 to /Game/2DSideScrollerBP/Maps/UEDPIE_0_level_1.level_1 (0.003406s)
[2017.03.03-14.01.09:546][440]LogLoad: Game class is '2DSideScrollerGameMode_C'
[2017.03.03-14.01.09:549][440]LogWorld: Bringing World /Game/2DSideScrollerBP/Maps/UEDPIE_0_level_1.level_1 up for play (max tick rate 0) at 2017.03.03-09.01.09
[2017.03.03-14.01.09:549][440]LogWorld: Bringing up level for play took: 0.001614
[2017.03.03-14.01.09:550][440]LogLoad: Took 0.117935 seconds to LoadMap(/Game/2DSideScrollerBP/Maps/UEDPIE_0_level_1)
[2017.03.03-14.01.11:393][485]LogNet: Browse: /Game/2DSideScrollerBP/Maps/level_2
[2017.03.03-14.01.11:393][485]LogLoad: LoadMap: /Game/2DSideScrollerBP/Maps/level_2
[2017.03.03-14.01.11:452][485]Cmd: MEM
[2017.03.03-14.01.11:470][485]LogMemory: Platform Memory Stats for Windows
[2017.03.03-14.01.11:470][485]LogMemory: Process Physical Memory: 2169.47 MB used, 2192.47 MB peak
[2017.03.03-14.01.11:470][485]LogMemory: Process Virtual Memory: 2110.37 MB used, 2118.56 MB peak
[2017.03.03-14.01.11:470][485]LogMemory: Physical Memory: 5626.85 MB used,  2473.33 MB free, 8100.18 MB total
[2017.03.03-14.01.11:470][485]LogMemory: Virtual Memory: 2850.79 MB used,  2473.33 MB free, 8388608.00 MB total
[2017.03.03-14.01.11:470][485]LogMemory: 
[2017.03.03-14.01.11:470][485]Allocator Stats for TBB: (not implemented)
[2017.03.03-14.01.11:471][485]LogPlayLevel: Creating play world package: /Game/2DSideScrollerBP/Maps/UEDPIE_0_level_2
[2017.03.03-14.01.11:473][485]LogPlayLevel: PIE: StaticDuplicateObject took: (0.002694s)
[2017.03.03-14.01.11:474][485]LogAIModule: Creating AISystem for world level_2
[2017.03.03-14.01.11:474][485]LogPlayLevel: PIE: World Init took: (0.000695s)
[2017.03.03-14.01.11:474][485]LogPlayLevel: PIE: Created PIE world by copying editor world from /Game/2DSideScrollerBP/Maps/level_2.level_2 to /Game/2DSideScrollerBP/Maps/UEDPIE_0_level_2.level_2 (0.003742s)
[2017.03.03-14.01.11:474][485]LogLoad: Game class is '2DSideScrollerGameMode_C'
[2017.03.03-14.01.11:479][485]LogWorld: Bringing World /Game/2DSideScrollerBP/Maps/UEDPIE_0_level_2.level_2 up for play (max tick rate 0) at 2017.03.03-09.01.11
[2017.03.03-14.01.11:479][485]LogWorld: Bringing up level for play took: 0.003119
[2017.03.03-14.01.11:480][485]LogLoad: Took 0.086967 seconds to LoadMap(/Game/2DSideScrollerBP/Maps/UEDPIE_0_level_2)
[2017.03.03-14.01.13:392][531]LogNet: Browse: /Game/2DSideScrollerBP/Maps/level_1
[2017.03.03-14.01.13:392][531]LogLoad: LoadMap: /Game/2DSideScrollerBP/Maps/level_1
[2017.03.03-14.01.13:454][531]Cmd: MEM
[2017.03.03-14.01.13:468][531]LogMemory: Platform Memory Stats for Windows
[2017.03.03-14.01.13:468][531]LogMemory: Process Physical Memory: 2169.48 MB used, 2192.47 MB peak
[2017.03.03-14.01.13:468][531]LogMemory: Process Virtual Memory: 2110.37 MB used, 2118.56 MB peak
[2017.03.03-14.01.13:468][531]LogMemory: Physical Memory: 5626.83 MB used,  2473.35 MB free, 8100.18 MB total
[2017.03.03-14.01.13:468][531]LogMemory: Virtual Memory: 2850.79 MB used,  2473.35 MB free, 8388608.00 MB total
[2017.03.03-14.01.13:468][531]LogMemory: 
[2017.03.03-14.01.13:468][531]Allocator Stats for TBB: (not implemented)
[2017.03.03-14.01.13:468][531]LogPlayLevel: Creating play world package: /Game/2DSideScrollerBP/Maps/UEDPIE_0_level_1
[2017.03.03-14.01.13:472][531]LogPlayLevel: PIE: StaticDuplicateObject took: (0.003803s)
[2017.03.03-14.01.13:473][531]LogAIModule: Creating AISystem for world level_1
[2017.03.03-14.01.13:473][531]LogPlayLevel: PIE: World Init took: (0.000642s)
[2017.03.03-14.01.13:473][531]LogPlayLevel: PIE: Created PIE world by copying editor world from /Game/2DSideScrollerBP/Maps/level_1.level_1 to /Game/2DSideScrollerBP/Maps/UEDPIE_0_level_1.level_1 (0.004799s)
[2017.03.03-14.01.13:473][531]LogLoad: Game class is '2DSideScrollerGameMode_C'
[2017.03.03-14.01.13:477][531]LogWorld: Bringing World /Game/2DSideScrollerBP/Maps/UEDPIE_0_level_1.level_1 up for play (max tick rate 0) at 2017.03.03-09.01.13
[2017.03.03-14.01.13:477][531]LogWorld: Bringing up level for play took: 0.002058
[2017.03.03-14.01.13:478][531]LogLoad: Took 0.086408 seconds to LoadMap(/Game/2DSideScrollerBP/Maps/UEDPIE_0_level_1)
[2017.03.03-14.01.15:826][587]LogNet: Browse: /Game/2DSideScrollerBP/Maps/level_2
[2017.03.03-14.01.15:826][587]LogLoad: LoadMap: /Game/2DSideScrollerBP/Maps/level_2
[2017.03.03-14.01.15:884][587]Cmd: MEM
[2017.03.03-14.01.15:902][587]LogMemory: Platform Memory Stats for Windows
[2017.03.03-14.01.15:902][587]LogMemory: Process Physical Memory: 2169.51 MB used, 2192.47 MB peak
[2017.03.03-14.01.15:902][587]LogMemory: Process Virtual Memory: 2110.37 MB used, 2118.56 MB peak
[2017.03.03-14.01.15:902][587]LogMemory: Physical Memory: 5627.77 MB used,  2472.41 MB free, 8100.18 MB total
[2017.03.03-14.01.15:902][587]LogMemory: Virtual Memory: 2850.79 MB used,  2472.41 MB free, 8388608.00 MB total
[2017.03.03-14.01.15:902][587]LogMemory: 
[2017.03.03-14.01.15:902][587]Allocator Stats for TBB: (not implemented)
[2017.03.03-14.01.15:902][587]LogPlayLevel: Creating play world package: /Game/2DSideScrollerBP/Maps/UEDPIE_0_level_2
[2017.03.03-14.01.15:905][587]LogPlayLevel: PIE: StaticDuplicateObject took: (0.002800s)
[2017.03.03-14.01.15:906][587]LogAIModule: Creating AISystem for world level_2
[2017.03.03-14.01.15:906][587]LogPlayLevel: PIE: World Init took: (0.000753s)
[2017.03.03-14.01.15:906][587]LogPlayLevel: PIE: Created PIE world by copying editor world from /Game/2DSideScrollerBP/Maps/level_2.level_2 to /Game/2DSideScrollerBP/Maps/UEDPIE_0_level_2.level_2 (0.003917s)
[2017.03.03-14.01.15:906][587]LogLoad: Game class is '2DSideScrollerGameMode_C'
[2017.03.03-14.01.15:910][587]LogWorld: Bringing World /Game/2DSideScrollerBP/Maps/UEDPIE_0_level_2.level_2 up for play (max tick rate 0) at 2017.03.03-09.01.15
[2017.03.03-14.01.15:910][587]LogWorld: Bringing up level for play took: 0.002124
[2017.03.03-14.01.15:911][587]LogLoad: Took 0.084863 seconds to LoadMap(/Game/2DSideScrollerBP/Maps/UEDPIE_0_level_2)
[2017.03.03-14.01.22:557][743]LogBlueprintUserMessages: Early EndPlayMap Detection: Level '/Game/2DSideScrollerBP/Maps/level_2.level_2:PersistentLevel' has LevelScriptBlueprint '/Game/2DSideScrollerBP/Maps/level_2.level_2:PersistentLevel.level_2' with GeneratedClass '/Game/2DSideScrollerBP/Maps/level_2.level_2_C' with ClassGeneratedBy '/Game/2DSideScrollerBP/Maps/level_2.level_2:PersistentLevel.level_2'
[2017.03.03-14.01.22:677][743]LogBlueprintUserMessages: Late EndPlayMap Detection: Level '/Game/2DSideScrollerBP/Maps/level_2.level_2:PersistentLevel' has LevelScriptBlueprint '/Game/2DSideScrollerBP/Maps/level_2.level_2:PersistentLevel.level_2' with GeneratedClass '/Game/2DSideScrollerBP/Maps/level_2.level_2_C' with ClassGeneratedBy '/Game/2DSideScrollerBP/Maps/level_2.level_2:PersistentLevel.level_2'
[2017.03.03-14.01.27:649][912]LogEditorViewport: Clicking on Actor (LMB): cage_trap_C (cage_trap)
[2017.03.03-14.01.28:331][932]LogEditorViewport: Clicking on Actor (context menu): cage_trap_C (cage_trap)
[2017.03.03-14.01.31:685][229]LogEditorViewport: Clicking on Actor (LMB): PaperSpriteActor (Winter_lab_machinery_S5E5_Sprite_1)
[2017.03.03-14.01.32:654][256]LogEditorViewport: Clicking on Actor (LMB): PaperSpriteActor (Winter_lab_machinery_S5E5_Sprite_1)
[2017.03.03-14.01.33:456][281]LogEditorViewport: Clicking on Actor (LMB): cage_trap_C (cage_trap)
[2017.03.03-14.01.34:941][329]Cmd: DELETE
[2017.03.03-14.01.34:941][329]Cmd: ACTOR DELETE
[2017.03.03-14.01.34:949][329]LogEditorActor: Deleted Actor: cage_trap_C
[2017.03.03-14.01.34:968][329]LogEditorActor: Deleted 1 Actors (0.019 secs)
[2017.03.03-14.01.50:808][894]LogEditorViewport: Clicking on Actor (LMB): PaperSpriteActor (Winter_lab_machinery_S5E5_Sprite_1)
[2017.03.03-14.01.51:385][912]LogEditorViewport: Clicking on Actor (LMB): PaperSpriteActor (Winter_lab_machinery_S5E5_Sprite_1)
[2017.03.03-14.01.51:928][929]LogEditorViewport: Clicking on Actor (LMB): PaperSpriteActor (Winter_lab_machinery_S5E5_Sprite_1)
[2017.03.03-14.01.52:473][946]LogEditorViewport: Clicking on Actor (LMB): PaperSpriteActor (metalplat1_Sprite4)
[2017.03.03-14.02.09:248][627]LogEditorViewport: Clicking on Actor (context menu): PaperSpriteActor (Winter_lab_machinery_S5E5_Sprite_1)
[2017.03.03-14.02.10:063][691]LogEditorViewport: Clicking on Actor (LMB): PaperSpriteActor (metalplat1_Sprite4)
[2017.03.03-14.02.10:807][711]LogEditorViewport: Clicking on Actor (LMB): PaperSpriteActor (sheet_Sprite_45)
[2017.03.03-14.02.14:422][815]LogEditorViewport: Clicking on Actor (LMB): PaperSpriteActor (Winter_lab_machinery_S5E5_Sprite_1)
[2017.03.03-14.02.26:774][109]LogEditorViewport: Clicking Background
[2017.03.03-14.02.27:262][124]Cmd: TRANSACTION UNDO
[2017.03.03-14.02.27:262][124]LogEditorTransaction: Undo Clicking Background
[2017.03.03-14.02.28:507][225]Cmd: TRANSACTION UNDO
[2017.03.03-14.02.28:507][225]LogEditorTransaction: Undo Set actor location
[2017.03.03-14.02.30:202][273]LogEditorViewport: Clicking on Actor (LMB): cage_trap_C (cage_trap)
[2017.03.03-14.02.41:743][614]LogEditorViewport: Clicking on Actor (LMB): PaperSpriteActor (Winter_lab_machinery_S5E5_Sprite_1)
[2017.03.03-14.02.42:413][632]LogEditorViewport: Clicking on Actor (LMB): PaperSpriteActor (Winter_lab_machinery_S5E5_Sprite_1)
[2017.03.03-14.02.43:038][649]LogEditorViewport: Clicking on Actor (LMB): PaperSpriteActor (metalplat1_Sprite4)
[2017.03.03-14.02.44:855][701]Cmd: SELECT NONE
[2017.03.03-14.02.45:970][735]LogTemp: Repeting last play command: New Editor Window (PIE)
[2017.03.03-14.02.45:982][735]LogBlueprintUserMessages: Early PlayInEditor Detection: Level '/Game/2DSideScrollerBP/Maps/level_2.level_2:PersistentLevel' has LevelScriptBlueprint '/Game/2DSideScrollerBP/Maps/level_2.level_2:PersistentLevel.level_2' with GeneratedClass '/Game/2DSideScrollerBP/Maps/level_2.level_2_C' with ClassGeneratedBy '/Game/2DSideScrollerBP/Maps/level_2.level_2:PersistentLevel.level_2'
[2017.03.03-14.02.45:982][735]LogPlayLevel: PlayLevel: No blueprints needed recompiling
[2017.03.03-14.02.45:983][735]PIE: New page: PIE session: level_2 (Mar 3, 2017, 4:02:45 AM)
[2017.03.03-14.02.45:983][735]LogPlayLevel: Creating play world package: /Game/2DSideScrollerBP/Maps/UEDPIE_0_level_2
[2017.03.03-14.02.45:985][735]LogPlayLevel: PIE: StaticDuplicateObject took: (0.002752s)
[2017.03.03-14.02.45:986][735]LogAIModule: Creating AISystem for world level_2
[2017.03.03-14.02.45:986][735]LogPlayLevel: PIE: World Init took: (0.000756s)
[2017.03.03-14.02.45:986][735]LogPlayLevel: PIE: Created PIE world by copying editor world from /Game/2DSideScrollerBP/Maps/level_2.level_2 to /Game/2DSideScrollerBP/Maps/UEDPIE_0_level_2.level_2 (0.003778s)
[2017.03.03-14.02.46:041][735]LogLoad: Game class is '2DSideScrollerGameMode_C'
[2017.03.03-14.02.46:044][735]LogWorld: Bringing World /Game/2DSideScrollerBP/Maps/UEDPIE_0_level_2.level_2 up for play (max tick rate 0) at 2017.03.03-09.02.46
[2017.03.03-14.02.46:044][735]LogWorld: Bringing up level for play took: 0.002570
[2017.03.03-14.02.46:049][735]PIE: Info Play in editor start time for /Game/2DSideScrollerBP/Maps/UEDPIE_0_level_2 0.223
[2017.03.03-14.02.46:049][735]LogBlueprintUserMessages: Late PlayInEditor Detection: Level '/Game/2DSideScrollerBP/Maps/level_2.level_2:PersistentLevel' has LevelScriptBlueprint '/Game/2DSideScrollerBP/Maps/level_2.level_2:PersistentLevel.level_2' with GeneratedClass '/Game/2DSideScrollerBP/Maps/level_2.level_2_C' with ClassGeneratedBy '/Game/2DSideScrollerBP/Maps/level_2.level_2:PersistentLevel.level_2'
[2017.03.03-14.02.56:997][987]LogBlueprintUserMessages: Early EndPlayMap Detection: Level '/Game/2DSideScrollerBP/Maps/level_2.level_2:PersistentLevel' has LevelScriptBlueprint '/Game/2DSideScrollerBP/Maps/level_2.level_2:PersistentLevel.level_2' with GeneratedClass '/Game/2DSideScrollerBP/Maps/level_2.level_2_C' with ClassGeneratedBy '/Game/2DSideScrollerBP/Maps/level_2.level_2:PersistentLevel.level_2'
[2017.03.03-14.02.57:091][987]LogBlueprintUserMessages: Late EndPlayMap Detection: Level '/Game/2DSideScrollerBP/Maps/level_2.level_2:PersistentLevel' has LevelScriptBlueprint '/Game/2DSideScrollerBP/Maps/level_2.level_2:PersistentLevel.level_2' with GeneratedClass '/Game/2DSideScrollerBP/Maps/level_2.level_2_C' with ClassGeneratedBy '/Game/2DSideScrollerBP/Maps/level_2.level_2:PersistentLevel.level_2'
[2017.03.03-14.02.59:033][ 50]LogEditorViewport: Clicking on Actor (LMB): PaperSpriteActor (Winter_lab_machinery_S5E5_Sprite_1)
[2017.03.03-14.02.59:723][ 68]LogEditorViewport: Clicking on Actor (LMB): cage_trap_C (cage_trap)
[2017.03.03-14.03.05:530][244]LogEditorViewport: Clicking on Actor (LMB): PaperSpriteActor (tiles_spritesheet_Sprite_126)
[2017.03.03-14.03.07:640][307]LogEditorViewport: Clicking on Actor (LMB): cage_trap_C (cage_trap)
[2017.03.03-14.03.19:168][657]LogEditorViewport: Clicking on Actor (LMB): cage_trap_C (cage_trap)
[2017.03.03-14.03.19:797][677]LogEditorViewport: Clicking on Actor (LMB): cage_trap_C (cage_trap)
[2017.03.03-14.03.20:438][696]LogEditorViewport: Clicking on Actor (LMB): PaperSpriteActor (Winter_lab_machinery_S5E5_Sprite_1)
[2017.03.03-14.03.24:327][807]LogEditorViewport: Clicking on Actor (LMB): PaperSpriteActor (Winter_lab_machinery_S5E5_Sprite_1)
[2017.03.03-14.03.24:972][826]LogEditorViewport: Clicking on Actor (LMB): cage_trap_C (cage_trap)
[2017.03.03-14.03.29:443][960]LogEditorViewport: Clicking on Actor (LMB): PaperSpriteActor (Winter_lab_machinery_S5E5_Sprite_1)
[2017.03.03-14.03.30:001][976]LogEditorViewport: Clicking on Actor (LMB): PaperSpriteActor (Winter_lab_machinery_S5E5_Sprite_1)
[2017.03.03-14.03.32:001][ 34]LogTemp: Repeting last play command: New Editor Window (PIE)
[2017.03.03-14.03.32:012][ 34]LogBlueprintUserMessages: Early PlayInEditor Detection: Level '/Game/2DSideScrollerBP/Maps/level_2.level_2:PersistentLevel' has LevelScriptBlueprint '/Game/2DSideScrollerBP/Maps/level_2.level_2:PersistentLevel.level_2' with GeneratedClass '/Game/2DSideScrollerBP/Maps/level_2.level_2_C' with ClassGeneratedBy '/Game/2DSideScrollerBP/Maps/level_2.level_2:PersistentLevel.level_2'
[2017.03.03-14.03.32:013][ 34]LogPlayLevel: PlayLevel: No blueprints needed recompiling
[2017.03.03-14.03.32:013][ 34]PIE: New page: PIE session: level_2 (Mar 3, 2017, 4:03:32 AM)
[2017.03.03-14.03.32:013][ 34]LogPlayLevel: Creating play world package: /Game/2DSideScrollerBP/Maps/UEDPIE_0_level_2
[2017.03.03-14.03.32:017][ 34]LogPlayLevel: PIE: StaticDuplicateObject took: (0.003915s)
[2017.03.03-14.03.32:018][ 34]LogAIModule: Creating AISystem for world level_2
[2017.03.03-14.03.32:018][ 34]LogPlayLevel: PIE: World Init took: (0.000694s)
[2017.03.03-14.03.32:018][ 34]LogPlayLevel: PIE: Created PIE world by copying editor world from /Game/2DSideScrollerBP/Maps/level_2.level_2 to /Game/2DSideScrollerBP/Maps/UEDPIE_0_level_2.level_2 (0.004866s)
[2017.03.03-14.03.32:073][ 34]LogLoad: Game class is '2DSideScrollerGameMode_C'
[2017.03.03-14.03.32:077][ 34]LogWorld: Bringing World /Game/2DSideScrollerBP/Maps/UEDPIE_0_level_2.level_2 up for play (max tick rate 0) at 2017.03.03-09.03.32
[2017.03.03-14.03.32:077][ 34]LogWorld: Bringing up level for play took: 0.002575
[2017.03.03-14.03.32:081][ 34]PIE: Info Play in editor start time for /Game/2DSideScrollerBP/Maps/UEDPIE_0_level_2 0.256
[2017.03.03-14.03.32:082][ 34]LogBlueprintUserMessages: Late PlayInEditor Detection: Level '/Game/2DSideScrollerBP/Maps/level_2.level_2:PersistentLevel' has LevelScriptBlueprint '/Game/2DSideScrollerBP/Maps/level_2.level_2:PersistentLevel.level_2' with GeneratedClass '/Game/2DSideScrollerBP/Maps/level_2.level_2_C' with ClassGeneratedBy '/Game/2DSideScrollerBP/Maps/level_2.level_2:PersistentLevel.level_2'
[2017.03.03-14.03.40:076][220]LogNet: Browse: /Game/2DSideScrollerBP/Maps/level_2
[2017.03.03-14.03.40:076][220]LogLoad: LoadMap: /Game/2DSideScrollerBP/Maps/level_2
[2017.03.03-14.03.40:138][220]Cmd: MEM
[2017.03.03-14.03.40:155][220]LogMemory: Platform Memory Stats for Windows
[2017.03.03-14.03.40:155][220]LogMemory: Process Physical Memory: 2169.73 MB used, 2192.47 MB peak
[2017.03.03-14.03.40:155][220]LogMemory: Process Virtual Memory: 2114.86 MB used, 2127.35 MB peak
[2017.03.03-14.03.40:155][220]LogMemory: Physical Memory: 6009.51 MB used,  2090.67 MB free, 8100.18 MB total
[2017.03.03-14.03.40:156][220]LogMemory: Virtual Memory: 2850.24 MB used,  2090.67 MB free, 8388608.00 MB total
[2017.03.03-14.03.40:156][220]LogMemory: 
[2017.03.03-14.03.40:156][220]Allocator Stats for TBB: (not implemented)
[2017.03.03-14.03.40:156][220]LogPlayLevel: Creating play world package: /Game/2DSideScrollerBP/Maps/UEDPIE_0_level_2
[2017.03.03-14.03.40:159][220]LogPlayLevel: PIE: StaticDuplicateObject took: (0.003309s)
[2017.03.03-14.03.40:160][220]LogAIModule: Creating AISystem for world level_2
[2017.03.03-14.03.40:160][220]LogPlayLevel: PIE: World Init took: (0.000812s)
[2017.03.03-14.03.40:160][220]LogPlayLevel: PIE: Created PIE world by copying editor world from /Game/2DSideScrollerBP/Maps/level_2.level_2 to /Game/2DSideScrollerBP/Maps/UEDPIE_0_level_2.level_2 (0.004443s)
[2017.03.03-14.03.40:160][220]LogLoad: Game class is '2DSideScrollerGameMode_C'
[2017.03.03-14.03.40:163][220]LogWorld: Bringing World /Game/2DSideScrollerBP/Maps/UEDPIE_0_level_2.level_2 up for play (max tick rate 0) at 2017.03.03-09.03.40
[2017.03.03-14.03.40:164][220]LogWorld: Bringing up level for play took: 0.001837
[2017.03.03-14.03.40:165][220]LogLoad: Took 0.088282 seconds to LoadMap(/Game/2DSideScrollerBP/Maps/UEDPIE_0_level_2)
[2017.03.03-14.03.48:732][422]LogNet: Browse: /Game/2DSideScrollerBP/Maps/level_2
[2017.03.03-14.03.48:732][422]LogLoad: LoadMap: /Game/2DSideScrollerBP/Maps/level_2
[2017.03.03-14.03.48:798][422]Cmd: MEM
[2017.03.03-14.03.48:813][422]LogMemory: Platform Memory Stats for Windows
[2017.03.03-14.03.48:813][422]LogMemory: Process Physical Memory: 2169.74 MB used, 2192.47 MB peak
[2017.03.03-14.03.48:813][422]LogMemory: Process Virtual Memory: 2114.86 MB used, 2127.35 MB peak
[2017.03.03-14.03.48:813][422]LogMemory: Physical Memory: 6022.64 MB used,  2077.54 MB free, 8100.18 MB total
[2017.03.03-14.03.48:813][422]LogMemory: Virtual Memory: 2850.24 MB used,  2077.54 MB free, 8388608.00 MB total
[2017.03.03-14.03.48:813][422]LogMemory: 
[2017.03.03-14.03.48:813][422]Allocator Stats for TBB: (not implemented)
[2017.03.03-14.03.48:813][422]LogPlayLevel: Creating play world package: /Game/2DSideScrollerBP/Maps/UEDPIE_0_level_2
[2017.03.03-14.03.48:816][422]LogPlayLevel: PIE: StaticDuplicateObject took: (0.002870s)
[2017.03.03-14.03.48:816][422]LogAIModule: Creating AISystem for world level_2
[2017.03.03-14.03.48:816][422]LogPlayLevel: PIE: World Init took: (0.000562s)
[2017.03.03-14.03.48:816][422]LogPlayLevel: PIE: Created PIE world by copying editor world from /Game/2DSideScrollerBP/Maps/level_2.level_2 to /Game/2DSideScrollerBP/Maps/UEDPIE_0_level_2.level_2 (0.003644s)
[2017.03.03-14.03.48:816][422]LogLoad: Game class is '2DSideScrollerGameMode_C'
[2017.03.03-14.03.48:819][422]LogWorld: Bringing World /Game/2DSideScrollerBP/Maps/UEDPIE_0_level_2.level_2 up for play (max tick rate 0) at 2017.03.03-09.03.48
[2017.03.03-14.03.48:820][422]LogWorld: Bringing up level for play took: 0.001717
[2017.03.03-14.03.48:821][422]LogLoad: Took 0.088654 seconds to LoadMap(/Game/2DSideScrollerBP/Maps/UEDPIE_0_level_2)
[2017.03.03-14.03.49:868][448]LogBlueprintUserMessages: Early EndPlayMap Detection: Level '/Game/2DSideScrollerBP/Maps/level_2.level_2:PersistentLevel' has LevelScriptBlueprint '/Game/2DSideScrollerBP/Maps/level_2.level_2:PersistentLevel.level_2' with GeneratedClass '/Game/2DSideScrollerBP/Maps/level_2.level_2_C' with ClassGeneratedBy '/Game/2DSideScrollerBP/Maps/level_2.level_2:PersistentLevel.level_2'
[2017.03.03-14.03.49:980][448]LogBlueprintUserMessages: Late EndPlayMap Detection: Level '/Game/2DSideScrollerBP/Maps/level_2.level_2:PersistentLevel' has LevelScriptBlueprint '/Game/2DSideScrollerBP/Maps/level_2.level_2:PersistentLevel.level_2' with GeneratedClass '/Game/2DSideScrollerBP/Maps/level_2.level_2_C' with ClassGeneratedBy '/Game/2DSideScrollerBP/Maps/level_2.level_2:PersistentLevel.level_2'
[2017.03.03-14.03.53:849][565]LogEditorViewport: Clicking on Actor (LMB): PaperSpriteActor (Winter_lab_machinery_S5E5_Sprite_1)
[2017.03.03-14.03.55:054][600]LogEditorViewport: Clicking on Actor (LMB): cage_trap_C (cage_trap)
[2017.03.03-14.03.55:180][600]LogEditorViewport: Clicking on Component (LMB): PaperSpriteComponent (PaperSprite)
[2017.03.03-14.04.13:245][234]Cmd: OBJ SAVEPACKAGE PACKAGE="/Game/2DSideScrollerBP/Blueprints/cage_trap" FILE="../../../../../../Users/NH008s/Saved Games/monkeywrench/Content/2DSideScrollerBP/Blueprints/cage_trap.uasset" SILENT=true
[2017.03.03-14.04.13:316][234]LogSavePackage: Save=60.57ms
[2017.03.03-14.04.13:316][234]LogSavePackage: Moving '../../../../../../Users/NH008s/Saved Games/monkeywrench/Saved/cage_trap273045FC4A4363141EF9E691E2FEE620.tmp' to '../../../../../../Users/NH008s/Saved Games/monkeywrench/Content/2DSideScrollerBP/Blueprints/cage_trap.uasset'
[2017.03.03-14.04.13:318][234]LogSavePackage:Display: Finished SavePackage ../../../../../../Users/NH008s/Saved Games/monkeywrench/Content/2DSideScrollerBP/Blueprints/cage_trap.uasset
[2017.03.03-14.04.17:157][346]LogTemp: Repeting last play command: New Editor Window (PIE)
[2017.03.03-14.04.17:168][346]LogBlueprintUserMessages: Early PlayInEditor Detection: Level '/Game/2DSideScrollerBP/Maps/level_2.level_2:PersistentLevel' has LevelScriptBlueprint '/Game/2DSideScrollerBP/Maps/level_2.level_2:PersistentLevel.level_2' with GeneratedClass '/Game/2DSideScrollerBP/Maps/level_2.level_2_C' with ClassGeneratedBy '/Game/2DSideScrollerBP/Maps/level_2.level_2:PersistentLevel.level_2'
[2017.03.03-14.04.17:168][346]BlueprintLog: New page: Pre-Play auto-recompile
[2017.03.03-14.04.17:168][346]LogPlayLevel: [PlayLevel] Compiling cage_trap before play...
[2017.03.03-14.04.17:317][346]LogPlayLevel: PlayLevel: Blueprint regeneration took 148 ms (1 blueprints)
[2017.03.03-14.04.17:317][346]PIE: New page: PIE session: level_2 (Mar 3, 2017, 4:04:17 AM)
[2017.03.03-14.04.17:317][346]LogPlayLevel: Creating play world package: /Game/2DSideScrollerBP/Maps/UEDPIE_0_level_2
[2017.03.03-14.04.17:319][346]LogPlayLevel: PIE: StaticDuplicateObject took: (0.002362s)
[2017.03.03-14.04.17:321][346]LogAIModule: Creating AISystem for world level_2
[2017.03.03-14.04.17:321][346]LogPlayLevel: PIE: World Init took: (0.001605s)
[2017.03.03-14.04.17:321][346]LogPlayLevel: PIE: Created PIE world by copying editor world from /Game/2DSideScrollerBP/Maps/level_2.level_2 to /Game/2DSideScrollerBP/Maps/UEDPIE_0_level_2.level_2 (0.004156s)
[2017.03.03-14.04.17:377][346]LogLoad: Game class is '2DSideScrollerGameMode_C'
[2017.03.03-14.04.17:380][346]LogWorld: Bringing World /Game/2DSideScrollerBP/Maps/UEDPIE_0_level_2.level_2 up for play (max tick rate 0) at 2017.03.03-09.04.17
[2017.03.03-14.04.17:380][346]LogWorld: Bringing up level for play took: 0.002286
[2017.03.03-14.04.17:386][346]PIE: Info Play in editor start time for /Game/2DSideScrollerBP/Maps/UEDPIE_0_level_2 -0.439
[2017.03.03-14.04.17:387][346]LogBlueprintUserMessages: Late PlayInEditor Detection: Level '/Game/2DSideScrollerBP/Maps/level_2.level_2:PersistentLevel' has LevelScriptBlueprint '/Game/2DSideScrollerBP/Maps/level_2.level_2:PersistentLevel.level_2' with GeneratedClass '/Game/2DSideScrollerBP/Maps/level_2.level_2_C' with ClassGeneratedBy '/Game/2DSideScrollerBP/Maps/level_2.level_2:PersistentLevel.level_2'
[2017.03.03-14.04.33:273][722]LogBlueprintUserMessages: Early EndPlayMap Detection: Level '/Game/2DSideScrollerBP/Maps/level_2.level_2:PersistentLevel' has LevelScriptBlueprint '/Game/2DSideScrollerBP/Maps/level_2.level_2:PersistentLevel.level_2' with GeneratedClass '/Game/2DSideScrollerBP/Maps/level_2.level_2_C' with ClassGeneratedBy '/Game/2DSideScrollerBP/Maps/level_2.level_2:PersistentLevel.level_2'
[2017.03.03-14.04.33:377][722]LogBlueprintUserMessages: Late EndPlayMap Detection: Level '/Game/2DSideScrollerBP/Maps/level_2.level_2:PersistentLevel' has LevelScriptBlueprint '/Game/2DSideScrollerBP/Maps/level_2.level_2:PersistentLevel.level_2' with GeneratedClass '/Game/2DSideScrollerBP/Maps/level_2.level_2_C' with ClassGeneratedBy '/Game/2DSideScrollerBP/Maps/level_2.level_2:PersistentLevel.level_2'
[2017.03.03-14.04.35:470][788]LogEditorViewport: Clicking on Actor (LMB): PaperSpriteActor (metalplat1_Sprite4)
[2017.03.03-14.04.36:554][819]LogEditorViewport: Clicking on Actor (LMB): PaperSpriteActor (Winter_lab_machinery_S5E5_Sprite_1)
[2017.03.03-14.04.46:612][118]LogEditorViewport: Clicking on Actor (LMB): PaperSpriteActor (metal_Sprite)
[2017.03.03-14.04.48:758][180]LogEditorViewport: Clicking on Actor (context menu): PaperSpriteActor (metal_Sprite)
[2017.03.03-14.04.54:500][711]LogEditorViewport: Clicking on Actor (LMB): PaperSpriteActor (Winter_lab_machinery_S5E5_Sprite_1)
[2017.03.03-14.05.07:006][ 22]LogSpawn:Warning: UWorld::DestroyActor: World has no context! World: level_1, Actor: /Game/2DSideScrollerBP/Maps/level_1.level_1:PersistentLevel.level_1_C_1
[2017.03.03-14.05.07:103][ 22]LogSavePackage: Save=99.45ms
[2017.03.03-14.05.07:103][ 22]LogSavePackage: Moving '../../../../../../Users/NH008s/Saved Games/monkeywrench/Saved/level_17A30F2C3404404400BE90C9F102531B8.tmp' to '../../../../../../Users/NH008s/Saved Games/monkeywrench/Content/2DSideScrollerBP/Maps/level_1.umap'
[2017.03.03-14.05.07:105][ 22]LogSavePackage:Display: Finished SavePackage ../../../../../../Users/NH008s/Saved Games/monkeywrench/Content/2DSideScrollerBP/Maps/level_1.umap
[2017.03.03-14.05.07:109][ 22]LogFileHelpers: Saving map 'level_1' took 0.183
[2017.03.03-14.05.07:274][ 22]LogSavePackage: Save=91.47ms
[2017.03.03-14.05.07:274][ 22]LogSavePackage: Moving '../../../../../../Users/NH008s/Saved Games/monkeywrench/Saved/level_2C8F5ED7C47FFA73AC2AEDFA4E7A575B4.tmp' to '../../../../../../Users/NH008s/Saved Games/monkeywrench/Content/2DSideScrollerBP/Maps/level_2.umap'
[2017.03.03-14.05.07:275][ 22]LogSavePackage:Display: Finished SavePackage ../../../../../../Users/NH008s/Saved Games/monkeywrench/Content/2DSideScrollerBP/Maps/level_2.umap
[2017.03.03-14.05.07:295][ 22]LogFileHelpers: Saving map 'level_2' took 0.183
[2017.03.03-14.05.11:082][127]LogSavePackage: Save=92.27ms
[2017.03.03-14.05.11:082][127]LogSavePackage: Moving '../../../../../../Users/NH008s/Saved Games/monkeywrench/Saved/level_2635E7B634B9DFE16C38416B3763ABBF2.tmp' to '../../../../../../Users/NH008s/Saved Games/monkeywrench/Content/2DSideScrollerBP/Maps/level_2.umap'
[2017.03.03-14.05.11:083][127]LogSavePackage:Display: Finished SavePackage ../../../../../../Users/NH008s/Saved Games/monkeywrench/Content/2DSideScrollerBP/Maps/level_2.umap
[2017.03.03-14.07.15:531][956]SourceControl: Info fatal: C:/Program Files/Epic Games/UE_4.14/Engine/Content/: 'C:/Program Files/Epic Games/UE_4.14/Engine/Content/' is outside repository
[2017.03.03-14.07.17:497][956]LogSpawn:Warning: UWorld::DestroyActor: World has no context! World: level_1, Actor: /Game/2DSideScrollerBP/Maps/level_1.level_1:PersistentLevel.level_1_C_0
[2017.03.03-14.07.17:600][956]LogSavePackage: Save=104.25ms
[2017.03.03-14.07.17:600][956]LogSavePackage: Moving '../../../../../../Users/NH008s/Saved Games/monkeywrench/Saved/level_18970F52743723FC1845203A9ECE59792.tmp' to '../../../../../../Users/NH008s/Saved Games/monkeywrench/Content/2DSideScrollerBP/Maps/level_1.umap'
[2017.03.03-14.07.17:602][956]LogSavePackage:Display: Finished SavePackage ../../../../../../Users/NH008s/Saved Games/monkeywrench/Content/2DSideScrollerBP/Maps/level_1.umap
[2017.03.03-14.07.17:606][956]LogFileHelpers: Saving map 'level_1' took 0.190
[2017.03.03-14.07.17:608][956]LogPackageName:Error: Illegal call to DoesPackageExist: '../../../../../../Users/NH008s/Saved Games/monkeywrench/MonkeyWrench.uproject' is not a standard unreal filename or a long path name. Reason: Path should be no less than 4 characters long.
[2017.03.03-14.07.17:772][956]LogStats: FPlatformStackWalk::StackWalkAndDump -  0.164 s
[2017.03.03-14.07.17:772][956]LogOutputDevice:Error: === Handled ensure: ===
[2017.03.03-14.07.17:772][956]LogOutputDevice:Error: 
[2017.03.03-14.07.17:772][956]LogOutputDevice:Error: Ensure condition failed: false [File:D:\Build\++UE4+Release-4.14+Compile\Sync\Engine\Source\Runtime\CoreUObject\Private\Misc\PackageName.cpp] [Line: 624]
[2017.03.03-14.07.17:772][956]LogOutputDevice:Error: Illegal call to DoesPackageExist: '../../../../../../Users/NH008s/Saved Games/monkeywrench/MonkeyWrench.uproject' is not a standard unreal filename or a long path name. Reason: Path should be no less than 4 characters long.
[2017.03.03-14.07.17:772][956]LogOutputDevice:Error: Stack: 
[2017.03.03-14.07.17:772][956]LogOutputDevice:Error: UE4Editor-Core.dll
[2017.03.03-14.07.17:772][956]LogOutputDevice:Error: UE4Editor-Core.dll
[2017.03.03-14.07.17:772][956]LogOutputDevice:Error: UE4Editor-Core.dll
[2017.03.03-14.07.17:772][956]LogOutputDevice:Error: UE4Editor-CoreUObject.dll
[2017.03.03-14.07.17:772][956]LogOutputDevice:Error: UE4Editor-SourceControl.dll
[2017.03.03-14.07.17:772][956]LogOutputDevice:Error: UE4Editor-SourceControl.dll
[2017.03.03-14.07.17:772][956]LogOutputDevice:Error: UE4Editor-SourceControlWindows.dll
[2017.03.03-14.07.17:772][956]LogOutputDevice:Error: UE4Editor-SourceControlWindows.dll
[2017.03.03-14.07.17:772][956]LogOutputDevice:Error: UE4Editor-SourceControlWindows.dll
[2017.03.03-14.07.17:772][956]LogOutputDevice:Error: UE4Editor-SourceControlWindows.dll
[2017.03.03-14.07.17:773][956]LogOutputDevice:Error: UE4Editor-GitSourceControl.dll
[2017.03.03-14.07.17:773][956]LogOutputDevice:Error: UE4Editor-GitSourceControl.dll
[2017.03.03-14.07.17:773][956]LogOutputDevice:Error: UE4Editor-SourceControl.dll
[2017.03.03-14.07.17:773][956]LogOutputDevice:Error: UE4Editor-UnrealEd.dll
[2017.03.03-14.07.17:773][956]LogOutputDevice:Error: UE4Editor-UnrealEd.dll
[2017.03.03-14.07.17:773][956]LogOutputDevice:Error: UE4Editor.exe
[2017.03.03-14.07.17:773][956]LogOutputDevice:Error: UE4Editor.exe
[2017.03.03-14.07.17:773][956]LogOutputDevice:Error: UE4Editor.exe
[2017.03.03-14.07.17:773][956]LogOutputDevice:Error: UE4Editor.exe
[2017.03.03-14.07.17:773][956]LogOutputDevice:Error: UE4Editor.exe
[2017.03.03-14.07.17:773][956]LogOutputDevice:Error: kernel32.dll
[2017.03.03-14.07.17:773][956]LogOutputDevice:Error: ntdll.dll
[2017.03.03-14.07.17:773][956]LogOutputDevice:Error: 
[2017.03.03-14.07.17:780][956]LogStats:                SubmitErrorReport -  0.000 s
