Log file open, 01/27/17 11:41:42
LogInit:Display: Running engine for game: MonkeyWrench
LogPlatformFile: Not using cached read wrapper
LogInit:Display: RandInit(1080870821) SRandInit(1080870822).
LogTaskGraph: Started task graph with 5 named threads and 6 total threads with 1 sets of task threads.
LogStats: Stats thread started at 0.075381
LogPluginManager: Loaded Plugin Paper2D, From C:/Program Files (x86)/Epic Games/4.14/Engine/Plugins/2D/Paper2D/Paper2D.uplugin
LogPluginManager: Loaded Plugin LightPropagationVolume, From C:/Program Files (x86)/Epic Games/4.14/Engine/Plugins/Blendables/LightPropagationVolume/LightPropagationVolume.uplugin
LogPluginManager: Loaded Plugin BlankPlugin, From C:/Program Files (x86)/Epic Games/4.14/Engine/Plugins/Developer/BlankPlugin/BlankPlugin.uplugin
LogPluginManager: Loaded Plugin CodeLiteSourceCodeAccess, From C:/Program Files (x86)/Epic Games/4.14/Engine/Plugins/Developer/CodeLiteSourceCodeAccess/CodeLiteSourceCodeAccess.uplugin
LogPluginManager: Loaded Plugin GitSourceControl, From C:/Program Files (x86)/Epic Games/4.14/Engine/Plugins/Developer/GitSourceControl/GitSourceControl.uplugin
LogPluginManager: Loaded Plugin KDevelopSourceCodeAccess, From C:/Program Files (x86)/Epic Games/4.14/Engine/Plugins/Developer/KDevelopSourceCodeAccess/KDevelopSourceCodeAccess.uplugin
LogPluginManager: Loaded Plugin NullSourceCodeAccess, From C:/Program Files (x86)/Epic Games/4.14/Engine/Plugins/Developer/NullSourceCodeAccess/NullSourceCodeAccess.uplugin
LogPluginManager: Loaded Plugin OneSkyLocalizationService, From C:/Program Files (x86)/Epic Games/4.14/Engine/Plugins/Developer/OneSkyLocalizationService/OneSkyLocalizationService.uplugin
LogPluginManager: Loaded Plugin PerforceSourceControl, From C:/Program Files (x86)/Epic Games/4.14/Engine/Plugins/Developer/PerforceSourceControl/PerforceSourceControl.uplugin
LogPluginManager: Loaded Plugin SubversionSourceControl, From C:/Program Files (x86)/Epic Games/4.14/Engine/Plugins/Developer/SubversionSourceControl/SubversionSourceControl.uplugin
LogPluginManager: Loaded Plugin UObjectPlugin, From C:/Program Files (x86)/Epic Games/4.14/Engine/Plugins/Developer/UObjectPlugin/UObjectPlugin.uplugin
LogPluginManager: Loaded Plugin VisualStudioSourceCodeAccess, From C:/Program Files (x86)/Epic Games/4.14/Engine/Plugins/Developer/VisualStudioSourceCodeAccess/VisualStudioSourceCodeAccess.uplugin
LogPluginManager: Loaded Plugin XCodeSourceCodeAccess, From C:/Program Files (x86)/Epic Games/4.14/Engine/Plugins/Developer/XCodeSourceCodeAccess/XCodeSourceCodeAccess.uplugin
LogPluginManager: Loaded Plugin AudioCapture, From C:/Program Files (x86)/Epic Games/4.14/Engine/Plugins/Editor/AudioCapture/AudioCapture.uplugin
LogPluginManager: Loaded Plugin EpicSurvey, From C:/Program Files (x86)/Epic Games/4.14/Engine/Plugins/Editor/EpicSurvey/EpicSurvey.uplugin
LogPluginManager: Loaded Plugin MacGraphicsSwitching, From C:/Program Files (x86)/Epic Games/4.14/Engine/Plugins/Editor/MacGraphicsSwitching/MacGraphicsSwitching.uplugin
LogPluginManager: Loaded Plugin MobileLauncherProfileWizard, From C:/Program Files (x86)/Epic Games/4.14/Engine/Plugins/Editor/MobileLauncherProfileWizard/MobileLauncherProfileWizard.uplugin
LogPluginManager: Loaded Plugin PluginBrowser, From C:/Program Files (x86)/Epic Games/4.14/Engine/Plugins/Editor/PluginBrowser/PluginBrowser.uplugin
LogPluginManager: Loaded Plugin SpeedTreeImporter, From C:/Program Files (x86)/Epic Games/4.14/Engine/Plugins/Editor/SpeedTreeImporter/SpeedTreeImporter.uplugin
LogPluginManager: Loaded Plugin SuperSearchEditor, From C:/Program Files (x86)/Epic Games/4.14/Engine/Plugins/Editor/SuperSearchEditor/SuperSearchEditor.uplugin
LogPluginManager: Loaded Plugin AlembicImporter, From C:/Program Files (x86)/Epic Games/4.14/Engine/Plugins/Experimental/AlembicImporter/AlembicImporter.uplugin
LogPluginManager: Loaded Plugin BlueprintStats, From C:/Program Files (x86)/Epic Games/4.14/Engine/Plugins/Experimental/BlueprintStats/BlueprintStats.uplugin
LogPluginManager: Loaded Plugin CharacterAI, From C:/Program Files (x86)/Epic Games/4.14/Engine/Plugins/Experimental/CharacterAI/CharacterAI.uplugin
LogPluginManager: Loaded Plugin CodeEditor, From C:/Program Files (x86)/Epic Games/4.14/Engine/Plugins/Experimental/CodeEditor/CodeEditor.uplugin
LogPluginManager: Loaded Plugin CodeView, From C:/Program Files (x86)/Epic Games/4.14/Engine/Plugins/Experimental/CodeView/CodeView.uplugin
LogPluginManager: Loaded Plugin HTML5Networking, From C:/Program Files (x86)/Epic Games/4.14/Engine/Plugins/Experimental/HTML5Networking/HTML5Networking.uplugin
LogPluginManager: Loaded Plugin OSVR, From C:/Program Files (x86)/Epic Games/4.14/Engine/Plugins/Experimental/OSVR/OSVR.uplugin
LogPluginManager: Loaded Plugin Phya, From C:/Program Files (x86)/Epic Games/4.14/Engine/Plugins/Experimental/Phya/Phya.uplugin
LogPluginManager: Loaded Plugin SignificanceManager, From C:/Program Files (x86)/Epic Games/4.14/Engine/Plugins/Experimental/SignificanceManager/SignificanceManager.uplugin
LogPluginManager: Loaded Plugin SimpleHMD, From C:/Program Files (x86)/Epic Games/4.14/Engine/Plugins/Experimental/SimpleHMD/SimpleHMD.uplugin
LogPluginManager: Loaded Plugin StereoPanorama, From C:/Program Files (x86)/Epic Games/4.14/Engine/Plugins/Experimental/StereoPanorama/StereoPanorama.uplugin
LogPluginManager: Loaded Plugin StructBox, From C:/Program Files (x86)/Epic Games/4.14/Engine/Plugins/Experimental/StructBox/StructBox.uplugin
LogPluginManager: Loaded Plugin AndroidMedia, From C:/Program Files (x86)/Epic Games/4.14/Engine/Plugins/Media/AndroidMedia/AndroidMedia.uplugin
LogPluginManager: Loaded Plugin AvfMedia, From C:/Program Files (x86)/Epic Games/4.14/Engine/Plugins/Media/AvfMedia/AvfMedia.uplugin
LogPluginManager: Loaded Plugin MediaPlayerEditor, From C:/Program Files (x86)/Epic Games/4.14/Engine/Plugins/Media/MediaPlayerEditor/MediaPlayerEditor.uplugin
LogPluginManager: Loaded Plugin WmfMedia, From C:/Program Files (x86)/Epic Games/4.14/Engine/Plugins/Media/WmfMedia/WmfMedia.uplugin
LogPluginManager: Loaded Plugin MessagingDebugger, From C:/Program Files (x86)/Epic Games/4.14/Engine/Plugins/Messaging/MessagingDebugger/MessagingDebugger.uplugin
LogPluginManager: Loaded Plugin TcpMessaging, From C:/Program Files (x86)/Epic Games/4.14/Engine/Plugins/Messaging/TcpMessaging/TcpMessaging.uplugin
LogPluginManager: Loaded Plugin UdpMessaging, From C:/Program Files (x86)/Epic Games/4.14/Engine/Plugins/Messaging/UdpMessaging/UdpMessaging.uplugin
LogPluginManager: Loaded Plugin LevelSequenceEditor, From C:/Program Files (x86)/Epic Games/4.14/Engine/Plugins/MovieScene/LevelSequenceEditor/LevelSequenceEditor.uplugin
LogPluginManager: Loaded Plugin MatineeToLevelSequence, From C:/Program Files (x86)/Epic Games/4.14/Engine/Plugins/MovieScene/MatineeToLevelSequence/MatineeToLevelSequence.uplugin
LogPluginManager: Loaded Plugin NetcodeUnitTest, From C:/Program Files (x86)/Epic Games/4.14/Engine/Plugins/NetcodeUnitTest/NetcodeUnitTest/NetcodeUnitTest.uplugin
LogPluginManager: Loaded Plugin NUTUnrealEngine4, From C:/Program Files (x86)/Epic Games/4.14/Engine/Plugins/NetcodeUnitTest/NUTUnrealEngine4/NUTUnrealEngine4.uplugin
LogPluginManager: Loaded Plugin OnlineSubsystemGameCircle, From C:/Program Files (x86)/Epic Games/4.14/Engine/Plugins/Online/Android/OnlineSubsystemGameCircle/OnlineSubsystemGameCircle.uplugin
LogPluginManager: Loaded Plugin OnlineSubsystemGooglePlay, From C:/Program Files (x86)/Epic Games/4.14/Engine/Plugins/Online/Android/OnlineSubsystemGooglePlay/OnlineSubsystemGooglePlay.uplugin
LogPluginManager: Loaded Plugin OnlineSubsystemIOS, From C:/Program Files (x86)/Epic Games/4.14/Engine/Plugins/Online/IOS/OnlineSubsystemIOS/OnlineSubsystemIOS.uplugin
LogPluginManager: Loaded Plugin OnlineFramework, From C:/Program Files (x86)/Epic Games/4.14/Engine/Plugins/Online/OnlineFramework/OnlineFramework.uplugin
LogPluginManager: Loaded Plugin OnlineSubsystem, From C:/Program Files (x86)/Epic Games/4.14/Engine/Plugins/Online/OnlineSubsystem/OnlineSubsystem.uplugin
LogPluginManager: Loaded Plugin OnlineSubsystemAmazon, From C:/Program Files (x86)/Epic Games/4.14/Engine/Plugins/Online/OnlineSubsystemAmazon/OnlineSubsystemAmazon.uplugin
LogPluginManager: Loaded Plugin OnlineSubsystemFacebook, From C:/Program Files (x86)/Epic Games/4.14/Engine/Plugins/Online/OnlineSubsystemFacebook/OnlineSubsystemFacebook.uplugin
LogPluginManager: Loaded Plugin OnlineSubsystemNull, From C:/Program Files (x86)/Epic Games/4.14/Engine/Plugins/Online/OnlineSubsystemNull/OnlineSubsystemNull.uplugin
LogPluginManager: Loaded Plugin OnlineSubsystemOculus, From C:/Program Files (x86)/Epic Games/4.14/Engine/Plugins/Online/OnlineSubsystemOculus/OnlineSubsystemOculus.uplugin
LogPluginManager: Loaded Plugin OnlineSubsystemSteam, From C:/Program Files (x86)/Epic Games/4.14/Engine/Plugins/Online/OnlineSubsystemSteam/OnlineSubsystemSteam.uplugin
LogPluginManager: Loaded Plugin OnlineSubsystemUtils, From C:/Program Files (x86)/Epic Games/4.14/Engine/Plugins/Online/OnlineSubsystemUtils/OnlineSubsystemUtils.uplugin
LogPluginManager: Loaded Plugin IOSTapJoy, From C:/Program Files (x86)/Epic Games/4.14/Engine/Plugins/Runtime/Advertising/IOSTapJoy/IOSTapJoy.uplugin
LogPluginManager: Loaded Plugin AnalyticsBlueprintLibrary, From C:/Program Files (x86)/Epic Games/4.14/Engine/Plugins/Runtime/Analytics/AnalyticsBlueprintLibrary/AnalyticsBlueprintLibrary.uplugin
LogPluginManager: Loaded Plugin AnalyticsMulticast, From C:/Program Files (x86)/Epic Games/4.14/Engine/Plugins/Runtime/Analytics/AnalyticsMulticast/AnalyticsMulticast.uplugin
LogPluginManager: Loaded Plugin Apsalar, From C:/Program Files (x86)/Epic Games/4.14/Engine/Plugins/Runtime/Analytics/Apsalar/Apsalar.uplugin
LogPluginManager: Loaded Plugin FileLogging, From C:/Program Files (x86)/Epic Games/4.14/Engine/Plugins/Runtime/Analytics/FileLogging/FileLogging.uplugin
LogPluginManager: Loaded Plugin Flurry, From C:/Program Files (x86)/Epic Games/4.14/Engine/Plugins/Runtime/Analytics/Flurry/Flurry.uplugin
LogPluginManager: Loaded Plugin AndroidDeviceProfileSelector, From C:/Program Files (x86)/Epic Games/4.14/Engine/Plugins/Runtime/AndroidDeviceProfileSelector/AndroidDeviceProfileSelector.uplugin
LogPluginManager: Loaded Plugin AndroidMoviePlayer, From C:/Program Files (x86)/Epic Games/4.14/Engine/Plugins/Runtime/AndroidMoviePlayer/AndroidMoviePlayer.uplugin
LogPluginManager: Loaded Plugin AppleMoviePlayer, From C:/Program Files (x86)/Epic Games/4.14/Engine/Plugins/Runtime/AppleMoviePlayer/AppleMoviePlayer.uplugin
LogPluginManager: Loaded Plugin ArchVisCharacter, From C:/Program Files (x86)/Epic Games/4.14/Engine/Plugins/Runtime/ArchVisCharacter/ArchVisCharacter.uplugin
LogPluginManager: Loaded Plugin CableComponent, From C:/Program Files (x86)/Epic Games/4.14/Engine/Plugins/Runtime/CableComponent/CableComponent.uplugin
LogPluginManager: Loaded Plugin CustomMeshComponent, From C:/Program Files (x86)/Epic Games/4.14/Engine/Plugins/Runtime/CustomMeshComponent/CustomMeshComponent.uplugin
LogPluginManager: Loaded Plugin ExampleDeviceProfileSelector, From C:/Program Files (x86)/Epic Games/4.14/Engine/Plugins/Runtime/ExampleDeviceProfileSelector/ExampleDeviceProfileSelector.uplugin
LogPluginManager: Loaded Plugin GearVR, From C:/Program Files (x86)/Epic Games/4.14/Engine/Plugins/Runtime/GearVR/GearVR.uplugin
LogPluginManager: Loaded Plugin GoogleVRController, From C:/Program Files (x86)/Epic Games/4.14/Engine/Plugins/Runtime/GoogleVR/GoogleVRController/GoogleVRController.uplugin
LogPluginManager: Loaded Plugin GoogleVRHMD, From C:/Program Files (x86)/Epic Games/4.14/Engine/Plugins/Runtime/GoogleVR/GoogleVRHMD/GoogleVRHMD.uplugin
LogPluginManager: Loaded Plugin IOSDeviceProfileSelector, From C:/Program Files (x86)/Epic Games/4.14/Engine/Plugins/Runtime/IOSDeviceProfileSelector/IOSDeviceProfileSelector.uplugin
LogPluginManager: Loaded Plugin LeapMotion, From C:/Program Files (x86)/Epic Games/4.14/Engine/Plugins/Runtime/LeapMotion/LeapMotion.uplugin
LogPluginManager: Loaded Plugin LinuxDeviceProfileSelector, From C:/Program Files (x86)/Epic Games/4.14/Engine/Plugins/Runtime/LinuxDeviceProfileSelector/LinuxDeviceProfileSelector.uplugin
LogPluginManager: Loaded Plugin MIDIDevice, From C:/Program Files (x86)/Epic Games/4.14/Engine/Plugins/Runtime/MIDIDevice/MIDIDevice.uplugin
LogPluginManager: Loaded Plugin MobilePatchingUtils, From C:/Program Files (x86)/Epic Games/4.14/Engine/Plugins/Runtime/MobilePatchingUtils/MobilePatchingUtils.uplugin
LogPluginManager: Loaded Plugin Ansel, From C:/Program Files (x86)/Epic Games/4.14/Engine/Plugins/Runtime/Nvidia/Ansel/Ansel.uplugin
LogPluginManager: Loaded Plugin OculusAudio, From C:/Program Files (x86)/Epic Games/4.14/Engine/Plugins/Runtime/OculusAudio/OculusAudio.uplugin
LogPluginManager: Loaded Plugin OculusInput, From C:/Program Files (x86)/Epic Games/4.14/Engine/Plugins/Runtime/OculusInput/OculusInput.uplugin
LogPluginManager: Loaded Plugin OculusLibrary, From C:/Program Files (x86)/Epic Games/4.14/Engine/Plugins/Runtime/OculusLibrary/OculusLibrary.uplugin
LogPluginManager: Loaded Plugin OculusRift, From C:/Program Files (x86)/Epic Games/4.14/Engine/Plugins/Runtime/OculusRift/OculusRift.uplugin
LogPluginManager: Loaded Plugin Oodle, From C:/Program Files (x86)/Epic Games/4.14/Engine/Plugins/Runtime/PacketHandlers/CompressionComponents/Oodle/Oodle.uplugin
LogPluginManager: Loaded Plugin ProceduralMeshComponent, From C:/Program Files (x86)/Epic Games/4.14/Engine/Plugins/Runtime/ProceduralMeshComponent/ProceduralMeshComponent.uplugin
LogPluginManager: Loaded Plugin SoundMod, From C:/Program Files (x86)/Epic Games/4.14/Engine/Plugins/Runtime/SoundMod/SoundMod.uplugin
LogPluginManager: Loaded Plugin SoundVisualizations, From C:/Program Files (x86)/Epic Games/4.14/Engine/Plugins/Runtime/SoundVisualizations/SoundVisualizations.uplugin
LogPluginManager: Loaded Plugin SteamController, From C:/Program Files (x86)/Epic Games/4.14/Engine/Plugins/Runtime/Steam/SteamController/SteamController.uplugin
LogPluginManager: Loaded Plugin SteamVR, From C:/Program Files (x86)/Epic Games/4.14/Engine/Plugins/Runtime/Steam/SteamVR/SteamVR.uplugin
LogPluginManager: Loaded Plugin WebBrowserWidget, From C:/Program Files (x86)/Epic Games/4.14/Engine/Plugins/Runtime/WebBrowserWidget/WebBrowserWidget.uplugin
LogPluginManager: Loaded Plugin WindowsDeviceProfileSelector, From C:/Program Files (x86)/Epic Games/4.14/Engine/Plugins/Runtime/WindowsDeviceProfileSelector/WindowsDeviceProfileSelector.uplugin
LogPluginManager: Loaded Plugin WindowsMoviePlayer, From C:/Program Files (x86)/Epic Games/4.14/Engine/Plugins/Runtime/WindowsMoviePlayer/WindowsMoviePlayer.uplugin
LogPluginManager: Loaded Plugin ScriptPlugin, From C:/Program Files (x86)/Epic Games/4.14/Engine/Plugins/ScriptPlugin/ScriptPlugin.uplugin
LogPluginManager: Loaded Plugin SlateRemote, From C:/Program Files (x86)/Epic Games/4.14/Engine/Plugins/Slate/SlateRemote/SlateRemote.uplugin
LogPluginManager: Loaded Plugin EditorTests, From C:/Program Files (x86)/Epic Games/4.14/Engine/Plugins/Tests/EditorTests/EditorTests.uplugin
LogPluginManager: Loaded Plugin FbxAutomationTestBuilder, From C:/Program Files (x86)/Epic Games/4.14/Engine/Plugins/Tests/FbxAutomationTestBuilder/FbxAutomationTestBuilder.uplugin
LogPluginManager: Loaded Plugin FunctionalTestingEditor, From C:/Program Files (x86)/Epic Games/4.14/Engine/Plugins/Tests/FunctionalTestingEditor/FunctionalTestingEditor.uplugin
LogPluginManager: Loaded Plugin RuntimeTests, From C:/Program Files (x86)/Epic Games/4.14/Engine/Plugins/Tests/RuntimeTests/RuntimeTests.uplugin
LogPluginManager: Loaded Plugin ScreenshotTools, From C:/Program Files (x86)/Epic Games/4.14/Engine/Plugins/Tests/ScreenshotTools/ScreenshotTools.uplugin
LogInit: Using libcurl 7.47.1
LogInit:  - built for x86_64-pc-win32
LogInit:  - supports SSL with OpenSSL/1.0.2g
LogInit:  - supports HTTP deflate (compression) using libz 1.2.8
LogInit:  - other features:
LogInit:      CURL_VERSION_SSL
LogInit:      CURL_VERSION_LIBZ
LogInit:      CURL_VERSION_IPV6
LogInit:      CURL_VERSION_ASYNCHDNS
LogInit:      CURL_VERSION_LARGEFILE
LogInit:      CURL_VERSION_IDN
LogInit:  CurlRequestOptions (configurable via config and command line):
LogInit:  - bVerifyPeer = false  - Libcurl will NOT verify peer certificate
LogInit:  - bUseHttpProxy = false  - Libcurl will NOT use HTTP proxy
LogInit:  - bDontReuseConnections = false  - Libcurl will reuse connections
LogInit:  - CertBundlePath = nullptr  - Libcurl will use whatever was configured at build time.
LogInit: Build: ++UE4+Release-4.14-CL-3249277
LogInit: Engine Version: 4.14.3-3249277+++UE4+Release-4.14
LogInit: Compatible Engine Version: 4.14.0-3195953+++UE4+Release-4.14
LogInit: Net CL: 3195953
LogDevObjectVersion: Number of dev versions registered: 13
LogDevObjectVersion:   Dev-Blueprints (B0D832E4-1F89-4F0D-ACCF-7EB736FD4AA2): 7
LogDevObjectVersion:   Dev-Build (E1C64328-A22C-4D53-A36C-8E866417BD8C): 0
LogDevObjectVersion:   Dev-Core (375EC13C-06E4-48FB-B500-84F0262A717E): 1
LogDevObjectVersion:   Dev-Editor (E4B068ED-F494-42E9-A231-DA0B2E46BB41): 8
LogDevObjectVersion:   Dev-Framework (CFFC743F-43B0-4480-9391-14DF171D2073): 17
LogDevObjectVersion:   Dev-Mobile (B02B49B5-BB20-44E9-A304-32B752E40360): 0
LogDevObjectVersion:   Dev-Networking (A4E4105C-59A1-49B5-A7C5-40C4547EDFEE): 0
LogDevObjectVersion:   Dev-Online (39C831C9-5AE6-47DC-9A44-9C173E1C8E7C): 0
LogDevObjectVersion:   Dev-Physics (78F01B33-EBEA-4F98-B9B4-84EACCB95AA2): 0
LogDevObjectVersion:   Dev-Platform (6631380F-2D4D-43E0-8009-CF276956A95A): 0
LogDevObjectVersion:   Dev-Rendering (12F88B9F-8875-4AFC-A67C-D90C383ABD29): 12
LogDevObjectVersion:   Dev-Sequencer (7B5AE74C-D270-4C10-A958-57980B212A5A): 1
LogDevObjectVersion:   Dev-VR (D7296918-1DD6-4BDD-9DE2-64A83CC13884): 0
LogInit: Compiled (64-bit): Jan  6 2017 10:49:43
LogInit: Compiled with Visual C++: 19.00.23026.00
LogInit: Build Configuration: Development
LogInit: Branch Name: ++UE4+Release-4.14
LogInit: Command line: -EpicPortal 
LogInit: Base directory: C:/Program Files (x86)/Epic Games/4.14/Engine/Binaries/Win64/
LogInit: Installed Engine Build: 1
LogInit: Presizing for max 8388607 objects, including 0 objects not considered by GC, pre-allocating 0 bytes for permanent pool.
LogInit: Object subsystem initialized
[2017.01.27-16.41.43:180][  0]LogInit: Selected Device Profile: [Windows]
[2017.01.27-16.41.43:180][  0]LogInit: Applying CVar settings loaded from the selected device profile: [Windows]
[2017.01.27-16.41.43:201][  0]LogInit: Computer: LINEBACKER
[2017.01.27-16.41.43:201][  0]LogInit: User: matt
[2017.01.27-16.41.43:201][  0]LogInit: CPU Page size=65536, Cores=2
[2017.01.27-16.41.43:201][  0]LogInit: High frequency timer resolution =2.240908 MHz
[2017.01.27-16.41.43:201][  0]LogMemory: Memory total: Physical=5.8GB (6GB approx)
[2017.01.27-16.41.43:201][  0]LogMemory: Platform Memory Stats for Windows
[2017.01.27-16.41.43:201][  0]LogMemory: Process Physical Memory: 263.47 MB used, 263.47 MB peak
[2017.01.27-16.41.43:201][  0]LogMemory: Process Virtual Memory: 262.50 MB used, 262.50 MB peak
[2017.01.27-16.41.43:201][  0]LogMemory: Physical Memory: 4072.00 MB used,  1891.38 MB free, 5963.38 MB total
[2017.01.27-16.41.43:201][  0]LogMemory: Virtual Memory: 674.54 MB used,  1891.38 MB free, 134217728.00 MB total
[2017.01.27-16.41.43:227][  0]LogTextLocalizationManager: No specific translations for ('en-US') exist, so ('en') translations will be used.
[2017.01.27-16.41.44:101][  0]LogD3D11RHI: D3D11 adapters:
[2017.01.27-16.41.44:110][  0]LogD3D11RHI:    0. 'Intel(R) HD Graphics Family' (Feature Level 11_0)
[2017.01.27-16.41.44:110][  0]LogD3D11RHI:       112/0/2048 MB DedicatedVideo/DedicatedSystem/SharedSystem, Outputs:1, VendorId:0x8086
[2017.01.27-16.41.44:111][  0]LogD3D11RHI:    1. 'Microsoft Basic Render Driver' (Feature Level 11_0)
[2017.01.27-16.41.44:111][  0]LogD3D11RHI:       0/0/2981 MB DedicatedVideo/DedicatedSystem/SharedSystem, Outputs:0, VendorId:0x1414
[2017.01.27-16.41.44:111][  0]LogD3D11RHI: Chosen D3D11 Adapter: 0
[2017.01.27-16.41.44:116][  0]LogD3D11RHI: Creating new Direct3DDevice
[2017.01.27-16.41.44:116][  0]LogD3D11RHI:     GPU DeviceId: 0xa16 (for the marketing name, search the web for "GPU Device Id")
[2017.01.27-16.41.44:116][  0]LogWindows: EnumDisplayDevices:
[2017.01.27-16.41.44:116][  0]LogWindows:    0. 'Intel(R) HD Graphics Family' (P:1 D:1)
[2017.01.27-16.41.44:116][  0]LogWindows:    1. 'Intel(R) HD Graphics Family' (P:0 D:0)
[2017.01.27-16.41.44:117][  0]LogWindows:    2. 'Intel(R) HD Graphics Family' (P:0 D:0)
[2017.01.27-16.41.44:117][  0]LogWindows: DebugString: FoundDriverCount:3 
[2017.01.27-16.41.44:117][  0]LogD3D11RHI:     Adapter Name: Intel(R) HD Graphics Family
[2017.01.27-16.41.44:117][  0]LogD3D11RHI:   Driver Version: 20.19.15.4549 (internal:20.19.15.4549, unified:20.19.15.4549)
[2017.01.27-16.41.44:117][  0]LogD3D11RHI:      Driver Date: 11-10-2016
[2017.01.27-16.41.44:117][  0]LogRHI: Texture pool is 795 MB (70% of 1136 MB)
[2017.01.27-16.41.44:122][  0]LogD3D11RHI: Async texture creation enabled
[2017.01.27-16.41.44:127][  0]LogD3D11RHI: GPU Timing Frequency: 12.500000 (Debug: 2 0)
[2017.01.27-16.41.44:128][  0]LogShaderCompilers: Guid format shader working directory is -12 characters bigger than the processId version (../../../../../../Users/matt/Unreal Projects/MonkeyWrench/Intermediate/Shaders/WorkingDirectory/7672/).
[2017.01.27-16.41.44:128][  0]LogShaderCompilers: Cleaned the shader compiler working directory 'C:/Users/matt/AppData/Local/Temp/UnrealShaderWorkingDir/7AD5912C4962A60C38F81A888C7DC09E/'.
[2017.01.27-16.41.44:128][  0]LogShaderCompilers:Display: Using Local Shader Compiler.
[2017.01.27-16.41.45:593][  0]LogTemp:Display: Loaded TP AllDesktopTargetPlatform
[2017.01.27-16.41.45:683][  0]LogTemp:Display: Loaded TP MacClientTargetPlatform
[2017.01.27-16.41.45:759][  0]LogTemp:Display: Loaded TP MacNoEditorTargetPlatform
[2017.01.27-16.41.45:865][  0]LogTemp:Display: Loaded TP MacServerTargetPlatform
[2017.01.27-16.41.45:987][  0]LogTemp:Display: Loaded TP MacTargetPlatform
[2017.01.27-16.41.46:083][  0]LogTemp:Display: Loaded TP WindowsClientTargetPlatform
[2017.01.27-16.41.46:181][  0]LogTemp:Display: Loaded TP WindowsNoEditorTargetPlatform
[2017.01.27-16.41.46:273][  0]LogTemp:Display: Loaded TP WindowsServerTargetPlatform
[2017.01.27-16.41.46:353][  0]LogTemp:Display: Loaded TP WindowsTargetPlatform
[2017.01.27-16.41.46:493][  0]LogTemp:Display: Loaded TP AndroidTargetPlatform
[2017.01.27-16.41.46:575][  0]LogTemp:Display: Loaded TP Android_ASTCTargetPlatform
[2017.01.27-16.41.46:672][  0]LogTemp:Display: Loaded TP Android_ATCTargetPlatform
[2017.01.27-16.41.46:792][  0]LogTemp:Display: Loaded TP Android_DXTTargetPlatform
[2017.01.27-16.41.46:916][  0]LogTemp:Display: Loaded TP Android_ETC1TargetPlatform
[2017.01.27-16.41.46:991][  0]LogTemp:Display: Loaded TP Android_ETC2TargetPlatform
[2017.01.27-16.41.47:147][  0]LogTemp:Display: Loaded TP Android_MultiTargetPlatform
[2017.01.27-16.41.47:147][  0]LogTemp:Display: Loaded TP Android_PVRTCTargetPlatform
[2017.01.27-16.41.47:193][  0]LogTemp:Display: Loaded TP HTML5TargetPlatform
[2017.01.27-16.41.47:453][  0]LogTemp:Display: Loaded TP IOSTargetPlatform
[2017.01.27-16.41.47:499][  0]LogTemp:Display: Loaded TP TVOSTargetPlatform
[2017.01.27-16.41.47:575][  0]LogTemp:Display: Loaded TP LinuxClientTargetPlatform
[2017.01.27-16.41.47:641][  0]LogTemp:Display: Loaded TP LinuxNoEditorTargetPlatform
[2017.01.27-16.41.47:710][  0]LogTemp:Display: Loaded TP LinuxServerTargetPlatform
[2017.01.27-16.41.47:855][  0]LogTemp:Display: Loaded TP LinuxTargetPlatform
[2017.01.27-16.41.47:855][  0]LogTargetPlatformManager:Display: Building Assets For Windows
[2017.01.27-16.41.48:612][  0]LogDerivedDataCache:Display: Max Cache Size: 512 MB
[2017.01.27-16.41.50:063][  0]LogDerivedDataCache: Loaded boot cache 1.45s 50MB C:/Users/matt/AppData/Local/UnrealEngine/4.14/DerivedDataCache/Boot.ddc.
[2017.01.27-16.41.50:063][  0]LogDerivedDataCache:Display: Loaded Boot cache: C:/Users/matt/AppData/Local/UnrealEngine/4.14/DerivedDataCache/Boot.ddc
[2017.01.27-16.41.50:063][  0]LogDerivedDataCache: FDerivedDataBackendGraph:  Pak pak cache file ../../../../../../Users/matt/Unreal Projects/MonkeyWrench/DerivedDataCache/DDC.ddp not found, will not use a pak cache.
[2017.01.27-16.41.50:063][  0]LogDerivedDataCache: Unable to find inner node Pak for hierarchical cache Hierarchy.
[2017.01.27-16.41.50:063][  0]LogDerivedDataCache: FDerivedDataBackendGraph:  CompressedPak pak cache file ../../../../../../Users/matt/Unreal Projects/MonkeyWrench/DerivedDataCache/Compressed.ddp not found, will not use a pak cache.
[2017.01.27-16.41.50:063][  0]LogDerivedDataCache: Unable to find inner node CompressedPak for hierarchical cache Hierarchy.
[2017.01.27-16.41.50:086][  0]LogDerivedDataCache:Display: Pak cache opened for reading ../../../Engine/DerivedDataCache/Compressed.ddp.
[2017.01.27-16.41.50:098][  0]LogDerivedDataCache: Using Local data cache path C:/Users/matt/AppData/Local/UnrealEngine/Common/DerivedDataCache: Writable
[2017.01.27-16.41.50:432][  0]LogInit: Selected Device Profile: [Windows]
[2017.01.27-16.41.50:436][  0]LogContentStreaming: Texture pool size is 0.00 MB
[2017.01.27-16.41.50:744][  0]LogMeshUtilities: Using QuadricMeshReduction for automatic static mesh reduction
[2017.01.27-16.41.50:817][  0]LogSimplygon: Simplygon DLL not present - disabling.
[2017.01.27-16.41.50:878][  0]LogMeshUtilities: Using SimplygonSwarm for distributed automatic mesh merging
[2017.01.27-16.41.50:878][  0]LogMeshUtilities: No automatic skeletal mesh reduction module available
[2017.01.27-16.41.50:878][  0]LogMeshUtilities: No automatic mesh merging module available
[2017.01.27-16.41.51:543][  0]LogNetVersion: GetLocalNetworkVersion: CL: 3195953, ProjectName: monkeywrench, ProjectVersion: , EngineNetworkVersion: 2, GameNetworkVersion: 0, NetworkChecksum: 690626690
[2017.01.27-16.41.51:605][  0]LogAssetRegistry: FAssetRegistry took 0.0218 seconds to start up
[2017.01.27-16.41.51:680][  0]LogPackageLocalizationCache: Processed 3 localized package path(s) for 2 prioritized culture(s) in 0.038352 seconds
[2017.01.27-16.41.51:687][  0]LogUObjectArray: 31946 objects as part of root set at end of initial load.
[2017.01.27-16.41.51:687][  0]LogUObjectAllocator: 6935840 out of 0 bytes used by permanent object pool.
[2017.01.27-16.41.51:687][  0]LogUObjectArray: CloseDisregardForGC: 0/0 objects in disregard for GC pool
[2017.01.27-16.41.51:760][  0]LogInit: WinSock: version 1.1 (2.2), MaxSocks=32767, MaxUdp=65467
[2017.01.27-16.41.53:120][  0]LogSlate: Using Freetype 2.6.0
[2017.01.27-16.41.53:392][  0]LogSlate: SlateFontCache - WITH_FREETYPE: 1, WITH_HARFBUZZ: 1
[2017.01.27-16.41.53:393][  0]LogSlate: SlateFontCache - WITH_FREETYPE: 1, WITH_HARFBUZZ: 1
[2017.01.27-16.42.27:826][  0]LogTcpMessaging: Initializing TcpMessaging bridge
[2017.01.27-16.42.27:870][  0]LogUdpMessaging: Initializing bridge on interface 0.0.0.0:0 to multicast group 230.0.0.1:6666.
[2017.01.27-16.42.28:565][  0]LogMaterial: Uniform references updated for custom material expression Custom.
[2017.01.27-16.42.29:182][  0]SourceControl: Info Source control is disabled
[2017.01.27-16.42.29:228][  0]SourceControl: Info Source control is disabled
[2017.01.27-16.42.29:302][  0]SourceControl: Info Source control is disabled
[2017.01.27-16.42.29:372][  0]SourceControl: Info Source control is disabled
[2017.01.27-16.42.31:253][  0]LogEngine: Initializing Engine...
[2017.01.27-16.42.31:253][  0]LogHMD: Failed to initialize OpenVR with code 110
[2017.01.27-16.42.31:572][  0]LogAIModule: Creating AISystem for world Untitled
[2017.01.27-16.42.31:582][  0]LogInit: XAudio2 using 'Speakers (Realtek High Definition Audio)' : 2 channels at 48 kHz using 32 bits per sample (channel mask 0x3)
[2017.01.27-16.42.31:598][  0]LogInit: FAudioDevice initialized.
[2017.01.27-16.42.31:639][  0]LogDerivedDataCache: Saved boot cache 0.04s 50MB C:/Users/matt/AppData/Local/UnrealEngine/4.14/DerivedDataCache/Boot.ddc.
[2017.01.27-16.42.31:648][  0]LogInit: Texture streaming: Enabled
[2017.01.27-16.42.32:074][  0]LogInit: Transaction tracking system initialized
[2017.01.27-16.42.32:549][  0]BlueprintLog: New page: Editor Load
[2017.01.27-16.42.33:772][  0]LocalizationService: Info Localization service is disabled
[2017.01.27-16.42.34:549][  0]LogConsoleResponse:Display: 
[2017.01.27-16.42.34:923][  0]LogCook:Display: Max memory allowance for cook 16384mb min free memory 0mb
[2017.01.27-16.42.34:923][  0]LogCook:Display: Mobile HDR setting 1
[2017.01.27-16.42.36:159][  0]LogFileCache: Scanning file cache for directory 'C:/Users/matt/Unreal Projects/MonkeyWrench/Content/' took 0.01s
[2017.01.27-16.42.36:218][  0]SourceControl: Info Source control is disabled
[2017.01.27-16.42.36:218][  0]Cmd: MAP LOAD FILE="../../../../../../Users/matt/Unreal Projects/MonkeyWrench/Content/2DSideScrollerBP/Maps/2DSideScrollerExampleMap.umap" TEMPLATE=0 SHOWPROGRESS=1 FEATURELEVEL=3
[2017.01.27-16.42.36:219][  0]LightingResults: New page: Lighting Build
[2017.01.27-16.42.36:263][  0]MapCheck: New page: Map Check
[2017.01.27-16.42.36:263][  0]LightingResults: New page: Lighting Build
[2017.01.27-16.42.38:067][  0]LogAIModule: Creating AISystem for world 2DSideScrollerExampleMap
[2017.01.27-16.42.38:149][  0]LogEditorServer: Finished looking for orphan Actors (0.000 secs)
[2017.01.27-16.42.38:162][  0]Cmd: MAP CHECKDEP NOCLEARLOG
[2017.01.27-16.42.38:206][  0]MapCheck: Info Map check complete: 0 Error(s), 0 Warning(s), took 43.205ms to complete.
[2017.01.27-16.42.38:206][  0]LogFileHelpers: Loading map '2DSideScrollerExampleMap' took 1.988
[2017.01.27-16.42.38:276][  0]LogWindowsTextInputMethodSystem:Display: IME system now deactivated.
[2017.01.27-16.42.38:276][  0]LogWindowsTextInputMethodSystem:Display: IME system now deactivated.
[2017.01.27-16.42.39:659][  0]LogCrashTracker: Crashtracker disabled due to settings.
[2017.01.27-16.42.39:777][  0]LogUObjectGlobals:Warning: Failed to find object 'Class None.'
[2017.01.27-16.42.39:874][  0]LogLoad: (Engine Initialization) Total time: 59.07 seconds
[2017.01.27-16.42.39:874][  0]LogLoad: (Engine Initialization) Total Blueprint compile time: 0.20 seconds
[2017.01.27-16.42.39:875][  0]LogExternalProfiler: Found external profiler: VSPerf
[2017.01.27-16.42.39:875][  0]LogExternalProfiler: Using external profiler: VSPerf
[2017.01.27-16.42.39:885][  0]LogOcInput: OculusInput pre-init called
[2017.01.27-16.42.40:027][  0]LogContentStreaming: Texture pool size now 1000 MB
[2017.01.27-16.42.40:854][  0]LogRenderer: Reallocating scene render targets to support 920x612 NumSamples 1 (Frame:2).
[2017.01.27-16.42.41:916][  2]LogAssetRegistry: Asset discovery search completed in 50.3324 seconds
[2017.01.27-16.42.41:944][  2]LogCollectionManager: Loaded 0 collections in 0.002564 seconds
[2017.01.27-16.42.42:001][  2]LogFileCache: Scanning file cache for directory 'C:/Users/matt/Unreal Projects/MonkeyWrench/Saved/Collections/' took 0.01s
[2017.01.27-16.42.42:001][  2]LogFileCache: Scanning file cache for directory 'C:/Users/matt/Unreal Projects/MonkeyWrench/Content/Developers/matt/Collections/' took 0.01s
[2017.01.27-16.42.42:001][  2]LogFileCache: Scanning file cache for directory 'C:/Users/matt/Unreal Projects/MonkeyWrench/Content/Collections/' took 0.01s
[2017.01.27-16.42.42:001][  2]LogCollectionManager: Rebuilt the object cache for 0 collections in 0.000002 seconds (found 0 objects)
[2017.01.27-16.42.42:001][  2]LogCollectionManager: Fixed up redirectors for 0 collections in 0.000067 seconds (updated 0 objects)
[2017.01.27-16.43.02:841][580]LogTemp: Repeting last play command: Selected Viewport
[2017.01.27-16.43.02:867][580]LogBlueprintUserMessages: Early PlayInEditor Detection: Level '/Game/2DSideScrollerBP/Maps/2DSideScrollerExampleMap.2DSideScrollerExampleMap:PersistentLevel' has LevelScriptBlueprint '/Game/2DSideScrollerBP/Maps/2DSideScrollerExampleMap.2DSideScrollerExampleMap:PersistentLevel.2DSideScrollerExampleMap' with GeneratedClass '/Game/2DSideScrollerBP/Maps/2DSideScrollerExampleMap.2DSideScrollerExampleMap_C' with ClassGeneratedBy '/Game/2DSideScrollerBP/Maps/2DSideScrollerExampleMap.2DSideScrollerExampleMap:PersistentLevel.2DSideScrollerExampleMap'
[2017.01.27-16.43.02:874][580]LogPlayLevel: PlayLevel: No blueprints needed recompiling
[2017.01.27-16.43.02:887][580]PIE: New page: PIE session: 2DSideScrollerExampleMap (Jan 27, 2017, 6:43:02 AM)
[2017.01.27-16.43.02:899][580]LogPlayLevel: Creating play world package: /Game/2DSideScrollerBP/Maps/UEDPIE_0_2DSideScrollerExampleMap
[2017.01.27-16.43.02:903][580]LogPlayLevel: PIE: StaticDuplicateObject took: (0.002997s)
[2017.01.27-16.43.02:903][580]LogAIModule: Creating AISystem for world 2DSideScrollerExampleMap
[2017.01.27-16.43.02:903][580]LogPlayLevel: PIE: World Init took: (0.000785s)
[2017.01.27-16.43.02:904][580]LogPlayLevel: PIE: Created PIE world by copying editor world from /Game/2DSideScrollerBP/Maps/2DSideScrollerExampleMap.2DSideScrollerExampleMap to /Game/2DSideScrollerBP/Maps/UEDPIE_0_2DSideScrollerExampleMap.2DSideScrollerExampleMap (0.016680s)
[2017.01.27-16.43.02:939][580]LogInit: XAudio2 using 'Speakers (Realtek High Definition Audio)' : 2 channels at 48 kHz using 32 bits per sample (channel mask 0x3)
[2017.01.27-16.43.02:950][580]LogInit: FAudioDevice initialized.
[2017.01.27-16.43.03:090][580]LogLoad: Game class is '2DSideScrollerGameMode_C'
[2017.01.27-16.43.03:139][580]LogWorld: Bringing World /Game/2DSideScrollerBP/Maps/UEDPIE_0_2DSideScrollerExampleMap.2DSideScrollerExampleMap up for play (max tick rate 0) at 2017.01.27-11.43.03
[2017.01.27-16.43.03:139][580]LogWorld: Bringing up level for play took: 0.012599
[2017.01.27-16.43.03:298][580]PIE: Info Play in editor start time for /Game/2DSideScrollerBP/Maps/UEDPIE_0_2DSideScrollerExampleMap 0.402
[2017.01.27-16.43.03:298][580]LogBlueprintUserMessages: Late PlayInEditor Detection: Level '/Game/2DSideScrollerBP/Maps/2DSideScrollerExampleMap.2DSideScrollerExampleMap:PersistentLevel' has LevelScriptBlueprint '/Game/2DSideScrollerBP/Maps/2DSideScrollerExampleMap.2DSideScrollerExampleMap:PersistentLevel.2DSideScrollerExampleMap' with GeneratedClass '/Game/2DSideScrollerBP/Maps/2DSideScrollerExampleMap.2DSideScrollerExampleMap_C' with ClassGeneratedBy '/Game/2DSideScrollerBP/Maps/2DSideScrollerExampleMap.2DSideScrollerExampleMap:PersistentLevel.2DSideScrollerExampleMap'
[2017.01.27-16.44.39:256][590]LogBlueprintUserMessages: Early EndPlayMap Detection: Level '/Game/2DSideScrollerBP/Maps/2DSideScrollerExampleMap.2DSideScrollerExampleMap:PersistentLevel' has LevelScriptBlueprint '/Game/2DSideScrollerBP/Maps/2DSideScrollerExampleMap.2DSideScrollerExampleMap:PersistentLevel.2DSideScrollerExampleMap' with GeneratedClass '/Game/2DSideScrollerBP/Maps/2DSideScrollerExampleMap.2DSideScrollerExampleMap_C' with ClassGeneratedBy '/Game/2DSideScrollerBP/Maps/2DSideScrollerExampleMap.2DSideScrollerExampleMap:PersistentLevel.2DSideScrollerExampleMap'
[2017.01.27-16.44.39:452][590]LogBlueprintUserMessages: Late EndPlayMap Detection: Level '/Game/2DSideScrollerBP/Maps/2DSideScrollerExampleMap.2DSideScrollerExampleMap:PersistentLevel' has LevelScriptBlueprint '/Game/2DSideScrollerBP/Maps/2DSideScrollerExampleMap.2DSideScrollerExampleMap:PersistentLevel.2DSideScrollerExampleMap' with GeneratedClass '/Game/2DSideScrollerBP/Maps/2DSideScrollerExampleMap.2DSideScrollerExampleMap_C' with ClassGeneratedBy '/Game/2DSideScrollerBP/Maps/2DSideScrollerExampleMap.2DSideScrollerExampleMap:PersistentLevel.2DSideScrollerExampleMap'
[2017.01.27-16.45.55:454][759]LogCollectionManager: Rebuilt the GUID cache for 0 collections in 0.000001 seconds
[2017.01.27-16.45.55:486][759]LogContentBrowser: Native class hierarchy populated in 0.0294 seconds. Added 2192 classes and 432 folders.
[2017.01.27-16.45.55:584][759]LogStats: UGameplayTagsManager::ConstructGameplayTagTree: Construct from data asset -  0.000 s
[2017.01.27-16.45.55:584][759]LogStats: UGameplayTagsManager::ConstructGameplayTagTree: GameplayTagTreeChangedEvent.Broadcast -  0.000 s
[2017.01.27-16.45.55:606][759]LogContentBrowser: Native class hierarchy updated for 'GameplayTags' in 0.0011 seconds. Added 13 classes and 0 folders.
[2017.01.27-16.45.55:758][759]LogContentBrowser: Native class hierarchy updated for 'WidgetCarousel' in 0.0006 seconds. Added 0 classes and 0 folders.
[2017.01.27-16.45.56:697][759]LogContentBrowser: Native class hierarchy updated for 'AddContentDialog' in 0.0010 seconds. Added 0 classes and 0 folders.
[2017.01.27-16.46.13:513][194]Cmd: MAP LOAD FILE="../../../../../../Users/matt/Unreal Projects/MonkeyWrench/Content/2DSideScrollerBP/Maps/2DSideScrollerExampleMap.umap" TEMPLATE=0 SHOWPROGRESS=1 FEATURELEVEL=3
[2017.01.27-16.46.13:513][194]LightingResults: New page: Lighting Build
[2017.01.27-16.46.13:514][194]LoadErrors: New page: Loading map: 2DSideScrollerExampleMap.umap
[2017.01.27-16.46.13:515][194]MapCheck: New page: Map Check
[2017.01.27-16.46.13:515][194]LightingResults: New page: Lighting Build
[2017.01.27-16.46.13:558][194]LogAIModule: Creating AISystem for world 2DSideScrollerExampleMap
[2017.01.27-16.46.13:583][194]LogEditorServer: Finished looking for orphan Actors (0.000 secs)
[2017.01.27-16.46.13:597][194]Cmd: MAP CHECKDEP NOCLEARLOG
[2017.01.27-16.46.13:662][194]MapCheck: Info Map check complete: 0 Error(s), 0 Warning(s), took 64.566ms to complete.
[2017.01.27-16.46.13:663][194]LogFileHelpers: Loading map '2DSideScrollerExampleMap' took 0.151
[2017.01.27-16.46.30:710][506]LogContentBrowser: Native class hierarchy updated for 'BlueprintGraph' in 0.0010 seconds. Added 111 classes and 0 folders.
[2017.01.27-16.46.31:925][506]LogTexture:Display: Building textures: TilePatine_N (BC5)
[2017.01.27-16.46.32:055][506]LogTexture:Display: Building textures: TilePatine_D (AutoDXT)
[2017.01.27-16.49.23:249][108]LogTemp: Repeting last play command: Selected Viewport
[2017.01.27-16.49.23:265][108]LogBlueprintUserMessages: Early PlayInEditor Detection: Level '/Game/2DSideScrollerBP/Maps/2DSideScrollerExampleMap.2DSideScrollerExampleMap:PersistentLevel' has LevelScriptBlueprint '/Game/2DSideScrollerBP/Maps/2DSideScrollerExampleMap.2DSideScrollerExampleMap:PersistentLevel.2DSideScrollerExampleMap' with GeneratedClass '/Game/2DSideScrollerBP/Maps/2DSideScrollerExampleMap.2DSideScrollerExampleMap_C' with ClassGeneratedBy '/Game/2DSideScrollerBP/Maps/2DSideScrollerExampleMap.2DSideScrollerExampleMap:PersistentLevel.2DSideScrollerExampleMap'
[2017.01.27-16.49.23:265][108]LogPlayLevel: PlayLevel: No blueprints needed recompiling
[2017.01.27-16.49.23:266][108]PIE: New page: PIE session: 2DSideScrollerExampleMap (Jan 27, 2017, 6:49:23 AM)
[2017.01.27-16.49.23:266][108]LogPlayLevel: Creating play world package: /Game/2DSideScrollerBP/Maps/UEDPIE_0_2DSideScrollerExampleMap
[2017.01.27-16.49.23:272][108]LogPlayLevel: PIE: StaticDuplicateObject took: (0.006275s)
[2017.01.27-16.49.23:274][108]LogAIModule: Creating AISystem for world 2DSideScrollerExampleMap
[2017.01.27-16.49.23:319][108]LogPlayLevel: PIE: World Init took: (0.046768s)
[2017.01.27-16.49.23:319][108]LogPlayLevel: PIE: Created PIE world by copying editor world from /Game/2DSideScrollerBP/Maps/2DSideScrollerExampleMap.2DSideScrollerExampleMap to /Game/2DSideScrollerBP/Maps/UEDPIE_0_2DSideScrollerExampleMap.2DSideScrollerExampleMap (0.053614s)
[2017.01.27-16.49.23:429][108]LogInit: XAudio2 using 'Speakers (Realtek High Definition Audio)' : 2 channels at 48 kHz using 32 bits per sample (channel mask 0x3)
[2017.01.27-16.49.23:440][108]LogInit: FAudioDevice initialized.
[2017.01.27-16.49.23:476][108]LogLoad: Game class is '2DSideScrollerGameMode_C'
[2017.01.27-16.49.23:479][108]LogWorld: Bringing World /Game/2DSideScrollerBP/Maps/UEDPIE_0_2DSideScrollerExampleMap.2DSideScrollerExampleMap up for play (max tick rate 0) at 2017.01.27-11.49.23
[2017.01.27-16.49.23:480][108]LogWorld: Bringing up level for play took: 0.002713
[2017.01.27-16.49.23:506][108]PIE: Info Play in editor start time for /Game/2DSideScrollerBP/Maps/UEDPIE_0_2DSideScrollerExampleMap 0.611
[2017.01.27-16.49.23:507][108]LogBlueprintUserMessages: Late PlayInEditor Detection: Level '/Game/2DSideScrollerBP/Maps/2DSideScrollerExampleMap.2DSideScrollerExampleMap:PersistentLevel' has LevelScriptBlueprint '/Game/2DSideScrollerBP/Maps/2DSideScrollerExampleMap.2DSideScrollerExampleMap:PersistentLevel.2DSideScrollerExampleMap' with GeneratedClass '/Game/2DSideScrollerBP/Maps/2DSideScrollerExampleMap.2DSideScrollerExampleMap_C' with ClassGeneratedBy '/Game/2DSideScrollerBP/Maps/2DSideScrollerExampleMap.2DSideScrollerExampleMap:PersistentLevel.2DSideScrollerExampleMap'
[2017.01.27-16.52.31:924][697]LogTexture:Display: Building textures: CameraActor_64x (BGRA8)
[2017.01.27-16.52.31:931][697]LogTexture:Display: Building textures: BlueprintInterface_64x (BGRA8)
[2017.01.27-16.52.31:939][697]LogTexture:Display: Building textures: BlueprintMacroLibrary_64x (BGRA8)
[2017.01.27-16.52.32:102][697]LogTexture:Display: Building textures: IOS (BGRA8)
[2017.01.27-16.52.32:120][697]LogTexture:Display: Building textures: android_Icon (BGRA8)
[2017.01.27-16.53.00:651][860]LogBlueprintUserMessages: Early EndPlayMap Detection: Level '/Game/2DSideScrollerBP/Maps/2DSideScrollerExampleMap.2DSideScrollerExampleMap:PersistentLevel' has LevelScriptBlueprint '/Game/2DSideScrollerBP/Maps/2DSideScrollerExampleMap.2DSideScrollerExampleMap:PersistentLevel.2DSideScrollerExampleMap' with GeneratedClass '/Game/2DSideScrollerBP/Maps/2DSideScrollerExampleMap.2DSideScrollerExampleMap_C' with ClassGeneratedBy '/Game/2DSideScrollerBP/Maps/2DSideScrollerExampleMap.2DSideScrollerExampleMap:PersistentLevel.2DSideScrollerExampleMap'
[2017.01.27-16.53.00:720][860]LogBlueprintUserMessages: Late EndPlayMap Detection: Level '/Game/2DSideScrollerBP/Maps/2DSideScrollerExampleMap.2DSideScrollerExampleMap:PersistentLevel' has LevelScriptBlueprint '/Game/2DSideScrollerBP/Maps/2DSideScrollerExampleMap.2DSideScrollerExampleMap:PersistentLevel.2DSideScrollerExampleMap' with GeneratedClass '/Game/2DSideScrollerBP/Maps/2DSideScrollerExampleMap.2DSideScrollerExampleMap_C' with ClassGeneratedBy '/Game/2DSideScrollerBP/Maps/2DSideScrollerExampleMap.2DSideScrollerExampleMap:PersistentLevel.2DSideScrollerExampleMap'
[2017.01.27-16.58.26:611][ 21]Cmd: QUIT_EDITOR
[2017.01.27-16.58.27:590][ 21]LogWindowsTextInputMethodSystem:Display: IME system now deactivated.
[2017.01.27-16.58.27:590][ 21]LogWindowsTextInputMethodSystem:Display: IME system now deactivated.
[2017.01.27-16.58.27:657][ 21]LogExit: Preparing to exit.
[2017.01.27-16.58.28:581][ 21]LogDirectoryWatcher: A directory notification for 'C:/Users/matt/Unreal Projects/MonkeyWrench/Content/' was aborted.
[2017.01.27-16.58.28:619][ 21]LogExit: Editor shut down
[2017.01.27-16.58.28:620][ 21]LogExit: Transaction tracking system shut down
[2017.01.27-16.58.28:721][ 21]LogObj: Freed 0b from 0 cluster array pools.
[2017.01.27-16.58.28:721][ 21]LogExit: Object subsystem successfully closed.
[2017.01.27-16.58.28:742][ 21]LogD3D11RHI: Shutdown
[2017.01.27-16.58.28:742][ 21]LogD3D11RHI: CleanupD3DDevice
[2017.01.27-16.58.28:910][ 21]LogD3D11RHI: ~FD3D11DynamicRHI
[2017.01.27-16.58.28:966][ 21]LogHttp:Display: Http module shutting down, but needs to wait on 1 outstanding Http requests:
[2017.01.27-16.58.28:966][ 21]LogHttp:Display: 	verb=[POST] url=[https://datarouter.ol.epicgames.com/datarouter/api/v1/public/data?SessionID=%7B3B06D41C-4B2F-B2BC-12C8-07B8C0496309%7D&AppID=UEEditor.Rocket.Release&AppVersion=4.14.3-3249277%2B%2B%2BUE4%2BRelease-4.14&UserID=5463ca744258d5dc6133638b92c7575b%7C7688f66bf330434687681f731b7ab27c%7C0ac9c145-c5f4-47b2-8d9f-973f053b3845&AppEnvironment=datacollector-binary&UploadType=eteventstream] status=Processing
[2017.01.27-16.58.28:998][ 21]LogModuleManager: Shutting down and abandoning module BlueprintGraph (244)
[2017.01.27-16.58.28:998][ 21]LogModuleManager: Shutting down and abandoning module BlueprintProfiler (243)
[2017.01.27-16.58.29:040][ 21]LogModuleManager: Shutting down and abandoning module WidgetCarousel (242)
[2017.01.27-16.58.29:040][ 21]LogModuleManager: Shutting down and abandoning module AddContentDialog (241)
[2017.01.27-16.58.29:046][ 21]LogDirectoryWatcher: A directory notification for 'C:/Program Files (x86)/Epic Games/4.14/FeaturePacks/' was aborted.
[2017.01.27-16.58.29:047][ 21]LogModuleManager: Shutting down and abandoning module GameplayTags (240)
[2017.01.27-16.58.29:047][ 21]LogModuleManager: Shutting down and abandoning module EditorWidgets (239)
[2017.01.27-16.58.29:047][ 21]LogModuleManager: Shutting down and abandoning module MovieSceneCapture (238)
[2017.01.27-16.58.29:047][ 21]LogModuleManager: Shutting down and abandoning module CollectionManager (237)
[2017.01.27-16.58.29:047][ 21]LogDirectoryWatcher: A directory notification for 'C:/Users/matt/Unreal Projects/MonkeyWrench/Content/Collections/' was aborted.
[2017.01.27-16.58.29:047][ 21]LogDirectoryWatcher: A directory notification for 'C:/Users/matt/Unreal Projects/MonkeyWrench/Content/Developers/matt/Collections/' was aborted.
[2017.01.27-16.58.29:047][ 21]LogDirectoryWatcher: A directory notification for 'C:/Users/matt/Unreal Projects/MonkeyWrench/Saved/Collections/' was aborted.
[2017.01.27-16.58.29:047][ 21]LogModuleManager: Shutting down and abandoning module HierarchicalLODOutliner (236)
[2017.01.27-16.58.29:047][ 21]LogModuleManager: Shutting down and abandoning module CrashTracker (235)
[2017.01.27-16.58.29:047][ 21]LogModuleManager: Shutting down and abandoning module SceneOutliner (234)
[2017.01.27-16.58.29:055][ 21]LogModuleManager: Shutting down and abandoning module StatsViewer (233)
[2017.01.27-16.58.29:055][ 21]LogModuleManager: Shutting down and abandoning module FoliageEdit (232)
[2017.01.27-16.58.29:055][ 21]LogModuleManager: Shutting down and abandoning module LandscapeEditor (231)
[2017.01.27-16.58.29:055][ 21]LogModuleManager: Shutting down and abandoning module SceneDepthPickerMode (230)
[2017.01.27-16.58.29:055][ 21]LogModuleManager: Shutting down and abandoning module ActorPickerMode (229)
[2017.01.27-16.58.29:055][ 21]LogModuleManager: Shutting down and abandoning module GeometryMode (228)
[2017.01.27-16.58.29:055][ 21]LogModuleManager: Shutting down and abandoning module TextureAlignMode (227)
[2017.01.27-16.58.29:055][ 21]LogModuleManager: Shutting down and abandoning module BspMode (226)
[2017.01.27-16.58.29:055][ 21]LogModuleManager: Shutting down and abandoning module HardwareSurvey (225)
[2017.01.27-16.58.29:055][ 21]LogModuleManager: Shutting down and abandoning module SequenceRecorderSections (224)
[2017.01.27-16.58.29:055][ 21]LogModuleManager: Shutting down and abandoning module AutomationWorker (223)
[2017.01.27-16.58.29:055][ 21]LogModuleManager: Shutting down and abandoning module MatineeToLevelSequence (222)
[2017.01.27-16.58.29:055][ 21]LogModuleManager: Shutting down and abandoning module PlacementMode (221)
[2017.01.27-16.58.29:055][ 21]LogModuleManager: Shutting down and abandoning module LevelSequenceEditor (220)
[2017.01.27-16.58.29:055][ 21]LogModuleManager: Shutting down and abandoning module WmfMediaFactory (219)
[2017.01.27-16.58.29:055][ 21]LogModuleManager: Shutting down and abandoning module WmfMediaEditor (218)
[2017.01.27-16.58.29:055][ 21]LogModuleManager: Shutting down and abandoning module AvfMediaFactory (217)
[2017.01.27-16.58.29:055][ 21]LogModuleManager: Shutting down and abandoning module AvfMediaEditor (216)
[2017.01.27-16.58.29:056][ 21]LogModuleManager: Shutting down and abandoning module Media (215)
[2017.01.27-16.58.29:056][ 21]LogModuleManager: Shutting down and abandoning module AndroidMediaFactory (214)
[2017.01.27-16.58.29:056][ 21]LogModuleManager: Shutting down and abandoning module AndroidMediaEditor (213)
[2017.01.27-16.58.29:056][ 21]LogModuleManager: Shutting down and abandoning module CharacterAI (212)
[2017.01.27-16.58.29:056][ 21]LogModuleManager: Shutting down and abandoning module SequenceRecorder (211)
[2017.01.27-16.58.29:056][ 21]LogModuleManager: Shutting down and abandoning module AudioCapture (210)
[2017.01.27-16.58.29:056][ 21]LogModuleManager: Shutting down and abandoning module SmartSnapping (209)
[2017.01.27-16.58.29:056][ 21]LogModuleManager: Shutting down and abandoning module SessionServices (208)
[2017.01.27-16.58.29:056][ 21]LogModuleManager: Shutting down and abandoning module ViewportSnapping (207)
[2017.01.27-16.58.29:056][ 21]LogModuleManager: Shutting down and abandoning module ViewportInteraction (206)
[2017.01.27-16.58.29:056][ 21]LogModuleManager: Shutting down and abandoning module LogVisualizer (205)
[2017.01.27-16.58.29:056][ 21]LogModuleManager: Shutting down and abandoning module GameProjectGeneration (204)
[2017.01.27-16.58.29:056][ 21]LogModuleManager: Shutting down and abandoning module IntroTutorials (203)
[2017.01.27-16.58.29:056][ 21]LogModuleManager: Shutting down and abandoning module EditorLiveStreaming (202)
[2017.01.27-16.58.29:056][ 21]LogModuleManager: Shutting down and abandoning module IOSPlatformEditor (201)
[2017.01.27-16.58.29:056][ 21]LogModuleManager: Shutting down and abandoning module HTML5PlatformEditor (200)
[2017.01.27-16.58.29:056][ 21]LogModuleManager: Shutting down and abandoning module AndroidDeviceDetection (199)
[2017.01.27-16.58.29:535][ 21]LogModuleManager: Shutting down and abandoning module AndroidPlatformEditor (198)
[2017.01.27-16.58.29:535][ 21]LogModuleManager: Shutting down and abandoning module IOSRuntimeSettings (197)
[2017.01.27-16.58.29:535][ 21]LogModuleManager: Shutting down and abandoning module AndroidRuntimeSettings (196)
[2017.01.27-16.58.29:535][ 21]LogModuleManager: Shutting down and abandoning module InputBindingEditor (195)
[2017.01.27-16.58.29:535][ 21]LogModuleManager: Shutting down and abandoning module NiagaraEditor (194)
[2017.01.27-16.58.29:535][ 21]LogModuleManager: Shutting down and abandoning module MergeActors (193)
[2017.01.27-16.58.29:535][ 21]LogModuleManager: Shutting down and abandoning module SizeMap (192)
[2017.01.27-16.58.29:535][ 21]LogModuleManager: Shutting down and abandoning module TreeMap (191)
[2017.01.27-16.58.29:535][ 21]LogModuleManager: Shutting down and abandoning module ReferenceViewer (190)
[2017.01.27-16.58.29:535][ 21]LogModuleManager: Shutting down and abandoning module LocalizationService (189)
[2017.01.27-16.58.29:535][ 21]LogModuleManager: Shutting down and abandoning module LocalizationDashboard (188)
[2017.01.27-16.58.29:535][ 21]LogModuleManager: Shutting down and abandoning module HardwareTargeting (187)
[2017.01.27-16.58.29:535][ 21]LogModuleManager: Shutting down and abandoning module DeviceProfileEditor (186)
[2017.01.27-16.58.29:535][ 21]LogModuleManager: Shutting down and abandoning module UndoHistory (185)
[2017.01.27-16.58.29:535][ 21]LogModuleManager: Shutting down and abandoning module UserFeedback (184)
[2017.01.27-16.58.29:535][ 21]LogModuleManager: Shutting down and abandoning module XmlParser (183)
[2017.01.27-16.58.29:535][ 21]LogModuleManager: Shutting down and abandoning module Blutility (182)
[2017.01.27-16.58.29:535][ 21]LogModuleManager: Shutting down and abandoning module ProjectTargetPlatformEditor (181)
[2017.01.27-16.58.29:536][ 21]LogModuleManager: Shutting down and abandoning module ProjectSettingsViewer (180)
[2017.01.27-16.58.29:536][ 21]LogModuleManager: Shutting down and abandoning module EditorSettingsViewer (179)
[2017.01.27-16.58.29:536][ 21]LogModuleManager: Shutting down and abandoning module SettingsEditor (178)
[2017.01.27-16.58.29:536][ 21]LogModuleManager: Shutting down and abandoning module ProjectLauncher (177)
[2017.01.27-16.58.29:536][ 21]LogModuleManager: Shutting down and abandoning module SessionFrontend (176)
[2017.01.27-16.58.29:536][ 21]LogModuleManager: Shutting down and abandoning module ProfilerClient (175)
[2017.01.27-16.58.29:536][ 21]LogModuleManager: Shutting down and abandoning module TargetDeviceServices (174)
[2017.01.27-16.58.29:536][ 21]LogModuleManager: Shutting down and abandoning module DeviceManager (173)
[2017.01.27-16.58.29:578][ 21]LogModuleManager: Shutting down and abandoning module AutomationController (172)
[2017.01.27-16.58.29:578][ 21]LogModuleManager: Shutting down and abandoning module AutomationWindow (171)
[2017.01.27-16.58.29:578][ 21]LogModuleManager: Shutting down and abandoning module Layers (170)
[2017.01.27-16.58.29:578][ 21]LogModuleManager: Shutting down and abandoning module ComponentVisualizers (169)
[2017.01.27-16.58.29:578][ 21]LogModuleManager: Shutting down and abandoning module DetailCustomizations (168)
[2017.01.27-16.58.29:578][ 21]LogModuleManager: Shutting down and abandoning module PackagesDialog (167)
[2017.01.27-16.58.29:578][ 21]LogModuleManager: Shutting down and abandoning module AnimGraph (166)
[2017.01.27-16.58.29:578][ 21]LogModuleManager: Shutting down and abandoning module Persona (165)
[2017.01.27-16.58.29:578][ 21]LogModuleManager: Shutting down and abandoning module Kismet (164)
[2017.01.27-16.58.29:584][ 21]LogModuleManager: Shutting down and abandoning module GraphEditor (163)
[2017.01.27-16.58.29:584][ 21]LogModuleManager: Shutting down and abandoning module ClassViewer (162)
[2017.01.27-16.58.29:584][ 21]LogModuleManager: Shutting down and abandoning module Toolbox (161)
[2017.01.27-16.58.29:585][ 21]LogModuleManager: Shutting down and abandoning module ModuleUI (160)
[2017.01.27-16.58.29:585][ 21]LogModuleManager: Shutting down and abandoning module MovieSceneTools (159)
[2017.01.27-16.58.29:585][ 21]LogModuleManager: Shutting down and abandoning module OutputLog (158)
[2017.01.27-16.58.29:585][ 21]LogModuleManager: Shutting down and abandoning module GammaUI (157)
[2017.01.27-16.58.29:585][ 21]LogModuleManager: Shutting down and abandoning module Documentation (156)
[2017.01.27-16.58.29:585][ 21]LogModuleManager: Shutting down and abandoning module Niagara (155)
[2017.01.27-16.58.29:585][ 21]LogModuleManager: Shutting down and abandoning module StreamingPauseRendering (154)
[2017.01.27-16.58.29:585][ 21]LogModuleManager: Shutting down and abandoning module AnalyticsET (153)
[2017.01.27-16.58.29:585][ 21]LogModuleManager: Shutting down and abandoning module PortalServices (152)
[2017.01.27-16.58.29:585][ 21]LogModuleManager: Shutting down and abandoning module PortalRpc (151)
[2017.01.27-16.58.29:585][ 21]LogModuleManager: Shutting down and abandoning module MessagingRpc (150)
[2017.01.27-16.58.29:585][ 21]LogModuleManager: Shutting down and abandoning module GameplayDebugger (149)
[2017.01.27-16.58.29:585][ 21]LogModuleManager: Shutting down and abandoning module AITestSuite (148)
[2017.01.27-16.58.29:585][ 21]LogModuleManager: Shutting down and abandoning module AIModule (147)
[2017.01.27-16.58.29:585][ 21]LogModuleManager: Shutting down and abandoning module ProfilerService (146)
[2017.01.27-16.58.29:689][ 21]LogModuleManager: Shutting down and abandoning module TaskGraph (145)
[2017.01.27-16.58.29:689][ 21]LogModuleManager: Shutting down and abandoning module SlateRemote (144)
[2017.01.27-16.58.29:689][ 21]LogModuleManager: Shutting down and abandoning module SteamVRController (143)
[2017.01.27-16.58.29:689][ 21]LogModuleManager: Shutting down and abandoning module SteamVR (142)
[2017.01.27-16.58.29:689][ 21]LogModuleManager: Shutting down and abandoning module ProceduralMeshComponentEditor (141)
[2017.01.27-16.58.29:689][ 21]LogModuleManager: Shutting down and abandoning module ProceduralMeshComponent (140)
[2017.01.27-16.58.29:689][ 21]LogModuleManager: Shutting down and abandoning module OculusLibrary (139)
[2017.01.27-16.58.29:689][ 21]LogModuleManager: Shutting down and abandoning module OculusInput (138)
[2017.01.27-16.58.29:689][ 21]LogModuleManager: Shutting down and abandoning module MobilePatchingUtils (137)
[2017.01.27-16.58.29:689][ 21]LogModuleManager: Shutting down and abandoning module CustomMeshComponent (136)
[2017.01.27-16.58.29:689][ 21]LogModuleManager: Shutting down and abandoning module CableComponent (135)
[2017.01.27-16.58.29:689][ 21]LogModuleManager: Shutting down and abandoning module ArchVisCharacter (134)
[2017.01.27-16.58.29:689][ 21]LogModuleManager: Shutting down and abandoning module MediaPlayerEditor (132)
[2017.01.27-16.58.29:689][ 21]LogModuleManager: Shutting down and abandoning module HTML5Networking (131)
[2017.01.27-16.58.29:689][ 21]LogModuleManager: Shutting down and abandoning module GeometryCacheEd (130)
[2017.01.27-16.58.29:689][ 21]LogModuleManager: Shutting down and abandoning module GeometryCache (129)
[2017.01.27-16.58.29:689][ 21]LogModuleManager: Shutting down and abandoning module AlembicLibrary (128)
[2017.01.27-16.58.29:689][ 21]LogModuleManager: Shutting down and abandoning module AlembicImporter (127)
[2017.01.27-16.58.29:689][ 21]LogModuleManager: Shutting down and abandoning module SuperSearch (126)
[2017.01.27-16.58.29:689][ 21]LogModuleManager: Shutting down and abandoning module SuperSearchEditor (125)
[2017.01.27-16.58.29:689][ 21]LogModuleManager: Shutting down and abandoning module SpeedTreeImporter (124)
[2017.01.27-16.58.29:689][ 21]LogModuleManager: Shutting down and abandoning module PluginBrowser (123)
[2017.01.27-16.58.29:689][ 21]LogModuleManager: Shutting down and abandoning module MobileLauncherProfileWizard (122)
[2017.01.27-16.58.29:689][ 21]LogModuleManager: Shutting down and abandoning module EpicSurvey (121)
[2017.01.27-16.58.29:732][ 21]LogModuleManager: Shutting down and abandoning module DesktopPlatform (120)
[2017.01.27-16.58.29:732][ 21]LogModuleManager: Shutting down and abandoning module VisualStudioSourceCodeAccess (119)
[2017.01.27-16.58.29:732][ 21]LogModuleManager: Shutting down and abandoning module UObjectPlugin (118)
[2017.01.27-16.58.29:732][ 21]LogModuleManager: Shutting down and abandoning module SubversionSourceControl (117)
[2017.01.27-16.58.29:732][ 21]LogModuleManager: Shutting down and abandoning module PerforceSourceControl (116)
[2017.01.27-16.58.29:732][ 21]LogModuleManager: Shutting down and abandoning module SourceControl (115)
[2017.01.27-16.58.29:732][ 21]LogModuleManager: Shutting down and abandoning module GitSourceControl (114)
[2017.01.27-16.58.29:732][ 21]LogModuleManager: Shutting down and abandoning module LightPropagationVolumeEditor (113)
[2017.01.27-16.58.29:732][ 21]LogModuleManager: Shutting down and abandoning module PaperTiledImporter (112)
[2017.01.27-16.58.29:732][ 21]LogModuleManager: Shutting down and abandoning module PaperSpriteSheetImporter (111)
[2017.01.27-16.58.29:732][ 21]LogModuleManager: Shutting down and abandoning module MeshPaint (110)
[2017.01.27-16.58.29:732][ 21]LogModuleManager: Shutting down and abandoning module PixelInspectorModule (109)
[2017.01.27-16.58.29:732][ 21]LogModuleManager: Shutting down and abandoning module HotReload (108)
[2017.01.27-16.58.29:733][ 21]LogModuleManager: Shutting down and abandoning module MainFrame (107)
[2017.01.27-16.58.29:733][ 21]LogModuleManager: Shutting down and abandoning module LevelEditor (106)
[2017.01.27-16.58.29:733][ 21]LogModuleManager: Shutting down and abandoning module ContentBrowser (105)
[2017.01.27-16.58.29:734][ 21]LogModuleManager: Shutting down and abandoning module Paper2DEditor (104)
[2017.01.27-16.58.29:734][ 21]LogModuleManager: Shutting down and abandoning module UdpMessaging (103)
[2017.01.27-16.58.29:835][ 21]LogModuleManager: Shutting down and abandoning module TcpMessaging (102)
[2017.01.27-16.58.29:935][ 21]LogModuleManager: Shutting down and abandoning module LightPropagationVolumeRuntime (101)
[2017.01.27-16.58.29:935][ 21]LogModuleManager: Shutting down and abandoning module Paper2D (100)
[2017.01.27-16.58.29:935][ 21]LogModuleManager: Shutting down and abandoning module WindowsMoviePlayer (99)
[2017.01.27-16.58.29:935][ 21]LogModuleManager: Shutting down and abandoning module WmfMedia (98)
[2017.01.27-16.58.29:935][ 21]LogModuleManager: Shutting down and abandoning module MediaAssets (97)
[2017.01.27-16.58.29:935][ 21]LogModuleManager: Shutting down and abandoning module GameLiveStreaming (96)
[2017.01.27-16.58.29:935][ 21]LogModuleManager: Shutting down and abandoning module GameplayTagsEditor (95)
[2017.01.27-16.58.29:935][ 21]LogModuleManager: Shutting down and abandoning module VREditor (94)
[2017.01.27-16.58.29:935][ 21]LogModuleManager: Shutting down and abandoning module GameplayTasksEditor (93)
[2017.01.27-16.58.29:935][ 21]LogModuleManager: Shutting down and abandoning module BehaviorTreeEditor (92)
[2017.01.27-16.58.29:935][ 21]LogModuleManager: Shutting down and abandoning module FunctionalTesting (91)
[2017.01.27-16.58.29:935][ 21]LogModuleManager: Shutting down and abandoning module CollisionAnalyzer (90)
[2017.01.27-16.58.29:935][ 21]LogModuleManager: Shutting down and abandoning module Sequencer (89)
[2017.01.27-16.58.29:935][ 21]LogModuleManager: Shutting down and abandoning module WorkspaceMenuStructure (88)
[2017.01.27-16.58.29:935][ 21]LogModuleManager: Shutting down and abandoning module MessageLog (87)
[2017.01.27-16.58.29:935][ 21]LogModuleManager: Shutting down and abandoning module AssetTools (86)
[2017.01.27-16.58.29:935][ 21]LogModuleManager: Shutting down and abandoning module UMGEditor (85)
[2017.01.27-16.58.29:935][ 21]LogModuleManager: Shutting down and abandoning module UMG (84)
[2017.01.27-16.58.29:935][ 21]LogModuleManager: Shutting down and abandoning module SlateReflector (83)
[2017.01.27-16.58.29:935][ 21]LogModuleManager: Shutting down and abandoning module Slate (82)
[2017.01.27-16.58.29:935][ 21]LogModuleManager: Shutting down and abandoning module EditorStyle (81)
[2017.01.27-16.58.29:938][ 21]LogModuleManager: Shutting down and abandoning module SourceCodeAccess (80)
[2017.01.27-16.58.29:938][ 21]LogModuleManager: Shutting down and abandoning module HeadMountedDisplay (79)
[2017.01.27-16.58.29:938][ 21]LogModuleManager: Shutting down and abandoning module XAudio2 (78)
[2017.01.27-16.58.29:938][ 21]LogModuleManager: Shutting down and abandoning module Networking (76)
[2017.01.27-16.58.29:938][ 21]LogModuleManager: Shutting down and abandoning module Core (75)
[2017.01.27-16.58.29:938][ 21]LogModuleManager: Shutting down and abandoning module DirectoryWatcher (74)
[2017.01.27-16.58.29:938][ 21]LogDirectoryWatcher: A directory notification for '../../../Engine/Content/' was aborted.
[2017.01.27-16.58.29:938][ 21]LogDirectoryWatcher: A directory notification for '../../../../../../Users/matt/Unreal Projects/MonkeyWrench/Content/' was aborted.
[2017.01.27-16.58.29:938][ 21]LogDirectoryWatcher: A directory notification for '../../../Engine/Plugins/2D/Paper2D/Content/' was aborted.
[2017.01.27-16.58.29:939][ 21]LogModuleManager: Shutting down and abandoning module AssetRegistry (73)
[2017.01.27-16.58.30:205][ 21]LogModuleManager: Shutting down and abandoning module KismetCompiler (72)
[2017.01.27-16.58.30:206][ 21]LogModuleManager: Shutting down and abandoning module PhysXFormats (71)
[2017.01.27-16.58.30:206][ 21]LogModuleManager: Shutting down and abandoning module SimplygonSwarm (70)
[2017.01.27-16.58.30:206][ 21]LogModuleManager: Shutting down and abandoning module SimplygonMeshReduction (69)
[2017.01.27-16.58.30:206][ 21]LogModuleManager: Shutting down and abandoning module QuadricMeshReduction (68)
[2017.01.27-16.58.30:206][ 21]LogModuleManager: Shutting down and abandoning module PropertyEditor (67)
[2017.01.27-16.58.30:206][ 21]LogModuleManager: Shutting down and abandoning module MeshUtilities (66)
[2017.01.27-16.58.30:206][ 21]LogModuleManager: Shutting down and abandoning module DerivedDataCache (65)
[2017.01.27-16.58.30:259][ 21]LogDerivedDataCache: Shutdown
[2017.01.27-16.58.30:259][ 21]LogModuleManager: Shutting down and abandoning module VulkanShaderFormat (64)
[2017.01.27-16.58.30:259][ 21]LogModuleManager: Shutting down and abandoning module ShaderFormatOpenGL (63)
[2017.01.27-16.58.30:259][ 21]LogModuleManager: Shutting down and abandoning module ShaderFormatD3D (62)
[2017.01.27-16.58.30:259][ 21]LogModuleManager: Shutting down and abandoning module MetalShaderFormat (61)
[2017.01.27-16.58.30:259][ 21]LogModuleManager: Shutting down and abandoning module TextureFormatUncompressed (60)
[2017.01.27-16.58.30:259][ 21]LogModuleManager: Shutting down and abandoning module TextureFormatPVR (59)
[2017.01.27-16.58.30:259][ 21]LogModuleManager: Shutting down and abandoning module TextureFormatDXT (58)
[2017.01.27-16.58.30:259][ 21]LogModuleManager: Shutting down and abandoning module TextureFormatIntelISPCTexComp (57)
[2017.01.27-16.58.30:259][ 21]LogModuleManager: Shutting down and abandoning module ImageWrapper (56)
[2017.01.27-16.58.30:259][ 21]LogModuleManager: Shutting down and abandoning module TextureFormatASTC (55)
[2017.01.27-16.58.30:259][ 21]LogModuleManager: Shutting down and abandoning module TextureFormatAndroid (54)
[2017.01.27-16.58.30:259][ 21]LogModuleManager: Shutting down and abandoning module AudioFormatOpus (53)
[2017.01.27-16.58.30:259][ 21]LogModuleManager: Shutting down and abandoning module AudioFormatOgg (52)
[2017.01.27-16.58.30:259][ 21]LogModuleManager: Shutting down and abandoning module AudioFormatADPCM (51)
[2017.01.27-16.58.30:259][ 21]LogModuleManager: Shutting down and abandoning module LinuxTargetPlatform (50)
[2017.01.27-16.58.30:259][ 21]LogModuleManager: Shutting down and abandoning module LinuxServerTargetPlatform (49)
[2017.01.27-16.58.30:259][ 21]LogModuleManager: Shutting down and abandoning module LinuxNoEditorTargetPlatform (48)
[2017.01.27-16.58.30:259][ 21]LogModuleManager: Shutting down and abandoning module LinuxClientTargetPlatform (47)
[2017.01.27-16.58.30:259][ 21]LogModuleManager: Shutting down and abandoning module TVOSTargetPlatform (46)
[2017.01.27-16.58.30:259][ 21]LogModuleManager: Shutting down and abandoning module Messaging (45)
[2017.01.27-16.58.30:259][ 21]LogModuleManager: Shutting down and abandoning module IOSTargetPlatform (44)
[2017.01.27-16.58.30:259][ 21]LogModuleManager: Shutting down and abandoning module HTML5TargetPlatform (43)
[2017.01.27-16.58.30:259][ 21]LogModuleManager: Shutting down and abandoning module Android_PVRTCTargetPlatform (42)
[2017.01.27-16.58.30:259][ 21]LogModuleManager: Shutting down and abandoning module Android_MultiTargetPlatform (41)
[2017.01.27-16.58.30:259][ 21]LogModuleManager: Shutting down and abandoning module Android_ETC2TargetPlatform (40)
[2017.01.27-16.58.30:259][ 21]LogModuleManager: Shutting down and abandoning module Android_ETC1TargetPlatform (39)
[2017.01.27-16.58.30:259][ 21]LogModuleManager: Shutting down and abandoning module Android_DXTTargetPlatform (38)
[2017.01.27-16.58.30:259][ 21]LogModuleManager: Shutting down and abandoning module Android_ATCTargetPlatform (37)
[2017.01.27-16.58.30:259][ 21]LogModuleManager: Shutting down and abandoning module Android_ASTCTargetPlatform (36)
[2017.01.27-16.58.30:259][ 21]LogModuleManager: Shutting down and abandoning module AndroidTargetPlatform (35)
[2017.01.27-16.58.30:259][ 21]LogModuleManager: Shutting down and abandoning module WindowsTargetPlatform (34)
[2017.01.27-16.58.30:259][ 21]LogModuleManager: Shutting down and abandoning module WindowsServerTargetPlatform (33)
[2017.01.27-16.58.30:259][ 21]LogModuleManager: Shutting down and abandoning module WindowsNoEditorTargetPlatform (32)
[2017.01.27-16.58.30:259][ 21]LogModuleManager: Shutting down and abandoning module WindowsClientTargetPlatform (31)
[2017.01.27-16.58.30:259][ 21]LogModuleManager: Shutting down and abandoning module MacTargetPlatform (30)
[2017.01.27-16.58.30:259][ 21]LogModuleManager: Shutting down and abandoning module MacServerTargetPlatform (29)
[2017.01.27-16.58.30:259][ 21]LogModuleManager: Shutting down and abandoning module MacNoEditorTargetPlatform (28)
[2017.01.27-16.58.30:259][ 21]LogModuleManager: Shutting down and abandoning module MacClientTargetPlatform (27)
[2017.01.27-16.58.30:259][ 21]LogModuleManager: Shutting down and abandoning module AllDesktopTargetPlatform (26)
[2017.01.27-16.58.30:259][ 21]LogModuleManager: Shutting down and abandoning module TargetPlatform (25)
[2017.01.27-16.58.30:260][ 21]LogModuleManager: Shutting down and abandoning module InputCore (24)
[2017.01.27-16.58.30:260][ 21]LogModuleManager: Shutting down and abandoning module Settings (23)
[2017.01.27-16.58.30:260][ 21]LogModuleManager: Shutting down and abandoning module OculusRift (22)
[2017.01.27-16.58.30:260][ 21]LogModuleManager: Shutting down and abandoning module ExampleDeviceProfileSelector (21)
[2017.01.27-16.58.30:260][ 21]LogModuleManager: Shutting down and abandoning module OnlineBlueprintSupport (20)
[2017.01.27-16.58.30:260][ 21]LogModuleManager: Shutting down and abandoning module OnlineSubsystem (18)
[2017.01.27-16.58.30:260][ 21]LogOnline:Display: Unloading online subsystem: NULL
[2017.01.27-16.58.30:260][ 21]LogModuleManager: Shutting down and abandoning module SSL (17)
[2017.01.27-16.58.30:262][ 21]LogModuleManager: Shutting down and abandoning module HTTP (16)
[2017.01.27-16.58.30:262][ 21]LogModuleManager: Shutting down and abandoning module XMPP (15)
[2017.01.27-16.58.30:262][ 21]LogModuleManager: Shutting down and abandoning module TextureCompressor (14)
[2017.01.27-16.58.30:262][ 21]LogModuleManager: Shutting down and abandoning module ShaderCore (13)
[2017.01.27-16.58.30:262][ 21]LogModuleManager: Shutting down and abandoning module Landscape (12)
[2017.01.27-16.58.30:262][ 21]LogModuleManager: Shutting down and abandoning module SlateRHIRenderer (11)
[2017.01.27-16.58.30:265][ 21]LogModuleManager: Shutting down and abandoning module OpenGLDrv (10)
[2017.01.27-16.58.30:265][ 21]LogModuleManager: Shutting down and abandoning module D3D11RHI (9)
[2017.01.27-16.58.30:265][ 21]LogModuleManager: Shutting down and abandoning module AnimGraphRuntime (8)
[2017.01.27-16.58.30:265][ 21]LogModuleManager: Shutting down and abandoning module Renderer (7)
[2017.01.27-16.58.30:265][ 21]LogModuleManager: Shutting down and abandoning module Engine (6)
[2017.01.27-16.58.30:265][ 21]LogModuleManager: Shutting down and abandoning module CoreUObject (5)
[2017.01.27-16.58.30:265][ 21]LogModuleManager: Shutting down and abandoning module NetworkFile (4)
[2017.01.27-16.58.30:265][ 21]LogModuleManager: Shutting down and abandoning module StreamingFile (3)
[2017.01.27-16.58.30:265][ 21]LogModuleManager: Shutting down and abandoning module SandboxFile (2)
[2017.01.27-16.58.30:265][ 21]LogModuleManager: Shutting down and abandoning module PakFile (1)
[2017.01.27-16.58.30:267][ 21]LogExit: Exiting.
[2017.01.27-16.58.30:275][ 21]Log file closed, 01/27/17 11:58:30
