Log file open, 03/19/17 17:32:33
LogInit:Display: Running engine for game: MonkeyWrench
LogPlatformFile: Not using cached read wrapper
LogInit:Display: RandInit(-404782547) SRandInit(-404782547).
LogTaskGraph: Started task graph with 5 named threads and 6 total threads with 1 sets of task threads.
LogStats: Stats thread started at 0.079985
LogPluginManager: Loaded Plugin Paper2D, From C:/Program Files (x86)/Epic Games/4.14/Engine/Plugins/2D/Paper2D/Paper2D.uplugin
LogPluginManager: Loaded Plugin LightPropagationVolume, From C:/Program Files (x86)/Epic Games/4.14/Engine/Plugins/Blendables/LightPropagationVolume/LightPropagationVolume.uplugin
LogPluginManager: Loaded Plugin BlankPlugin, From C:/Program Files (x86)/Epic Games/4.14/Engine/Plugins/Developer/BlankPlugin/BlankPlugin.uplugin
LogPluginManager: Loaded Plugin CodeLiteSourceCodeAccess, From C:/Program Files (x86)/Epic Games/4.14/Engine/Plugins/Developer/CodeLiteSourceCodeAccess/CodeLiteSourceCodeAccess.uplugin
LogPluginManager: Loaded Plugin GitSourceControl, From C:/Program Files (x86)/Epic Games/4.14/Engine/Plugins/Developer/GitSourceControl/GitSourceControl.uplugin
LogPluginManager: Loaded Plugin KDevelopSourceCodeAccess, From C:/Program Files (x86)/Epic Games/4.14/Engine/Plugins/Developer/KDevelopSourceCodeAccess/KDevelopSourceCodeAccess.uplugin
LogPluginManager: Loaded Plugin NullSourceCodeAccess, From C:/Program Files (x86)/Epic Games/4.14/Engine/Plugins/Developer/NullSourceCodeAccess/NullSourceCodeAccess.uplugin
LogPluginManager: Loaded Plugin OneSkyLocalizationService, From C:/Program Files (x86)/Epic Games/4.14/Engine/Plugins/Developer/OneSkyLocalizationService/OneSkyLocalizationService.uplugin
LogPluginManager: Loaded Plugin PerforceSourceControl, From C:/Program Files (x86)/Epic Games/4.14/Engine/Plugins/Developer/PerforceSourceControl/PerforceSourceControl.uplugin
LogPluginManager: Loaded Plugin SubversionSourceControl, From C:/Program Files (x86)/Epic Games/4.14/Engine/Plugins/Developer/SubversionSourceControl/SubversionSourceControl.uplugin
LogPluginManager: Loaded Plugin UObjectPlugin, From C:/Program Files (x86)/Epic Games/4.14/Engine/Plugins/Developer/UObjectPlugin/UObjectPlugin.uplugin
LogPluginManager: Loaded Plugin VisualStudioSourceCodeAccess, From C:/Program Files (x86)/Epic Games/4.14/Engine/Plugins/Developer/VisualStudioSourceCodeAccess/VisualStudioSourceCodeAccess.uplugin
LogPluginManager: Loaded Plugin XCodeSourceCodeAccess, From C:/Program Files (x86)/Epic Games/4.14/Engine/Plugins/Developer/XCodeSourceCodeAccess/XCodeSourceCodeAccess.uplugin
LogPluginManager: Loaded Plugin AudioCapture, From C:/Program Files (x86)/Epic Games/4.14/Engine/Plugins/Editor/AudioCapture/AudioCapture.uplugin
LogPluginManager: Loaded Plugin EpicSurvey, From C:/Program Files (x86)/Epic Games/4.14/Engine/Plugins/Editor/EpicSurvey/EpicSurvey.uplugin
LogPluginManager: Loaded Plugin MacGraphicsSwitching, From C:/Program Files (x86)/Epic Games/4.14/Engine/Plugins/Editor/MacGraphicsSwitching/MacGraphicsSwitching.uplugin
LogPluginManager: Loaded Plugin MobileLauncherProfileWizard, From C:/Program Files (x86)/Epic Games/4.14/Engine/Plugins/Editor/MobileLauncherProfileWizard/MobileLauncherProfileWizard.uplugin
LogPluginManager: Loaded Plugin PluginBrowser, From C:/Program Files (x86)/Epic Games/4.14/Engine/Plugins/Editor/PluginBrowser/PluginBrowser.uplugin
LogPluginManager: Loaded Plugin SpeedTreeImporter, From C:/Program Files (x86)/Epic Games/4.14/Engine/Plugins/Editor/SpeedTreeImporter/SpeedTreeImporter.uplugin
LogPluginManager: Loaded Plugin SuperSearchEditor, From C:/Program Files (x86)/Epic Games/4.14/Engine/Plugins/Editor/SuperSearchEditor/SuperSearchEditor.uplugin
LogPluginManager: Loaded Plugin AlembicImporter, From C:/Program Files (x86)/Epic Games/4.14/Engine/Plugins/Experimental/AlembicImporter/AlembicImporter.uplugin
LogPluginManager: Loaded Plugin BlueprintStats, From C:/Program Files (x86)/Epic Games/4.14/Engine/Plugins/Experimental/BlueprintStats/BlueprintStats.uplugin
LogPluginManager: Loaded Plugin CharacterAI, From C:/Program Files (x86)/Epic Games/4.14/Engine/Plugins/Experimental/CharacterAI/CharacterAI.uplugin
LogPluginManager: Loaded Plugin CodeEditor, From C:/Program Files (x86)/Epic Games/4.14/Engine/Plugins/Experimental/CodeEditor/CodeEditor.uplugin
LogPluginManager: Loaded Plugin CodeView, From C:/Program Files (x86)/Epic Games/4.14/Engine/Plugins/Experimental/CodeView/CodeView.uplugin
LogPluginManager: Loaded Plugin HTML5Networking, From C:/Program Files (x86)/Epic Games/4.14/Engine/Plugins/Experimental/HTML5Networking/HTML5Networking.uplugin
LogPluginManager: Loaded Plugin OSVR, From C:/Program Files (x86)/Epic Games/4.14/Engine/Plugins/Experimental/OSVR/OSVR.uplugin
LogPluginManager: Loaded Plugin Phya, From C:/Program Files (x86)/Epic Games/4.14/Engine/Plugins/Experimental/Phya/Phya.uplugin
LogPluginManager: Loaded Plugin SignificanceManager, From C:/Program Files (x86)/Epic Games/4.14/Engine/Plugins/Experimental/SignificanceManager/SignificanceManager.uplugin
LogPluginManager: Loaded Plugin SimpleHMD, From C:/Program Files (x86)/Epic Games/4.14/Engine/Plugins/Experimental/SimpleHMD/SimpleHMD.uplugin
LogPluginManager: Loaded Plugin StereoPanorama, From C:/Program Files (x86)/Epic Games/4.14/Engine/Plugins/Experimental/StereoPanorama/StereoPanorama.uplugin
LogPluginManager: Loaded Plugin StructBox, From C:/Program Files (x86)/Epic Games/4.14/Engine/Plugins/Experimental/StructBox/StructBox.uplugin
LogPluginManager: Loaded Plugin AndroidMedia, From C:/Program Files (x86)/Epic Games/4.14/Engine/Plugins/Media/AndroidMedia/AndroidMedia.uplugin
LogPluginManager: Loaded Plugin AvfMedia, From C:/Program Files (x86)/Epic Games/4.14/Engine/Plugins/Media/AvfMedia/AvfMedia.uplugin
LogPluginManager: Loaded Plugin MediaPlayerEditor, From C:/Program Files (x86)/Epic Games/4.14/Engine/Plugins/Media/MediaPlayerEditor/MediaPlayerEditor.uplugin
LogPluginManager: Loaded Plugin WmfMedia, From C:/Program Files (x86)/Epic Games/4.14/Engine/Plugins/Media/WmfMedia/WmfMedia.uplugin
LogPluginManager: Loaded Plugin MessagingDebugger, From C:/Program Files (x86)/Epic Games/4.14/Engine/Plugins/Messaging/MessagingDebugger/MessagingDebugger.uplugin
LogPluginManager: Loaded Plugin TcpMessaging, From C:/Program Files (x86)/Epic Games/4.14/Engine/Plugins/Messaging/TcpMessaging/TcpMessaging.uplugin
LogPluginManager: Loaded Plugin UdpMessaging, From C:/Program Files (x86)/Epic Games/4.14/Engine/Plugins/Messaging/UdpMessaging/UdpMessaging.uplugin
LogPluginManager: Loaded Plugin LevelSequenceEditor, From C:/Program Files (x86)/Epic Games/4.14/Engine/Plugins/MovieScene/LevelSequenceEditor/LevelSequenceEditor.uplugin
LogPluginManager: Loaded Plugin MatineeToLevelSequence, From C:/Program Files (x86)/Epic Games/4.14/Engine/Plugins/MovieScene/MatineeToLevelSequence/MatineeToLevelSequence.uplugin
LogPluginManager: Loaded Plugin NetcodeUnitTest, From C:/Program Files (x86)/Epic Games/4.14/Engine/Plugins/NetcodeUnitTest/NetcodeUnitTest/NetcodeUnitTest.uplugin
LogPluginManager: Loaded Plugin NUTUnrealEngine4, From C:/Program Files (x86)/Epic Games/4.14/Engine/Plugins/NetcodeUnitTest/NUTUnrealEngine4/NUTUnrealEngine4.uplugin
LogPluginManager: Loaded Plugin OnlineSubsystemGameCircle, From C:/Program Files (x86)/Epic Games/4.14/Engine/Plugins/Online/Android/OnlineSubsystemGameCircle/OnlineSubsystemGameCircle.uplugin
LogPluginManager: Loaded Plugin OnlineSubsystemGooglePlay, From C:/Program Files (x86)/Epic Games/4.14/Engine/Plugins/Online/Android/OnlineSubsystemGooglePlay/OnlineSubsystemGooglePlay.uplugin
LogPluginManager: Loaded Plugin OnlineSubsystemIOS, From C:/Program Files (x86)/Epic Games/4.14/Engine/Plugins/Online/IOS/OnlineSubsystemIOS/OnlineSubsystemIOS.uplugin
LogPluginManager: Loaded Plugin OnlineFramework, From C:/Program Files (x86)/Epic Games/4.14/Engine/Plugins/Online/OnlineFramework/OnlineFramework.uplugin
LogPluginManager: Loaded Plugin OnlineSubsystem, From C:/Program Files (x86)/Epic Games/4.14/Engine/Plugins/Online/OnlineSubsystem/OnlineSubsystem.uplugin
LogPluginManager: Loaded Plugin OnlineSubsystemAmazon, From C:/Program Files (x86)/Epic Games/4.14/Engine/Plugins/Online/OnlineSubsystemAmazon/OnlineSubsystemAmazon.uplugin
LogPluginManager: Loaded Plugin OnlineSubsystemFacebook, From C:/Program Files (x86)/Epic Games/4.14/Engine/Plugins/Online/OnlineSubsystemFacebook/OnlineSubsystemFacebook.uplugin
LogPluginManager: Loaded Plugin OnlineSubsystemNull, From C:/Program Files (x86)/Epic Games/4.14/Engine/Plugins/Online/OnlineSubsystemNull/OnlineSubsystemNull.uplugin
LogPluginManager: Loaded Plugin OnlineSubsystemOculus, From C:/Program Files (x86)/Epic Games/4.14/Engine/Plugins/Online/OnlineSubsystemOculus/OnlineSubsystemOculus.uplugin
LogPluginManager: Loaded Plugin OnlineSubsystemSteam, From C:/Program Files (x86)/Epic Games/4.14/Engine/Plugins/Online/OnlineSubsystemSteam/OnlineSubsystemSteam.uplugin
LogPluginManager: Loaded Plugin OnlineSubsystemUtils, From C:/Program Files (x86)/Epic Games/4.14/Engine/Plugins/Online/OnlineSubsystemUtils/OnlineSubsystemUtils.uplugin
LogPluginManager: Loaded Plugin IOSTapJoy, From C:/Program Files (x86)/Epic Games/4.14/Engine/Plugins/Runtime/Advertising/IOSTapJoy/IOSTapJoy.uplugin
LogPluginManager: Loaded Plugin AnalyticsBlueprintLibrary, From C:/Program Files (x86)/Epic Games/4.14/Engine/Plugins/Runtime/Analytics/AnalyticsBlueprintLibrary/AnalyticsBlueprintLibrary.uplugin
LogPluginManager: Loaded Plugin AnalyticsMulticast, From C:/Program Files (x86)/Epic Games/4.14/Engine/Plugins/Runtime/Analytics/AnalyticsMulticast/AnalyticsMulticast.uplugin
LogPluginManager: Loaded Plugin Apsalar, From C:/Program Files (x86)/Epic Games/4.14/Engine/Plugins/Runtime/Analytics/Apsalar/Apsalar.uplugin
LogPluginManager: Loaded Plugin FileLogging, From C:/Program Files (x86)/Epic Games/4.14/Engine/Plugins/Runtime/Analytics/FileLogging/FileLogging.uplugin
LogPluginManager: Loaded Plugin Flurry, From C:/Program Files (x86)/Epic Games/4.14/Engine/Plugins/Runtime/Analytics/Flurry/Flurry.uplugin
LogPluginManager: Loaded Plugin AndroidDeviceProfileSelector, From C:/Program Files (x86)/Epic Games/4.14/Engine/Plugins/Runtime/AndroidDeviceProfileSelector/AndroidDeviceProfileSelector.uplugin
LogPluginManager: Loaded Plugin AndroidMoviePlayer, From C:/Program Files (x86)/Epic Games/4.14/Engine/Plugins/Runtime/AndroidMoviePlayer/AndroidMoviePlayer.uplugin
LogPluginManager: Loaded Plugin AppleMoviePlayer, From C:/Program Files (x86)/Epic Games/4.14/Engine/Plugins/Runtime/AppleMoviePlayer/AppleMoviePlayer.uplugin
LogPluginManager: Loaded Plugin ArchVisCharacter, From C:/Program Files (x86)/Epic Games/4.14/Engine/Plugins/Runtime/ArchVisCharacter/ArchVisCharacter.uplugin
LogPluginManager: Loaded Plugin CableComponent, From C:/Program Files (x86)/Epic Games/4.14/Engine/Plugins/Runtime/CableComponent/CableComponent.uplugin
LogPluginManager: Loaded Plugin CustomMeshComponent, From C:/Program Files (x86)/Epic Games/4.14/Engine/Plugins/Runtime/CustomMeshComponent/CustomMeshComponent.uplugin
LogPluginManager: Loaded Plugin ExampleDeviceProfileSelector, From C:/Program Files (x86)/Epic Games/4.14/Engine/Plugins/Runtime/ExampleDeviceProfileSelector/ExampleDeviceProfileSelector.uplugin
LogPluginManager: Loaded Plugin GearVR, From C:/Program Files (x86)/Epic Games/4.14/Engine/Plugins/Runtime/GearVR/GearVR.uplugin
LogPluginManager: Loaded Plugin GoogleVRController, From C:/Program Files (x86)/Epic Games/4.14/Engine/Plugins/Runtime/GoogleVR/GoogleVRController/GoogleVRController.uplugin
LogPluginManager: Loaded Plugin GoogleVRHMD, From C:/Program Files (x86)/Epic Games/4.14/Engine/Plugins/Runtime/GoogleVR/GoogleVRHMD/GoogleVRHMD.uplugin
LogPluginManager: Loaded Plugin IOSDeviceProfileSelector, From C:/Program Files (x86)/Epic Games/4.14/Engine/Plugins/Runtime/IOSDeviceProfileSelector/IOSDeviceProfileSelector.uplugin
LogPluginManager: Loaded Plugin LeapMotion, From C:/Program Files (x86)/Epic Games/4.14/Engine/Plugins/Runtime/LeapMotion/LeapMotion.uplugin
LogPluginManager: Loaded Plugin LinuxDeviceProfileSelector, From C:/Program Files (x86)/Epic Games/4.14/Engine/Plugins/Runtime/LinuxDeviceProfileSelector/LinuxDeviceProfileSelector.uplugin
LogPluginManager: Loaded Plugin MIDIDevice, From C:/Program Files (x86)/Epic Games/4.14/Engine/Plugins/Runtime/MIDIDevice/MIDIDevice.uplugin
LogPluginManager: Loaded Plugin MobilePatchingUtils, From C:/Program Files (x86)/Epic Games/4.14/Engine/Plugins/Runtime/MobilePatchingUtils/MobilePatchingUtils.uplugin
LogPluginManager: Loaded Plugin Ansel, From C:/Program Files (x86)/Epic Games/4.14/Engine/Plugins/Runtime/Nvidia/Ansel/Ansel.uplugin
LogPluginManager: Loaded Plugin OculusAudio, From C:/Program Files (x86)/Epic Games/4.14/Engine/Plugins/Runtime/OculusAudio/OculusAudio.uplugin
LogPluginManager: Loaded Plugin OculusInput, From C:/Program Files (x86)/Epic Games/4.14/Engine/Plugins/Runtime/OculusInput/OculusInput.uplugin
LogPluginManager: Loaded Plugin OculusLibrary, From C:/Program Files (x86)/Epic Games/4.14/Engine/Plugins/Runtime/OculusLibrary/OculusLibrary.uplugin
LogPluginManager: Loaded Plugin OculusRift, From C:/Program Files (x86)/Epic Games/4.14/Engine/Plugins/Runtime/OculusRift/OculusRift.uplugin
LogPluginManager: Loaded Plugin Oodle, From C:/Program Files (x86)/Epic Games/4.14/Engine/Plugins/Runtime/PacketHandlers/CompressionComponents/Oodle/Oodle.uplugin
LogPluginManager: Loaded Plugin ProceduralMeshComponent, From C:/Program Files (x86)/Epic Games/4.14/Engine/Plugins/Runtime/ProceduralMeshComponent/ProceduralMeshComponent.uplugin
LogPluginManager: Loaded Plugin SoundMod, From C:/Program Files (x86)/Epic Games/4.14/Engine/Plugins/Runtime/SoundMod/SoundMod.uplugin
LogPluginManager: Loaded Plugin SoundVisualizations, From C:/Program Files (x86)/Epic Games/4.14/Engine/Plugins/Runtime/SoundVisualizations/SoundVisualizations.uplugin
LogPluginManager: Loaded Plugin SteamController, From C:/Program Files (x86)/Epic Games/4.14/Engine/Plugins/Runtime/Steam/SteamController/SteamController.uplugin
LogPluginManager: Loaded Plugin SteamVR, From C:/Program Files (x86)/Epic Games/4.14/Engine/Plugins/Runtime/Steam/SteamVR/SteamVR.uplugin
LogPluginManager: Loaded Plugin WebBrowserWidget, From C:/Program Files (x86)/Epic Games/4.14/Engine/Plugins/Runtime/WebBrowserWidget/WebBrowserWidget.uplugin
LogPluginManager: Loaded Plugin WindowsDeviceProfileSelector, From C:/Program Files (x86)/Epic Games/4.14/Engine/Plugins/Runtime/WindowsDeviceProfileSelector/WindowsDeviceProfileSelector.uplugin
LogPluginManager: Loaded Plugin WindowsMoviePlayer, From C:/Program Files (x86)/Epic Games/4.14/Engine/Plugins/Runtime/WindowsMoviePlayer/WindowsMoviePlayer.uplugin
LogPluginManager: Loaded Plugin ScriptPlugin, From C:/Program Files (x86)/Epic Games/4.14/Engine/Plugins/ScriptPlugin/ScriptPlugin.uplugin
LogPluginManager: Loaded Plugin SlateRemote, From C:/Program Files (x86)/Epic Games/4.14/Engine/Plugins/Slate/SlateRemote/SlateRemote.uplugin
LogPluginManager: Loaded Plugin EditorTests, From C:/Program Files (x86)/Epic Games/4.14/Engine/Plugins/Tests/EditorTests/EditorTests.uplugin
LogPluginManager: Loaded Plugin FbxAutomationTestBuilder, From C:/Program Files (x86)/Epic Games/4.14/Engine/Plugins/Tests/FbxAutomationTestBuilder/FbxAutomationTestBuilder.uplugin
LogPluginManager: Loaded Plugin FunctionalTestingEditor, From C:/Program Files (x86)/Epic Games/4.14/Engine/Plugins/Tests/FunctionalTestingEditor/FunctionalTestingEditor.uplugin
LogPluginManager: Loaded Plugin RuntimeTests, From C:/Program Files (x86)/Epic Games/4.14/Engine/Plugins/Tests/RuntimeTests/RuntimeTests.uplugin
LogPluginManager: Loaded Plugin ScreenshotTools, From C:/Program Files (x86)/Epic Games/4.14/Engine/Plugins/Tests/ScreenshotTools/ScreenshotTools.uplugin
LogInit: Using libcurl 7.47.1
LogInit:  - built for x86_64-pc-win32
LogInit:  - supports SSL with OpenSSL/1.0.2g
LogInit:  - supports HTTP deflate (compression) using libz 1.2.8
LogInit:  - other features:
LogInit:      CURL_VERSION_SSL
LogInit:      CURL_VERSION_LIBZ
LogInit:      CURL_VERSION_IPV6
LogInit:      CURL_VERSION_ASYNCHDNS
LogInit:      CURL_VERSION_LARGEFILE
LogInit:      CURL_VERSION_IDN
LogInit:  CurlRequestOptions (configurable via config and command line):
LogInit:  - bVerifyPeer = false  - Libcurl will NOT verify peer certificate
LogInit:  - bUseHttpProxy = false  - Libcurl will NOT use HTTP proxy
LogInit:  - bDontReuseConnections = false  - Libcurl will reuse connections
LogInit:  - CertBundlePath = nullptr  - Libcurl will use whatever was configured at build time.
LogInit: Build: ++UE4+Release-4.14-CL-3249277
LogInit: Engine Version: 4.14.3-3249277+++UE4+Release-4.14
LogInit: Compatible Engine Version: 4.14.0-3195953+++UE4+Release-4.14
LogInit: Net CL: 3195953
LogDevObjectVersion: Number of dev versions registered: 13
LogDevObjectVersion:   Dev-Blueprints (B0D832E4-1F89-4F0D-ACCF-7EB736FD4AA2): 7
LogDevObjectVersion:   Dev-Build (E1C64328-A22C-4D53-A36C-8E866417BD8C): 0
LogDevObjectVersion:   Dev-Core (375EC13C-06E4-48FB-B500-84F0262A717E): 1
LogDevObjectVersion:   Dev-Editor (E4B068ED-F494-42E9-A231-DA0B2E46BB41): 8
LogDevObjectVersion:   Dev-Framework (CFFC743F-43B0-4480-9391-14DF171D2073): 17
LogDevObjectVersion:   Dev-Mobile (B02B49B5-BB20-44E9-A304-32B752E40360): 0
LogDevObjectVersion:   Dev-Networking (A4E4105C-59A1-49B5-A7C5-40C4547EDFEE): 0
LogDevObjectVersion:   Dev-Online (39C831C9-5AE6-47DC-9A44-9C173E1C8E7C): 0
LogDevObjectVersion:   Dev-Physics (78F01B33-EBEA-4F98-B9B4-84EACCB95AA2): 0
LogDevObjectVersion:   Dev-Platform (6631380F-2D4D-43E0-8009-CF276956A95A): 0
LogDevObjectVersion:   Dev-Rendering (12F88B9F-8875-4AFC-A67C-D90C383ABD29): 12
LogDevObjectVersion:   Dev-Sequencer (7B5AE74C-D270-4C10-A958-57980B212A5A): 1
LogDevObjectVersion:   Dev-VR (D7296918-1DD6-4BDD-9DE2-64A83CC13884): 0
LogInit: Compiled (64-bit): Jan  6 2017 10:49:43
LogInit: Compiled with Visual C++: 19.00.23026.00
LogInit: Build Configuration: Development
LogInit: Branch Name: ++UE4+Release-4.14
LogInit: Command line:  
LogInit: Base directory: C:/Program Files (x86)/Epic Games/4.14/Engine/Binaries/Win64/
LogInit: Installed Engine Build: 1
LogInit: Presizing for max 8388607 objects, including 0 objects not considered by GC, pre-allocating 0 bytes for permanent pool.
LogInit: Object subsystem initialized
[2017.03.19-21.32.33:699][  0]LogInit: Selected Device Profile: [Windows]
[2017.03.19-21.32.33:699][  0]LogInit: Applying CVar settings loaded from the selected device profile: [Windows]
[2017.03.19-21.32.33:769][  0]LogInit: Computer: MATTLINEBACK-PC
[2017.03.19-21.32.33:769][  0]LogInit: User: mattlineback
[2017.03.19-21.32.33:769][  0]LogInit: CPU Page size=65536, Cores=2
[2017.03.19-21.32.33:769][  0]LogInit: High frequency timer resolution =3.020501 MHz
[2017.03.19-21.32.33:769][  0]LogMemory: Memory total: Physical=8.0GB (8GB approx)
[2017.03.19-21.32.33:769][  0]LogMemory: Platform Memory Stats for Windows
[2017.03.19-21.32.33:769][  0]LogMemory: Process Physical Memory: 263.73 MB used, 263.73 MB peak
[2017.03.19-21.32.33:769][  0]LogMemory: Process Virtual Memory: 262.38 MB used, 262.38 MB peak
[2017.03.19-21.32.33:769][  0]LogMemory: Physical Memory: 3560.22 MB used,  4614.42 MB free, 8174.64 MB total
[2017.03.19-21.32.33:769][  0]LogMemory: Virtual Memory: 674.76 MB used,  4614.42 MB free, 134217728.00 MB total
[2017.03.19-21.32.33:923][  0]LogTextLocalizationManager: No specific translations for ('en-US') exist, so ('en') translations will be used.
[2017.03.19-21.32.38:255][  0]LogD3D11RHI: D3D11 adapters:
[2017.03.19-21.32.38:264][  0]LogD3D11RHI:    0. 'AMD Radeon HD 6450' (Feature Level 11_0)
[2017.03.19-21.32.38:264][  0]LogD3D11RHI:       1008/0/3840 MB DedicatedVideo/DedicatedSystem/SharedSystem, Outputs:1, VendorId:0x1002
[2017.03.19-21.32.38:265][  0]LogD3D11RHI:    1. 'Microsoft Basic Render Driver' (Feature Level 11_0)
[2017.03.19-21.32.38:265][  0]LogD3D11RHI:       0/0/4087 MB DedicatedVideo/DedicatedSystem/SharedSystem, Outputs:0, VendorId:0x1414
[2017.03.19-21.32.38:265][  0]LogD3D11RHI: Chosen D3D11 Adapter: 0
[2017.03.19-21.32.38:270][  0]LogD3D11RHI: Creating new Direct3DDevice
[2017.03.19-21.32.38:270][  0]LogD3D11RHI:     GPU DeviceId: 0x6779 (for the marketing name, search the web for "GPU Device Id")
[2017.03.19-21.32.38:270][  0]LogWindows: EnumDisplayDevices:
[2017.03.19-21.32.38:270][  0]LogWindows:    0. 'AMD Radeon HD 6450' (P:1 D:1)
[2017.03.19-21.32.38:271][  0]LogWindows:    1. 'AMD Radeon HD 6450' (P:0 D:0)
[2017.03.19-21.32.38:271][  0]LogWindows:    2. 'AMD Radeon HD 6450' (P:0 D:0)
[2017.03.19-21.32.38:271][  0]LogWindows: DebugString: FoundDriverCount:3 
[2017.03.19-21.32.38:271][  0]LogD3D11RHI:     Adapter Name: AMD Radeon HD 6450
[2017.03.19-21.32.38:271][  0]LogD3D11RHI:   Driver Version: Crimson 16.2.1 (internal:15.301.1901.0, unified:15.301.1901.0)
[2017.03.19-21.32.38:271][  0]LogD3D11RHI:      Driver Date: 2-26-2016
[2017.03.19-21.32.38:271][  0]LogRHI: Texture pool is 706 MB (70% of 1008 MB)
[2017.03.19-21.32.38:278][  0]LogD3D11RHI: Async texture creation enabled
[2017.03.19-21.32.38:290][  0]LogD3D11RHI: GPU Timing Frequency: 27.000000 (Debug: 2 1)
[2017.03.19-21.32.38:291][  0]LogShaderCompilers: Guid format shader working directory is 38 characters bigger than the processId version (G:/monkeywrench/Intermediate/Shaders/WorkingDirectory/1476/).
[2017.03.19-21.32.38:291][  0]LogShaderCompilers: Cleaned the shader compiler working directory 'C:/Users/mattlineback/AppData/Local/Temp/UnrealShaderWorkingDir/5E453B3A4744FF9C45B5C19E0E57F2F9/'.
[2017.03.19-21.32.38:291][  0]LogShaderCompilers:Display: Using Local Shader Compiler.
[2017.03.19-21.32.41:778][  0]LogTemp:Display: Loaded TP AllDesktopTargetPlatform
[2017.03.19-21.32.41:857][  0]LogTemp:Display: Loaded TP MacClientTargetPlatform
[2017.03.19-21.32.41:932][  0]LogTemp:Display: Loaded TP MacNoEditorTargetPlatform
[2017.03.19-21.32.42:007][  0]LogTemp:Display: Loaded TP MacServerTargetPlatform
[2017.03.19-21.32.42:100][  0]LogTemp:Display: Loaded TP MacTargetPlatform
[2017.03.19-21.32.42:174][  0]LogTemp:Display: Loaded TP WindowsClientTargetPlatform
[2017.03.19-21.32.42:251][  0]LogTemp:Display: Loaded TP WindowsNoEditorTargetPlatform
[2017.03.19-21.32.42:326][  0]LogTemp:Display: Loaded TP WindowsServerTargetPlatform
[2017.03.19-21.32.42:387][  0]LogTemp:Display: Loaded TP WindowsTargetPlatform
[2017.03.19-21.32.42:477][  0]LogTemp:Display: Loaded TP AndroidTargetPlatform
[2017.03.19-21.32.42:549][  0]LogTemp:Display: Loaded TP Android_ASTCTargetPlatform
[2017.03.19-21.32.42:621][  0]LogTemp:Display: Loaded TP Android_ATCTargetPlatform
[2017.03.19-21.32.42:696][  0]LogTemp:Display: Loaded TP Android_DXTTargetPlatform
[2017.03.19-21.32.42:770][  0]LogTemp:Display: Loaded TP Android_ETC1TargetPlatform
[2017.03.19-21.32.42:842][  0]LogTemp:Display: Loaded TP Android_ETC2TargetPlatform
[2017.03.19-21.32.42:988][  0]LogTemp:Display: Loaded TP Android_MultiTargetPlatform
[2017.03.19-21.32.42:988][  0]LogTemp:Display: Loaded TP Android_PVRTCTargetPlatform
[2017.03.19-21.32.43:043][  0]LogTemp:Display: Loaded TP HTML5TargetPlatform
[2017.03.19-21.32.43:174][  0]LogTemp:Display: Loaded TP IOSTargetPlatform
[2017.03.19-21.32.43:221][  0]LogTemp:Display: Loaded TP TVOSTargetPlatform
[2017.03.19-21.32.43:294][  0]LogTemp:Display: Loaded TP LinuxClientTargetPlatform
[2017.03.19-21.32.43:366][  0]LogTemp:Display: Loaded TP LinuxNoEditorTargetPlatform
[2017.03.19-21.32.43:438][  0]LogTemp:Display: Loaded TP LinuxServerTargetPlatform
[2017.03.19-21.32.43:527][  0]LogTemp:Display: Loaded TP LinuxTargetPlatform
[2017.03.19-21.32.43:527][  0]LogTargetPlatformManager:Display: Building Assets For Windows
[2017.03.19-21.32.44:102][  0]LogDerivedDataCache:Display: Max Cache Size: 512 MB
[2017.03.19-21.32.44:166][  0]LogDerivedDataCache: Loaded boot cache 0.06s 50MB C:/Users/mattlineback/AppData/Local/UnrealEngine/4.14/DerivedDataCache/Boot.ddc.
[2017.03.19-21.32.44:166][  0]LogDerivedDataCache:Display: Loaded Boot cache: C:/Users/mattlineback/AppData/Local/UnrealEngine/4.14/DerivedDataCache/Boot.ddc
[2017.03.19-21.32.44:166][  0]LogDerivedDataCache: FDerivedDataBackendGraph:  Pak pak cache file G:/monkeywrench/DerivedDataCache/DDC.ddp not found, will not use a pak cache.
[2017.03.19-21.32.44:166][  0]LogDerivedDataCache: Unable to find inner node Pak for hierarchical cache Hierarchy.
[2017.03.19-21.32.44:166][  0]LogDerivedDataCache: FDerivedDataBackendGraph:  CompressedPak pak cache file G:/monkeywrench/DerivedDataCache/Compressed.ddp not found, will not use a pak cache.
[2017.03.19-21.32.44:166][  0]LogDerivedDataCache: Unable to find inner node CompressedPak for hierarchical cache Hierarchy.
[2017.03.19-21.32.44:187][  0]LogDerivedDataCache:Display: Pak cache opened for reading ../../../Engine/DerivedDataCache/Compressed.ddp.
[2017.03.19-21.32.44:199][  0]LogDerivedDataCache: Using Local data cache path C:/Users/mattlineback/AppData/Local/UnrealEngine/Common/DerivedDataCache: Writable
[2017.03.19-21.32.44:481][  0]LogInit: Selected Device Profile: [Windows]
[2017.03.19-21.32.44:486][  0]LogContentStreaming: Texture pool size is 0.00 MB
[2017.03.19-21.32.44:762][  0]LogMeshUtilities: Using QuadricMeshReduction for automatic static mesh reduction
[2017.03.19-21.32.44:822][  0]LogSimplygon: Simplygon DLL not present - disabling.
[2017.03.19-21.32.44:890][  0]LogMeshUtilities: Using SimplygonSwarm for distributed automatic mesh merging
[2017.03.19-21.32.44:890][  0]LogMeshUtilities: No automatic skeletal mesh reduction module available
[2017.03.19-21.32.44:890][  0]LogMeshUtilities: No automatic mesh merging module available
[2017.03.19-21.32.45:647][  0]LogNetVersion: GetLocalNetworkVersion: CL: 3195953, ProjectName: monkeywrench, ProjectVersion: , EngineNetworkVersion: 2, GameNetworkVersion: 0, NetworkChecksum: 690626690
[2017.03.19-21.32.45:715][  0]LogAssetRegistry: FAssetRegistry took 0.0219 seconds to start up
[2017.03.19-21.32.45:856][  0]LogPackageLocalizationCache: Processed 3 localized package path(s) for 2 prioritized culture(s) in 0.099145 seconds
[2017.03.19-21.32.45:866][  0]LogUObjectArray: 31946 objects as part of root set at end of initial load.
[2017.03.19-21.32.45:866][  0]LogUObjectAllocator: 6935840 out of 0 bytes used by permanent object pool.
[2017.03.19-21.32.45:866][  0]LogUObjectArray: CloseDisregardForGC: 0/0 objects in disregard for GC pool
[2017.03.19-21.32.45:968][  0]LogInit: WinSock: version 1.1 (2.2), MaxSocks=32767, MaxUdp=65467
[2017.03.19-21.32.47:246][  0]LogSlate: Using Freetype 2.6.0
[2017.03.19-21.32.47:276][  0]LogSlate: SlateFontCache - WITH_FREETYPE: 1, WITH_HARFBUZZ: 1
[2017.03.19-21.32.47:276][  0]LogSlate: SlateFontCache - WITH_FREETYPE: 1, WITH_HARFBUZZ: 1
[2017.03.19-21.33.04:328][  0]LogTcpMessaging: Initializing TcpMessaging bridge
[2017.03.19-21.33.04:384][  0]LogUdpMessaging: Initializing bridge on interface 0.0.0.0:0 to multicast group 230.0.0.1:6666.
[2017.03.19-21.33.05:103][  0]LogMaterial: Uniform references updated for custom material expression Custom.
[2017.03.19-21.33.05:708][  0]SourceControl: Info Source control is disabled
[2017.03.19-21.33.08:374][  0]LogEngine: Initializing Engine...
[2017.03.19-21.33.08:375][  0]LogHMD: Failed to initialize OpenVR with code 110
[2017.03.19-21.33.08:690][  0]LogAIModule: Creating AISystem for world Untitled
[2017.03.19-21.33.08:698][  0]LogInit: XAudio2 using 'AMD HDMI Output (AMD High Definition Audio Device)' : 2 channels at 48 kHz using 16 bits per sample (channel mask 0x3)
[2017.03.19-21.33.08:716][  0]LogInit: FAudioDevice initialized.
[2017.03.19-21.33.08:747][  0]LogDerivedDataCache: Saved boot cache 0.03s 50MB C:/Users/mattlineback/AppData/Local/UnrealEngine/4.14/DerivedDataCache/Boot.ddc.
[2017.03.19-21.33.08:759][  0]LogInit: Texture streaming: Enabled
[2017.03.19-21.33.09:013][  0]LogInit: Transaction tracking system initialized
[2017.03.19-21.33.09:527][  0]BlueprintLog: New page: Editor Load
[2017.03.19-21.33.11:613][  0]LocalizationService: Info Localization service is disabled
[2017.03.19-21.33.12:729][  0]LogConsoleResponse:Display: 
[2017.03.19-21.33.13:231][  0]LogAutoReimportManager:Warning: Unable to watch directory G:/monkeywrench/Content/ as it will conflict with another watching G:/monkeywrench/Content/.
[2017.03.19-21.33.13:243][  0]LogCook:Display: Max memory allowance for cook 16384mb min free memory 0mb
[2017.03.19-21.33.13:243][  0]LogCook:Display: Mobile HDR setting 1
[2017.03.19-21.33.13:851][  0]LogFileCache: Scanning file cache for directory 'G:/monkeywrench/Content/' took 0.02s
[2017.03.19-21.33.15:251][  0]Cmd: MAP LOAD FILE="G:/monkeywrench/Content/2DSideScrollerBP/Maps/2DSideScrollerExampleMap.umap" TEMPLATE=0 SHOWPROGRESS=1 FEATURELEVEL=3
[2017.03.19-21.33.37:537][  0]LogWindowsTextInputMethodSystem:Display: IME system now deactivated.
[2017.03.19-21.33.37:540][  0]LightingResults: New page: Lighting Build
[2017.03.19-21.33.37:603][  0]MapCheck: New page: Map Check
[2017.03.19-21.33.37:603][  0]LightingResults: New page: Lighting Build
[2017.03.19-21.33.37:625][  0]LogAIModule: Creating AISystem for world Untitled
[2017.03.19-21.33.37:627][  0]LoadErrors: New page: New Map
[2017.03.19-21.33.37:687][  0]LogWindowsTextInputMethodSystem:Display: IME system now deactivated.
[2017.03.19-21.33.37:831][  0]LogCollectionManager: Loaded 0 collections in 0.003835 seconds
[2017.03.19-21.33.37:939][  0]LogFileCache: Scanning file cache for directory 'G:/monkeywrench/Saved/Collections/' took 0.01s
[2017.03.19-21.33.37:939][  0]LogFileCache: Scanning file cache for directory 'G:/monkeywrench/Content/Developers/mattlineback/Collections/' took 0.01s
[2017.03.19-21.33.37:940][  0]LogFileCache: Scanning file cache for directory 'G:/monkeywrench/Content/Collections/' took 0.01s
[2017.03.19-21.33.37:940][  0]LogCollectionManager: Rebuilt the GUID cache for 0 collections in 0.000003 seconds
[2017.03.19-21.33.37:957][  0]LogContentBrowser: Native class hierarchy populated in 0.0174 seconds. Added 2190 classes and 428 folders.
[2017.03.19-21.33.38:020][  0]LogStats: UGameplayTagsManager::ConstructGameplayTagTree: Construct from data asset -  0.000 s
[2017.03.19-21.33.38:020][  0]LogStats: UGameplayTagsManager::ConstructGameplayTagTree: GameplayTagTreeChangedEvent.Broadcast -  0.000 s
[2017.03.19-21.33.38:021][  0]LogContentBrowser: Native class hierarchy updated for 'GameplayTags' in 0.0013 seconds. Added 13 classes and 0 folders.
[2017.03.19-21.33.38:109][  0]LogContentBrowser: Native class hierarchy updated for 'WidgetCarousel' in 0.0013 seconds. Added 0 classes and 0 folders.
[2017.03.19-21.33.39:112][  0]LogContentBrowser: Native class hierarchy updated for 'AddContentDialog' in 0.0024 seconds. Added 0 classes and 0 folders.
[2017.03.19-21.33.39:178][  0]LogContentBrowser: Native class hierarchy updated for 'SceneOutliner' in 0.0013 seconds. Added 1 classes and 2 folders.
[2017.03.19-21.33.39:267][  0]LogCrashTracker: Crashtracker disabled due to settings.
[2017.03.19-21.33.39:273][  0]LogUObjectGlobals:Warning: Failed to find object 'Class None.'
[2017.03.19-21.33.39:357][  0]LogContentBrowser: Native class hierarchy updated for 'HierarchicalLODOutliner' in 0.0013 seconds. Added 1 classes and 2 folders.
[2017.03.19-21.33.39:357][  0]LogLoad: (Engine Initialization) Total time: 69.69 seconds
[2017.03.19-21.33.39:357][  0]LogLoad: (Engine Initialization) Total Blueprint compile time: 0.15 seconds
[2017.03.19-21.33.39:358][  0]LogExternalProfiler: Found external profiler: VSPerf
[2017.03.19-21.33.39:358][  0]LogExternalProfiler: Using external profiler: VSPerf
[2017.03.19-21.33.39:367][  0]LogOcInput: OculusInput pre-init called
[2017.03.19-21.33.39:402][  0]SourceControl: Info On branch master
[2017.03.19-21.33.39:402][  0]SourceControl: Info Your branch and 'origin/master' have diverged,
[2017.03.19-21.33.39:402][  0]SourceControl: Info and have 2 and 2 different commits each, respectively.
[2017.03.19-21.33.39:402][  0]SourceControl: Info   (use "git pull" to merge the remote branch into yours)
[2017.03.19-21.33.39:402][  0]SourceControl: Info You have unmerged paths.
[2017.03.19-21.33.39:402][  0]SourceControl: Info   (fix conflicts and run "git commit")
[2017.03.19-21.33.39:402][  0]SourceControl: Info Changes to be committed:
[2017.03.19-21.33.39:402][  0]SourceControl: Info 	new file:   Saved/Logs/MonkeyWrench-backup-2017.03.13-12.15.37.log
[2017.03.19-21.33.39:402][  0]SourceControl: Info 	new file:   monkeywrench
[2017.03.19-21.33.39:402][  0]SourceControl: Info Unmerged paths:
[2017.03.19-21.33.39:402][  0]SourceControl: Info   (use "git add/rm <file>..." as appropriate to mark resolution)
[2017.03.19-21.33.39:402][  0]SourceControl: Info 	both modified:   Config/DefaultEngine.ini
[2017.03.19-21.33.39:402][  0]SourceControl: Info 	both added:      Intermediate/Build/BuildRules/MonkeyWrenchModuleRulesSourceFiles.txt
[2017.03.19-21.33.39:402][  0]SourceControl: Info 	both modified:   Intermediate/CachedAssetRegistry.bin
[2017.03.19-21.33.39:402][  0]SourceControl: Info 	both modified:   Intermediate/Config/CoalescedSourceConfigs/Engine.ini
[2017.03.19-21.33.39:402][  0]SourceControl: Info 	both modified:   Saved/AutoScreenshot.png
[2017.03.19-21.33.39:402][  0]SourceControl: Info 	both modified:   Saved/Config/Windows/EditorPerProjectUserSettings.ini
[2017.03.19-21.33.39:402][  0]SourceControl: Info 	both modified:   Saved/Logs/MonkeyWrench.log
[2017.03.19-21.33.39:402][  0]SourceControl: Info 	added by us:     Saved/Logs/UE4CC-Windows-38594DE943E8CED834CD398BADC1886D/CrashReportClient.ini
[2017.03.19-21.33.39:402][  0]SourceControl: Info 	both deleted:    Saved/Logs/UE4CC-Windows-E997B65648B495DA798F00B31DB41E7C_0000/CrashReportClient.ini
[2017.03.19-21.33.39:402][  0]SourceControl: Info 	added by them:   Saved/Logs/UE4CC-Windows-EE71C2EF46273B04D8CE05934E14DA1F/CrashReportClient.ini
[2017.03.19-21.33.39:402][  0]SourceControl: Info Changes not staged for commit:
[2017.03.19-21.33.39:402][  0]SourceControl: Info   (use "git add <file>..." to update what will be committed)
[2017.03.19-21.33.39:402][  0]SourceControl: Info   (use "git checkout -- <file>..." to discard changes in working directory)
[2017.03.19-21.33.39:402][  0]SourceControl: Info 	modified:   Saved/Config/Windows/Engine.ini
[2017.03.19-21.33.39:402][  0]SourceControl: Info Untracked files:
[2017.03.19-21.33.39:402][  0]SourceControl: Info   (use "git add <file>..." to include in what will be committed)
[2017.03.19-21.33.39:402][  0]SourceControl: Info 	Saved/Logs/MonkeyWrench-backup-2017.03.19-17.32.33.log
[2017.03.19-21.33.39:402][  0]SourceControl: Info 	Saved/Logs/UE4CC-Windows-B4F47FE846A642E148EFEFA1B809B478/
[2017.03.19-21.33.39:403][  0]LogContentStreaming: Texture pool size now 800 MB
[2017.03.19-21.33.39:631][  0]LogRenderer: Reallocating scene render targets to support 1208x624 NumSamples 1 (Frame:2).
[2017.03.19-21.33.39:953][  1]LogAssetRegistry: Asset discovery search completed in 54.2600 seconds
[2017.03.19-21.33.39:953][  1]LogCollectionManager: Rebuilt the object cache for 0 collections in 0.000001 seconds (found 0 objects)
[2017.03.19-21.33.39:953][  1]LogCollectionManager: Fixed up redirectors for 0 collections in 0.000019 seconds (updated 0 objects)
[2017.03.19-21.33.44:955][ 78]LogFileCache: Retrieving MD5 hashes for directory 'G:/monkeywrench/Content/' took 5.58s
[2017.03.19-21.34.00:969][311]LogAIModule: Creating AISystem for world level_2
[2017.03.19-21.34.01:174][311]Cmd: MAP LOAD FILE="G:/monkeywrench/Content/2DSideScrollerBP/Maps/level_2.umap" TEMPLATE=0 SHOWPROGRESS=1 FEATURELEVEL=3
[2017.03.19-21.34.01:174][311]LightingResults: New page: Lighting Build
[2017.03.19-21.34.01:175][311]LoadErrors: New page: Loading map: level_2.umap
[2017.03.19-21.34.01:176][311]MapCheck: New page: Map Check
[2017.03.19-21.34.01:176][311]LightingResults: New page: Lighting Build
[2017.03.19-21.34.01:257][311]LogEditorServer: Finished looking for orphan Actors (0.000 secs)
[2017.03.19-21.34.01:345][311]Cmd: MAP CHECKDEP NOCLEARLOG
[2017.03.19-21.34.01:408][311]MapCheck: Info Map check complete: 0 Error(s), 0 Warning(s), took 62.559ms to complete.
[2017.03.19-21.34.01:409][311]LogFileHelpers: Loading map 'level_2' took 0.235
[2017.03.19-21.34.14:323][493]LogAIModule: Creating AISystem for world level_0
[2017.03.19-21.34.14:357][493]Cmd: MAP LOAD FILE="G:/monkeywrench/Content/2DSideScrollerBP/Maps/level_0.umap" TEMPLATE=0 SHOWPROGRESS=1 FEATURELEVEL=3
[2017.03.19-21.34.14:357][493]LightingResults: New page: Lighting Build
[2017.03.19-21.34.14:358][493]LoadErrors: New page: Loading map: level_0.umap
[2017.03.19-21.34.14:359][493]MapCheck: New page: Map Check
[2017.03.19-21.34.14:359][493]LightingResults: New page: Lighting Build
[2017.03.19-21.34.14:448][493]LogEditorServer: Finished looking for orphan Actors (0.000 secs)
[2017.03.19-21.34.14:496][493]Cmd: MAP CHECKDEP NOCLEARLOG
[2017.03.19-21.34.14:559][493]MapCheck: Info Map check complete: 0 Error(s), 0 Warning(s), took 62.123ms to complete.
[2017.03.19-21.34.14:560][493]LogFileHelpers: Loading map 'level_0' took 0.203
[2017.03.19-21.34.48:087][948]Cmd: OBJ SAVEPACKAGE PACKAGE="/Game/2DSideScrollerBP/Maps/level_0" FILE="G:/monkeywrench/Content/2DSideScrollerBP/Maps/level_0.umap" SILENT=true AUTOSAVING=false KEEPDIRTY=false
[2017.03.19-21.34.48:234][948]LogSavePackage: Save=102.58ms
[2017.03.19-21.34.48:234][948]LogSavePackage: Moving 'G:/monkeywrench/Saved/level_0B095B6C14ACDDC982DFF7BB657B4115F.tmp' to 'G:/monkeywrench/Content/2DSideScrollerBP/Maps/level_0.umap'
[2017.03.19-21.34.48:236][948]LogSavePackage:Display: Finished SavePackage G:/monkeywrench/Content/2DSideScrollerBP/Maps/level_0.umap
[2017.03.19-21.34.50:024][974]LogWindowsTextInputMethodSystem:Display: IME system now deactivated.
[2017.03.19-21.34.50:159][975]Cmd: QUIT_EDITOR
[2017.03.19-21.34.50:223][975]LogExit: Preparing to exit.
[2017.03.19-21.34.50:605][975]LogExit: Editor shut down
[2017.03.19-21.34.50:605][975]LogExit: Transaction tracking system shut down
[2017.03.19-21.34.50:676][975]LogObj: Freed 0b from 0 cluster array pools.
[2017.03.19-21.34.50:676][975]LogExit: Object subsystem successfully closed.
[2017.03.19-21.34.50:688][975]LogD3D11RHI: Shutdown
[2017.03.19-21.34.50:688][975]LogD3D11RHI: CleanupD3DDevice
[2017.03.19-21.34.50:743][975]LogD3D11RHI: ~FD3D11DynamicRHI
[2017.03.19-21.34.50:761][975]LogHttp:Display: Http module shutting down, but needs to wait on 1 outstanding Http requests:
[2017.03.19-21.34.50:761][975]LogHttp:Display: 	verb=[POST] url=[https://datarouter.ol.epicgames.com/datarouter/api/v1/public/data?SessionID=%7B523E778B-4C83-DBF5-6555-D5B118F6F4A4%7D&AppID=UEEditor.Rocket.Release&AppVersion=4.14.3-3249277%2B%2B%2BUE4%2BRelease-4.14&UserID=063ea8b74d033e1b8770998eb4b43c95%7C7688f66bf330434687681f731b7ab27c%7C21693357-8d08-49fe-8eb2-9dfd6ac3f214&AppEnvironment=datacollector-binary&UploadType=eteventstream] status=Processing
[2017.03.19-21.34.50:765][975]LogModuleManager: Shutting down and abandoning module HierarchicalLODOutliner (241)
[2017.03.19-21.34.50:765][975]LogModuleManager: Shutting down and abandoning module CrashTracker (240)
[2017.03.19-21.34.50:765][975]LogModuleManager: Shutting down and abandoning module SceneOutliner (239)
[2017.03.19-21.34.50:765][975]LogModuleManager: Shutting down and abandoning module WidgetCarousel (238)
[2017.03.19-21.34.50:765][975]LogModuleManager: Shutting down and abandoning module AddContentDialog (237)
[2017.03.19-21.34.50:765][975]LogDirectoryWatcher: A directory notification for 'C:/Program Files (x86)/Epic Games/4.14/FeaturePacks/' was aborted.
[2017.03.19-21.34.50:767][975]LogModuleManager: Shutting down and abandoning module GameplayTags (236)
[2017.03.19-21.34.50:767][975]LogModuleManager: Shutting down and abandoning module EditorWidgets (235)
[2017.03.19-21.34.50:767][975]LogModuleManager: Shutting down and abandoning module CollectionManager (234)
[2017.03.19-21.34.50:767][975]LogDirectoryWatcher: A directory notification for 'G:/monkeywrench/Content/Collections/' was aborted.
[2017.03.19-21.34.50:767][975]LogDirectoryWatcher: A directory notification for 'G:/monkeywrench/Content/Developers/mattlineback/Collections/' was aborted.
[2017.03.19-21.34.50:767][975]LogDirectoryWatcher: A directory notification for 'G:/monkeywrench/Saved/Collections/' was aborted.
[2017.03.19-21.34.50:767][975]LogModuleManager: Shutting down and abandoning module StatsViewer (233)
[2017.03.19-21.34.50:767][975]LogModuleManager: Shutting down and abandoning module FoliageEdit (232)
[2017.03.19-21.34.50:767][975]LogModuleManager: Shutting down and abandoning module LandscapeEditor (231)
[2017.03.19-21.34.50:767][975]LogModuleManager: Shutting down and abandoning module SceneDepthPickerMode (230)
[2017.03.19-21.34.50:767][975]LogModuleManager: Shutting down and abandoning module ActorPickerMode (229)
[2017.03.19-21.34.50:767][975]LogModuleManager: Shutting down and abandoning module GeometryMode (228)
[2017.03.19-21.34.50:767][975]LogModuleManager: Shutting down and abandoning module TextureAlignMode (227)
[2017.03.19-21.34.50:767][975]LogModuleManager: Shutting down and abandoning module BspMode (226)
[2017.03.19-21.34.50:767][975]LogModuleManager: Shutting down and abandoning module HardwareSurvey (225)
[2017.03.19-21.34.50:767][975]LogModuleManager: Shutting down and abandoning module SequenceRecorderSections (224)
[2017.03.19-21.34.50:767][975]LogModuleManager: Shutting down and abandoning module AutomationWorker (223)
[2017.03.19-21.34.50:767][975]LogModuleManager: Shutting down and abandoning module MatineeToLevelSequence (222)
[2017.03.19-21.34.50:767][975]LogModuleManager: Shutting down and abandoning module PlacementMode (221)
[2017.03.19-21.34.50:767][975]LogModuleManager: Shutting down and abandoning module LevelSequenceEditor (220)
[2017.03.19-21.34.50:767][975]LogModuleManager: Shutting down and abandoning module WmfMediaFactory (219)
[2017.03.19-21.34.50:767][975]LogModuleManager: Shutting down and abandoning module WmfMediaEditor (218)
[2017.03.19-21.34.50:767][975]LogModuleManager: Shutting down and abandoning module AvfMediaFactory (217)
[2017.03.19-21.34.50:767][975]LogModuleManager: Shutting down and abandoning module AvfMediaEditor (216)
[2017.03.19-21.34.50:767][975]LogModuleManager: Shutting down and abandoning module Media (215)
[2017.03.19-21.34.50:767][975]LogModuleManager: Shutting down and abandoning module AndroidMediaFactory (214)
[2017.03.19-21.34.50:767][975]LogModuleManager: Shutting down and abandoning module AndroidMediaEditor (213)
[2017.03.19-21.34.50:767][975]LogModuleManager: Shutting down and abandoning module CharacterAI (212)
[2017.03.19-21.34.50:767][975]LogModuleManager: Shutting down and abandoning module SequenceRecorder (211)
[2017.03.19-21.34.50:767][975]LogModuleManager: Shutting down and abandoning module AudioCapture (210)
[2017.03.19-21.34.50:767][975]LogModuleManager: Shutting down and abandoning module SmartSnapping (209)
[2017.03.19-21.34.50:767][975]LogModuleManager: Shutting down and abandoning module SessionServices (208)
[2017.03.19-21.34.50:767][975]LogModuleManager: Shutting down and abandoning module ViewportSnapping (207)
[2017.03.19-21.34.50:767][975]LogModuleManager: Shutting down and abandoning module ViewportInteraction (206)
[2017.03.19-21.34.50:767][975]LogModuleManager: Shutting down and abandoning module LogVisualizer (205)
[2017.03.19-21.34.50:767][975]LogModuleManager: Shutting down and abandoning module GameProjectGeneration (204)
[2017.03.19-21.34.50:767][975]LogModuleManager: Shutting down and abandoning module IntroTutorials (203)
[2017.03.19-21.34.50:768][975]LogModuleManager: Shutting down and abandoning module EditorLiveStreaming (202)
[2017.03.19-21.34.50:768][975]LogModuleManager: Shutting down and abandoning module IOSPlatformEditor (201)
[2017.03.19-21.34.50:768][975]LogModuleManager: Shutting down and abandoning module HTML5PlatformEditor (200)
[2017.03.19-21.34.50:768][975]LogModuleManager: Shutting down and abandoning module AndroidDeviceDetection (199)
[2017.03.19-21.34.51:237][975]LogModuleManager: Shutting down and abandoning module AndroidPlatformEditor (198)
[2017.03.19-21.34.51:237][975]LogModuleManager: Shutting down and abandoning module IOSRuntimeSettings (197)
[2017.03.19-21.34.51:237][975]LogModuleManager: Shutting down and abandoning module AndroidRuntimeSettings (196)
[2017.03.19-21.34.51:237][975]LogModuleManager: Shutting down and abandoning module InputBindingEditor (195)
[2017.03.19-21.34.51:237][975]LogModuleManager: Shutting down and abandoning module NiagaraEditor (194)
[2017.03.19-21.34.51:237][975]LogModuleManager: Shutting down and abandoning module MergeActors (193)
[2017.03.19-21.34.51:237][975]LogModuleManager: Shutting down and abandoning module SizeMap (192)
[2017.03.19-21.34.51:238][975]LogModuleManager: Shutting down and abandoning module TreeMap (191)
[2017.03.19-21.34.51:238][975]LogModuleManager: Shutting down and abandoning module ReferenceViewer (190)
[2017.03.19-21.34.51:238][975]LogModuleManager: Shutting down and abandoning module LocalizationService (189)
[2017.03.19-21.34.51:238][975]LogModuleManager: Shutting down and abandoning module LocalizationDashboard (188)
[2017.03.19-21.34.51:238][975]LogModuleManager: Shutting down and abandoning module HardwareTargeting (187)
[2017.03.19-21.34.51:238][975]LogModuleManager: Shutting down and abandoning module DeviceProfileEditor (186)
[2017.03.19-21.34.51:238][975]LogModuleManager: Shutting down and abandoning module UndoHistory (185)
[2017.03.19-21.34.51:238][975]LogModuleManager: Shutting down and abandoning module UserFeedback (184)
[2017.03.19-21.34.51:238][975]LogModuleManager: Shutting down and abandoning module XmlParser (183)
[2017.03.19-21.34.51:238][975]LogModuleManager: Shutting down and abandoning module Blutility (182)
[2017.03.19-21.34.51:238][975]LogModuleManager: Shutting down and abandoning module ProjectTargetPlatformEditor (181)
[2017.03.19-21.34.51:238][975]LogModuleManager: Shutting down and abandoning module ProjectSettingsViewer (180)
[2017.03.19-21.34.51:238][975]LogModuleManager: Shutting down and abandoning module EditorSettingsViewer (179)
[2017.03.19-21.34.51:238][975]LogModuleManager: Shutting down and abandoning module SettingsEditor (178)
[2017.03.19-21.34.51:238][975]LogModuleManager: Shutting down and abandoning module ProjectLauncher (177)
[2017.03.19-21.34.51:238][975]LogModuleManager: Shutting down and abandoning module SessionFrontend (176)
[2017.03.19-21.34.51:238][975]LogModuleManager: Shutting down and abandoning module ProfilerClient (175)
[2017.03.19-21.34.51:238][975]LogModuleManager: Shutting down and abandoning module TargetDeviceServices (174)
[2017.03.19-21.34.51:238][975]LogModuleManager: Shutting down and abandoning module DeviceManager (173)
[2017.03.19-21.34.51:281][975]LogModuleManager: Shutting down and abandoning module AutomationController (172)
[2017.03.19-21.34.51:281][975]LogModuleManager: Shutting down and abandoning module AutomationWindow (171)
[2017.03.19-21.34.51:281][975]LogModuleManager: Shutting down and abandoning module Layers (170)
[2017.03.19-21.34.51:281][975]LogModuleManager: Shutting down and abandoning module ComponentVisualizers (169)
[2017.03.19-21.34.51:281][975]LogModuleManager: Shutting down and abandoning module DetailCustomizations (168)
[2017.03.19-21.34.51:281][975]LogModuleManager: Shutting down and abandoning module PackagesDialog (167)
[2017.03.19-21.34.51:281][975]LogModuleManager: Shutting down and abandoning module AnimGraph (166)
[2017.03.19-21.34.51:281][975]LogModuleManager: Shutting down and abandoning module Persona (165)
[2017.03.19-21.34.51:281][975]LogModuleManager: Shutting down and abandoning module Kismet (164)
[2017.03.19-21.34.51:282][975]LogModuleManager: Shutting down and abandoning module GraphEditor (163)
[2017.03.19-21.34.51:282][975]LogModuleManager: Shutting down and abandoning module ClassViewer (162)
[2017.03.19-21.34.51:282][975]LogModuleManager: Shutting down and abandoning module Toolbox (161)
[2017.03.19-21.34.51:282][975]LogModuleManager: Shutting down and abandoning module ModuleUI (160)
[2017.03.19-21.34.51:282][975]LogModuleManager: Shutting down and abandoning module MovieSceneTools (159)
[2017.03.19-21.34.51:282][975]LogModuleManager: Shutting down and abandoning module OutputLog (158)
[2017.03.19-21.34.51:282][975]LogModuleManager: Shutting down and abandoning module GammaUI (157)
[2017.03.19-21.34.51:282][975]LogModuleManager: Shutting down and abandoning module Documentation (156)
[2017.03.19-21.34.51:282][975]LogModuleManager: Shutting down and abandoning module Niagara (155)
[2017.03.19-21.34.51:282][975]LogModuleManager: Shutting down and abandoning module StreamingPauseRendering (154)
[2017.03.19-21.34.51:282][975]LogModuleManager: Shutting down and abandoning module AnalyticsET (153)
[2017.03.19-21.34.51:282][975]LogModuleManager: Shutting down and abandoning module PortalServices (152)
[2017.03.19-21.34.51:282][975]LogModuleManager: Shutting down and abandoning module PortalRpc (151)
[2017.03.19-21.34.51:282][975]LogModuleManager: Shutting down and abandoning module MessagingRpc (150)
[2017.03.19-21.34.51:282][975]LogModuleManager: Shutting down and abandoning module GameplayDebugger (149)
[2017.03.19-21.34.51:282][975]LogModuleManager: Shutting down and abandoning module AITestSuite (148)
[2017.03.19-21.34.51:282][975]LogModuleManager: Shutting down and abandoning module AIModule (147)
[2017.03.19-21.34.51:282][975]LogModuleManager: Shutting down and abandoning module ProfilerService (146)
[2017.03.19-21.34.51:385][975]LogModuleManager: Shutting down and abandoning module TaskGraph (145)
[2017.03.19-21.34.51:385][975]LogModuleManager: Shutting down and abandoning module SlateRemote (144)
[2017.03.19-21.34.51:385][975]LogModuleManager: Shutting down and abandoning module SteamVRController (143)
[2017.03.19-21.34.51:385][975]LogModuleManager: Shutting down and abandoning module SteamVR (142)
[2017.03.19-21.34.51:385][975]LogModuleManager: Shutting down and abandoning module ProceduralMeshComponentEditor (141)
[2017.03.19-21.34.51:385][975]LogModuleManager: Shutting down and abandoning module ProceduralMeshComponent (140)
[2017.03.19-21.34.51:385][975]LogModuleManager: Shutting down and abandoning module OculusLibrary (139)
[2017.03.19-21.34.51:386][975]LogModuleManager: Shutting down and abandoning module OculusInput (138)
[2017.03.19-21.34.51:386][975]LogModuleManager: Shutting down and abandoning module MobilePatchingUtils (137)
[2017.03.19-21.34.51:386][975]LogModuleManager: Shutting down and abandoning module CustomMeshComponent (136)
[2017.03.19-21.34.51:386][975]LogModuleManager: Shutting down and abandoning module CableComponent (135)
[2017.03.19-21.34.51:386][975]LogModuleManager: Shutting down and abandoning module ArchVisCharacter (134)
[2017.03.19-21.34.51:386][975]LogModuleManager: Shutting down and abandoning module MediaPlayerEditor (132)
[2017.03.19-21.34.51:386][975]LogModuleManager: Shutting down and abandoning module HTML5Networking (131)
[2017.03.19-21.34.51:386][975]LogModuleManager: Shutting down and abandoning module GeometryCacheEd (130)
[2017.03.19-21.34.51:386][975]LogModuleManager: Shutting down and abandoning module GeometryCache (129)
[2017.03.19-21.34.51:386][975]LogModuleManager: Shutting down and abandoning module AlembicLibrary (128)
[2017.03.19-21.34.51:386][975]LogModuleManager: Shutting down and abandoning module AlembicImporter (127)
[2017.03.19-21.34.51:386][975]LogModuleManager: Shutting down and abandoning module SuperSearch (126)
[2017.03.19-21.34.51:386][975]LogModuleManager: Shutting down and abandoning module SuperSearchEditor (125)
[2017.03.19-21.34.51:386][975]LogModuleManager: Shutting down and abandoning module SpeedTreeImporter (124)
[2017.03.19-21.34.51:386][975]LogModuleManager: Shutting down and abandoning module PluginBrowser (123)
[2017.03.19-21.34.51:386][975]LogModuleManager: Shutting down and abandoning module MobileLauncherProfileWizard (122)
[2017.03.19-21.34.51:386][975]LogModuleManager: Shutting down and abandoning module EpicSurvey (121)
[2017.03.19-21.34.51:386][975]LogModuleManager: Shutting down and abandoning module DesktopPlatform (120)
[2017.03.19-21.34.51:386][975]LogModuleManager: Shutting down and abandoning module VisualStudioSourceCodeAccess (119)
[2017.03.19-21.34.51:386][975]LogModuleManager: Shutting down and abandoning module UObjectPlugin (118)
[2017.03.19-21.34.51:386][975]LogModuleManager: Shutting down and abandoning module SubversionSourceControl (117)
[2017.03.19-21.34.51:386][975]LogModuleManager: Shutting down and abandoning module PerforceSourceControl (116)
[2017.03.19-21.34.51:386][975]LogModuleManager: Shutting down and abandoning module SourceControl (115)
[2017.03.19-21.34.51:386][975]LogModuleManager: Shutting down and abandoning module GitSourceControl (114)
[2017.03.19-21.34.51:386][975]LogModuleManager: Shutting down and abandoning module LightPropagationVolumeEditor (113)
[2017.03.19-21.34.51:386][975]LogModuleManager: Shutting down and abandoning module PaperTiledImporter (112)
[2017.03.19-21.34.51:386][975]LogModuleManager: Shutting down and abandoning module PaperSpriteSheetImporter (111)
[2017.03.19-21.34.51:386][975]LogModuleManager: Shutting down and abandoning module MeshPaint (110)
[2017.03.19-21.34.51:386][975]LogModuleManager: Shutting down and abandoning module PixelInspectorModule (109)
[2017.03.19-21.34.51:386][975]LogModuleManager: Shutting down and abandoning module HotReload (108)
[2017.03.19-21.34.51:387][975]LogModuleManager: Shutting down and abandoning module MainFrame (107)
[2017.03.19-21.34.51:387][975]LogModuleManager: Shutting down and abandoning module LevelEditor (106)
[2017.03.19-21.34.51:388][975]LogModuleManager: Shutting down and abandoning module ContentBrowser (105)
[2017.03.19-21.34.51:390][975]LogModuleManager: Shutting down and abandoning module Paper2DEditor (104)
[2017.03.19-21.34.51:390][975]LogModuleManager: Shutting down and abandoning module UdpMessaging (103)
[2017.03.19-21.34.51:492][975]LogModuleManager: Shutting down and abandoning module TcpMessaging (102)
[2017.03.19-21.34.51:592][975]LogModuleManager: Shutting down and abandoning module LightPropagationVolumeRuntime (101)
[2017.03.19-21.34.51:592][975]LogModuleManager: Shutting down and abandoning module Paper2D (100)
[2017.03.19-21.34.51:592][975]LogModuleManager: Shutting down and abandoning module WindowsMoviePlayer (99)
[2017.03.19-21.34.51:592][975]LogModuleManager: Shutting down and abandoning module WmfMedia (98)
[2017.03.19-21.34.51:592][975]LogModuleManager: Shutting down and abandoning module MediaAssets (97)
[2017.03.19-21.34.51:593][975]LogModuleManager: Shutting down and abandoning module GameLiveStreaming (96)
[2017.03.19-21.34.51:593][975]LogModuleManager: Shutting down and abandoning module GameplayTagsEditor (95)
[2017.03.19-21.34.51:593][975]LogModuleManager: Shutting down and abandoning module VREditor (94)
[2017.03.19-21.34.51:593][975]LogModuleManager: Shutting down and abandoning module GameplayTasksEditor (93)
[2017.03.19-21.34.51:593][975]LogModuleManager: Shutting down and abandoning module BehaviorTreeEditor (92)
[2017.03.19-21.34.51:593][975]LogModuleManager: Shutting down and abandoning module FunctionalTesting (91)
[2017.03.19-21.34.51:593][975]LogModuleManager: Shutting down and abandoning module CollisionAnalyzer (90)
[2017.03.19-21.34.51:593][975]LogModuleManager: Shutting down and abandoning module Sequencer (89)
[2017.03.19-21.34.51:593][975]LogModuleManager: Shutting down and abandoning module WorkspaceMenuStructure (88)
[2017.03.19-21.34.51:593][975]LogModuleManager: Shutting down and abandoning module MessageLog (87)
[2017.03.19-21.34.51:593][975]LogModuleManager: Shutting down and abandoning module AssetTools (86)
[2017.03.19-21.34.51:593][975]LogModuleManager: Shutting down and abandoning module UMGEditor (85)
[2017.03.19-21.34.51:593][975]LogModuleManager: Shutting down and abandoning module UMG (84)
[2017.03.19-21.34.51:593][975]LogModuleManager: Shutting down and abandoning module SlateReflector (83)
[2017.03.19-21.34.51:593][975]LogModuleManager: Shutting down and abandoning module Slate (82)
[2017.03.19-21.34.51:593][975]LogModuleManager: Shutting down and abandoning module EditorStyle (81)
[2017.03.19-21.34.51:598][975]LogModuleManager: Shutting down and abandoning module SourceCodeAccess (80)
[2017.03.19-21.34.51:598][975]LogModuleManager: Shutting down and abandoning module HeadMountedDisplay (79)
[2017.03.19-21.34.51:598][975]LogModuleManager: Shutting down and abandoning module XAudio2 (78)
[2017.03.19-21.34.51:598][975]LogModuleManager: Shutting down and abandoning module Networking (76)
[2017.03.19-21.34.51:599][975]LogModuleManager: Shutting down and abandoning module Core (75)
[2017.03.19-21.34.51:599][975]LogModuleManager: Shutting down and abandoning module DirectoryWatcher (74)
[2017.03.19-21.34.51:599][975]LogDirectoryWatcher: A directory notification for '../../../Engine/Content/' was aborted.
[2017.03.19-21.34.51:599][975]LogDirectoryWatcher: A directory notification for 'G:/monkeywrench/Content/' was aborted.
[2017.03.19-21.34.51:599][975]LogDirectoryWatcher: A directory notification for '../../../Engine/Plugins/2D/Paper2D/Content/' was aborted.
[2017.03.19-21.34.51:600][975]LogModuleManager: Shutting down and abandoning module AssetRegistry (73)
[2017.03.19-21.34.51:939][975]LogModuleManager: Shutting down and abandoning module KismetCompiler (72)
[2017.03.19-21.34.51:939][975]LogModuleManager: Shutting down and abandoning module PhysXFormats (71)
[2017.03.19-21.34.51:939][975]LogModuleManager: Shutting down and abandoning module SimplygonSwarm (70)
[2017.03.19-21.34.51:939][975]LogModuleManager: Shutting down and abandoning module SimplygonMeshReduction (69)
[2017.03.19-21.34.51:939][975]LogModuleManager: Shutting down and abandoning module QuadricMeshReduction (68)
[2017.03.19-21.34.51:939][975]LogModuleManager: Shutting down and abandoning module PropertyEditor (67)
[2017.03.19-21.34.51:939][975]LogModuleManager: Shutting down and abandoning module MeshUtilities (66)
[2017.03.19-21.34.51:939][975]LogModuleManager: Shutting down and abandoning module DerivedDataCache (65)
[2017.03.19-21.34.51:993][975]LogDerivedDataCache: Shutdown
[2017.03.19-21.34.51:993][975]LogModuleManager: Shutting down and abandoning module VulkanShaderFormat (64)
[2017.03.19-21.34.51:993][975]LogModuleManager: Shutting down and abandoning module ShaderFormatOpenGL (63)
[2017.03.19-21.34.51:993][975]LogModuleManager: Shutting down and abandoning module ShaderFormatD3D (62)
[2017.03.19-21.34.51:993][975]LogModuleManager: Shutting down and abandoning module MetalShaderFormat (61)
[2017.03.19-21.34.51:993][975]LogModuleManager: Shutting down and abandoning module TextureFormatUncompressed (60)
[2017.03.19-21.34.51:993][975]LogModuleManager: Shutting down and abandoning module TextureFormatPVR (59)
[2017.03.19-21.34.51:993][975]LogModuleManager: Shutting down and abandoning module TextureFormatDXT (58)
[2017.03.19-21.34.51:993][975]LogModuleManager: Shutting down and abandoning module TextureFormatIntelISPCTexComp (57)
[2017.03.19-21.34.51:993][975]LogModuleManager: Shutting down and abandoning module ImageWrapper (56)
[2017.03.19-21.34.51:993][975]LogModuleManager: Shutting down and abandoning module TextureFormatASTC (55)
[2017.03.19-21.34.51:993][975]LogModuleManager: Shutting down and abandoning module TextureFormatAndroid (54)
[2017.03.19-21.34.51:993][975]LogModuleManager: Shutting down and abandoning module AudioFormatOpus (53)
[2017.03.19-21.34.51:993][975]LogModuleManager: Shutting down and abandoning module AudioFormatOgg (52)
[2017.03.19-21.34.51:993][975]LogModuleManager: Shutting down and abandoning module AudioFormatADPCM (51)
[2017.03.19-21.34.51:993][975]LogModuleManager: Shutting down and abandoning module LinuxTargetPlatform (50)
[2017.03.19-21.34.51:993][975]LogModuleManager: Shutting down and abandoning module LinuxServerTargetPlatform (49)
[2017.03.19-21.34.51:994][975]LogModuleManager: Shutting down and abandoning module LinuxNoEditorTargetPlatform (48)
[2017.03.19-21.34.51:994][975]LogModuleManager: Shutting down and abandoning module LinuxClientTargetPlatform (47)
[2017.03.19-21.34.51:994][975]LogModuleManager: Shutting down and abandoning module TVOSTargetPlatform (46)
[2017.03.19-21.34.51:994][975]LogModuleManager: Shutting down and abandoning module Messaging (45)
[2017.03.19-21.34.51:994][975]LogModuleManager: Shutting down and abandoning module IOSTargetPlatform (44)
[2017.03.19-21.34.51:994][975]LogModuleManager: Shutting down and abandoning module HTML5TargetPlatform (43)
[2017.03.19-21.34.51:994][975]LogModuleManager: Shutting down and abandoning module Android_PVRTCTargetPlatform (42)
[2017.03.19-21.34.51:994][975]LogModuleManager: Shutting down and abandoning module Android_MultiTargetPlatform (41)
[2017.03.19-21.34.51:994][975]LogModuleManager: Shutting down and abandoning module Android_ETC2TargetPlatform (40)
[2017.03.19-21.34.51:994][975]LogModuleManager: Shutting down and abandoning module Android_ETC1TargetPlatform (39)
[2017.03.19-21.34.51:994][975]LogModuleManager: Shutting down and abandoning module Android_DXTTargetPlatform (38)
[2017.03.19-21.34.51:994][975]LogModuleManager: Shutting down and abandoning module Android_ATCTargetPlatform (37)
[2017.03.19-21.34.51:994][975]LogModuleManager: Shutting down and abandoning module Android_ASTCTargetPlatform (36)
[2017.03.19-21.34.51:994][975]LogModuleManager: Shutting down and abandoning module AndroidTargetPlatform (35)
[2017.03.19-21.34.51:994][975]LogModuleManager: Shutting down and abandoning module WindowsTargetPlatform (34)
[2017.03.19-21.34.51:994][975]LogModuleManager: Shutting down and abandoning module WindowsServerTargetPlatform (33)
[2017.03.19-21.34.51:994][975]LogModuleManager: Shutting down and abandoning module WindowsNoEditorTargetPlatform (32)
[2017.03.19-21.34.51:994][975]LogModuleManager: Shutting down and abandoning module WindowsClientTargetPlatform (31)
[2017.03.19-21.34.51:994][975]LogModuleManager: Shutting down and abandoning module MacTargetPlatform (30)
[2017.03.19-21.34.51:994][975]LogModuleManager: Shutting down and abandoning module MacServerTargetPlatform (29)
[2017.03.19-21.34.51:994][975]LogModuleManager: Shutting down and abandoning module MacNoEditorTargetPlatform (28)
[2017.03.19-21.34.51:994][975]LogModuleManager: Shutting down and abandoning module MacClientTargetPlatform (27)
[2017.03.19-21.34.51:994][975]LogModuleManager: Shutting down and abandoning module AllDesktopTargetPlatform (26)
[2017.03.19-21.34.51:994][975]LogModuleManager: Shutting down and abandoning module TargetPlatform (25)
[2017.03.19-21.34.51:994][975]LogModuleManager: Shutting down and abandoning module InputCore (24)
[2017.03.19-21.34.51:994][975]LogModuleManager: Shutting down and abandoning module Settings (23)
[2017.03.19-21.34.51:994][975]LogModuleManager: Shutting down and abandoning module OculusRift (22)
[2017.03.19-21.34.51:994][975]LogModuleManager: Shutting down and abandoning module ExampleDeviceProfileSelector (21)
[2017.03.19-21.34.51:994][975]LogModuleManager: Shutting down and abandoning module OnlineBlueprintSupport (20)
[2017.03.19-21.34.51:994][975]LogModuleManager: Shutting down and abandoning module OnlineSubsystem (18)
[2017.03.19-21.34.51:994][975]LogOnline:Display: Unloading online subsystem: NULL
[2017.03.19-21.34.51:994][975]LogModuleManager: Shutting down and abandoning module SSL (17)
[2017.03.19-21.34.51:995][975]LogModuleManager: Shutting down and abandoning module HTTP (16)
[2017.03.19-21.34.51:995][975]LogModuleManager: Shutting down and abandoning module XMPP (15)
[2017.03.19-21.34.51:995][975]LogModuleManager: Shutting down and abandoning module TextureCompressor (14)
[2017.03.19-21.34.51:995][975]LogModuleManager: Shutting down and abandoning module ShaderCore (13)
[2017.03.19-21.34.51:995][975]LogModuleManager: Shutting down and abandoning module Landscape (12)
[2017.03.19-21.34.51:995][975]LogModuleManager: Shutting down and abandoning module SlateRHIRenderer (11)
[2017.03.19-21.34.51:997][975]LogModuleManager: Shutting down and abandoning module OpenGLDrv (10)
[2017.03.19-21.34.51:997][975]LogModuleManager: Shutting down and abandoning module D3D11RHI (9)
[2017.03.19-21.34.51:997][975]LogModuleManager: Shutting down and abandoning module AnimGraphRuntime (8)
[2017.03.19-21.34.51:997][975]LogModuleManager: Shutting down and abandoning module Renderer (7)
[2017.03.19-21.34.51:997][975]LogModuleManager: Shutting down and abandoning module Engine (6)
[2017.03.19-21.34.51:997][975]LogModuleManager: Shutting down and abandoning module CoreUObject (5)
[2017.03.19-21.34.51:997][975]LogModuleManager: Shutting down and abandoning module NetworkFile (4)
[2017.03.19-21.34.51:997][975]LogModuleManager: Shutting down and abandoning module StreamingFile (3)
[2017.03.19-21.34.51:997][975]LogModuleManager: Shutting down and abandoning module SandboxFile (2)
[2017.03.19-21.34.51:997][975]LogModuleManager: Shutting down and abandoning module PakFile (1)
[2017.03.19-21.34.51:998][975]LogExit: Exiting.
[2017.03.19-21.34.52:023][975]Log file closed, 03/19/17 17:34:52
