Log file open, 03/01/17 09:33:19
LogInit:Display: Running engine for game: MonkeyWrench
LogPlatformFile: Not using cached read wrapper
LogInit:Display: RandInit(-1425178750) SRandInit(-1425178750).
LogTaskGraph: Started task graph with 5 named threads and 8 total threads with 1 sets of task threads.
LogStats: Stats thread started at 0.076648
LogPluginManager: Loaded Plugin Paper2D, From C:/Program Files/Epic Games/UE_4.14/Engine/Plugins/2D/Paper2D/Paper2D.uplugin
LogPluginManager: Loaded Plugin LightPropagationVolume, From C:/Program Files/Epic Games/UE_4.14/Engine/Plugins/Blendables/LightPropagationVolume/LightPropagationVolume.uplugin
LogPluginManager: Loaded Plugin BlankPlugin, From C:/Program Files/Epic Games/UE_4.14/Engine/Plugins/Developer/BlankPlugin/BlankPlugin.uplugin
LogPluginManager: Loaded Plugin CodeLiteSourceCodeAccess, From C:/Program Files/Epic Games/UE_4.14/Engine/Plugins/Developer/CodeLiteSourceCodeAccess/CodeLiteSourceCodeAccess.uplugin
LogPluginManager: Loaded Plugin GitSourceControl, From C:/Program Files/Epic Games/UE_4.14/Engine/Plugins/Developer/GitSourceControl/GitSourceControl.uplugin
LogPluginManager: Loaded Plugin KDevelopSourceCodeAccess, From C:/Program Files/Epic Games/UE_4.14/Engine/Plugins/Developer/KDevelopSourceCodeAccess/KDevelopSourceCodeAccess.uplugin
LogPluginManager: Loaded Plugin NullSourceCodeAccess, From C:/Program Files/Epic Games/UE_4.14/Engine/Plugins/Developer/NullSourceCodeAccess/NullSourceCodeAccess.uplugin
LogPluginManager: Loaded Plugin OneSkyLocalizationService, From C:/Program Files/Epic Games/UE_4.14/Engine/Plugins/Developer/OneSkyLocalizationService/OneSkyLocalizationService.uplugin
LogPluginManager: Loaded Plugin PerforceSourceControl, From C:/Program Files/Epic Games/UE_4.14/Engine/Plugins/Developer/PerforceSourceControl/PerforceSourceControl.uplugin
LogPluginManager: Loaded Plugin SubversionSourceControl, From C:/Program Files/Epic Games/UE_4.14/Engine/Plugins/Developer/SubversionSourceControl/SubversionSourceControl.uplugin
LogPluginManager: Loaded Plugin UObjectPlugin, From C:/Program Files/Epic Games/UE_4.14/Engine/Plugins/Developer/UObjectPlugin/UObjectPlugin.uplugin
LogPluginManager: Loaded Plugin VisualStudioSourceCodeAccess, From C:/Program Files/Epic Games/UE_4.14/Engine/Plugins/Developer/VisualStudioSourceCodeAccess/VisualStudioSourceCodeAccess.uplugin
LogPluginManager: Loaded Plugin XCodeSourceCodeAccess, From C:/Program Files/Epic Games/UE_4.14/Engine/Plugins/Developer/XCodeSourceCodeAccess/XCodeSourceCodeAccess.uplugin
LogPluginManager: Loaded Plugin AudioCapture, From C:/Program Files/Epic Games/UE_4.14/Engine/Plugins/Editor/AudioCapture/AudioCapture.uplugin
LogPluginManager: Loaded Plugin EpicSurvey, From C:/Program Files/Epic Games/UE_4.14/Engine/Plugins/Editor/EpicSurvey/EpicSurvey.uplugin
LogPluginManager: Loaded Plugin MacGraphicsSwitching, From C:/Program Files/Epic Games/UE_4.14/Engine/Plugins/Editor/MacGraphicsSwitching/MacGraphicsSwitching.uplugin
LogPluginManager: Loaded Plugin MobileLauncherProfileWizard, From C:/Program Files/Epic Games/UE_4.14/Engine/Plugins/Editor/MobileLauncherProfileWizard/MobileLauncherProfileWizard.uplugin
LogPluginManager: Loaded Plugin PluginBrowser, From C:/Program Files/Epic Games/UE_4.14/Engine/Plugins/Editor/PluginBrowser/PluginBrowser.uplugin
LogPluginManager: Loaded Plugin SpeedTreeImporter, From C:/Program Files/Epic Games/UE_4.14/Engine/Plugins/Editor/SpeedTreeImporter/SpeedTreeImporter.uplugin
LogPluginManager: Loaded Plugin SuperSearchEditor, From C:/Program Files/Epic Games/UE_4.14/Engine/Plugins/Editor/SuperSearchEditor/SuperSearchEditor.uplugin
LogPluginManager: Loaded Plugin AlembicImporter, From C:/Program Files/Epic Games/UE_4.14/Engine/Plugins/Experimental/AlembicImporter/AlembicImporter.uplugin
LogPluginManager: Loaded Plugin BlueprintStats, From C:/Program Files/Epic Games/UE_4.14/Engine/Plugins/Experimental/BlueprintStats/BlueprintStats.uplugin
LogPluginManager: Loaded Plugin CharacterAI, From C:/Program Files/Epic Games/UE_4.14/Engine/Plugins/Experimental/CharacterAI/CharacterAI.uplugin
LogPluginManager: Loaded Plugin CodeEditor, From C:/Program Files/Epic Games/UE_4.14/Engine/Plugins/Experimental/CodeEditor/CodeEditor.uplugin
LogPluginManager: Loaded Plugin CodeView, From C:/Program Files/Epic Games/UE_4.14/Engine/Plugins/Experimental/CodeView/CodeView.uplugin
LogPluginManager: Loaded Plugin HTML5Networking, From C:/Program Files/Epic Games/UE_4.14/Engine/Plugins/Experimental/HTML5Networking/HTML5Networking.uplugin
LogPluginManager: Loaded Plugin OSVR, From C:/Program Files/Epic Games/UE_4.14/Engine/Plugins/Experimental/OSVR/OSVR.uplugin
LogPluginManager: Loaded Plugin Phya, From C:/Program Files/Epic Games/UE_4.14/Engine/Plugins/Experimental/Phya/Phya.uplugin
LogPluginManager: Loaded Plugin SignificanceManager, From C:/Program Files/Epic Games/UE_4.14/Engine/Plugins/Experimental/SignificanceManager/SignificanceManager.uplugin
LogPluginManager: Loaded Plugin SimpleHMD, From C:/Program Files/Epic Games/UE_4.14/Engine/Plugins/Experimental/SimpleHMD/SimpleHMD.uplugin
LogPluginManager: Loaded Plugin StereoPanorama, From C:/Program Files/Epic Games/UE_4.14/Engine/Plugins/Experimental/StereoPanorama/StereoPanorama.uplugin
LogPluginManager: Loaded Plugin StructBox, From C:/Program Files/Epic Games/UE_4.14/Engine/Plugins/Experimental/StructBox/StructBox.uplugin
LogPluginManager: Loaded Plugin AndroidMedia, From C:/Program Files/Epic Games/UE_4.14/Engine/Plugins/Media/AndroidMedia/AndroidMedia.uplugin
LogPluginManager: Loaded Plugin AvfMedia, From C:/Program Files/Epic Games/UE_4.14/Engine/Plugins/Media/AvfMedia/AvfMedia.uplugin
LogPluginManager: Loaded Plugin MediaPlayerEditor, From C:/Program Files/Epic Games/UE_4.14/Engine/Plugins/Media/MediaPlayerEditor/MediaPlayerEditor.uplugin
LogPluginManager: Loaded Plugin WmfMedia, From C:/Program Files/Epic Games/UE_4.14/Engine/Plugins/Media/WmfMedia/WmfMedia.uplugin
LogPluginManager: Loaded Plugin MessagingDebugger, From C:/Program Files/Epic Games/UE_4.14/Engine/Plugins/Messaging/MessagingDebugger/MessagingDebugger.uplugin
LogPluginManager: Loaded Plugin TcpMessaging, From C:/Program Files/Epic Games/UE_4.14/Engine/Plugins/Messaging/TcpMessaging/TcpMessaging.uplugin
LogPluginManager: Loaded Plugin UdpMessaging, From C:/Program Files/Epic Games/UE_4.14/Engine/Plugins/Messaging/UdpMessaging/UdpMessaging.uplugin
LogPluginManager: Loaded Plugin LevelSequenceEditor, From C:/Program Files/Epic Games/UE_4.14/Engine/Plugins/MovieScene/LevelSequenceEditor/LevelSequenceEditor.uplugin
LogPluginManager: Loaded Plugin MatineeToLevelSequence, From C:/Program Files/Epic Games/UE_4.14/Engine/Plugins/MovieScene/MatineeToLevelSequence/MatineeToLevelSequence.uplugin
LogPluginManager: Loaded Plugin NetcodeUnitTest, From C:/Program Files/Epic Games/UE_4.14/Engine/Plugins/NetcodeUnitTest/NetcodeUnitTest/NetcodeUnitTest.uplugin
LogPluginManager: Loaded Plugin NUTUnrealEngine4, From C:/Program Files/Epic Games/UE_4.14/Engine/Plugins/NetcodeUnitTest/NUTUnrealEngine4/NUTUnrealEngine4.uplugin
LogPluginManager: Loaded Plugin OnlineSubsystemGameCircle, From C:/Program Files/Epic Games/UE_4.14/Engine/Plugins/Online/Android/OnlineSubsystemGameCircle/OnlineSubsystemGameCircle.uplugin
LogPluginManager: Loaded Plugin OnlineSubsystemGooglePlay, From C:/Program Files/Epic Games/UE_4.14/Engine/Plugins/Online/Android/OnlineSubsystemGooglePlay/OnlineSubsystemGooglePlay.uplugin
LogPluginManager: Loaded Plugin OnlineSubsystemIOS, From C:/Program Files/Epic Games/UE_4.14/Engine/Plugins/Online/IOS/OnlineSubsystemIOS/OnlineSubsystemIOS.uplugin
LogPluginManager: Loaded Plugin OnlineFramework, From C:/Program Files/Epic Games/UE_4.14/Engine/Plugins/Online/OnlineFramework/OnlineFramework.uplugin
LogPluginManager: Loaded Plugin OnlineSubsystem, From C:/Program Files/Epic Games/UE_4.14/Engine/Plugins/Online/OnlineSubsystem/OnlineSubsystem.uplugin
LogPluginManager: Loaded Plugin OnlineSubsystemAmazon, From C:/Program Files/Epic Games/UE_4.14/Engine/Plugins/Online/OnlineSubsystemAmazon/OnlineSubsystemAmazon.uplugin
LogPluginManager: Loaded Plugin OnlineSubsystemFacebook, From C:/Program Files/Epic Games/UE_4.14/Engine/Plugins/Online/OnlineSubsystemFacebook/OnlineSubsystemFacebook.uplugin
LogPluginManager: Loaded Plugin OnlineSubsystemNull, From C:/Program Files/Epic Games/UE_4.14/Engine/Plugins/Online/OnlineSubsystemNull/OnlineSubsystemNull.uplugin
LogPluginManager: Loaded Plugin OnlineSubsystemOculus, From C:/Program Files/Epic Games/UE_4.14/Engine/Plugins/Online/OnlineSubsystemOculus/OnlineSubsystemOculus.uplugin
LogPluginManager: Loaded Plugin OnlineSubsystemSteam, From C:/Program Files/Epic Games/UE_4.14/Engine/Plugins/Online/OnlineSubsystemSteam/OnlineSubsystemSteam.uplugin
LogPluginManager: Loaded Plugin OnlineSubsystemUtils, From C:/Program Files/Epic Games/UE_4.14/Engine/Plugins/Online/OnlineSubsystemUtils/OnlineSubsystemUtils.uplugin
LogPluginManager: Loaded Plugin IOSTapJoy, From C:/Program Files/Epic Games/UE_4.14/Engine/Plugins/Runtime/Advertising/IOSTapJoy/IOSTapJoy.uplugin
LogPluginManager: Loaded Plugin AnalyticsBlueprintLibrary, From C:/Program Files/Epic Games/UE_4.14/Engine/Plugins/Runtime/Analytics/AnalyticsBlueprintLibrary/AnalyticsBlueprintLibrary.uplugin
LogPluginManager: Loaded Plugin AnalyticsMulticast, From C:/Program Files/Epic Games/UE_4.14/Engine/Plugins/Runtime/Analytics/AnalyticsMulticast/AnalyticsMulticast.uplugin
LogPluginManager: Loaded Plugin Apsalar, From C:/Program Files/Epic Games/UE_4.14/Engine/Plugins/Runtime/Analytics/Apsalar/Apsalar.uplugin
LogPluginManager: Loaded Plugin FileLogging, From C:/Program Files/Epic Games/UE_4.14/Engine/Plugins/Runtime/Analytics/FileLogging/FileLogging.uplugin
LogPluginManager: Loaded Plugin Flurry, From C:/Program Files/Epic Games/UE_4.14/Engine/Plugins/Runtime/Analytics/Flurry/Flurry.uplugin
LogPluginManager: Loaded Plugin AndroidDeviceProfileSelector, From C:/Program Files/Epic Games/UE_4.14/Engine/Plugins/Runtime/AndroidDeviceProfileSelector/AndroidDeviceProfileSelector.uplugin
LogPluginManager: Loaded Plugin AndroidMoviePlayer, From C:/Program Files/Epic Games/UE_4.14/Engine/Plugins/Runtime/AndroidMoviePlayer/AndroidMoviePlayer.uplugin
LogPluginManager: Loaded Plugin AppleMoviePlayer, From C:/Program Files/Epic Games/UE_4.14/Engine/Plugins/Runtime/AppleMoviePlayer/AppleMoviePlayer.uplugin
LogPluginManager: Loaded Plugin ArchVisCharacter, From C:/Program Files/Epic Games/UE_4.14/Engine/Plugins/Runtime/ArchVisCharacter/ArchVisCharacter.uplugin
LogPluginManager: Loaded Plugin CableComponent, From C:/Program Files/Epic Games/UE_4.14/Engine/Plugins/Runtime/CableComponent/CableComponent.uplugin
LogPluginManager: Loaded Plugin CustomMeshComponent, From C:/Program Files/Epic Games/UE_4.14/Engine/Plugins/Runtime/CustomMeshComponent/CustomMeshComponent.uplugin
LogPluginManager: Loaded Plugin ExampleDeviceProfileSelector, From C:/Program Files/Epic Games/UE_4.14/Engine/Plugins/Runtime/ExampleDeviceProfileSelector/ExampleDeviceProfileSelector.uplugin
LogPluginManager: Loaded Plugin GearVR, From C:/Program Files/Epic Games/UE_4.14/Engine/Plugins/Runtime/GearVR/GearVR.uplugin
LogPluginManager: Loaded Plugin GoogleVRController, From C:/Program Files/Epic Games/UE_4.14/Engine/Plugins/Runtime/GoogleVR/GoogleVRController/GoogleVRController.uplugin
LogPluginManager: Loaded Plugin GoogleVRHMD, From C:/Program Files/Epic Games/UE_4.14/Engine/Plugins/Runtime/GoogleVR/GoogleVRHMD/GoogleVRHMD.uplugin
LogPluginManager: Loaded Plugin IOSDeviceProfileSelector, From C:/Program Files/Epic Games/UE_4.14/Engine/Plugins/Runtime/IOSDeviceProfileSelector/IOSDeviceProfileSelector.uplugin
LogPluginManager: Loaded Plugin LeapMotion, From C:/Program Files/Epic Games/UE_4.14/Engine/Plugins/Runtime/LeapMotion/LeapMotion.uplugin
LogPluginManager: Loaded Plugin LinuxDeviceProfileSelector, From C:/Program Files/Epic Games/UE_4.14/Engine/Plugins/Runtime/LinuxDeviceProfileSelector/LinuxDeviceProfileSelector.uplugin
LogPluginManager: Loaded Plugin MIDIDevice, From C:/Program Files/Epic Games/UE_4.14/Engine/Plugins/Runtime/MIDIDevice/MIDIDevice.uplugin
LogPluginManager: Loaded Plugin MobilePatchingUtils, From C:/Program Files/Epic Games/UE_4.14/Engine/Plugins/Runtime/MobilePatchingUtils/MobilePatchingUtils.uplugin
LogPluginManager: Loaded Plugin Ansel, From C:/Program Files/Epic Games/UE_4.14/Engine/Plugins/Runtime/Nvidia/Ansel/Ansel.uplugin
LogPluginManager: Loaded Plugin OculusAudio, From C:/Program Files/Epic Games/UE_4.14/Engine/Plugins/Runtime/OculusAudio/OculusAudio.uplugin
LogPluginManager: Loaded Plugin OculusInput, From C:/Program Files/Epic Games/UE_4.14/Engine/Plugins/Runtime/OculusInput/OculusInput.uplugin
LogPluginManager: Loaded Plugin OculusLibrary, From C:/Program Files/Epic Games/UE_4.14/Engine/Plugins/Runtime/OculusLibrary/OculusLibrary.uplugin
LogPluginManager: Loaded Plugin OculusRift, From C:/Program Files/Epic Games/UE_4.14/Engine/Plugins/Runtime/OculusRift/OculusRift.uplugin
LogPluginManager: Loaded Plugin Oodle, From C:/Program Files/Epic Games/UE_4.14/Engine/Plugins/Runtime/PacketHandlers/CompressionComponents/Oodle/Oodle.uplugin
LogPluginManager: Loaded Plugin ProceduralMeshComponent, From C:/Program Files/Epic Games/UE_4.14/Engine/Plugins/Runtime/ProceduralMeshComponent/ProceduralMeshComponent.uplugin
LogPluginManager: Loaded Plugin SoundMod, From C:/Program Files/Epic Games/UE_4.14/Engine/Plugins/Runtime/SoundMod/SoundMod.uplugin
LogPluginManager: Loaded Plugin SoundVisualizations, From C:/Program Files/Epic Games/UE_4.14/Engine/Plugins/Runtime/SoundVisualizations/SoundVisualizations.uplugin
LogPluginManager: Loaded Plugin SteamController, From C:/Program Files/Epic Games/UE_4.14/Engine/Plugins/Runtime/Steam/SteamController/SteamController.uplugin
LogPluginManager: Loaded Plugin SteamVR, From C:/Program Files/Epic Games/UE_4.14/Engine/Plugins/Runtime/Steam/SteamVR/SteamVR.uplugin
LogPluginManager: Loaded Plugin WebBrowserWidget, From C:/Program Files/Epic Games/UE_4.14/Engine/Plugins/Runtime/WebBrowserWidget/WebBrowserWidget.uplugin
LogPluginManager: Loaded Plugin WindowsDeviceProfileSelector, From C:/Program Files/Epic Games/UE_4.14/Engine/Plugins/Runtime/WindowsDeviceProfileSelector/WindowsDeviceProfileSelector.uplugin
LogPluginManager: Loaded Plugin WindowsMoviePlayer, From C:/Program Files/Epic Games/UE_4.14/Engine/Plugins/Runtime/WindowsMoviePlayer/WindowsMoviePlayer.uplugin
LogPluginManager: Loaded Plugin ScriptPlugin, From C:/Program Files/Epic Games/UE_4.14/Engine/Plugins/ScriptPlugin/ScriptPlugin.uplugin
LogPluginManager: Loaded Plugin SlateRemote, From C:/Program Files/Epic Games/UE_4.14/Engine/Plugins/Slate/SlateRemote/SlateRemote.uplugin
LogPluginManager: Loaded Plugin EditorTests, From C:/Program Files/Epic Games/UE_4.14/Engine/Plugins/Tests/EditorTests/EditorTests.uplugin
LogPluginManager: Loaded Plugin FbxAutomationTestBuilder, From C:/Program Files/Epic Games/UE_4.14/Engine/Plugins/Tests/FbxAutomationTestBuilder/FbxAutomationTestBuilder.uplugin
LogPluginManager: Loaded Plugin FunctionalTestingEditor, From C:/Program Files/Epic Games/UE_4.14/Engine/Plugins/Tests/FunctionalTestingEditor/FunctionalTestingEditor.uplugin
LogPluginManager: Loaded Plugin RuntimeTests, From C:/Program Files/Epic Games/UE_4.14/Engine/Plugins/Tests/RuntimeTests/RuntimeTests.uplugin
LogPluginManager: Loaded Plugin ScreenshotTools, From C:/Program Files/Epic Games/UE_4.14/Engine/Plugins/Tests/ScreenshotTools/ScreenshotTools.uplugin
LogInit: Using libcurl 7.47.1
LogInit:  - built for x86_64-pc-win32
LogInit:  - supports SSL with OpenSSL/1.0.2g
LogInit:  - supports HTTP deflate (compression) using libz 1.2.8
LogInit:  - other features:
LogInit:      CURL_VERSION_SSL
LogInit:      CURL_VERSION_LIBZ
LogInit:      CURL_VERSION_IPV6
LogInit:      CURL_VERSION_ASYNCHDNS
LogInit:      CURL_VERSION_LARGEFILE
LogInit:      CURL_VERSION_IDN
LogInit:  CurlRequestOptions (configurable via config and command line):
LogInit:  - bVerifyPeer = false  - Libcurl will NOT verify peer certificate
LogInit:  - bUseHttpProxy = false  - Libcurl will NOT use HTTP proxy
LogInit:  - bDontReuseConnections = false  - Libcurl will reuse connections
LogInit:  - CertBundlePath = nullptr  - Libcurl will use whatever was configured at build time.
LogInit: Build: ++UE4+Release-4.14-CL-3249277
LogInit: Engine Version: 4.14.3-3249277+++UE4+Release-4.14
LogInit: Compatible Engine Version: 4.14.0-3195953+++UE4+Release-4.14
LogInit: Net CL: 3195953
LogDevObjectVersion: Number of dev versions registered: 13
LogDevObjectVersion:   Dev-Blueprints (B0D832E4-1F89-4F0D-ACCF-7EB736FD4AA2): 7
LogDevObjectVersion:   Dev-Build (E1C64328-A22C-4D53-A36C-8E866417BD8C): 0
LogDevObjectVersion:   Dev-Core (375EC13C-06E4-48FB-B500-84F0262A717E): 1
LogDevObjectVersion:   Dev-Editor (E4B068ED-F494-42E9-A231-DA0B2E46BB41): 8
LogDevObjectVersion:   Dev-Framework (CFFC743F-43B0-4480-9391-14DF171D2073): 17
LogDevObjectVersion:   Dev-Mobile (B02B49B5-BB20-44E9-A304-32B752E40360): 0
LogDevObjectVersion:   Dev-Networking (A4E4105C-59A1-49B5-A7C5-40C4547EDFEE): 0
LogDevObjectVersion:   Dev-Online (39C831C9-5AE6-47DC-9A44-9C173E1C8E7C): 0
LogDevObjectVersion:   Dev-Physics (78F01B33-EBEA-4F98-B9B4-84EACCB95AA2): 0
LogDevObjectVersion:   Dev-Platform (6631380F-2D4D-43E0-8009-CF276956A95A): 0
LogDevObjectVersion:   Dev-Rendering (12F88B9F-8875-4AFC-A67C-D90C383ABD29): 12
LogDevObjectVersion:   Dev-Sequencer (7B5AE74C-D270-4C10-A958-57980B212A5A): 1
LogDevObjectVersion:   Dev-VR (D7296918-1DD6-4BDD-9DE2-64A83CC13884): 0
LogInit: Compiled (64-bit): Jan  6 2017 10:49:43
LogInit: Compiled with Visual C++: 19.00.23026.00
LogInit: Build Configuration: Development
LogInit: Branch Name: ++UE4+Release-4.14
LogInit: Command line: -EpicPortal 
LogInit: Base directory: C:/Program Files/Epic Games/UE_4.14/Engine/Binaries/Win64/
LogInit: Installed Engine Build: 1
LogInit: Presizing for max 8388607 objects, including 0 objects not considered by GC, pre-allocating 0 bytes for permanent pool.
LogInit: Object subsystem initialized
[2017.03.01-14.33.20:469][  0]LogInit: Selected Device Profile: [Windows]
[2017.03.01-14.33.20:469][  0]LogInit: Applying CVar settings loaded from the selected device profile: [Windows]
[2017.03.01-14.33.20:478][  0]LogInit: Computer: NH008-25
[2017.03.01-14.33.20:478][  0]LogInit: User: NH008s
[2017.03.01-14.33.20:478][  0]LogInit: CPU Page size=65536, Cores=4
[2017.03.01-14.33.20:478][  0]LogInit: High frequency timer resolution =1.948730 MHz
[2017.03.01-14.33.20:478][  0]LogMemory: Memory total: Physical=7.9GB (8GB approx)
[2017.03.01-14.33.20:478][  0]LogMemory: Platform Memory Stats for Windows
[2017.03.01-14.33.20:478][  0]LogMemory: Process Physical Memory: 264.25 MB used, 264.25 MB peak
[2017.03.01-14.33.20:478][  0]LogMemory: Process Virtual Memory: 264.15 MB used, 264.15 MB peak
[2017.03.01-14.33.20:478][  0]LogMemory: Physical Memory: 4235.89 MB used,  3864.29 MB free, 8100.18 MB total
[2017.03.01-14.33.20:478][  0]LogMemory: Virtual Memory: 662.44 MB used,  3864.29 MB free, 8388608.00 MB total
[2017.03.01-14.33.20:507][  0]LogTextLocalizationManager: No specific translations for ('en-US') exist, so ('en') translations will be used.
[2017.03.01-14.33.21:111][  0]LogD3D11RHI: D3D11 adapters:
[2017.03.01-14.33.21:121][  0]LogD3D11RHI:    0. 'Intel(R) HD Graphics 4600' (Feature Level 11_0)
[2017.03.01-14.33.21:121][  0]LogD3D11RHI:       64/0/1632 MB DedicatedVideo/DedicatedSystem/SharedSystem, Outputs:1, VendorId:0x8086
[2017.03.01-14.33.21:121][  0]LogD3D11RHI: Chosen D3D11 Adapter: 0
[2017.03.01-14.33.21:126][  0]LogD3D11RHI: Creating new Direct3DDevice
[2017.03.01-14.33.21:126][  0]LogD3D11RHI:     GPU DeviceId: 0x412 (for the marketing name, search the web for "GPU Device Id")
[2017.03.01-14.33.21:126][  0]LogWindows: EnumDisplayDevices:
[2017.03.01-14.33.21:126][  0]LogWindows:    0. 'Intel(R) HD Graphics 4600' (P:1 D:1)
[2017.03.01-14.33.21:126][  0]LogWindows:    1. 'Intel(R) HD Graphics 4600' (P:0 D:0)
[2017.03.01-14.33.21:127][  0]LogWindows:    2. 'Intel(R) HD Graphics 4600' (P:0 D:0)
[2017.03.01-14.33.21:127][  0]LogWindows:    3. 'RDPDD Chained DD' (P:0 D:0)
[2017.03.01-14.33.21:127][  0]LogWindows:    4. 'RDP Encoder Mirror Driver' (P:0 D:0)
[2017.03.01-14.33.21:127][  0]LogWindows:    5. 'RDP Reflector Display Driver' (P:0 D:0)
[2017.03.01-14.33.21:127][  0]LogWindows: DebugString: GetVideoDriverDetailsInvalid PrimaryIsNotTheChoosenAdapter GetVideoDriverDetailsInvalid PrimaryIsNotTheChoosenAdapter GetVideoDriverDetailsInvalid PrimaryIsNotTheChoosenAdapter FoundDriverCount:3 
[2017.03.01-14.33.21:127][  0]LogD3D11RHI:     Adapter Name: Intel(R) HD Graphics 4600
[2017.03.01-14.33.21:127][  0]LogD3D11RHI:   Driver Version: 10.18.14.4170 (internal:10.18.14.4170, unified:10.18.14.4170)
[2017.03.01-14.33.21:127][  0]LogD3D11RHI:      Driver Date: 3-16-2015
[2017.03.01-14.33.21:127][  0]LogRHI: Texture pool is 616 MB (70% of 880 MB)
[2017.03.01-14.33.21:134][  0]LogD3D11RHI: Async texture creation enabled
[2017.03.01-14.33.21:140][  0]LogD3D11RHI: GPU Timing Frequency: 12.500000 (Debug: 2 0)
[2017.03.01-14.33.21:141][  0]LogShaderCompilers: Guid format shader working directory is -8 characters bigger than the processId version (../../../../../../Users/NH008s/Saved Games/monkeywrench/Intermediate/Shaders/WorkingDirectory/4164/).
[2017.03.01-14.33.21:141][  0]LogShaderCompilers: Cleaned the shader compiler working directory 'C:/Users/NH008s/AppData/Local/Temp/UnrealShaderWorkingDir/3472085A4C5AFD62C765378BCF87BE2D/'.
[2017.03.01-14.33.21:141][  0]LogShaderCompilers:Display: Using Local Shader Compiler.
[2017.03.01-14.33.22:550][  0]LogTemp:Display: Loaded TP AllDesktopTargetPlatform
[2017.03.01-14.33.22:601][  0]LogTemp:Display: Loaded TP MacClientTargetPlatform
[2017.03.01-14.33.22:651][  0]LogTemp:Display: Loaded TP MacNoEditorTargetPlatform
[2017.03.01-14.33.22:707][  0]LogTemp:Display: Loaded TP MacServerTargetPlatform
[2017.03.01-14.33.22:761][  0]LogTemp:Display: Loaded TP MacTargetPlatform
[2017.03.01-14.33.22:814][  0]LogTemp:Display: Loaded TP WindowsClientTargetPlatform
[2017.03.01-14.33.22:868][  0]LogTemp:Display: Loaded TP WindowsNoEditorTargetPlatform
[2017.03.01-14.33.22:922][  0]LogTemp:Display: Loaded TP WindowsServerTargetPlatform
[2017.03.01-14.33.22:964][  0]LogTemp:Display: Loaded TP WindowsTargetPlatform
[2017.03.01-14.33.23:017][  0]LogTemp:Display: Loaded TP AndroidTargetPlatform
[2017.03.01-14.33.23:072][  0]LogTemp:Display: Loaded TP Android_ASTCTargetPlatform
[2017.03.01-14.33.23:125][  0]LogTemp:Display: Loaded TP Android_ATCTargetPlatform
[2017.03.01-14.33.23:178][  0]LogTemp:Display: Loaded TP Android_DXTTargetPlatform
[2017.03.01-14.33.23:235][  0]LogTemp:Display: Loaded TP Android_ETC1TargetPlatform
[2017.03.01-14.33.23:310][  0]LogTemp:Display: Loaded TP Android_ETC2TargetPlatform
[2017.03.01-14.33.23:420][  0]LogTemp:Display: Loaded TP Android_MultiTargetPlatform
[2017.03.01-14.33.23:420][  0]LogTemp:Display: Loaded TP Android_PVRTCTargetPlatform
[2017.03.01-14.33.23:454][  0]LogTemp:Display: Loaded TP HTML5TargetPlatform
[2017.03.01-14.33.23:537][  0]LogTemp:Display: Loaded TP IOSTargetPlatform
[2017.03.01-14.33.23:572][  0]LogTemp:Display: Loaded TP TVOSTargetPlatform
[2017.03.01-14.33.23:627][  0]LogTemp:Display: Loaded TP LinuxClientTargetPlatform
[2017.03.01-14.33.23:682][  0]LogTemp:Display: Loaded TP LinuxNoEditorTargetPlatform
[2017.03.01-14.33.23:736][  0]LogTemp:Display: Loaded TP LinuxServerTargetPlatform
[2017.03.01-14.33.23:791][  0]LogTemp:Display: Loaded TP LinuxTargetPlatform
[2017.03.01-14.33.23:791][  0]LogTargetPlatformManager:Display: Building Assets For Windows
[2017.03.01-14.33.24:112][  0]LogDerivedDataCache:Display: Max Cache Size: 512 MB
[2017.03.01-14.33.24:210][  0]LogDerivedDataCache: Loaded boot cache 0.10s 64MB C:/Users/NH008s/AppData/Local/UnrealEngine/4.14/DerivedDataCache/Boot.ddc.
[2017.03.01-14.33.24:210][  0]LogDerivedDataCache:Display: Loaded Boot cache: C:/Users/NH008s/AppData/Local/UnrealEngine/4.14/DerivedDataCache/Boot.ddc
[2017.03.01-14.33.24:210][  0]LogDerivedDataCache: FDerivedDataBackendGraph:  Pak pak cache file ../../../../../../Users/NH008s/Saved Games/monkeywrench/DerivedDataCache/DDC.ddp not found, will not use a pak cache.
[2017.03.01-14.33.24:210][  0]LogDerivedDataCache: Unable to find inner node Pak for hierarchical cache Hierarchy.
[2017.03.01-14.33.24:210][  0]LogDerivedDataCache: FDerivedDataBackendGraph:  CompressedPak pak cache file ../../../../../../Users/NH008s/Saved Games/monkeywrench/DerivedDataCache/Compressed.ddp not found, will not use a pak cache.
[2017.03.01-14.33.24:210][  0]LogDerivedDataCache: Unable to find inner node CompressedPak for hierarchical cache Hierarchy.
[2017.03.01-14.33.24:232][  0]LogDerivedDataCache:Display: Pak cache opened for reading ../../../Engine/DerivedDataCache/Compressed.ddp.
[2017.03.01-14.33.24:243][  0]LogDerivedDataCache: Using Local data cache path C:/Users/NH008s/AppData/Local/UnrealEngine/Common/DerivedDataCache: Writable
[2017.03.01-14.33.24:489][  0]LogInit: Selected Device Profile: [Windows]
[2017.03.01-14.33.24:492][  0]LogContentStreaming: Texture pool size is 0.00 MB
[2017.03.01-14.33.24:709][  0]LogMeshUtilities: Using QuadricMeshReduction for automatic static mesh reduction
[2017.03.01-14.33.24:746][  0]LogSimplygon: Simplygon DLL not present - disabling.
[2017.03.01-14.33.24:784][  0]LogMeshUtilities: Using SimplygonSwarm for distributed automatic mesh merging
[2017.03.01-14.33.24:784][  0]LogMeshUtilities: No automatic skeletal mesh reduction module available
[2017.03.01-14.33.24:784][  0]LogMeshUtilities: No automatic mesh merging module available
[2017.03.01-14.33.25:432][  0]LogNetVersion: GetLocalNetworkVersion: CL: 3195953, ProjectName: monkeywrench, ProjectVersion: , EngineNetworkVersion: 2, GameNetworkVersion: 0, NetworkChecksum: 690626690
[2017.03.01-14.33.25:483][  0]LogAssetRegistry: FAssetRegistry took 0.0200 seconds to start up
[2017.03.01-14.33.25:521][  0]LogPackageLocalizationCache: Processed 3 localized package path(s) for 2 prioritized culture(s) in 0.020453 seconds
[2017.03.01-14.33.25:528][  0]LogUObjectArray: 31946 objects as part of root set at end of initial load.
[2017.03.01-14.33.25:528][  0]LogUObjectAllocator: 6935848 out of 0 bytes used by permanent object pool.
[2017.03.01-14.33.25:528][  0]LogUObjectArray: CloseDisregardForGC: 0/0 objects in disregard for GC pool
[2017.03.01-14.33.25:584][  0]LogInit: WinSock: version 1.1 (2.2), MaxSocks=32767, MaxUdp=65467
[2017.03.01-14.33.26:251][  0]LogSlate: Using Freetype 2.6.0
[2017.03.01-14.33.26:252][  0]LogSlate: SlateFontCache - WITH_FREETYPE: 1, WITH_HARFBUZZ: 1
[2017.03.01-14.33.26:252][  0]LogSlate: SlateFontCache - WITH_FREETYPE: 1, WITH_HARFBUZZ: 1
[2017.03.01-14.33.27:029][  0]LogTcpMessaging: Initializing TcpMessaging bridge
[2017.03.01-14.33.27:062][  0]LogUdpMessaging: Initializing bridge on interface 0.0.0.0:0 to multicast group 230.0.0.1:6666.
[2017.03.01-14.33.27:326][  0]LogMaterial: Uniform references updated for custom material expression Custom.
[2017.03.01-14.33.27:658][  0]SourceControl: Info Source control is disabled
[2017.03.01-14.33.29:132][  0]LogEngine: Initializing Engine...
[2017.03.01-14.33.29:132][  0]LogHMD: Failed to initialize OpenVR with code 110
[2017.03.01-14.33.29:360][  0]LogAIModule: Creating AISystem for world Untitled
[2017.03.01-14.33.29:367][  0]LogInit: No audio devices found!
[2017.03.01-14.33.29:401][  0]LogDerivedDataCache: Saved boot cache 0.03s 64MB C:/Users/NH008s/AppData/Local/UnrealEngine/4.14/DerivedDataCache/Boot.ddc.
[2017.03.01-14.33.29:407][  0]LogInit: Texture streaming: Enabled
[2017.03.01-14.33.29:582][  0]LogInit: Transaction tracking system initialized
[2017.03.01-14.33.29:871][  0]BlueprintLog: New page: Editor Load
[2017.03.01-14.33.30:589][  0]LocalizationService: Info Localization service is disabled
[2017.03.01-14.33.31:125][  0]LogConsoleResponse:Display: 
[2017.03.01-14.33.31:318][  0]LogCook:Display: Max memory allowance for cook 16384mb min free memory 0mb
[2017.03.01-14.33.31:318][  0]LogCook:Display: Mobile HDR setting 1
[2017.03.01-14.33.31:702][  0]LogFileCache: Scanning file cache for directory 'C:/Users/NH008s/Saved Games/monkeywrench/Content/' took 0.02s
[2017.03.01-14.33.32:183][  0]Cmd: MAP LOAD FILE="../../../../../../Users/NH008s/Saved Games/monkeywrench/Content/2DSideScrollerBP/Maps/2DSideScrollerExampleMap.umap" TEMPLATE=0 SHOWPROGRESS=1 FEATURELEVEL=3
[2017.03.01-14.33.32:184][  0]LightingResults: New page: Lighting Build
[2017.03.01-14.33.32:220][  0]MapCheck: New page: Map Check
[2017.03.01-14.33.32:220][  0]LightingResults: New page: Lighting Build
[2017.03.01-14.33.32:478][  0]LogTexture:Display: Building textures: monkey_jump_swing_3 (AutoDXT)
[2017.03.01-14.33.32:492][  0]LogTexture:Display: Building textures: monkey_jump_swing_2 (AutoDXT)
[2017.03.01-14.33.32:506][  0]LogTexture:Display: Building textures: monkey_jump_4 (AutoDXT)
[2017.03.01-14.33.32:521][  0]LogTexture:Display: Building textures: monkey_jump_3 (AutoDXT)
[2017.03.01-14.33.32:536][  0]LogTexture:Display: Building textures: monkey_jump_1 (AutoDXT)
[2017.03.01-14.33.32:551][  0]LogTexture:Display: Building textures: monkey_walk_away_3 (AutoDXT)
[2017.03.01-14.33.32:608][  0]LogTexture:Display: Building textures: Winter_lab_machinery_S5E5 (AutoDXT)
[2017.03.01-14.33.33:120][  0]LogTexture:Display: Building textures: metalplat (BGRA8)
[2017.03.01-14.33.33:131][  0]LogTexture:Display: Building textures: metalplat1 (BGRA8)
[2017.03.01-14.33.33:152][  0]LogTexture:Display: Building textures: 2DBackgroundBlockAtlas (AutoDXT)
[2017.03.01-14.33.33:365][  0]LogTexture:Display: Building textures: door (BGRA8)
[2017.03.01-14.33.33:416][  0]LogTexture:Display: Building textures: Steel_Cage02 (BGRA8)
[2017.03.01-14.33.33:496][  0]LogTexture:Display: Building textures: monkey_run_7 (AutoDXT)
[2017.03.01-14.33.33:510][  0]LogTexture:Display: Building textures: monkey_run_6 (AutoDXT)
[2017.03.01-14.33.33:526][  0]LogTexture:Display: Building textures: monkey_run_5 (AutoDXT)
[2017.03.01-14.33.33:541][  0]LogTexture:Display: Building textures: monkey_run_4 (AutoDXT)
[2017.03.01-14.33.33:555][  0]LogTexture:Display: Building textures: monkey_run_3 (AutoDXT)
[2017.03.01-14.33.33:569][  0]LogTexture:Display: Building textures: monkey_run_2 (AutoDXT)
[2017.03.01-14.33.33:583][  0]LogTexture:Display: Building textures: monkey_run_1 (AutoDXT)
[2017.03.01-14.33.33:652][  0]LogTexture:Display: Building textures: monkey_walk_away_2 (AutoDXT)
[2017.03.01-14.33.33:667][  0]LogTexture:Display: Building textures: monkey_jump_swing_ (AutoDXT)
[2017.03.01-14.33.33:681][  0]LogTexture:Display: Building textures: monkey_faceforward (AutoDXT)
[2017.03.01-14.33.33:722][  0]LogTexture:Display: Building textures: monkey_dead (AutoDXT)
[2017.03.01-14.33.33:737][  0]LogTexture:Display: Building textures: monkey_walk_away_1 (AutoDXT)
[2017.03.01-14.33.33:752][  0]LogTexture:Display: Building textures: monkey_armsup (AutoDXT)
[2017.03.01-14.33.33:768][  0]LogTexture:Display: Building textures: monkey_armsup_happy (AutoDXT)
[2017.03.01-14.33.33:786][  0]LogAIModule: Creating AISystem for world 2DSideScrollerExampleMap
[2017.03.01-14.33.34:028][  0]LogEditorServer: Finished looking for orphan Actors (0.000 secs)
[2017.03.01-14.33.34:047][  0]Cmd: MAP CHECKDEP NOCLEARLOG
[2017.03.01-14.33.34:081][  0]MapCheck: Info Map check complete: 0 Error(s), 0 Warning(s), took 34.363ms to complete.
[2017.03.01-14.33.34:081][  0]LogFileHelpers: Loading map '2DSideScrollerExampleMap' took 1.898
[2017.03.01-14.33.34:663][  0]LogCollectionManager: Loaded 0 collections in 0.001119 seconds
[2017.03.01-14.33.34:922][  0]LogFileCache: Scanning file cache for directory 'C:/Users/NH008s/Saved Games/monkeywrench/Saved/Collections/' took 0.01s
[2017.03.01-14.33.34:922][  0]LogFileCache: Scanning file cache for directory 'C:/Users/NH008s/Saved Games/monkeywrench/Content/Developers/NH008s/Collections/' took 0.01s
[2017.03.01-14.33.34:922][  0]LogFileCache: Scanning file cache for directory 'C:/Users/NH008s/Saved Games/monkeywrench/Content/Collections/' took 0.01s
[2017.03.01-14.33.34:922][  0]LogCollectionManager: Rebuilt the GUID cache for 0 collections in 0.000002 seconds
[2017.03.01-14.33.34:948][  0]LogContentBrowser: Native class hierarchy populated in 0.0154 seconds. Added 2190 classes and 428 folders.
[2017.03.01-14.33.34:996][  0]LogStats: UGameplayTagsManager::ConstructGameplayTagTree: Construct from data asset -  0.000 s
[2017.03.01-14.33.34:996][  0]LogStats: UGameplayTagsManager::ConstructGameplayTagTree: GameplayTagTreeChangedEvent.Broadcast -  0.000 s
[2017.03.01-14.33.35:010][  0]LogContentBrowser: Native class hierarchy updated for 'GameplayTags' in 0.0006 seconds. Added 13 classes and 0 folders.
[2017.03.01-14.33.35:103][  0]LogContentBrowser: Native class hierarchy updated for 'WidgetCarousel' in 0.0005 seconds. Added 0 classes and 0 folders.
[2017.03.01-14.33.35:612][  0]LogContentBrowser: Native class hierarchy updated for 'AddContentDialog' in 0.0004 seconds. Added 0 classes and 0 folders.
[2017.03.01-14.33.35:871][  0]LogContentBrowser: Native class hierarchy updated for 'SceneOutliner' in 0.0006 seconds. Added 1 classes and 2 folders.
[2017.03.01-14.33.36:314][  0]LogCrashTracker: Crashtracker disabled due to settings.
[2017.03.01-14.33.36:456][  0]LogTexture:Display: Building textures: Blueprint_64x (BGRA8)
[2017.03.01-14.33.36:457][  0]LogTexture:Display: Building textures: icon_Editor_Preferences_General_40x (BGRA8)
[2017.03.01-14.33.36:459][  0]LogTexture:Display: Building textures: Paper2DSprite_TutorialIcon (BGRA8)
[2017.03.01-14.33.36:460][  0]LogTexture:Display: Building textures: icon_ShowSkeletalMeshes_40x (BGRA8)
[2017.03.01-14.33.36:461][  0]LogTexture:Display: Building textures: Landscape (BGRA8)
[2017.03.01-14.33.36:463][  0]LogTexture:Display: Building textures: Foliage (BGRA8)
[2017.03.01-14.33.36:590][  0]LogContentBrowser: Native class hierarchy updated for 'HierarchicalLODOutliner' in 0.0007 seconds. Added 1 classes and 2 folders.
[2017.03.01-14.33.36:590][  0]LogLoad: (Engine Initialization) Total time: 17.89 seconds
[2017.03.01-14.33.36:590][  0]LogLoad: (Engine Initialization) Total Blueprint compile time: 0.16 seconds
[2017.03.01-14.33.36:590][  0]LogExternalProfiler: No external profilers were discovered.  External profiling features will not be available.
[2017.03.01-14.33.36:599][  0]LogOcInput: OculusInput pre-init called
[2017.03.01-14.33.36:725][  0]SourceControl: Info On branch master
[2017.03.01-14.33.36:725][  0]SourceControl: Info Your branch is up-to-date with 'origin/master'.
[2017.03.01-14.33.36:725][  0]SourceControl: Info Changes not staged for commit:
[2017.03.01-14.33.36:725][  0]SourceControl: Info   (use "git add/rm <file>..." to update what will be committed)
[2017.03.01-14.33.36:725][  0]SourceControl: Info   (use "git checkout -- <file>..." to discard changes in working directory)
[2017.03.01-14.33.36:725][  0]SourceControl: Info 	modified:   Intermediate/CachedAssetRegistry.bin
[2017.03.01-14.33.36:725][  0]SourceControl: Info 	modified:   Saved/Config/Windows/Editor.ini
[2017.03.01-14.33.36:725][  0]SourceControl: Info 	deleted:    Saved/Logs/MonkeyWrench-backup-2017.02.16-20.48.53.log
[2017.03.01-14.33.36:725][  0]SourceControl: Info 	modified:   Saved/Logs/MonkeyWrench.log
[2017.03.01-14.33.36:725][  0]SourceControl: Info Untracked files:
[2017.03.01-14.33.36:725][  0]SourceControl: Info   (use "git add <file>..." to include in what will be committed)
[2017.03.01-14.33.36:725][  0]SourceControl: Info 	Saved/Logs/MonkeyWrench-backup-2017.03.01-09.33.19.log
[2017.03.01-14.33.36:725][  0]SourceControl: Info 	Saved/Logs/UE4CC-Windows-A7CC590B4EB3892B480EF188FA5A3CBB/
[2017.03.01-14.33.36:725][  0]SourceControl: Info no changes added to commit (use "git add" and/or "git commit -a")
[2017.03.01-14.33.36:725][  0]LogContentStreaming: Texture pool size now 1000 MB
[2017.03.01-14.33.36:820][  0]LogTexture:Display: Building textures: icon_tab_Levels_40x (BGRA8)
[2017.03.01-14.33.37:032][  0]LogTexture:Display: Building textures: LevelGrid1DStripes (BGRA8)
[2017.03.01-14.33.37:330][  0]LogRenderer: Reallocating scene render targets to support 904x456 NumSamples 1 (Frame:2).
[2017.03.01-14.33.38:530][  1]LogFileCache: Retrieving MD5 hashes for directory 'C:/Users/NH008s/Saved Games/monkeywrench/Content/' took 1.91s
[2017.03.01-14.33.38:548][  1]LogAssetRegistry: Asset discovery search completed in 13.0850 seconds
[2017.03.01-14.33.38:548][  1]LogCollectionManager: Rebuilt the object cache for 0 collections in 0.000001 seconds (found 0 objects)
[2017.03.01-14.33.38:548][  1]LogCollectionManager: Fixed up redirectors for 0 collections in 0.000014 seconds (updated 0 objects)
[2017.03.01-14.34.21:618][935]LogTexture:Display: Building textures: Center_platform (BGRA8)
[2017.03.01-14.34.21:630][935]LogTexture:Display: Building textures: Icon_cage (AutoDXT)
[2017.03.01-14.34.21:637][935]LogTexture:Display: Building textures: Left_platform (BGRA8)
[2017.03.01-14.34.21:650][935]LogTexture:Display: Building textures: platformIndustrial_sheet (AutoDXT)
[2017.03.01-14.34.21:986][935]LogTexture:Display: Building textures: platformIndustrial_sheet_2_png (AutoDXT)
[2017.03.01-14.34.22:667][935]LogTexture:Display: Building textures: Right_platform (BGRA8)
[2017.03.01-14.34.22:686][935]LogTexture:Display: Building textures: Steel_Cage (BGRA8)
[2017.03.01-14.34.22:759][935]LogTexture:Display: Building textures: Truss_platform (BGRA8)
[2017.03.01-14.34.25:587][935]SourceControl: Info rm 'Content/2DSIDE_1/Sprites/Center_platform.uasset'
[2017.03.01-14.34.25:587][935]SourceControl: Info rm 'Content/2DSIDE_1/Sprites/Icon_cage.uasset'
[2017.03.01-14.34.25:587][935]SourceControl: Info rm 'Content/2DSIDE_1/Sprites/Left_platform.uasset'
[2017.03.01-14.34.25:587][935]SourceControl: Info rm 'Content/2DSIDE_1/Sprites/Right_platform.uasset'
[2017.03.01-14.34.25:587][935]SourceControl: Info rm 'Content/2DSIDE_1/Sprites/Steel_Cage.uasset'
[2017.03.01-14.34.25:587][935]SourceControl: Info rm 'Content/2DSIDE_1/Sprites/Truss_platform.uasset'
[2017.03.01-14.34.25:587][935]SourceControl: Info rm 'Content/2DSIDE_1/Sprites/platformIndustrial_sheet.uasset'
[2017.03.01-14.34.25:587][935]SourceControl: Info rm 'Content/2DSIDE_1/Sprites/platformIndustrial_sheet_2_png.uasset'
[2017.03.01-14.34.31:996][160]LogTemp: Repeting last play command: Selected Viewport
[2017.03.01-14.34.32:026][160]LogBlueprintUserMessages: Early PlayInEditor Detection: Level '/Game/2DSideScrollerBP/Maps/2DSideScrollerExampleMap.2DSideScrollerExampleMap:PersistentLevel' has LevelScriptBlueprint '/Game/2DSideScrollerBP/Maps/2DSideScrollerExampleMap.2DSideScrollerExampleMap:PersistentLevel.2DSideScrollerExampleMap' with GeneratedClass '/Game/2DSideScrollerBP/Maps/2DSideScrollerExampleMap.2DSideScrollerExampleMap_C' with ClassGeneratedBy '/Game/2DSideScrollerBP/Maps/2DSideScrollerExampleMap.2DSideScrollerExampleMap:PersistentLevel.2DSideScrollerExampleMap'
[2017.03.01-14.34.32:037][160]LogPlayLevel: PlayLevel: No blueprints needed recompiling
[2017.03.01-14.34.32:056][160]PIE: New page: PIE session: 2DSideScrollerExampleMap (Mar 1, 2017, 4:34:32 AM)
[2017.03.01-14.34.32:068][160]LogPlayLevel: Creating play world package: /Game/2DSideScrollerBP/Maps/UEDPIE_0_2DSideScrollerExampleMap
[2017.03.01-14.34.32:071][160]LogPlayLevel: PIE: StaticDuplicateObject took: (0.002647s)
[2017.03.01-14.34.32:071][160]LogAIModule: Creating AISystem for world 2DSideScrollerExampleMap
[2017.03.01-14.34.32:071][160]LogPlayLevel: PIE: World Init took: (0.000611s)
[2017.03.01-14.34.32:072][160]LogPlayLevel: PIE: Created PIE world by copying editor world from /Game/2DSideScrollerBP/Maps/2DSideScrollerExampleMap.2DSideScrollerExampleMap to /Game/2DSideScrollerBP/Maps/UEDPIE_0_2DSideScrollerExampleMap.2DSideScrollerExampleMap (0.015145s)
[2017.03.01-14.34.32:173][160]LogLoad: Game class is '2DSideScrollerGameMode_C'
[2017.03.01-14.34.32:258][160]LogWorld: Bringing World /Game/2DSideScrollerBP/Maps/UEDPIE_0_2DSideScrollerExampleMap.2DSideScrollerExampleMap up for play (max tick rate 0) at 2017.03.01-09.34.32
[2017.03.01-14.34.32:279][160]LogWorld: Bringing up level for play took: 0.028822
[2017.03.01-14.34.32:410][160]LogContentBrowser: Native class hierarchy updated for 'MovieSceneCapture' in 0.0006 seconds. Added 11 classes and 0 folders.
[2017.03.01-14.34.32:411][160]PIE: Info Play in editor start time for /Game/2DSideScrollerBP/Maps/UEDPIE_0_2DSideScrollerExampleMap 1.03
[2017.03.01-14.34.32:411][160]LogBlueprintUserMessages: Late PlayInEditor Detection: Level '/Game/2DSideScrollerBP/Maps/2DSideScrollerExampleMap.2DSideScrollerExampleMap:PersistentLevel' has LevelScriptBlueprint '/Game/2DSideScrollerBP/Maps/2DSideScrollerExampleMap.2DSideScrollerExampleMap:PersistentLevel.2DSideScrollerExampleMap' with GeneratedClass '/Game/2DSideScrollerBP/Maps/2DSideScrollerExampleMap.2DSideScrollerExampleMap_C' with ClassGeneratedBy '/Game/2DSideScrollerBP/Maps/2DSideScrollerExampleMap.2DSideScrollerExampleMap:PersistentLevel.2DSideScrollerExampleMap'
[2017.03.01-14.34.39:055][457]LogBlueprintUserMessages: Early EndPlayMap Detection: Level '/Game/2DSideScrollerBP/Maps/2DSideScrollerExampleMap.2DSideScrollerExampleMap:PersistentLevel' has LevelScriptBlueprint '/Game/2DSideScrollerBP/Maps/2DSideScrollerExampleMap.2DSideScrollerExampleMap:PersistentLevel.2DSideScrollerExampleMap' with GeneratedClass '/Game/2DSideScrollerBP/Maps/2DSideScrollerExampleMap.2DSideScrollerExampleMap_C' with ClassGeneratedBy '/Game/2DSideScrollerBP/Maps/2DSideScrollerExampleMap.2DSideScrollerExampleMap:PersistentLevel.2DSideScrollerExampleMap'
[2017.03.01-14.34.39:131][457]LogBlueprintUserMessages: Late EndPlayMap Detection: Level '/Game/2DSideScrollerBP/Maps/2DSideScrollerExampleMap.2DSideScrollerExampleMap:PersistentLevel' has LevelScriptBlueprint '/Game/2DSideScrollerBP/Maps/2DSideScrollerExampleMap.2DSideScrollerExampleMap:PersistentLevel.2DSideScrollerExampleMap' with GeneratedClass '/Game/2DSideScrollerBP/Maps/2DSideScrollerExampleMap.2DSideScrollerExampleMap_C' with ClassGeneratedBy '/Game/2DSideScrollerBP/Maps/2DSideScrollerExampleMap.2DSideScrollerExampleMap:PersistentLevel.2DSideScrollerExampleMap'
[2017.03.01-14.34.44:688][650]LogEditorViewport: Clicking on Actor (LMB): PlayerStart (NetworkPlayerStart)
[2017.03.01-14.34.58:439][ 85]LogSlate:Warning: Prevented a slow task dialog from being summoned while a context menu was open
[2017.03.01-14.34.59:292][ 85]LogContentBrowser: Native class hierarchy updated for 'BlueprintGraph' in 0.0009 seconds. Added 111 classes and 0 folders.
[2017.03.01-14.35.00:275][ 85]LogTexture:Display: Building textures: TilePatine_N (BC5)
[2017.03.01-14.35.00:386][ 85]LogTexture:Display: Building textures: TilePatine_D (AutoDXT)
[2017.03.01-14.35.01:073][ 85]LogEditorViewport: Clicking on Actor (LMB): PaperSpriteActor (Winter_lab_machinery_S5E5_Sprite_0)
[2017.03.01-14.35.51:274][554]LogTexture:Display: Building textures: 2DBackgroundTile (AutoDXT)
[2017.03.01-14.35.51:288][554]LogMaterial: Missing cached shader map for material PrototypingSpriteMaterial, compiling. 
[2017.03.01-14.35.51:452][554]LogMaterial: Missing cached shader map for material PrototypingSpriteMaterial, compiling. 
[2017.03.01-14.35.51:847][554]LogMaterial: Missing cached shader map for material PrototypingSpriteMaterial, compiling. 
[2017.03.01-14.35.51:852][554]LogMaterial: 0.00 seconds spent updating 1 materials, 1 interfaces, 0 instances, 0 with static permutations.
[2017.03.01-14.35.51:878][554]LogMaterial: Missing cached shader map for material FMatExpressionPreview MaterialExpressionTextureSampleParameter2D_2, compiling. 
[2017.03.01-14.35.54:146][594]MaterialEditorStats: Info Base pass shader without light map: 17 instructions
[2017.03.01-14.35.54:146][594]MaterialEditorStats: Info Vertex shader: 29 instructions
[2017.03.01-14.35.54:146][594]MaterialEditorStats: Info Texture samplers: 1/16
[2017.03.01-14.36.38:020][818]LogMaterial: Missing cached shader map for material NewMaterial, compiling. 
[2017.03.01-14.36.38:115][818]LogMaterial: Missing cached shader map for material NewMaterial, compiling. 
[2017.03.01-14.36.38:127][818]LogMaterial: 0.00 seconds spent updating 1 materials, 1 interfaces, 0 instances, 0 with static permutations.
[2017.03.01-14.36.40:354][856]MaterialEditorStats: Info Base pass shader with only dynamic lighting: 22 instructions
[2017.03.01-14.36.40:354][856]MaterialEditorStats: Info Vertex shader: 29 instructions
[2017.03.01-14.36.40:354][856]MaterialEditorStats: Info Texture samplers: 0/16
[2017.03.01-14.38.33:717][108]Cmd: MAP LOAD FILE="../../../Engine/Content/Maps/Templates/Template_Default.umap" TEMPLATE=1 SHOWPROGRESS=1 FEATURELEVEL=3
[2017.03.01-14.38.33:727][108]LightingResults: New page: Lighting Build
[2017.03.01-14.38.33:728][108]LoadErrors: New page: Loading map: Template_Default.umap
[2017.03.01-14.38.33:730][108]MapCheck: New page: Map Check
[2017.03.01-14.38.33:730][108]LightingResults: New page: Lighting Build
[2017.03.01-14.38.33:908][108]LogAIModule: Creating AISystem for world Untitled_1
[2017.03.01-14.38.33:915][108]LogActorComponent: RegisterComponentWithWorld: (/Temp/Untitled_1.Untitled_1:PersistentLevel.WorldSettings_1.StaticMeshComponent0) Trying to register component with IsPendingKill() == true. Aborting.
[2017.03.01-14.38.33:920][108]LogEditorServer: Finished looking for orphan Actors (0.000 secs)
[2017.03.01-14.38.33:927][108]Cmd: MAP CHECKDEP NOCLEARLOG
[2017.03.01-14.38.33:976][108]MapCheck: Info Map check complete: 0 Error(s), 0 Warning(s), took 48.372ms to complete.
[2017.03.01-14.38.33:976][108]LogFileHelpers: Loading map 'Template_Default' took 0.260
[2017.03.01-14.39.05:033][968]LightingResults: New page: Lighting Build
[2017.03.01-14.39.05:033][968]MapCheck: New page: Map Check
[2017.03.01-14.39.05:033][968]LightingResults: New page: Lighting Build
[2017.03.01-14.39.05:081][968]LogAIModule: Creating AISystem for world Untitled
[2017.03.01-14.39.05:083][968]LoadErrors: New page: New Map
[2017.03.01-14.39.05:347][971]LogEditorViewport: Clicking Background
[2017.03.01-14.40.02:638][712]LogActorComponent: UnregisterComponent: (/Engine/Transient.EditorFloorComp) Not registered. Aborting.
[2017.03.01-14.53.06:334][402]SourceControl: Info fatal: /Temp/Untitled_2: '/Temp/Untitled_2' is outside repository
[2017.03.01-14.53.51:000][398]LogEditorViewport: Clicking Background
[2017.03.01-14.53.53:529][517]LogEditorViewport: Clicking on Actor (LMB): PaperSpriteActor (Winter_lab_machinery_S5E5_Sprite_1)
[2017.03.01-14.54.00:574][827]LogEditorViewport: Clicking Background
[2017.03.01-14.54.14:471][474]LogEditorViewport: Clicking on Actor (LMB): PaperSpriteActor (Ledge)
[2017.03.01-14.54.38:979][599]LogEditorViewport: Clicking on Actor (LMB): PaperSpriteActor (Ledge)
[2017.03.01-14.54.40:317][661]LogEditorViewport: Clicking on Actor (LMB): PaperSpriteActor (Ledge2)
[2017.03.01-14.54.48:383][ 26]LogEditorViewport: Clicking on Actor (LMB): PaperSpriteActor (Ledge2)
[2017.03.01-14.54.49:200][ 64]LogEditorViewport: Clicking on Actor (LMB): PaperSpriteActor (Ledge2)
[2017.03.01-14.54.51:256][158]LogEditorViewport: Clicking on Actor (LMB): PaperSpriteActor (Ledge)
[2017.03.01-14.54.55:259][338]LogEditorViewport: Clicking on Actor (LMB): PaperSpriteActor (Ledge)
[2017.03.01-14.54.56:570][398]LogEditorViewport: Clicking on Actor (LMB): PaperSpriteActor (Ledge2)
[2017.03.01-14.55.00:874][592]LogEditorViewport: Clicking on Actor (LMB): PaperSpriteActor (Ledge2)
[2017.03.01-14.55.01:760][633]LogEditorViewport: Clicking Background
[2017.03.01-14.55.05:489][790]LogEditorViewport: Clicking on Actor (LMB): PaperSpriteActor (Ledge2)
[2017.03.01-14.55.10:999][ 39]LogEditorViewport: Clicking on Actor (LMB): PaperSpriteActor (Ledge2)
[2017.03.01-14.55.11:943][ 83]LogEditorViewport: Clicking on Actor (LMB): PaperSpriteActor (Ledge)
[2017.03.01-14.55.21:351][512]LogEditorViewport: Clicking on Actor (LMB): PaperSpriteActor (Ledge)
[2017.03.01-14.55.27:328][785]LogEditorViewport: Clicking Background
[2017.03.01-14.57.50:234][ 72]Cmd: TRANSACTION UNDO
[2017.03.01-14.57.50:235][ 72]LogEditorTransaction: Undo Clicking Background
[2017.03.01-14.57.50:471][ 81]Cmd: TRANSACTION UNDO
[2017.03.01-14.57.50:471][ 81]LogEditorTransaction: Undo Clicking on Actors
[2017.03.01-14.57.50:614][ 87]Cmd: TRANSACTION UNDO
[2017.03.01-14.57.50:614][ 87]LogEditorTransaction: Undo Move Actors
[2017.03.01-14.57.50:802][ 96]Cmd: TRANSACTION UNDO
[2017.03.01-14.57.50:802][ 96]LogEditorTransaction: Undo Clicking on Actors
[2017.03.01-14.57.51:003][105]Cmd: TRANSACTION UNDO
[2017.03.01-14.57.51:004][105]LogEditorTransaction: Undo Clicking on Actors
[2017.03.01-14.57.51:187][113]Cmd: TRANSACTION UNDO
[2017.03.01-14.57.51:187][113]LogEditorTransaction: Undo Move Actors
[2017.03.01-14.57.51:905][146]Cmd: TRANSACTION UNDO
[2017.03.01-14.57.51:905][146]LogEditorTransaction: Undo Clicking on Actors
[2017.03.01-14.57.52:122][156]Cmd: TRANSACTION UNDO
[2017.03.01-14.57.52:122][156]LogEditorTransaction: Undo Clicking Background
[2017.03.01-14.57.52:305][164]Cmd: TRANSACTION UNDO
[2017.03.01-14.57.52:305][164]LogEditorTransaction: Undo Clicking on Actors
[2017.03.01-14.57.52:484][172]Cmd: TRANSACTION UNDO
[2017.03.01-14.57.52:484][172]LogEditorTransaction: Undo Rotate Actors
[2017.03.01-14.57.52:775][185]Cmd: TRANSACTION UNDO
[2017.03.01-14.57.52:775][185]LogEditorTransaction: Undo Clicking on Actors
[2017.03.01-14.57.52:978][194]Cmd: TRANSACTION UNDO
[2017.03.01-14.57.52:978][194]LogEditorTransaction: Undo Clicking on Actors
[2017.03.01-14.57.53:239][206]Cmd: TRANSACTION UNDO
[2017.03.01-14.57.53:239][206]LogEditorTransaction: Undo Rotate Actors
[2017.03.01-14.57.53:463][216]Cmd: TRANSACTION UNDO
[2017.03.01-14.57.53:463][216]LogEditorTransaction: Undo Clicking on Actors
[2017.03.01-14.57.53:705][227]Cmd: TRANSACTION UNDO
[2017.03.01-14.57.53:705][227]LogEditorTransaction: Undo Clicking on Actors
[2017.03.01-14.57.54:627][269]Cmd: TRANSACTION UNDO
[2017.03.01-14.57.54:627][269]LogEditorTransaction: Undo Clicking on Actors
[2017.03.01-14.57.54:822][278]Cmd: TRANSACTION UNDO
[2017.03.01-14.57.54:822][278]LogEditorTransaction: Undo Rotate Actors
[2017.03.01-14.57.54:988][285]Cmd: TRANSACTION UNDO
[2017.03.01-14.57.54:988][285]LogEditorTransaction: Undo Rotate Actors
[2017.03.01-14.57.55:245][297]Cmd: TRANSACTION UNDO
[2017.03.01-14.57.55:245][297]LogEditorTransaction: Undo Rotate Actors
[2017.03.01-14.57.55:440][306]Cmd: TRANSACTION UNDO
[2017.03.01-14.57.55:440][306]LogEditorTransaction: Undo Clicking on Actors
[2017.03.01-14.57.55:686][317]Cmd: TRANSACTION UNDO
[2017.03.01-14.57.55:686][317]LogEditorTransaction: Undo Clicking on Actors
[2017.03.01-14.57.55:881][326]Cmd: TRANSACTION UNDO
[2017.03.01-14.57.55:882][326]LogEditorTransaction: Undo Rotate Actors
[2017.03.01-14.57.56:063][334]Cmd: TRANSACTION UNDO
[2017.03.01-14.57.56:063][334]LogEditorTransaction: Undo Rotate Actors
[2017.03.01-14.57.56:279][344]Cmd: TRANSACTION UNDO
[2017.03.01-14.57.56:279][344]LogEditorTransaction: Undo Rotate Actors
[2017.03.01-14.57.56:495][354]Cmd: TRANSACTION UNDO
[2017.03.01-14.57.56:495][354]LogEditorTransaction: Undo Clicking on Actors
[2017.03.01-14.57.56:702][363]Cmd: TRANSACTION UNDO
[2017.03.01-14.57.56:702][363]LogEditorTransaction: Undo Create Actors
[2017.03.01-14.57.56:930][373]Cmd: TRANSACTION UNDO
[2017.03.01-14.57.56:930][373]LogEditorTransaction: Undo Create Actors
[2017.03.01-14.57.57:166][384]Cmd: TRANSACTION UNDO
[2017.03.01-14.57.57:166][384]LogEditorTransaction: Undo Clicking Background
[2017.03.01-14.57.57:369][393]Cmd: TRANSACTION UNDO
[2017.03.01-14.57.57:369][393]LogEditorTransaction: Undo Clicking on Actors
[2017.03.01-14.57.57:605][403]Cmd: TRANSACTION UNDO
[2017.03.01-14.57.57:605][403]LogEditorTransaction: Undo Clicking Background
[2017.03.01-14.57.57:885][416]Cmd: TRANSACTION UNDO
[2017.03.01-14.57.57:885][416]LogEditorTransaction: Undo Create Actors
[2017.03.01-14.57.58:157][428]Cmd: TRANSACTION UNDO
[2017.03.01-14.57.58:157][428]LogEditorTransaction: Undo Clicking Background
[2017.03.01-14.58.10:237][873]Cmd: QUIT_EDITOR
[2017.03.01-14.58.10:296][873]LogExit: Preparing to exit.
[2017.03.01-14.58.11:186][873]LogDirectoryWatcher: A directory notification for 'C:/Users/NH008s/Saved Games/monkeywrench/Content/' was aborted.
[2017.03.01-14.58.11:218][873]LogExit: Editor shut down
[2017.03.01-14.58.11:219][873]LogExit: Transaction tracking system shut down
[2017.03.01-14.58.11:347][873]LogObj: Freed 0b from 0 cluster array pools.
[2017.03.01-14.58.11:347][873]LogExit: Object subsystem successfully closed.
[2017.03.01-14.58.11:369][873]LogD3D11RHI: Shutdown
[2017.03.01-14.58.11:369][873]LogD3D11RHI: CleanupD3DDevice
[2017.03.01-14.58.11:449][873]LogD3D11RHI: ~FD3D11DynamicRHI
[2017.03.01-14.58.11:493][873]LogHttp:Display: Http module shutting down, but needs to wait on 1 outstanding Http requests:
[2017.03.01-14.58.11:493][873]LogHttp:Display: 	verb=[POST] url=[https://datarouter.ol.epicgames.com/datarouter/api/v1/public/data?SessionID=%7BD4C8BF6D-4348-696B-CE0C-6681229EF885%7D&AppID=UEEditor.Rocket.Release&AppVersion=4.14.3-3249277%2B%2B%2BUE4%2BRelease-4.14&UserID=e52d9fc64303ffb6592eecbc1a0ceae1%7C7688f66bf330434687681f731b7ab27c%7C8a60e768-5934-4247-901a-3afa521f839e&AppEnvironment=datacollector-binary&UploadType=eteventstream] status=Processing
[2017.03.01-14.58.11:498][873]LogModuleManager: Shutting down and abandoning module NewLevelDialog (246)
[2017.03.01-14.58.11:498][873]LogModuleManager: Shutting down and abandoning module MaterialEditor (245)
[2017.03.01-14.58.11:498][873]LogModuleManager: Shutting down and abandoning module BlueprintGraph (244)
[2017.03.01-14.58.11:498][873]LogModuleManager: Shutting down and abandoning module BlueprintProfiler (243)
[2017.03.01-14.58.11:514][873]LogModuleManager: Shutting down and abandoning module MovieSceneCapture (242)
[2017.03.01-14.58.11:514][873]LogModuleManager: Shutting down and abandoning module HierarchicalLODOutliner (241)
[2017.03.01-14.58.11:514][873]LogModuleManager: Shutting down and abandoning module CrashTracker (240)
[2017.03.01-14.58.11:514][873]LogModuleManager: Shutting down and abandoning module SceneOutliner (239)
[2017.03.01-14.58.11:514][873]LogModuleManager: Shutting down and abandoning module WidgetCarousel (238)
[2017.03.01-14.58.11:514][873]LogModuleManager: Shutting down and abandoning module AddContentDialog (237)
[2017.03.01-14.58.11:514][873]LogDirectoryWatcher: A directory notification for 'C:/Program Files/Epic Games/UE_4.14/FeaturePacks/' was aborted.
[2017.03.01-14.58.11:515][873]LogModuleManager: Shutting down and abandoning module GameplayTags (236)
[2017.03.01-14.58.11:516][873]LogModuleManager: Shutting down and abandoning module EditorWidgets (235)
[2017.03.01-14.58.11:516][873]LogModuleManager: Shutting down and abandoning module CollectionManager (234)
[2017.03.01-14.58.11:516][873]LogDirectoryWatcher: A directory notification for 'C:/Users/NH008s/Saved Games/monkeywrench/Content/Collections/' was aborted.
[2017.03.01-14.58.11:516][873]LogDirectoryWatcher: A directory notification for 'C:/Users/NH008s/Saved Games/monkeywrench/Content/Developers/NH008s/Collections/' was aborted.
[2017.03.01-14.58.11:516][873]LogDirectoryWatcher: A directory notification for 'C:/Users/NH008s/Saved Games/monkeywrench/Saved/Collections/' was aborted.
[2017.03.01-14.58.11:516][873]LogModuleManager: Shutting down and abandoning module StatsViewer (233)
[2017.03.01-14.58.11:516][873]LogModuleManager: Shutting down and abandoning module FoliageEdit (232)
[2017.03.01-14.58.11:516][873]LogModuleManager: Shutting down and abandoning module LandscapeEditor (231)
[2017.03.01-14.58.11:516][873]LogModuleManager: Shutting down and abandoning module SceneDepthPickerMode (230)
[2017.03.01-14.58.11:516][873]LogModuleManager: Shutting down and abandoning module ActorPickerMode (229)
[2017.03.01-14.58.11:516][873]LogModuleManager: Shutting down and abandoning module GeometryMode (228)
[2017.03.01-14.58.11:516][873]LogModuleManager: Shutting down and abandoning module TextureAlignMode (227)
[2017.03.01-14.58.11:516][873]LogModuleManager: Shutting down and abandoning module BspMode (226)
[2017.03.01-14.58.11:516][873]LogModuleManager: Shutting down and abandoning module HardwareSurvey (225)
[2017.03.01-14.58.11:516][873]LogModuleManager: Shutting down and abandoning module SequenceRecorderSections (224)
[2017.03.01-14.58.11:516][873]LogModuleManager: Shutting down and abandoning module AutomationWorker (223)
[2017.03.01-14.58.11:516][873]LogModuleManager: Shutting down and abandoning module MatineeToLevelSequence (222)
[2017.03.01-14.58.11:516][873]LogModuleManager: Shutting down and abandoning module PlacementMode (221)
[2017.03.01-14.58.11:516][873]LogModuleManager: Shutting down and abandoning module LevelSequenceEditor (220)
[2017.03.01-14.58.11:516][873]LogModuleManager: Shutting down and abandoning module WmfMediaFactory (219)
[2017.03.01-14.58.11:516][873]LogModuleManager: Shutting down and abandoning module WmfMediaEditor (218)
[2017.03.01-14.58.11:516][873]LogModuleManager: Shutting down and abandoning module AvfMediaFactory (217)
[2017.03.01-14.58.11:516][873]LogModuleManager: Shutting down and abandoning module AvfMediaEditor (216)
[2017.03.01-14.58.11:516][873]LogModuleManager: Shutting down and abandoning module Media (215)
[2017.03.01-14.58.11:516][873]LogModuleManager: Shutting down and abandoning module AndroidMediaFactory (214)
[2017.03.01-14.58.11:516][873]LogModuleManager: Shutting down and abandoning module AndroidMediaEditor (213)
[2017.03.01-14.58.11:516][873]LogModuleManager: Shutting down and abandoning module CharacterAI (212)
[2017.03.01-14.58.11:516][873]LogModuleManager: Shutting down and abandoning module SequenceRecorder (211)
[2017.03.01-14.58.11:516][873]LogModuleManager: Shutting down and abandoning module AudioCapture (210)
[2017.03.01-14.58.11:516][873]LogModuleManager: Shutting down and abandoning module SmartSnapping (209)
[2017.03.01-14.58.11:516][873]LogModuleManager: Shutting down and abandoning module SessionServices (208)
[2017.03.01-14.58.11:516][873]LogModuleManager: Shutting down and abandoning module ViewportSnapping (207)
[2017.03.01-14.58.11:516][873]LogModuleManager: Shutting down and abandoning module ViewportInteraction (206)
[2017.03.01-14.58.11:516][873]LogModuleManager: Shutting down and abandoning module LogVisualizer (205)
[2017.03.01-14.58.11:516][873]LogModuleManager: Shutting down and abandoning module GameProjectGeneration (204)
[2017.03.01-14.58.11:516][873]LogModuleManager: Shutting down and abandoning module IntroTutorials (203)
[2017.03.01-14.58.11:516][873]LogModuleManager: Shutting down and abandoning module EditorLiveStreaming (202)
[2017.03.01-14.58.11:516][873]LogModuleManager: Shutting down and abandoning module IOSPlatformEditor (201)
[2017.03.01-14.58.11:516][873]LogModuleManager: Shutting down and abandoning module HTML5PlatformEditor (200)
[2017.03.01-14.58.11:516][873]LogModuleManager: Shutting down and abandoning module AndroidDeviceDetection (199)
[2017.03.01-14.58.11:877][873]LogModuleManager: Shutting down and abandoning module AndroidPlatformEditor (198)
[2017.03.01-14.58.11:877][873]LogModuleManager: Shutting down and abandoning module IOSRuntimeSettings (197)
[2017.03.01-14.58.11:877][873]LogModuleManager: Shutting down and abandoning module AndroidRuntimeSettings (196)
[2017.03.01-14.58.11:877][873]LogModuleManager: Shutting down and abandoning module InputBindingEditor (195)
[2017.03.01-14.58.11:877][873]LogModuleManager: Shutting down and abandoning module NiagaraEditor (194)
[2017.03.01-14.58.11:877][873]LogModuleManager: Shutting down and abandoning module MergeActors (193)
[2017.03.01-14.58.11:877][873]LogModuleManager: Shutting down and abandoning module SizeMap (192)
[2017.03.01-14.58.11:877][873]LogModuleManager: Shutting down and abandoning module TreeMap (191)
[2017.03.01-14.58.11:877][873]LogModuleManager: Shutting down and abandoning module ReferenceViewer (190)
[2017.03.01-14.58.11:877][873]LogModuleManager: Shutting down and abandoning module LocalizationService (189)
[2017.03.01-14.58.11:877][873]LogModuleManager: Shutting down and abandoning module LocalizationDashboard (188)
[2017.03.01-14.58.11:877][873]LogModuleManager: Shutting down and abandoning module HardwareTargeting (187)
[2017.03.01-14.58.11:877][873]LogModuleManager: Shutting down and abandoning module DeviceProfileEditor (186)
[2017.03.01-14.58.11:877][873]LogModuleManager: Shutting down and abandoning module UndoHistory (185)
[2017.03.01-14.58.11:877][873]LogModuleManager: Shutting down and abandoning module UserFeedback (184)
[2017.03.01-14.58.11:877][873]LogModuleManager: Shutting down and abandoning module XmlParser (183)
[2017.03.01-14.58.11:877][873]LogModuleManager: Shutting down and abandoning module Blutility (182)
[2017.03.01-14.58.11:877][873]LogModuleManager: Shutting down and abandoning module ProjectTargetPlatformEditor (181)
[2017.03.01-14.58.11:877][873]LogModuleManager: Shutting down and abandoning module ProjectSettingsViewer (180)
[2017.03.01-14.58.11:877][873]LogModuleManager: Shutting down and abandoning module EditorSettingsViewer (179)
[2017.03.01-14.58.11:877][873]LogModuleManager: Shutting down and abandoning module SettingsEditor (178)
[2017.03.01-14.58.11:878][873]LogModuleManager: Shutting down and abandoning module ProjectLauncher (177)
[2017.03.01-14.58.11:878][873]LogModuleManager: Shutting down and abandoning module SessionFrontend (176)
[2017.03.01-14.58.11:878][873]LogModuleManager: Shutting down and abandoning module ProfilerClient (175)
[2017.03.01-14.58.11:878][873]LogModuleManager: Shutting down and abandoning module TargetDeviceServices (174)
[2017.03.01-14.58.11:878][873]LogModuleManager: Shutting down and abandoning module DeviceManager (173)
[2017.03.01-14.58.11:928][873]LogModuleManager: Shutting down and abandoning module AutomationController (172)
[2017.03.01-14.58.11:928][873]LogModuleManager: Shutting down and abandoning module AutomationWindow (171)
[2017.03.01-14.58.11:928][873]LogModuleManager: Shutting down and abandoning module Layers (170)
[2017.03.01-14.58.11:928][873]LogModuleManager: Shutting down and abandoning module ComponentVisualizers (169)
[2017.03.01-14.58.11:928][873]LogModuleManager: Shutting down and abandoning module DetailCustomizations (168)
[2017.03.01-14.58.11:928][873]LogModuleManager: Shutting down and abandoning module PackagesDialog (167)
[2017.03.01-14.58.11:928][873]LogModuleManager: Shutting down and abandoning module AnimGraph (166)
[2017.03.01-14.58.11:928][873]LogModuleManager: Shutting down and abandoning module Persona (165)
[2017.03.01-14.58.11:928][873]LogModuleManager: Shutting down and abandoning module Kismet (164)
[2017.03.01-14.58.11:935][873]LogModuleManager: Shutting down and abandoning module GraphEditor (163)
[2017.03.01-14.58.11:935][873]LogModuleManager: Shutting down and abandoning module ClassViewer (162)
[2017.03.01-14.58.11:936][873]LogModuleManager: Shutting down and abandoning module Toolbox (161)
[2017.03.01-14.58.11:936][873]LogModuleManager: Shutting down and abandoning module ModuleUI (160)
[2017.03.01-14.58.11:936][873]LogModuleManager: Shutting down and abandoning module MovieSceneTools (159)
[2017.03.01-14.58.11:936][873]LogModuleManager: Shutting down and abandoning module OutputLog (158)
[2017.03.01-14.58.11:936][873]LogModuleManager: Shutting down and abandoning module GammaUI (157)
[2017.03.01-14.58.11:936][873]LogModuleManager: Shutting down and abandoning module Documentation (156)
[2017.03.01-14.58.11:936][873]LogModuleManager: Shutting down and abandoning module Niagara (155)
[2017.03.01-14.58.11:936][873]LogModuleManager: Shutting down and abandoning module StreamingPauseRendering (154)
[2017.03.01-14.58.11:936][873]LogModuleManager: Shutting down and abandoning module AnalyticsET (153)
[2017.03.01-14.58.11:936][873]LogModuleManager: Shutting down and abandoning module PortalServices (152)
[2017.03.01-14.58.11:936][873]LogModuleManager: Shutting down and abandoning module PortalRpc (151)
[2017.03.01-14.58.11:936][873]LogModuleManager: Shutting down and abandoning module MessagingRpc (150)
[2017.03.01-14.58.11:936][873]LogModuleManager: Shutting down and abandoning module GameplayDebugger (149)
[2017.03.01-14.58.11:936][873]LogModuleManager: Shutting down and abandoning module AITestSuite (148)
[2017.03.01-14.58.11:936][873]LogModuleManager: Shutting down and abandoning module AIModule (147)
[2017.03.01-14.58.11:936][873]LogModuleManager: Shutting down and abandoning module ProfilerService (146)
[2017.03.01-14.58.12:146][873]LogModuleManager: Shutting down and abandoning module TaskGraph (145)
[2017.03.01-14.58.12:146][873]LogModuleManager: Shutting down and abandoning module SlateRemote (144)
[2017.03.01-14.58.12:146][873]LogModuleManager: Shutting down and abandoning module SteamVRController (143)
[2017.03.01-14.58.12:146][873]LogModuleManager: Shutting down and abandoning module SteamVR (142)
[2017.03.01-14.58.12:146][873]LogModuleManager: Shutting down and abandoning module ProceduralMeshComponentEditor (141)
[2017.03.01-14.58.12:146][873]LogModuleManager: Shutting down and abandoning module ProceduralMeshComponent (140)
[2017.03.01-14.58.12:146][873]LogModuleManager: Shutting down and abandoning module OculusLibrary (139)
[2017.03.01-14.58.12:146][873]LogModuleManager: Shutting down and abandoning module OculusInput (138)
[2017.03.01-14.58.12:146][873]LogModuleManager: Shutting down and abandoning module MobilePatchingUtils (137)
[2017.03.01-14.58.12:146][873]LogModuleManager: Shutting down and abandoning module CustomMeshComponent (136)
[2017.03.01-14.58.12:146][873]LogModuleManager: Shutting down and abandoning module CableComponent (135)
[2017.03.01-14.58.12:146][873]LogModuleManager: Shutting down and abandoning module ArchVisCharacter (134)
[2017.03.01-14.58.12:146][873]LogModuleManager: Shutting down and abandoning module MediaPlayerEditor (132)
[2017.03.01-14.58.12:146][873]LogModuleManager: Shutting down and abandoning module HTML5Networking (131)
[2017.03.01-14.58.12:146][873]LogModuleManager: Shutting down and abandoning module GeometryCacheEd (130)
[2017.03.01-14.58.12:146][873]LogModuleManager: Shutting down and abandoning module GeometryCache (129)
[2017.03.01-14.58.12:146][873]LogModuleManager: Shutting down and abandoning module AlembicLibrary (128)
[2017.03.01-14.58.12:146][873]LogModuleManager: Shutting down and abandoning module AlembicImporter (127)
[2017.03.01-14.58.12:146][873]LogModuleManager: Shutting down and abandoning module SuperSearch (126)
[2017.03.01-14.58.12:146][873]LogModuleManager: Shutting down and abandoning module SuperSearchEditor (125)
[2017.03.01-14.58.12:146][873]LogModuleManager: Shutting down and abandoning module SpeedTreeImporter (124)
[2017.03.01-14.58.12:146][873]LogModuleManager: Shutting down and abandoning module PluginBrowser (123)
[2017.03.01-14.58.12:146][873]LogModuleManager: Shutting down and abandoning module MobileLauncherProfileWizard (122)
[2017.03.01-14.58.12:146][873]LogModuleManager: Shutting down and abandoning module EpicSurvey (121)
[2017.03.01-14.58.12:147][873]LogModuleManager: Shutting down and abandoning module DesktopPlatform (120)
[2017.03.01-14.58.12:147][873]LogModuleManager: Shutting down and abandoning module VisualStudioSourceCodeAccess (119)
[2017.03.01-14.58.12:147][873]LogModuleManager: Shutting down and abandoning module UObjectPlugin (118)
[2017.03.01-14.58.12:147][873]LogModuleManager: Shutting down and abandoning module SubversionSourceControl (117)
[2017.03.01-14.58.12:147][873]LogModuleManager: Shutting down and abandoning module PerforceSourceControl (116)
[2017.03.01-14.58.12:147][873]LogModuleManager: Shutting down and abandoning module SourceControl (115)
[2017.03.01-14.58.12:147][873]LogModuleManager: Shutting down and abandoning module GitSourceControl (114)
[2017.03.01-14.58.12:147][873]LogModuleManager: Shutting down and abandoning module LightPropagationVolumeEditor (113)
[2017.03.01-14.58.12:147][873]LogModuleManager: Shutting down and abandoning module PaperTiledImporter (112)
[2017.03.01-14.58.12:147][873]LogModuleManager: Shutting down and abandoning module PaperSpriteSheetImporter (111)
[2017.03.01-14.58.12:147][873]LogModuleManager: Shutting down and abandoning module MeshPaint (110)
[2017.03.01-14.58.12:147][873]LogModuleManager: Shutting down and abandoning module PixelInspectorModule (109)
[2017.03.01-14.58.12:147][873]LogModuleManager: Shutting down and abandoning module HotReload (108)
[2017.03.01-14.58.12:147][873]LogModuleManager: Shutting down and abandoning module MainFrame (107)
[2017.03.01-14.58.12:147][873]LogModuleManager: Shutting down and abandoning module LevelEditor (106)
[2017.03.01-14.58.12:148][873]LogModuleManager: Shutting down and abandoning module ContentBrowser (105)
[2017.03.01-14.58.12:149][873]LogModuleManager: Shutting down and abandoning module Paper2DEditor (104)
[2017.03.01-14.58.12:149][873]LogModuleManager: Shutting down and abandoning module UdpMessaging (103)
[2017.03.01-14.58.12:249][873]LogModuleManager: Shutting down and abandoning module TcpMessaging (102)
[2017.03.01-14.58.12:349][873]LogModuleManager: Shutting down and abandoning module LightPropagationVolumeRuntime (101)
[2017.03.01-14.58.12:349][873]LogModuleManager: Shutting down and abandoning module Paper2D (100)
[2017.03.01-14.58.12:349][873]LogModuleManager: Shutting down and abandoning module WindowsMoviePlayer (99)
[2017.03.01-14.58.12:349][873]LogModuleManager: Shutting down and abandoning module WmfMedia (98)
[2017.03.01-14.58.12:349][873]LogModuleManager: Shutting down and abandoning module MediaAssets (97)
[2017.03.01-14.58.12:349][873]LogModuleManager: Shutting down and abandoning module GameLiveStreaming (96)
[2017.03.01-14.58.12:350][873]LogModuleManager: Shutting down and abandoning module GameplayTagsEditor (95)
[2017.03.01-14.58.12:350][873]LogModuleManager: Shutting down and abandoning module VREditor (94)
[2017.03.01-14.58.12:350][873]LogModuleManager: Shutting down and abandoning module GameplayTasksEditor (93)
[2017.03.01-14.58.12:350][873]LogModuleManager: Shutting down and abandoning module BehaviorTreeEditor (92)
[2017.03.01-14.58.12:350][873]LogModuleManager: Shutting down and abandoning module FunctionalTesting (91)
[2017.03.01-14.58.12:350][873]LogModuleManager: Shutting down and abandoning module CollisionAnalyzer (90)
[2017.03.01-14.58.12:350][873]LogModuleManager: Shutting down and abandoning module Sequencer (89)
[2017.03.01-14.58.12:350][873]LogModuleManager: Shutting down and abandoning module WorkspaceMenuStructure (88)
[2017.03.01-14.58.12:350][873]LogModuleManager: Shutting down and abandoning module MessageLog (87)
[2017.03.01-14.58.12:350][873]LogModuleManager: Shutting down and abandoning module AssetTools (86)
[2017.03.01-14.58.12:350][873]LogModuleManager: Shutting down and abandoning module UMGEditor (85)
[2017.03.01-14.58.12:350][873]LogModuleManager: Shutting down and abandoning module UMG (84)
[2017.03.01-14.58.12:350][873]LogModuleManager: Shutting down and abandoning module SlateReflector (83)
[2017.03.01-14.58.12:350][873]LogModuleManager: Shutting down and abandoning module Slate (82)
[2017.03.01-14.58.12:350][873]LogModuleManager: Shutting down and abandoning module EditorStyle (81)
[2017.03.01-14.58.12:352][873]LogModuleManager: Shutting down and abandoning module SourceCodeAccess (80)
[2017.03.01-14.58.12:352][873]LogModuleManager: Shutting down and abandoning module HeadMountedDisplay (79)
[2017.03.01-14.58.12:352][873]LogModuleManager: Shutting down and abandoning module XAudio2 (78)
[2017.03.01-14.58.12:352][873]LogModuleManager: Shutting down and abandoning module Networking (76)
[2017.03.01-14.58.12:352][873]LogModuleManager: Shutting down and abandoning module Core (75)
[2017.03.01-14.58.12:352][873]LogModuleManager: Shutting down and abandoning module DirectoryWatcher (74)
[2017.03.01-14.58.12:352][873]LogDirectoryWatcher: A directory notification for '../../../Engine/Content/' was aborted.
[2017.03.01-14.58.12:352][873]LogDirectoryWatcher: A directory notification for '../../../../../../Users/NH008s/Saved Games/monkeywrench/Content/' was aborted.
[2017.03.01-14.58.12:352][873]LogDirectoryWatcher: A directory notification for '../../../Engine/Plugins/2D/Paper2D/Content/' was aborted.
[2017.03.01-14.58.12:353][873]LogModuleManager: Shutting down and abandoning module AssetRegistry (73)
[2017.03.01-14.58.12:422][873]LogModuleManager: Shutting down and abandoning module KismetCompiler (72)
[2017.03.01-14.58.12:422][873]LogModuleManager: Shutting down and abandoning module PhysXFormats (71)
[2017.03.01-14.58.12:422][873]LogModuleManager: Shutting down and abandoning module SimplygonSwarm (70)
[2017.03.01-14.58.12:422][873]LogModuleManager: Shutting down and abandoning module SimplygonMeshReduction (69)
[2017.03.01-14.58.12:422][873]LogModuleManager: Shutting down and abandoning module QuadricMeshReduction (68)
[2017.03.01-14.58.12:422][873]LogModuleManager: Shutting down and abandoning module PropertyEditor (67)
[2017.03.01-14.58.12:422][873]LogModuleManager: Shutting down and abandoning module MeshUtilities (66)
[2017.03.01-14.58.12:422][873]LogModuleManager: Shutting down and abandoning module DerivedDataCache (65)
[2017.03.01-14.58.12:508][873]LogDerivedDataCache: Shutdown
[2017.03.01-14.58.12:508][873]LogModuleManager: Shutting down and abandoning module VulkanShaderFormat (64)
[2017.03.01-14.58.12:508][873]LogModuleManager: Shutting down and abandoning module ShaderFormatOpenGL (63)
[2017.03.01-14.58.12:508][873]LogModuleManager: Shutting down and abandoning module ShaderFormatD3D (62)
[2017.03.01-14.58.12:508][873]LogModuleManager: Shutting down and abandoning module MetalShaderFormat (61)
[2017.03.01-14.58.12:508][873]LogModuleManager: Shutting down and abandoning module TextureFormatUncompressed (60)
[2017.03.01-14.58.12:508][873]LogModuleManager: Shutting down and abandoning module TextureFormatPVR (59)
[2017.03.01-14.58.12:508][873]LogModuleManager: Shutting down and abandoning module TextureFormatDXT (58)
[2017.03.01-14.58.12:508][873]LogModuleManager: Shutting down and abandoning module TextureFormatIntelISPCTexComp (57)
[2017.03.01-14.58.12:509][873]LogModuleManager: Shutting down and abandoning module ImageWrapper (56)
[2017.03.01-14.58.12:509][873]LogModuleManager: Shutting down and abandoning module TextureFormatASTC (55)
[2017.03.01-14.58.12:509][873]LogModuleManager: Shutting down and abandoning module TextureFormatAndroid (54)
[2017.03.01-14.58.12:509][873]LogModuleManager: Shutting down and abandoning module AudioFormatOpus (53)
[2017.03.01-14.58.12:509][873]LogModuleManager: Shutting down and abandoning module AudioFormatOgg (52)
[2017.03.01-14.58.12:509][873]LogModuleManager: Shutting down and abandoning module AudioFormatADPCM (51)
[2017.03.01-14.58.12:509][873]LogModuleManager: Shutting down and abandoning module LinuxTargetPlatform (50)
[2017.03.01-14.58.12:509][873]LogModuleManager: Shutting down and abandoning module LinuxServerTargetPlatform (49)
[2017.03.01-14.58.12:509][873]LogModuleManager: Shutting down and abandoning module LinuxNoEditorTargetPlatform (48)
[2017.03.01-14.58.12:509][873]LogModuleManager: Shutting down and abandoning module LinuxClientTargetPlatform (47)
[2017.03.01-14.58.12:509][873]LogModuleManager: Shutting down and abandoning module TVOSTargetPlatform (46)
[2017.03.01-14.58.12:509][873]LogModuleManager: Shutting down and abandoning module Messaging (45)
[2017.03.01-14.58.12:509][873]LogModuleManager: Shutting down and abandoning module IOSTargetPlatform (44)
[2017.03.01-14.58.12:509][873]LogModuleManager: Shutting down and abandoning module HTML5TargetPlatform (43)
[2017.03.01-14.58.12:509][873]LogModuleManager: Shutting down and abandoning module Android_PVRTCTargetPlatform (42)
[2017.03.01-14.58.12:509][873]LogModuleManager: Shutting down and abandoning module Android_MultiTargetPlatform (41)
[2017.03.01-14.58.12:509][873]LogModuleManager: Shutting down and abandoning module Android_ETC2TargetPlatform (40)
[2017.03.01-14.58.12:509][873]LogModuleManager: Shutting down and abandoning module Android_ETC1TargetPlatform (39)
[2017.03.01-14.58.12:509][873]LogModuleManager: Shutting down and abandoning module Android_DXTTargetPlatform (38)
[2017.03.01-14.58.12:509][873]LogModuleManager: Shutting down and abandoning module Android_ATCTargetPlatform (37)
[2017.03.01-14.58.12:509][873]LogModuleManager: Shutting down and abandoning module Android_ASTCTargetPlatform (36)
[2017.03.01-14.58.12:509][873]LogModuleManager: Shutting down and abandoning module AndroidTargetPlatform (35)
[2017.03.01-14.58.12:509][873]LogModuleManager: Shutting down and abandoning module WindowsTargetPlatform (34)
[2017.03.01-14.58.12:509][873]LogModuleManager: Shutting down and abandoning module WindowsServerTargetPlatform (33)
[2017.03.01-14.58.12:509][873]LogModuleManager: Shutting down and abandoning module WindowsNoEditorTargetPlatform (32)
[2017.03.01-14.58.12:509][873]LogModuleManager: Shutting down and abandoning module WindowsClientTargetPlatform (31)
[2017.03.01-14.58.12:509][873]LogModuleManager: Shutting down and abandoning module MacTargetPlatform (30)
[2017.03.01-14.58.12:509][873]LogModuleManager: Shutting down and abandoning module MacServerTargetPlatform (29)
[2017.03.01-14.58.12:509][873]LogModuleManager: Shutting down and abandoning module MacNoEditorTargetPlatform (28)
[2017.03.01-14.58.12:509][873]LogModuleManager: Shutting down and abandoning module MacClientTargetPlatform (27)
[2017.03.01-14.58.12:509][873]LogModuleManager: Shutting down and abandoning module AllDesktopTargetPlatform (26)
[2017.03.01-14.58.12:509][873]LogModuleManager: Shutting down and abandoning module TargetPlatform (25)
[2017.03.01-14.58.12:509][873]LogModuleManager: Shutting down and abandoning module InputCore (24)
[2017.03.01-14.58.12:509][873]LogModuleManager: Shutting down and abandoning module Settings (23)
[2017.03.01-14.58.12:509][873]LogModuleManager: Shutting down and abandoning module OculusRift (22)
[2017.03.01-14.58.12:509][873]LogModuleManager: Shutting down and abandoning module ExampleDeviceProfileSelector (21)
[2017.03.01-14.58.12:509][873]LogModuleManager: Shutting down and abandoning module OnlineBlueprintSupport (20)
[2017.03.01-14.58.12:509][873]LogModuleManager: Shutting down and abandoning module OnlineSubsystem (18)
[2017.03.01-14.58.12:509][873]LogOnline:Display: Unloading online subsystem: NULL
[2017.03.01-14.58.12:509][873]LogModuleManager: Shutting down and abandoning module SSL (17)
[2017.03.01-14.58.12:511][873]LogModuleManager: Shutting down and abandoning module HTTP (16)
[2017.03.01-14.58.12:511][873]LogModuleManager: Shutting down and abandoning module XMPP (15)
[2017.03.01-14.58.12:511][873]LogModuleManager: Shutting down and abandoning module TextureCompressor (14)
[2017.03.01-14.58.12:511][873]LogModuleManager: Shutting down and abandoning module ShaderCore (13)
[2017.03.01-14.58.12:511][873]LogModuleManager: Shutting down and abandoning module Landscape (12)
[2017.03.01-14.58.12:511][873]LogModuleManager: Shutting down and abandoning module SlateRHIRenderer (11)
[2017.03.01-14.58.12:513][873]LogModuleManager: Shutting down and abandoning module OpenGLDrv (10)
[2017.03.01-14.58.12:513][873]LogModuleManager: Shutting down and abandoning module D3D11RHI (9)
[2017.03.01-14.58.12:513][873]LogModuleManager: Shutting down and abandoning module AnimGraphRuntime (8)
[2017.03.01-14.58.12:513][873]LogModuleManager: Shutting down and abandoning module Renderer (7)
[2017.03.01-14.58.12:513][873]LogModuleManager: Shutting down and abandoning module Engine (6)
[2017.03.01-14.58.12:513][873]LogModuleManager: Shutting down and abandoning module CoreUObject (5)
[2017.03.01-14.58.12:513][873]LogModuleManager: Shutting down and abandoning module NetworkFile (4)
[2017.03.01-14.58.12:513][873]LogModuleManager: Shutting down and abandoning module StreamingFile (3)
[2017.03.01-14.58.12:513][873]LogModuleManager: Shutting down and abandoning module SandboxFile (2)
[2017.03.01-14.58.12:513][873]LogModuleManager: Shutting down and abandoning module PakFile (1)
[2017.03.01-14.58.12:515][873]LogExit: Exiting.
[2017.03.01-14.58.12:527][873]Log file closed, 03/01/17 09:58:12
