Log file open, 03/07/17 16:10:33
LogInit:Display: Running engine for game: MonkeyWrench
LogPlatformFile: Not using cached read wrapper
LogInit:Display: RandInit(39727668) SRandInit(39727668).
LogTaskGraph: Started task graph with 5 named threads and 6 total threads with 1 sets of task threads.
LogStats: Stats thread started at 0.082666
LogPluginManager: Loaded Plugin Paper2D, From C:/Program Files (x86)/Epic Games/4.14/Engine/Plugins/2D/Paper2D/Paper2D.uplugin
LogPluginManager: Loaded Plugin LightPropagationVolume, From C:/Program Files (x86)/Epic Games/4.14/Engine/Plugins/Blendables/LightPropagationVolume/LightPropagationVolume.uplugin
LogPluginManager: Loaded Plugin BlankPlugin, From C:/Program Files (x86)/Epic Games/4.14/Engine/Plugins/Developer/BlankPlugin/BlankPlugin.uplugin
LogPluginManager: Loaded Plugin CodeLiteSourceCodeAccess, From C:/Program Files (x86)/Epic Games/4.14/Engine/Plugins/Developer/CodeLiteSourceCodeAccess/CodeLiteSourceCodeAccess.uplugin
LogPluginManager: Loaded Plugin GitSourceControl, From C:/Program Files (x86)/Epic Games/4.14/Engine/Plugins/Developer/GitSourceControl/GitSourceControl.uplugin
LogPluginManager: Loaded Plugin KDevelopSourceCodeAccess, From C:/Program Files (x86)/Epic Games/4.14/Engine/Plugins/Developer/KDevelopSourceCodeAccess/KDevelopSourceCodeAccess.uplugin
LogPluginManager: Loaded Plugin NullSourceCodeAccess, From C:/Program Files (x86)/Epic Games/4.14/Engine/Plugins/Developer/NullSourceCodeAccess/NullSourceCodeAccess.uplugin
LogPluginManager: Loaded Plugin OneSkyLocalizationService, From C:/Program Files (x86)/Epic Games/4.14/Engine/Plugins/Developer/OneSkyLocalizationService/OneSkyLocalizationService.uplugin
LogPluginManager: Loaded Plugin PerforceSourceControl, From C:/Program Files (x86)/Epic Games/4.14/Engine/Plugins/Developer/PerforceSourceControl/PerforceSourceControl.uplugin
LogPluginManager: Loaded Plugin SubversionSourceControl, From C:/Program Files (x86)/Epic Games/4.14/Engine/Plugins/Developer/SubversionSourceControl/SubversionSourceControl.uplugin
LogPluginManager: Loaded Plugin UObjectPlugin, From C:/Program Files (x86)/Epic Games/4.14/Engine/Plugins/Developer/UObjectPlugin/UObjectPlugin.uplugin
LogPluginManager: Loaded Plugin VisualStudioSourceCodeAccess, From C:/Program Files (x86)/Epic Games/4.14/Engine/Plugins/Developer/VisualStudioSourceCodeAccess/VisualStudioSourceCodeAccess.uplugin
LogPluginManager: Loaded Plugin XCodeSourceCodeAccess, From C:/Program Files (x86)/Epic Games/4.14/Engine/Plugins/Developer/XCodeSourceCodeAccess/XCodeSourceCodeAccess.uplugin
LogPluginManager: Loaded Plugin AudioCapture, From C:/Program Files (x86)/Epic Games/4.14/Engine/Plugins/Editor/AudioCapture/AudioCapture.uplugin
LogPluginManager: Loaded Plugin EpicSurvey, From C:/Program Files (x86)/Epic Games/4.14/Engine/Plugins/Editor/EpicSurvey/EpicSurvey.uplugin
LogPluginManager: Loaded Plugin MacGraphicsSwitching, From C:/Program Files (x86)/Epic Games/4.14/Engine/Plugins/Editor/MacGraphicsSwitching/MacGraphicsSwitching.uplugin
LogPluginManager: Loaded Plugin MobileLauncherProfileWizard, From C:/Program Files (x86)/Epic Games/4.14/Engine/Plugins/Editor/MobileLauncherProfileWizard/MobileLauncherProfileWizard.uplugin
LogPluginManager: Loaded Plugin PluginBrowser, From C:/Program Files (x86)/Epic Games/4.14/Engine/Plugins/Editor/PluginBrowser/PluginBrowser.uplugin
LogPluginManager: Loaded Plugin SpeedTreeImporter, From C:/Program Files (x86)/Epic Games/4.14/Engine/Plugins/Editor/SpeedTreeImporter/SpeedTreeImporter.uplugin
LogPluginManager: Loaded Plugin SuperSearchEditor, From C:/Program Files (x86)/Epic Games/4.14/Engine/Plugins/Editor/SuperSearchEditor/SuperSearchEditor.uplugin
LogPluginManager: Loaded Plugin AlembicImporter, From C:/Program Files (x86)/Epic Games/4.14/Engine/Plugins/Experimental/AlembicImporter/AlembicImporter.uplugin
LogPluginManager: Loaded Plugin BlueprintStats, From C:/Program Files (x86)/Epic Games/4.14/Engine/Plugins/Experimental/BlueprintStats/BlueprintStats.uplugin
LogPluginManager: Loaded Plugin CharacterAI, From C:/Program Files (x86)/Epic Games/4.14/Engine/Plugins/Experimental/CharacterAI/CharacterAI.uplugin
LogPluginManager: Loaded Plugin CodeEditor, From C:/Program Files (x86)/Epic Games/4.14/Engine/Plugins/Experimental/CodeEditor/CodeEditor.uplugin
LogPluginManager: Loaded Plugin CodeView, From C:/Program Files (x86)/Epic Games/4.14/Engine/Plugins/Experimental/CodeView/CodeView.uplugin
LogPluginManager: Loaded Plugin HTML5Networking, From C:/Program Files (x86)/Epic Games/4.14/Engine/Plugins/Experimental/HTML5Networking/HTML5Networking.uplugin
LogPluginManager: Loaded Plugin OSVR, From C:/Program Files (x86)/Epic Games/4.14/Engine/Plugins/Experimental/OSVR/OSVR.uplugin
LogPluginManager: Loaded Plugin Phya, From C:/Program Files (x86)/Epic Games/4.14/Engine/Plugins/Experimental/Phya/Phya.uplugin
LogPluginManager: Loaded Plugin SignificanceManager, From C:/Program Files (x86)/Epic Games/4.14/Engine/Plugins/Experimental/SignificanceManager/SignificanceManager.uplugin
LogPluginManager: Loaded Plugin SimpleHMD, From C:/Program Files (x86)/Epic Games/4.14/Engine/Plugins/Experimental/SimpleHMD/SimpleHMD.uplugin
LogPluginManager: Loaded Plugin StereoPanorama, From C:/Program Files (x86)/Epic Games/4.14/Engine/Plugins/Experimental/StereoPanorama/StereoPanorama.uplugin
LogPluginManager: Loaded Plugin StructBox, From C:/Program Files (x86)/Epic Games/4.14/Engine/Plugins/Experimental/StructBox/StructBox.uplugin
LogPluginManager: Loaded Plugin AndroidMedia, From C:/Program Files (x86)/Epic Games/4.14/Engine/Plugins/Media/AndroidMedia/AndroidMedia.uplugin
LogPluginManager: Loaded Plugin AvfMedia, From C:/Program Files (x86)/Epic Games/4.14/Engine/Plugins/Media/AvfMedia/AvfMedia.uplugin
LogPluginManager: Loaded Plugin MediaPlayerEditor, From C:/Program Files (x86)/Epic Games/4.14/Engine/Plugins/Media/MediaPlayerEditor/MediaPlayerEditor.uplugin
LogPluginManager: Loaded Plugin WmfMedia, From C:/Program Files (x86)/Epic Games/4.14/Engine/Plugins/Media/WmfMedia/WmfMedia.uplugin
LogPluginManager: Loaded Plugin MessagingDebugger, From C:/Program Files (x86)/Epic Games/4.14/Engine/Plugins/Messaging/MessagingDebugger/MessagingDebugger.uplugin
LogPluginManager: Loaded Plugin TcpMessaging, From C:/Program Files (x86)/Epic Games/4.14/Engine/Plugins/Messaging/TcpMessaging/TcpMessaging.uplugin
LogPluginManager: Loaded Plugin UdpMessaging, From C:/Program Files (x86)/Epic Games/4.14/Engine/Plugins/Messaging/UdpMessaging/UdpMessaging.uplugin
LogPluginManager: Loaded Plugin LevelSequenceEditor, From C:/Program Files (x86)/Epic Games/4.14/Engine/Plugins/MovieScene/LevelSequenceEditor/LevelSequenceEditor.uplugin
LogPluginManager: Loaded Plugin MatineeToLevelSequence, From C:/Program Files (x86)/Epic Games/4.14/Engine/Plugins/MovieScene/MatineeToLevelSequence/MatineeToLevelSequence.uplugin
LogPluginManager: Loaded Plugin NetcodeUnitTest, From C:/Program Files (x86)/Epic Games/4.14/Engine/Plugins/NetcodeUnitTest/NetcodeUnitTest/NetcodeUnitTest.uplugin
LogPluginManager: Loaded Plugin NUTUnrealEngine4, From C:/Program Files (x86)/Epic Games/4.14/Engine/Plugins/NetcodeUnitTest/NUTUnrealEngine4/NUTUnrealEngine4.uplugin
LogPluginManager: Loaded Plugin OnlineSubsystemGameCircle, From C:/Program Files (x86)/Epic Games/4.14/Engine/Plugins/Online/Android/OnlineSubsystemGameCircle/OnlineSubsystemGameCircle.uplugin
LogPluginManager: Loaded Plugin OnlineSubsystemGooglePlay, From C:/Program Files (x86)/Epic Games/4.14/Engine/Plugins/Online/Android/OnlineSubsystemGooglePlay/OnlineSubsystemGooglePlay.uplugin
LogPluginManager: Loaded Plugin OnlineSubsystemIOS, From C:/Program Files (x86)/Epic Games/4.14/Engine/Plugins/Online/IOS/OnlineSubsystemIOS/OnlineSubsystemIOS.uplugin
LogPluginManager: Loaded Plugin OnlineFramework, From C:/Program Files (x86)/Epic Games/4.14/Engine/Plugins/Online/OnlineFramework/OnlineFramework.uplugin
LogPluginManager: Loaded Plugin OnlineSubsystem, From C:/Program Files (x86)/Epic Games/4.14/Engine/Plugins/Online/OnlineSubsystem/OnlineSubsystem.uplugin
LogPluginManager: Loaded Plugin OnlineSubsystemAmazon, From C:/Program Files (x86)/Epic Games/4.14/Engine/Plugins/Online/OnlineSubsystemAmazon/OnlineSubsystemAmazon.uplugin
LogPluginManager: Loaded Plugin OnlineSubsystemFacebook, From C:/Program Files (x86)/Epic Games/4.14/Engine/Plugins/Online/OnlineSubsystemFacebook/OnlineSubsystemFacebook.uplugin
LogPluginManager: Loaded Plugin OnlineSubsystemNull, From C:/Program Files (x86)/Epic Games/4.14/Engine/Plugins/Online/OnlineSubsystemNull/OnlineSubsystemNull.uplugin
LogPluginManager: Loaded Plugin OnlineSubsystemOculus, From C:/Program Files (x86)/Epic Games/4.14/Engine/Plugins/Online/OnlineSubsystemOculus/OnlineSubsystemOculus.uplugin
LogPluginManager: Loaded Plugin OnlineSubsystemSteam, From C:/Program Files (x86)/Epic Games/4.14/Engine/Plugins/Online/OnlineSubsystemSteam/OnlineSubsystemSteam.uplugin
LogPluginManager: Loaded Plugin OnlineSubsystemUtils, From C:/Program Files (x86)/Epic Games/4.14/Engine/Plugins/Online/OnlineSubsystemUtils/OnlineSubsystemUtils.uplugin
LogPluginManager: Loaded Plugin IOSTapJoy, From C:/Program Files (x86)/Epic Games/4.14/Engine/Plugins/Runtime/Advertising/IOSTapJoy/IOSTapJoy.uplugin
LogPluginManager: Loaded Plugin AnalyticsBlueprintLibrary, From C:/Program Files (x86)/Epic Games/4.14/Engine/Plugins/Runtime/Analytics/AnalyticsBlueprintLibrary/AnalyticsBlueprintLibrary.uplugin
LogPluginManager: Loaded Plugin AnalyticsMulticast, From C:/Program Files (x86)/Epic Games/4.14/Engine/Plugins/Runtime/Analytics/AnalyticsMulticast/AnalyticsMulticast.uplugin
LogPluginManager: Loaded Plugin Apsalar, From C:/Program Files (x86)/Epic Games/4.14/Engine/Plugins/Runtime/Analytics/Apsalar/Apsalar.uplugin
LogPluginManager: Loaded Plugin FileLogging, From C:/Program Files (x86)/Epic Games/4.14/Engine/Plugins/Runtime/Analytics/FileLogging/FileLogging.uplugin
LogPluginManager: Loaded Plugin Flurry, From C:/Program Files (x86)/Epic Games/4.14/Engine/Plugins/Runtime/Analytics/Flurry/Flurry.uplugin
LogPluginManager: Loaded Plugin AndroidDeviceProfileSelector, From C:/Program Files (x86)/Epic Games/4.14/Engine/Plugins/Runtime/AndroidDeviceProfileSelector/AndroidDeviceProfileSelector.uplugin
LogPluginManager: Loaded Plugin AndroidMoviePlayer, From C:/Program Files (x86)/Epic Games/4.14/Engine/Plugins/Runtime/AndroidMoviePlayer/AndroidMoviePlayer.uplugin
LogPluginManager: Loaded Plugin AppleMoviePlayer, From C:/Program Files (x86)/Epic Games/4.14/Engine/Plugins/Runtime/AppleMoviePlayer/AppleMoviePlayer.uplugin
LogPluginManager: Loaded Plugin ArchVisCharacter, From C:/Program Files (x86)/Epic Games/4.14/Engine/Plugins/Runtime/ArchVisCharacter/ArchVisCharacter.uplugin
LogPluginManager: Loaded Plugin CableComponent, From C:/Program Files (x86)/Epic Games/4.14/Engine/Plugins/Runtime/CableComponent/CableComponent.uplugin
LogPluginManager: Loaded Plugin CustomMeshComponent, From C:/Program Files (x86)/Epic Games/4.14/Engine/Plugins/Runtime/CustomMeshComponent/CustomMeshComponent.uplugin
LogPluginManager: Loaded Plugin ExampleDeviceProfileSelector, From C:/Program Files (x86)/Epic Games/4.14/Engine/Plugins/Runtime/ExampleDeviceProfileSelector/ExampleDeviceProfileSelector.uplugin
LogPluginManager: Loaded Plugin GearVR, From C:/Program Files (x86)/Epic Games/4.14/Engine/Plugins/Runtime/GearVR/GearVR.uplugin
LogPluginManager: Loaded Plugin GoogleVRController, From C:/Program Files (x86)/Epic Games/4.14/Engine/Plugins/Runtime/GoogleVR/GoogleVRController/GoogleVRController.uplugin
LogPluginManager: Loaded Plugin GoogleVRHMD, From C:/Program Files (x86)/Epic Games/4.14/Engine/Plugins/Runtime/GoogleVR/GoogleVRHMD/GoogleVRHMD.uplugin
LogPluginManager: Loaded Plugin IOSDeviceProfileSelector, From C:/Program Files (x86)/Epic Games/4.14/Engine/Plugins/Runtime/IOSDeviceProfileSelector/IOSDeviceProfileSelector.uplugin
LogPluginManager: Loaded Plugin LeapMotion, From C:/Program Files (x86)/Epic Games/4.14/Engine/Plugins/Runtime/LeapMotion/LeapMotion.uplugin
LogPluginManager: Loaded Plugin LinuxDeviceProfileSelector, From C:/Program Files (x86)/Epic Games/4.14/Engine/Plugins/Runtime/LinuxDeviceProfileSelector/LinuxDeviceProfileSelector.uplugin
LogPluginManager: Loaded Plugin MIDIDevice, From C:/Program Files (x86)/Epic Games/4.14/Engine/Plugins/Runtime/MIDIDevice/MIDIDevice.uplugin
LogPluginManager: Loaded Plugin MobilePatchingUtils, From C:/Program Files (x86)/Epic Games/4.14/Engine/Plugins/Runtime/MobilePatchingUtils/MobilePatchingUtils.uplugin
LogPluginManager: Loaded Plugin Ansel, From C:/Program Files (x86)/Epic Games/4.14/Engine/Plugins/Runtime/Nvidia/Ansel/Ansel.uplugin
LogPluginManager: Loaded Plugin OculusAudio, From C:/Program Files (x86)/Epic Games/4.14/Engine/Plugins/Runtime/OculusAudio/OculusAudio.uplugin
LogPluginManager: Loaded Plugin OculusInput, From C:/Program Files (x86)/Epic Games/4.14/Engine/Plugins/Runtime/OculusInput/OculusInput.uplugin
LogPluginManager: Loaded Plugin OculusLibrary, From C:/Program Files (x86)/Epic Games/4.14/Engine/Plugins/Runtime/OculusLibrary/OculusLibrary.uplugin
LogPluginManager: Loaded Plugin OculusRift, From C:/Program Files (x86)/Epic Games/4.14/Engine/Plugins/Runtime/OculusRift/OculusRift.uplugin
LogPluginManager: Loaded Plugin Oodle, From C:/Program Files (x86)/Epic Games/4.14/Engine/Plugins/Runtime/PacketHandlers/CompressionComponents/Oodle/Oodle.uplugin
LogPluginManager: Loaded Plugin ProceduralMeshComponent, From C:/Program Files (x86)/Epic Games/4.14/Engine/Plugins/Runtime/ProceduralMeshComponent/ProceduralMeshComponent.uplugin
LogPluginManager: Loaded Plugin SoundMod, From C:/Program Files (x86)/Epic Games/4.14/Engine/Plugins/Runtime/SoundMod/SoundMod.uplugin
LogPluginManager: Loaded Plugin SoundVisualizations, From C:/Program Files (x86)/Epic Games/4.14/Engine/Plugins/Runtime/SoundVisualizations/SoundVisualizations.uplugin
LogPluginManager: Loaded Plugin SteamController, From C:/Program Files (x86)/Epic Games/4.14/Engine/Plugins/Runtime/Steam/SteamController/SteamController.uplugin
LogPluginManager: Loaded Plugin SteamVR, From C:/Program Files (x86)/Epic Games/4.14/Engine/Plugins/Runtime/Steam/SteamVR/SteamVR.uplugin
LogPluginManager: Loaded Plugin WebBrowserWidget, From C:/Program Files (x86)/Epic Games/4.14/Engine/Plugins/Runtime/WebBrowserWidget/WebBrowserWidget.uplugin
LogPluginManager: Loaded Plugin WindowsDeviceProfileSelector, From C:/Program Files (x86)/Epic Games/4.14/Engine/Plugins/Runtime/WindowsDeviceProfileSelector/WindowsDeviceProfileSelector.uplugin
LogPluginManager: Loaded Plugin WindowsMoviePlayer, From C:/Program Files (x86)/Epic Games/4.14/Engine/Plugins/Runtime/WindowsMoviePlayer/WindowsMoviePlayer.uplugin
LogPluginManager: Loaded Plugin ScriptPlugin, From C:/Program Files (x86)/Epic Games/4.14/Engine/Plugins/ScriptPlugin/ScriptPlugin.uplugin
LogPluginManager: Loaded Plugin SlateRemote, From C:/Program Files (x86)/Epic Games/4.14/Engine/Plugins/Slate/SlateRemote/SlateRemote.uplugin
LogPluginManager: Loaded Plugin EditorTests, From C:/Program Files (x86)/Epic Games/4.14/Engine/Plugins/Tests/EditorTests/EditorTests.uplugin
LogPluginManager: Loaded Plugin FbxAutomationTestBuilder, From C:/Program Files (x86)/Epic Games/4.14/Engine/Plugins/Tests/FbxAutomationTestBuilder/FbxAutomationTestBuilder.uplugin
LogPluginManager: Loaded Plugin FunctionalTestingEditor, From C:/Program Files (x86)/Epic Games/4.14/Engine/Plugins/Tests/FunctionalTestingEditor/FunctionalTestingEditor.uplugin
LogPluginManager: Loaded Plugin RuntimeTests, From C:/Program Files (x86)/Epic Games/4.14/Engine/Plugins/Tests/RuntimeTests/RuntimeTests.uplugin
LogPluginManager: Loaded Plugin ScreenshotTools, From C:/Program Files (x86)/Epic Games/4.14/Engine/Plugins/Tests/ScreenshotTools/ScreenshotTools.uplugin
LogInit: Using libcurl 7.47.1
LogInit:  - built for x86_64-pc-win32
LogInit:  - supports SSL with OpenSSL/1.0.2g
LogInit:  - supports HTTP deflate (compression) using libz 1.2.8
LogInit:  - other features:
LogInit:      CURL_VERSION_SSL
LogInit:      CURL_VERSION_LIBZ
LogInit:      CURL_VERSION_IPV6
LogInit:      CURL_VERSION_ASYNCHDNS
LogInit:      CURL_VERSION_LARGEFILE
LogInit:      CURL_VERSION_IDN
LogInit:  CurlRequestOptions (configurable via config and command line):
LogInit:  - bVerifyPeer = false  - Libcurl will NOT verify peer certificate
LogInit:  - bUseHttpProxy = false  - Libcurl will NOT use HTTP proxy
LogInit:  - bDontReuseConnections = false  - Libcurl will reuse connections
LogInit:  - CertBundlePath = nullptr  - Libcurl will use whatever was configured at build time.
LogInit: Build: ++UE4+Release-4.14-CL-3249277
LogInit: Engine Version: 4.14.3-3249277+++UE4+Release-4.14
LogInit: Compatible Engine Version: 4.14.0-3195953+++UE4+Release-4.14
LogInit: Net CL: 3195953
LogDevObjectVersion: Number of dev versions registered: 13
LogDevObjectVersion:   Dev-Blueprints (B0D832E4-1F89-4F0D-ACCF-7EB736FD4AA2): 7
LogDevObjectVersion:   Dev-Build (E1C64328-A22C-4D53-A36C-8E866417BD8C): 0
LogDevObjectVersion:   Dev-Core (375EC13C-06E4-48FB-B500-84F0262A717E): 1
LogDevObjectVersion:   Dev-Editor (E4B068ED-F494-42E9-A231-DA0B2E46BB41): 8
LogDevObjectVersion:   Dev-Framework (CFFC743F-43B0-4480-9391-14DF171D2073): 17
LogDevObjectVersion:   Dev-Mobile (B02B49B5-BB20-44E9-A304-32B752E40360): 0
LogDevObjectVersion:   Dev-Networking (A4E4105C-59A1-49B5-A7C5-40C4547EDFEE): 0
LogDevObjectVersion:   Dev-Online (39C831C9-5AE6-47DC-9A44-9C173E1C8E7C): 0
LogDevObjectVersion:   Dev-Physics (78F01B33-EBEA-4F98-B9B4-84EACCB95AA2): 0
LogDevObjectVersion:   Dev-Platform (6631380F-2D4D-43E0-8009-CF276956A95A): 0
LogDevObjectVersion:   Dev-Rendering (12F88B9F-8875-4AFC-A67C-D90C383ABD29): 12
LogDevObjectVersion:   Dev-Sequencer (7B5AE74C-D270-4C10-A958-57980B212A5A): 1
LogDevObjectVersion:   Dev-VR (D7296918-1DD6-4BDD-9DE2-64A83CC13884): 0
LogInit: Compiled (64-bit): Jan  6 2017 10:49:43
LogInit: Compiled with Visual C++: 19.00.23026.00
LogInit: Build Configuration: Development
LogInit: Branch Name: ++UE4+Release-4.14
LogInit: Command line:  
LogInit: Base directory: C:/Program Files (x86)/Epic Games/4.14/Engine/Binaries/Win64/
LogInit: Installed Engine Build: 1
LogInit: Presizing for max 8388607 objects, including 0 objects not considered by GC, pre-allocating 0 bytes for permanent pool.
LogInit: Object subsystem initialized
[2017.03.07-21.10.34:429][  0]LogInit: Selected Device Profile: [Windows]
[2017.03.07-21.10.34:429][  0]LogInit: Applying CVar settings loaded from the selected device profile: [Windows]
[2017.03.07-21.10.34:443][  0]LogInit: Computer: MATTLINEBACK-PC
[2017.03.07-21.10.34:443][  0]LogInit: User: mattlineback
[2017.03.07-21.10.34:443][  0]LogInit: CPU Page size=65536, Cores=2
[2017.03.07-21.10.34:443][  0]LogInit: High frequency timer resolution =3.020484 MHz
[2017.03.07-21.10.34:443][  0]LogMemory: Memory total: Physical=8.0GB (8GB approx)
[2017.03.07-21.10.34:443][  0]LogMemory: Platform Memory Stats for Windows
[2017.03.07-21.10.34:443][  0]LogMemory: Process Physical Memory: 264.12 MB used, 264.12 MB peak
[2017.03.07-21.10.34:443][  0]LogMemory: Process Virtual Memory: 262.33 MB used, 262.33 MB peak
[2017.03.07-21.10.34:443][  0]LogMemory: Physical Memory: 3528.57 MB used,  4646.07 MB free, 8174.64 MB total
[2017.03.07-21.10.34:443][  0]LogMemory: Virtual Memory: 674.55 MB used,  4646.07 MB free, 134217728.00 MB total
[2017.03.07-21.10.34:468][  0]LogTextLocalizationManager: No specific translations for ('en-US') exist, so ('en') translations will be used.
[2017.03.07-21.10.35:230][  0]LogD3D11RHI: D3D11 adapters:
[2017.03.07-21.10.35:239][  0]LogD3D11RHI:    0. 'AMD Radeon HD 6450' (Feature Level 11_0)
[2017.03.07-21.10.35:239][  0]LogD3D11RHI:       1008/0/3840 MB DedicatedVideo/DedicatedSystem/SharedSystem, Outputs:1, VendorId:0x1002
[2017.03.07-21.10.35:240][  0]LogD3D11RHI:    1. 'Microsoft Basic Render Driver' (Feature Level 11_0)
[2017.03.07-21.10.35:240][  0]LogD3D11RHI:       0/0/4087 MB DedicatedVideo/DedicatedSystem/SharedSystem, Outputs:0, VendorId:0x1414
[2017.03.07-21.10.35:240][  0]LogD3D11RHI: Chosen D3D11 Adapter: 0
[2017.03.07-21.10.35:245][  0]LogD3D11RHI: Creating new Direct3DDevice
[2017.03.07-21.10.35:245][  0]LogD3D11RHI:     GPU DeviceId: 0x6779 (for the marketing name, search the web for "GPU Device Id")
[2017.03.07-21.10.35:245][  0]LogWindows: EnumDisplayDevices:
[2017.03.07-21.10.35:246][  0]LogWindows:    0. 'AMD Radeon HD 6450' (P:1 D:1)
[2017.03.07-21.10.35:246][  0]LogWindows:    1. 'AMD Radeon HD 6450' (P:0 D:0)
[2017.03.07-21.10.35:246][  0]LogWindows:    2. 'AMD Radeon HD 6450' (P:0 D:0)
[2017.03.07-21.10.35:246][  0]LogWindows: DebugString: FoundDriverCount:3 
[2017.03.07-21.10.35:246][  0]LogD3D11RHI:     Adapter Name: AMD Radeon HD 6450
[2017.03.07-21.10.35:246][  0]LogD3D11RHI:   Driver Version: Crimson 16.2.1 (internal:15.301.1901.0, unified:15.301.1901.0)
[2017.03.07-21.10.35:246][  0]LogD3D11RHI:      Driver Date: 2-26-2016
[2017.03.07-21.10.35:246][  0]LogRHI: Texture pool is 706 MB (70% of 1008 MB)
[2017.03.07-21.10.35:253][  0]LogD3D11RHI: Async texture creation enabled
[2017.03.07-21.10.35:265][  0]LogD3D11RHI: GPU Timing Frequency: 27.000000 (Debug: 2 1)
[2017.03.07-21.10.35:265][  0]LogShaderCompilers: Guid format shader working directory is -1 characters bigger than the processId version (../../../../../../Users/mattlineback/git/monkeywrench/Intermediate/Shaders/WorkingDirectory/12556/).
[2017.03.07-21.10.35:266][  0]LogShaderCompilers: Cleaned the shader compiler working directory 'C:/Users/mattlineback/AppData/Local/Temp/UnrealShaderWorkingDir/A6C0E0BC43C83D013C5FD686A7E353DE/'.
[2017.03.07-21.10.35:266][  0]LogShaderCompilers:Display: Using Local Shader Compiler.
[2017.03.07-21.10.36:574][  0]LogTemp:Display: Loaded TP AllDesktopTargetPlatform
[2017.03.07-21.10.36:649][  0]LogTemp:Display: Loaded TP MacClientTargetPlatform
[2017.03.07-21.10.36:724][  0]LogTemp:Display: Loaded TP MacNoEditorTargetPlatform
[2017.03.07-21.10.36:802][  0]LogTemp:Display: Loaded TP MacServerTargetPlatform
[2017.03.07-21.10.36:880][  0]LogTemp:Display: Loaded TP MacTargetPlatform
[2017.03.07-21.10.36:956][  0]LogTemp:Display: Loaded TP WindowsClientTargetPlatform
[2017.03.07-21.10.37:033][  0]LogTemp:Display: Loaded TP WindowsNoEditorTargetPlatform
[2017.03.07-21.10.37:109][  0]LogTemp:Display: Loaded TP WindowsServerTargetPlatform
[2017.03.07-21.10.37:172][  0]LogTemp:Display: Loaded TP WindowsTargetPlatform
[2017.03.07-21.10.37:244][  0]LogTemp:Display: Loaded TP AndroidTargetPlatform
[2017.03.07-21.10.37:321][  0]LogTemp:Display: Loaded TP Android_ASTCTargetPlatform
[2017.03.07-21.10.37:406][  0]LogTemp:Display: Loaded TP Android_ATCTargetPlatform
[2017.03.07-21.10.37:481][  0]LogTemp:Display: Loaded TP Android_DXTTargetPlatform
[2017.03.07-21.10.37:555][  0]LogTemp:Display: Loaded TP Android_ETC1TargetPlatform
[2017.03.07-21.10.37:630][  0]LogTemp:Display: Loaded TP Android_ETC2TargetPlatform
[2017.03.07-21.10.37:777][  0]LogTemp:Display: Loaded TP Android_MultiTargetPlatform
[2017.03.07-21.10.37:777][  0]LogTemp:Display: Loaded TP Android_PVRTCTargetPlatform
[2017.03.07-21.10.37:829][  0]LogTemp:Display: Loaded TP HTML5TargetPlatform
[2017.03.07-21.10.37:944][  0]LogTemp:Display: Loaded TP IOSTargetPlatform
[2017.03.07-21.10.37:992][  0]LogTemp:Display: Loaded TP TVOSTargetPlatform
[2017.03.07-21.10.38:064][  0]LogTemp:Display: Loaded TP LinuxClientTargetPlatform
[2017.03.07-21.10.38:140][  0]LogTemp:Display: Loaded TP LinuxNoEditorTargetPlatform
[2017.03.07-21.10.38:213][  0]LogTemp:Display: Loaded TP LinuxServerTargetPlatform
[2017.03.07-21.10.38:287][  0]LogTemp:Display: Loaded TP LinuxTargetPlatform
[2017.03.07-21.10.38:287][  0]LogTargetPlatformManager:Display: Building Assets For Windows
[2017.03.07-21.10.38:925][  0]LogDerivedDataCache:Display: Max Cache Size: 512 MB
[2017.03.07-21.10.38:991][  0]LogDerivedDataCache: Loaded boot cache 0.07s 50MB C:/Users/mattlineback/AppData/Local/UnrealEngine/4.14/DerivedDataCache/Boot.ddc.
[2017.03.07-21.10.38:991][  0]LogDerivedDataCache:Display: Loaded Boot cache: C:/Users/mattlineback/AppData/Local/UnrealEngine/4.14/DerivedDataCache/Boot.ddc
[2017.03.07-21.10.38:991][  0]LogDerivedDataCache: FDerivedDataBackendGraph:  Pak pak cache file ../../../../../../Users/mattlineback/git/monkeywrench/DerivedDataCache/DDC.ddp not found, will not use a pak cache.
[2017.03.07-21.10.38:991][  0]LogDerivedDataCache: Unable to find inner node Pak for hierarchical cache Hierarchy.
[2017.03.07-21.10.38:991][  0]LogDerivedDataCache: FDerivedDataBackendGraph:  CompressedPak pak cache file ../../../../../../Users/mattlineback/git/monkeywrench/DerivedDataCache/Compressed.ddp not found, will not use a pak cache.
[2017.03.07-21.10.38:991][  0]LogDerivedDataCache: Unable to find inner node CompressedPak for hierarchical cache Hierarchy.
[2017.03.07-21.10.39:012][  0]LogDerivedDataCache:Display: Pak cache opened for reading ../../../Engine/DerivedDataCache/Compressed.ddp.
[2017.03.07-21.10.39:024][  0]LogDerivedDataCache: Using Local data cache path C:/Users/mattlineback/AppData/Local/UnrealEngine/Common/DerivedDataCache: Writable
[2017.03.07-21.10.39:311][  0]LogInit: Selected Device Profile: [Windows]
[2017.03.07-21.10.39:315][  0]LogContentStreaming: Texture pool size is 0.00 MB
[2017.03.07-21.10.39:602][  0]LogMeshUtilities: Using QuadricMeshReduction for automatic static mesh reduction
[2017.03.07-21.10.39:670][  0]LogSimplygon: Simplygon DLL not present - disabling.
[2017.03.07-21.10.39:761][  0]LogMeshUtilities: Using SimplygonSwarm for distributed automatic mesh merging
[2017.03.07-21.10.39:762][  0]LogMeshUtilities: No automatic skeletal mesh reduction module available
[2017.03.07-21.10.39:762][  0]LogMeshUtilities: No automatic mesh merging module available
[2017.03.07-21.10.40:434][  0]LogNetVersion: GetLocalNetworkVersion: CL: 3195953, ProjectName: monkeywrench, ProjectVersion: , EngineNetworkVersion: 2, GameNetworkVersion: 0, NetworkChecksum: 690626690
[2017.03.07-21.10.40:505][  0]LogAssetRegistry: FAssetRegistry took 0.0219 seconds to start up
[2017.03.07-21.10.40:580][  0]LogPackageLocalizationCache: Processed 3 localized package path(s) for 2 prioritized culture(s) in 0.037065 seconds
[2017.03.07-21.10.40:588][  0]LogUObjectArray: 31946 objects as part of root set at end of initial load.
[2017.03.07-21.10.40:588][  0]LogUObjectAllocator: 6935840 out of 0 bytes used by permanent object pool.
[2017.03.07-21.10.40:588][  0]LogUObjectArray: CloseDisregardForGC: 0/0 objects in disregard for GC pool
[2017.03.07-21.10.40:687][  0]LogInit: WinSock: version 1.1 (2.2), MaxSocks=32767, MaxUdp=65467
[2017.03.07-21.10.41:718][  0]LogSlate: Using Freetype 2.6.0
[2017.03.07-21.10.41:719][  0]LogSlate: SlateFontCache - WITH_FREETYPE: 1, WITH_HARFBUZZ: 1
[2017.03.07-21.10.41:719][  0]LogSlate: SlateFontCache - WITH_FREETYPE: 1, WITH_HARFBUZZ: 1
[2017.03.07-21.10.42:749][  0]LogTcpMessaging: Initializing TcpMessaging bridge
[2017.03.07-21.10.42:811][  0]LogUdpMessaging: Initializing bridge on interface 0.0.0.0:0 to multicast group 230.0.0.1:6666.
[2017.03.07-21.10.43:234][  0]LogMaterial: Uniform references updated for custom material expression Custom.
[2017.03.07-21.10.43:931][  0]SourceControl: Info Source control is disabled
[2017.03.07-21.10.46:802][  0]LogEngine: Initializing Engine...
[2017.03.07-21.10.46:803][  0]LogHMD: Failed to initialize OpenVR with code 110
[2017.03.07-21.10.47:119][  0]LogAIModule: Creating AISystem for world Untitled
[2017.03.07-21.10.47:126][  0]LogInit: XAudio2 using 'AMD HDMI Output (AMD High Definition Audio Device)' : 2 channels at 48 kHz using 16 bits per sample (channel mask 0x3)
[2017.03.07-21.10.47:145][  0]LogInit: FAudioDevice initialized.
[2017.03.07-21.10.47:175][  0]LogDerivedDataCache: Saved boot cache 0.03s 50MB C:/Users/mattlineback/AppData/Local/UnrealEngine/4.14/DerivedDataCache/Boot.ddc.
[2017.03.07-21.10.47:187][  0]LogInit: Texture streaming: Enabled
[2017.03.07-21.10.47:455][  0]LogInit: Transaction tracking system initialized
[2017.03.07-21.10.48:023][  0]BlueprintLog: New page: Editor Load
[2017.03.07-21.10.49:387][  0]LocalizationService: Info Localization service is disabled
[2017.03.07-21.10.50:297][  0]LogConsoleResponse:Display: 
[2017.03.07-21.10.50:509][  0]LogCook:Display: Max memory allowance for cook 16384mb min free memory 0mb
[2017.03.07-21.10.50:509][  0]LogCook:Display: Mobile HDR setting 1
[2017.03.07-21.10.51:318][  0]LogFileCache: Scanning file cache for directory 'C:/Users/mattlineback/git/monkeywrench/Content/' took 0.03s
[2017.03.07-21.10.52:164][  0]Cmd: MAP LOAD FILE="../../../../../../Users/mattlineback/git/monkeywrench/Content/2DSideScrollerBP/Maps/level_1.umap" TEMPLATE=0 SHOWPROGRESS=1 FEATURELEVEL=3
[2017.03.07-21.10.52:165][  0]LightingResults: New page: Lighting Build
[2017.03.07-21.10.52:222][  0]MapCheck: New page: Map Check
[2017.03.07-21.10.52:222][  0]LightingResults: New page: Lighting Build
[2017.03.07-21.10.52:583][  0]LogAIModule: Creating AISystem for world level_1
[2017.03.07-21.10.52:596][  0]LogEditorServer: Finished looking for orphan Actors (0.000 secs)
[2017.03.07-21.10.52:597][  0]Cmd: MAP CHECKDEP NOCLEARLOG
[2017.03.07-21.10.52:665][  0]MapCheck: Info Map check complete: 0 Error(s), 0 Warning(s), took 68.164ms to complete.
[2017.03.07-21.10.52:665][  0]LogFileHelpers: Loading map 'level_1' took 0.501
[2017.03.07-21.10.52:816][  0]LogCollectionManager: Loaded 0 collections in 0.007129 seconds
[2017.03.07-21.10.52:924][  0]LogFileCache: Scanning file cache for directory 'C:/Users/mattlineback/git/monkeywrench/Saved/Collections/' took 0.01s
[2017.03.07-21.10.52:924][  0]LogFileCache: Scanning file cache for directory 'C:/Users/mattlineback/git/monkeywrench/Content/Developers/mattlineback/Collections/' took 0.01s
[2017.03.07-21.10.52:924][  0]LogFileCache: Scanning file cache for directory 'C:/Users/mattlineback/git/monkeywrench/Content/Collections/' took 0.01s
[2017.03.07-21.10.52:924][  0]LogCollectionManager: Rebuilt the GUID cache for 0 collections in 0.000002 seconds
[2017.03.07-21.10.52:937][  0]LogContentBrowser: Native class hierarchy populated in 0.0129 seconds. Added 2190 classes and 428 folders.
[2017.03.07-21.10.53:005][  0]LogStats: UGameplayTagsManager::ConstructGameplayTagTree: Construct from data asset -  0.000 s
[2017.03.07-21.10.53:005][  0]LogStats: UGameplayTagsManager::ConstructGameplayTagTree: GameplayTagTreeChangedEvent.Broadcast -  0.000 s
[2017.03.07-21.10.53:007][  0]LogContentBrowser: Native class hierarchy updated for 'GameplayTags' in 0.0019 seconds. Added 13 classes and 0 folders.
[2017.03.07-21.10.53:101][  0]LogContentBrowser: Native class hierarchy updated for 'WidgetCarousel' in 0.0023 seconds. Added 0 classes and 0 folders.
[2017.03.07-21.10.53:164][  0]LogContentBrowser: Native class hierarchy updated for 'AddContentDialog' in 0.0018 seconds. Added 0 classes and 0 folders.
[2017.03.07-21.10.53:225][  0]LogContentBrowser: Native class hierarchy updated for 'SceneOutliner' in 0.0018 seconds. Added 1 classes and 2 folders.
[2017.03.07-21.10.53:321][  0]LogCrashTracker: Crashtracker disabled due to settings.
[2017.03.07-21.10.53:326][  0]LogUObjectGlobals:Warning: Failed to find object 'Class None.'
[2017.03.07-21.10.53:417][  0]LogContentBrowser: Native class hierarchy updated for 'HierarchicalLODOutliner' in 0.0020 seconds. Added 1 classes and 2 folders.
[2017.03.07-21.10.53:417][  0]LogLoad: (Engine Initialization) Total time: 22.73 seconds
[2017.03.07-21.10.53:417][  0]LogLoad: (Engine Initialization) Total Blueprint compile time: 0.15 seconds
[2017.03.07-21.10.53:417][  0]LogExternalProfiler: Found external profiler: VSPerf
[2017.03.07-21.10.53:417][  0]LogExternalProfiler: Using external profiler: VSPerf
[2017.03.07-21.10.53:757][  0]LogOcInput: OculusInput pre-init called
[2017.03.07-21.10.53:809][  0]SourceControl: Info On branch master
[2017.03.07-21.10.53:809][  0]SourceControl: Info Your branch is up-to-date with 'origin/master'.
[2017.03.07-21.10.53:809][  0]SourceControl: Info Changes not staged for commit:
[2017.03.07-21.10.53:809][  0]SourceControl: Info   (use "git add/rm <file>..." to update what will be committed)
[2017.03.07-21.10.53:809][  0]SourceControl: Info   (use "git checkout -- <file>..." to discard changes in working directory)
[2017.03.07-21.10.53:809][  0]SourceControl: Info 	deleted:    Content/2DSideScrollerBP/Maps/Geometry/Meshes/1M_Cube.uasset
[2017.03.07-21.10.53:809][  0]SourceControl: Info 	deleted:    Content/2DSideScrollerBP/Maps/Geometry/Meshes/CubeMaterial.uasset
[2017.03.07-21.10.53:809][  0]SourceControl: Info 	deleted:    Content/2DSideScrollerBP/Maps/PuzzleCPP/Maps/PuzzleExampleMap.umap
[2017.03.07-21.10.53:809][  0]SourceControl: Info 	deleted:    Content/2DSideScrollerBP/Maps/PuzzleCPP/Maps/PuzzleExampleMap_BuiltData.uasset
[2017.03.07-21.10.53:809][  0]SourceControl: Info 	deleted:    Content/Content/Geometry/Meshes/1M_Cube.uasset
[2017.03.07-21.10.53:809][  0]SourceControl: Info 	deleted:    Content/Content/Geometry/Meshes/1M_Cube_Chamfer.uasset
[2017.03.07-21.10.53:809][  0]SourceControl: Info 	deleted:    Content/Content/Geometry/Meshes/CubeMaterial.uasset
[2017.03.07-21.10.53:809][  0]SourceControl: Info 	deleted:    Content/Content/Geometry/Meshes/TemplateFloor.uasset
[2017.03.07-21.10.53:809][  0]SourceControl: Info 	deleted:    Content/Content/Puzzle/Meshes/BaseMaterial.uasset
[2017.03.07-21.10.53:809][  0]SourceControl: Info 	deleted:    Content/Content/Puzzle/Meshes/BlueMaterial.uasset
[2017.03.07-21.10.53:809][  0]SourceControl: Info 	deleted:    Content/Content/Puzzle/Meshes/OrangeMaterial.uasset
[2017.03.07-21.10.53:809][  0]SourceControl: Info 	deleted:    Content/Content/Puzzle/Meshes/PuzzleCube.uasset
[2017.03.07-21.10.53:809][  0]SourceControl: Info 	deleted:    Content/Content/PuzzleCPP/Maps/PuzzleExampleMap.umap
[2017.03.07-21.10.53:809][  0]SourceControl: Info 	deleted:    Content/Content/PuzzleCPP/Maps/PuzzleExampleMap_BuiltData.uasset
[2017.03.07-21.10.53:809][  0]SourceControl: Info 	modified:   Intermediate/CachedAssetRegistry.bin
[2017.03.07-21.10.53:809][  0]SourceControl: Info 	modified:   Saved/AutoScreenshot.png
[2017.03.07-21.10.53:809][  0]SourceControl: Info 	modified:   Saved/Config/Windows/Editor.ini
[2017.03.07-21.10.53:809][  0]SourceControl: Info 	modified:   Saved/Config/Windows/EditorPerProjectUserSettings.ini
[2017.03.07-21.10.53:810][  0]SourceControl: Info 	modified:   Saved/Config/Windows/Engine.ini
[2017.03.07-21.10.53:810][  0]SourceControl: Info 	deleted:    Saved/Logs/MonkeyWrench-backup-2017.01.31-10.36.44.log
[2017.03.07-21.10.53:810][  0]SourceControl: Info 	deleted:    Saved/Logs/MonkeyWrench-backup-2017.01.31-13.37.50.log
[2017.03.07-21.10.53:810][  0]SourceControl: Info 	deleted:    Saved/Logs/MonkeyWrench-backup-2017.01.31-15.23.37.log
[2017.03.07-21.10.53:810][  0]SourceControl: Info 	modified:   Saved/Logs/MonkeyWrench.log
[2017.03.07-21.10.53:810][  0]SourceControl: Info Untracked files:
[2017.03.07-21.10.53:810][  0]SourceControl: Info   (use "git add <file>..." to include in what will be committed)
[2017.03.07-21.10.53:810][  0]SourceControl: Info 	Binaries/
[2017.03.07-21.10.53:810][  0]SourceControl: Info 	Content/Geometry/
[2017.03.07-21.10.53:810][  0]SourceControl: Info 	Content/Puzzle/
[2017.03.07-21.10.53:810][  0]SourceControl: Info 	Content/PuzzleCPP/
[2017.03.07-21.10.53:810][  0]SourceControl: Info 	Saved/Logs/MonkeyWrench-backup-2017.03.07-15.35.57.log
[2017.03.07-21.10.53:810][  0]SourceControl: Info 	Saved/Logs/MonkeyWrench-backup-2017.03.07-16.03.11.log
[2017.03.07-21.10.53:810][  0]SourceControl: Info 	Saved/Logs/MonkeyWrench-backup-2017.03.07-16.10.33.log
[2017.03.07-21.10.53:810][  0]SourceControl: Info 	Saved/Logs/UE4CC-Windows-1EAC9D6044C1B2B07ED0D094FD44F148/
[2017.03.07-21.10.53:810][  0]SourceControl: Info 	Saved/Logs/UE4CC-Windows-88C2E05845863FDC22657D8F9902AC3F/
[2017.03.07-21.10.53:810][  0]SourceControl: Info 	Saved/Logs/UE4CC-Windows-E139C1A149C32113B3EEC7AFA2AE4F46/
[2017.03.07-21.10.53:810][  0]SourceControl: Info 	Source/
[2017.03.07-21.10.53:810][  0]SourceControl: Info no changes added to commit (use "git add" and/or "git commit -a")
[2017.03.07-21.10.53:811][  0]LogContentStreaming: Texture pool size now 800 MB
[2017.03.07-21.10.54:123][  1]LogRenderer: Reallocating scene render targets to support 944x504 NumSamples 1 (Frame:2).
[2017.03.07-21.10.54:123][  1]LogFileCache: Retrieving MD5 hashes for directory 'C:/Users/mattlineback/git/monkeywrench/Content/' took 0.35s
[2017.03.07-21.10.54:559][  2]LogAssetRegistry: Asset discovery search completed in 14.0764 seconds
[2017.03.07-21.10.54:559][  2]LogCollectionManager: Rebuilt the object cache for 0 collections in 0.000001 seconds (found 0 objects)
[2017.03.07-21.10.54:559][  2]LogCollectionManager: Fixed up redirectors for 0 collections in 0.000019 seconds (updated 0 objects)
[2017.03.07-21.11.01:217][131]LogLinker:Warning: Can't find file '/Script/PuzzleProject'
[2017.03.07-21.11.01:217][131]LogLinker:Warning: Can't find file for asset '/Script/PuzzleProject' while loading ../../../../../../Users/mattlineback/git/monkeywrench/Content/PuzzleCPP/Maps/PuzzleExampleMap.umap.
[2017.03.07-21.11.01:217][131]LoadErrors:Error: Error /Game/PuzzleCPP/Maps/PuzzleExampleMap : Can't find file for asset. /Script/PuzzleProject
[2017.03.07-21.11.01:222][131]LogLinker:Warning: Can't find file '/Script/PuzzleProject'
[2017.03.07-21.11.01:223][131]LogLinker:Warning: Can't find file for asset '/Script/PuzzleProject' while loading ../../../../../../Users/mattlineback/git/monkeywrench/Content/PuzzleCPP/Maps/PuzzleExampleMap.umap.
[2017.03.07-21.11.01:223][131]LogLinker:Warning: Can't find file '/Script/PuzzleProject'
[2017.03.07-21.11.01:223][131]LogLinker:Warning: Can't find file for asset '/Script/PuzzleProject' while loading ../../../../../../Users/mattlineback/git/monkeywrench/Content/PuzzleCPP/Maps/PuzzleExampleMap.umap.
[2017.03.07-21.11.01:223][131]LogLinker:Warning: Can't find file '/Script/PuzzleProject'
[2017.03.07-21.11.01:223][131]LogLinker:Warning: Can't find file for asset '/Script/PuzzleProject' while loading ../../../../../../Users/mattlineback/git/monkeywrench/Content/PuzzleCPP/Maps/PuzzleExampleMap.umap.
[2017.03.07-21.11.01:224][131]LogLinker:Warning: Can't find file '/Script/PuzzleProject'
[2017.03.07-21.11.01:224][131]LogLinker:Warning: Can't find file for asset '/Script/PuzzleProject' while loading ../../../../../../Users/mattlineback/git/monkeywrench/Content/PuzzleCPP/Maps/PuzzleExampleMap.umap.
[2017.03.07-21.11.01:224][131]LogLinker:Warning: Can't find file '/Script/PuzzleProject'
[2017.03.07-21.11.01:224][131]LogLinker:Warning: Can't find file for asset '/Script/PuzzleProject' while loading NULL.
[2017.03.07-21.11.01:224][131]LogLinker:Warning: Can't find file '/Script/PuzzleProject'
[2017.03.07-21.11.01:224][131]LogLinker:Warning: Can't find file for asset '/Script/PuzzleProject' while loading NULL.
[2017.03.07-21.11.01:224][131]LogLinker:Warning: Can't find file '/Script/PuzzleProject'
[2017.03.07-21.11.01:224][131]LogLinker:Warning: Can't find file for asset '/Script/PuzzleProject' while loading NULL.
[2017.03.07-21.11.01:224][131]LogLinker:Warning: Can't find file '/Script/PuzzleProject'
[2017.03.07-21.11.01:224][131]LogLinker:Warning: Can't find file for asset '/Script/PuzzleProject' while loading NULL.
[2017.03.07-21.11.01:225][131]LogLinker:Warning: Can't find file '/Script/PuzzleProject'
[2017.03.07-21.11.01:225][131]LogLinker:Warning: Can't find file for asset '/Script/PuzzleProject' while loading NULL.
[2017.03.07-21.11.01:234][131]LogLinker:Warning: Can't find file '/Script/PuzzleProject'
[2017.03.07-21.11.01:234][131]LogLinker:Warning: Can't find file for asset '/Script/PuzzleProject' while loading NULL.
[2017.03.07-21.11.01:234][131]LogLinker:Warning: Can't find file '/Script/PuzzleProject'
[2017.03.07-21.11.01:234][131]LogLinker:Warning: Can't find file for asset '/Script/PuzzleProject' while loading NULL.
[2017.03.07-21.11.01:234][131]LogLinker:Warning: Can't find file '/Script/PuzzleProject'
[2017.03.07-21.11.01:234][131]LogLinker:Warning: Can't find file for asset '/Script/PuzzleProject' while loading NULL.
[2017.03.07-21.11.01:234][131]LogLinker:Warning: Can't find file '/Script/PuzzleProject'
[2017.03.07-21.11.01:234][131]LogLinker:Warning: Can't find file for asset '/Script/PuzzleProject' while loading NULL.
[2017.03.07-21.11.01:234][131]LogLinker:Warning: Can't find file '/Script/PuzzleProject'
[2017.03.07-21.11.01:235][131]LogLinker:Warning: Can't find file for asset '/Script/PuzzleProject' while loading NULL.
[2017.03.07-21.11.01:235][131]LogLinker:Warning: Can't find file '/Script/PuzzleProject'
[2017.03.07-21.11.01:235][131]LogLinker:Warning: Can't find file for asset '/Script/PuzzleProject' while loading NULL.
[2017.03.07-21.11.01:240][131]LogLinker:Warning: Can't find file '/Script/PuzzleProject'
[2017.03.07-21.11.01:240][131]LogLinker:Warning: Can't find file for asset '/Script/PuzzleProject' while loading NULL.
[2017.03.07-21.11.01:240][131]LogLinker:Warning: Can't find file '/Script/PuzzleProject'
[2017.03.07-21.11.01:240][131]LoadErrors: Info Failed to load /Script/PuzzleProject.PuzzleProjectBlockGrid Referenced by PersistentLevel
[2017.03.07-21.11.01:240][131]LogLinker:Warning: Can't find file for asset '/Script/PuzzleProject' while loading NULL.
[2017.03.07-21.11.01:318][131]LogAIModule: Creating AISystem for world PuzzleExampleMap
[2017.03.07-21.11.01:363][131]Cmd: MAP LOAD FILE="../../../../../../Users/mattlineback/git/monkeywrench/Content/PuzzleCPP/Maps/PuzzleExampleMap.umap" TEMPLATE=0 SHOWPROGRESS=1 FEATURELEVEL=3
[2017.03.07-21.11.01:363][131]LightingResults: New page: Lighting Build
[2017.03.07-21.11.01:364][131]LoadErrors: New page: Loading map: PuzzleExampleMap.umap
[2017.03.07-21.11.01:365][131]MapCheck: New page: Map Check
[2017.03.07-21.11.01:365][131]LightingResults: New page: Lighting Build
[2017.03.07-21.11.01:441][131]LogEditorServer: Finished looking for orphan Actors (0.000 secs)
[2017.03.07-21.11.01:473][131]Cmd: MAP CHECKDEP NOCLEARLOG
[2017.03.07-21.11.01:541][131]MapCheck: Info Map check complete: 0 Error(s), 0 Warning(s), took 67.999ms to complete.
[2017.03.07-21.11.01:542][131]LogFileHelpers: Loading map 'PuzzleExampleMap' took 0.181
[2017.03.07-21.11.01:553][131]LoadErrors:Warning: Warning CreateExport: Failed to load Outer for resource 'Dummy0': PuzzleProjectBlockGrid /Game/PuzzleCPP/Maps/PuzzleExampleMap.PuzzleExampleMap:PersistentLevel.PuzzleBlockGrid
[2017.03.07-21.11.01:553][131]LoadErrors:Warning: Warning CreateExport: Failed to load Outer for resource 'ScoreText0': PuzzleProjectBlockGrid /Game/PuzzleCPP/Maps/PuzzleExampleMap.PuzzleExampleMap:PersistentLevel.PuzzleBlockGrid
[2017.03.07-21.11.03:415][159]LogTemp: Repeting last play command: New Editor Window (PIE)
[2017.03.07-21.11.03:434][159]LogBlueprintUserMessages: Early PlayInEditor Detection: Level '/Game/PuzzleCPP/Maps/PuzzleExampleMap.PuzzleExampleMap:PersistentLevel' has LevelScriptBlueprint '/Game/PuzzleCPP/Maps/PuzzleExampleMap.PuzzleExampleMap:PersistentLevel.PuzzleExampleMap' with GeneratedClass '/Game/PuzzleCPP/Maps/PuzzleExampleMap.PuzzleExampleMap_C' with ClassGeneratedBy '/Game/PuzzleCPP/Maps/PuzzleExampleMap.PuzzleExampleMap:PersistentLevel.PuzzleExampleMap'
[2017.03.07-21.11.03:434][159]LogPlayLevel: PlayLevel: No blueprints needed recompiling
[2017.03.07-21.11.03:435][159]PIE: New page: PIE session: PuzzleExampleMap (Mar 7, 2017, 11:11:03 AM)
[2017.03.07-21.11.03:435][159]LogPlayLevel: Creating play world package: /Game/PuzzleCPP/Maps/UEDPIE_0_PuzzleExampleMap
[2017.03.07-21.11.03:465][159]LogPlayLevel: PIE: StaticDuplicateObject took: (0.030542s)
[2017.03.07-21.11.03:466][159]LogAIModule: Creating AISystem for world PuzzleExampleMap
[2017.03.07-21.11.03:467][159]LogPlayLevel: PIE: World Init took: (0.001166s)
[2017.03.07-21.11.03:467][159]LogPlayLevel: PIE: Created PIE world by copying editor world from /Game/PuzzleCPP/Maps/PuzzleExampleMap.PuzzleExampleMap to /Game/PuzzleCPP/Maps/UEDPIE_0_PuzzleExampleMap.PuzzleExampleMap (0.032284s)
[2017.03.07-21.11.03:495][159]LogInit: XAudio2 using 'AMD HDMI Output (AMD High Definition Audio Device)' : 2 channels at 48 kHz using 16 bits per sample (channel mask 0x3)
[2017.03.07-21.11.03:503][159]LogInit: FAudioDevice initialized.
[2017.03.07-21.11.03:552][159]LogLoad: Game class is '2DSideScrollerGameMode_C'
[2017.03.07-21.11.03:555][159]LogWorld: Bringing World /Game/PuzzleCPP/Maps/UEDPIE_0_PuzzleExampleMap.PuzzleExampleMap up for play (max tick rate 0) at 2017.03.07-16.11.03
[2017.03.07-21.11.03:555][159]LogWorld: Bringing up level for play took: 0.001704
[2017.03.07-21.11.03:616][159]LogContentBrowser: Native class hierarchy updated for 'MovieSceneCapture' in 0.0020 seconds. Added 11 classes and 0 folders.
[2017.03.07-21.11.03:621][159]PIE: Info Play in editor start time for /Game/PuzzleCPP/Maps/UEDPIE_0_PuzzleExampleMap 1.076
[2017.03.07-21.11.03:621][159]LogBlueprintUserMessages: Late PlayInEditor Detection: Level '/Game/PuzzleCPP/Maps/PuzzleExampleMap.PuzzleExampleMap:PersistentLevel' has LevelScriptBlueprint '/Game/PuzzleCPP/Maps/PuzzleExampleMap.PuzzleExampleMap:PersistentLevel.PuzzleExampleMap' with GeneratedClass '/Game/PuzzleCPP/Maps/PuzzleExampleMap.PuzzleExampleMap_C' with ClassGeneratedBy '/Game/PuzzleCPP/Maps/PuzzleExampleMap.PuzzleExampleMap:PersistentLevel.PuzzleExampleMap'
[2017.03.07-21.11.03:751][159]LogRenderer: Reallocating scene render targets to support 1124x656 NumSamples 1 (Frame:151).
[2017.03.07-21.11.10:212][247]LogBlueprintUserMessages: Early EndPlayMap Detection: Level '/Game/PuzzleCPP/Maps/PuzzleExampleMap.PuzzleExampleMap:PersistentLevel' has LevelScriptBlueprint '/Game/PuzzleCPP/Maps/PuzzleExampleMap.PuzzleExampleMap:PersistentLevel.PuzzleExampleMap' with GeneratedClass '/Game/PuzzleCPP/Maps/PuzzleExampleMap.PuzzleExampleMap_C' with ClassGeneratedBy '/Game/PuzzleCPP/Maps/PuzzleExampleMap.PuzzleExampleMap:PersistentLevel.PuzzleExampleMap'
[2017.03.07-21.11.10:351][247]LogBlueprintUserMessages: Late EndPlayMap Detection: Level '/Game/PuzzleCPP/Maps/PuzzleExampleMap.PuzzleExampleMap:PersistentLevel' has LevelScriptBlueprint '/Game/PuzzleCPP/Maps/PuzzleExampleMap.PuzzleExampleMap:PersistentLevel.PuzzleExampleMap' with GeneratedClass '/Game/PuzzleCPP/Maps/PuzzleExampleMap.PuzzleExampleMap_C' with ClassGeneratedBy '/Game/PuzzleCPP/Maps/PuzzleExampleMap.PuzzleExampleMap:PersistentLevel.PuzzleExampleMap'
[2017.03.07-21.12.52:103][191]MapCheck: New page: Map Check
[2017.03.07-21.12.52:255][191]Cmd: MAP REBUILD ALLVISIBLE
[2017.03.07-21.12.52:259][191]LogEditorServer: Rebuildmap Clear paths rebuilt
[2017.03.07-21.12.52:741][191]LightingResults: New page: Lighting Build - Mar 7, 2017, 11:12:52 AM
[2017.03.07-21.12.53:175][191]LogSwarmInterface: [OpenConnection] Registering TCP channel ...
[2017.03.07-21.12.53:428][191]LogSwarmInterface: [OpenConnection] Connecting to agent ...
[2017.03.07-21.12.53:456][191]LogSwarmInterface: [TryOpenConnection] Testing the Agent
[2017.03.07-21.12.55:746][191]LogSwarmInterface:Error: [TryOpenConnection] Waiting for the agent to start up ...
[2017.03.07-21.12.55:940][191]LogSwarmInterface:Error: System.Net.Sockets.SocketException (0x80004005): No connection could be made because the target machine actively refused it 127.0.0.1:8008

Server stack trace: 
   at System.Net.Sockets.Socket.DoConnect(EndPoint endPointSnapshot, SocketAddress socketAddress)
   at System.Net.Sockets.Socket.Connect(EndPoint remoteEP)
   at System.Runtime.Remoting.Channels.RemoteConnection.CreateNewSocket(EndPoint ipEndPoint)
   at System.Runtime.Remoting.Channels.SocketCache.GetSocket(String machinePortAndSid, Boolean openNew)
   at System.Runtime.Remoting.Channels.Tcp.TcpClientTransportSink.SendRequestWithRetry(IMessage msg, ITransportHeaders requestHeaders, Stream requestStream)
   at System.Runtime.Remoting.Channels.Tcp.TcpClientTransportSink.AsyncProcessRequest(IClientChannelSinkStack sinkStack, IMessage msg, ITransportHeaders headers, Stream stream)
   at System.Runtime.Remoting.Channels.BinaryClientFormatterSink.AsyncProcessMessage(IMessage msg, IMessageSink replySink)

Exception rethrown at [0]: 
   at System.Runtime.Remoting.Proxies.RealProxy.HandleReturnMessage(IMessage reqMsg, IMessage retMsg)
   at System.Runtime.Remoting.Proxies.RealProxy.PrivateInvoke(MessageData& msgData, Int32 type)
   at NSwarm.IAgentInterfaceWrapper.MethodDelegate.EndInvoke(Hashtable& OutParameters, IAsyncResult result)
   at NSwarm.FSwarmInterface.TryOpenConnection(FConnectionCallback CallbackFunc, IntPtr CallbackData, ELogFlags LoggingFlags)
[2017.03.07-21.13.01:860][191]LogSwarmInterface: [TryOpenConnection] Opening Connection to Agent
[2017.03.07-21.13.01:860][191]LogSwarmInterface: [TryOpenConnection] Local Process ID is 12556
[2017.03.07-21.13.04:072][191]LogStaticLightingSystem: Running Lightmass w/ ImmediateImport mode ENABLED
[2017.03.07-21.13.04:072][191]LogStaticLightingSystem: Running Lightmass w/ ImmediateProcess mode ENABLED
[2017.03.07-21.13.04:072][191]LogStaticLightingSystem: Running Lightmass w/ Sorting mode ENABLED
[2017.03.07-21.13.04:072][191]LogStaticLightingSystem: Running Lightmass w/ Mapping paddings ENABLED
[2017.03.07-21.13.04:072][191]LogStaticLightingSystem: Running Lightmass w/ Mapping debug paddings DISABLED
[2017.03.07-21.13.04:689][191]Cmd: MAP CHECK DONTDISPLAYDIALOG
[2017.03.07-21.13.04:690][191]MapCheck: New page: PuzzleExampleMap - Mar 7, 2017, 11:13:04 AM
[2017.03.07-21.13.04:826][191]MapCheck: Info Map check complete: 0 Error(s), 0 Warning(s), took 136.619ms to complete.
[2017.03.07-21.13.04:849][191]LogEditorBuildUtils: Build time 0:12
[2017.03.07-21.13.04:902][191]LogMaterial: Missing cached shader map for material FLightmassMaterialRenderer MaterialInstanceDynamic_2, compiling. 
[2017.03.07-21.13.05:022][191]LogMaterial: Missing cached shader map for material FLightmassMaterialRenderer MaterialInstanceDynamic_2, compiling. 
[2017.03.07-21.13.05:155][192]LogMaterial: Missing cached shader map for material FLightmassMaterialRenderer CubeMaterial, compiling. 
[2017.03.07-21.13.05:187][192]LogMaterial: Missing cached shader map for material FLightmassMaterialRenderer CubeMaterial, compiling. 
[2017.03.07-21.13.05:260][193]LogMaterial: Missing cached shader map for material FLightmassMaterialRenderer WorldGridMaterial, compiling. Is special engine material.
[2017.03.07-21.13.05:308][193]LogMaterial: Missing cached shader map for material FLightmassMaterialRenderer WorldGridMaterial, compiling. Is special engine material.
[2017.03.07-21.13.12:242][225]Job is a success!
[2017.03.07-21.13.12:740][226]LogTexture:Display: Building textures: HQ_Lightmap1_1 (AutoDXT)
[2017.03.07-21.13.12:740][226]LogTexture:Display: Building textures: SkyOcclusion1_1 (AutoDXT)
[2017.03.07-21.13.12:740][226]LogTexture:Display: Building textures: LQ_Lightmap_1_1 (DXT1)
[2017.03.07-21.13.12:740][226]LogTexture:Display: Building textures: SkyOcclusion1_2 (AutoDXT)
[2017.03.07-21.13.12:740][226]LogTexture:Display: Building textures: LQ_Lightmap_1_2 (DXT1)
[2017.03.07-21.13.12:740][226]LogTexture:Display: Building textures: HQ_Lightmap1_2 (AutoDXT)
[2017.03.07-21.13.12:740][226]LogTexture:Display: Building textures: ShadowMapTexture2D_3 (G8)
[2017.03.07-21.13.12:740][226]LogTexture:Display: Building textures: ShadowMapTexture2D_2 (G8)
[2017.03.07-21.13.18:508][226]Lightmass on MATTLINEBACK-PC: 1.48 sec total, 156 ms importing, 33 ms setup, 135 ms photons, 678 ms processing, 0 ms extra exporting [2/2 mappings]. Threads: 2.67 sec total, 244 ms processing.
[2017.03.07-21.13.18:543][226]LogStaticLightingSystem: Illumination: 25.6 sec (112 ms encoding lightmaps, 22 ms encoding shadowmaps)
[2017.03.07-21.13.18:543][226]LogStaticLightingSystem: Lightmap texture memory:  0.1 MB (0.1 MB streaming, 0.0 MB non-streaming), 4 textures
[2017.03.07-21.13.18:543][226]LogStaticLightingSystem: Shadowmap texture memory: 0.0 MB (0.0 MB streaming, 0.0 MB non-streaming), 2 textures
[2017.03.07-21.13.19:016][226]DumpUnbuiltLightIteractions
[2017.03.07-21.13.19:016][226]Lights with unbuilt interactions: 0
[2017.03.07-21.13.19:016][226]
[2017.03.07-21.13.19:016][226]Primitives with unbuilt interactions: 0
[2017.03.07-21.13.19:045][227]Cmd: MAP CHECK NOTIFYRESULTS
[2017.03.07-21.13.19:045][227]MapCheck: New page: PuzzleExampleMap - Mar 7, 2017, 11:13:19 AM
[2017.03.07-21.13.19:136][227]MapCheck: Info Map check complete: 0 Error(s), 0 Warning(s), took 90.688ms to complete.
[2017.03.07-21.13.21:095][247]LogTemp: Repeting last play command: New Editor Window (PIE)
[2017.03.07-21.13.21:119][247]LogBlueprintUserMessages: Early PlayInEditor Detection: Level '/Game/PuzzleCPP/Maps/PuzzleExampleMap.PuzzleExampleMap:PersistentLevel' has LevelScriptBlueprint '/Game/PuzzleCPP/Maps/PuzzleExampleMap.PuzzleExampleMap:PersistentLevel.PuzzleExampleMap' with GeneratedClass '/Game/PuzzleCPP/Maps/PuzzleExampleMap.PuzzleExampleMap_C' with ClassGeneratedBy '/Game/PuzzleCPP/Maps/PuzzleExampleMap.PuzzleExampleMap:PersistentLevel.PuzzleExampleMap'
[2017.03.07-21.13.21:119][247]LogPlayLevel: PlayLevel: No blueprints needed recompiling
[2017.03.07-21.13.21:119][247]PIE: New page: PIE session: PuzzleExampleMap (Mar 7, 2017, 11:13:21 AM)
[2017.03.07-21.13.21:119][247]LogPlayLevel: Creating play world package: /Game/PuzzleCPP/Maps/UEDPIE_0_PuzzleExampleMap
[2017.03.07-21.13.21:144][247]LogPlayLevel: PIE: StaticDuplicateObject took: (0.024305s)
[2017.03.07-21.13.21:145][247]LogAIModule: Creating AISystem for world PuzzleExampleMap
[2017.03.07-21.13.21:145][247]LogPlayLevel: PIE: World Init took: (0.001290s)
[2017.03.07-21.13.21:145][247]LogPlayLevel: PIE: Created PIE world by copying editor world from /Game/PuzzleCPP/Maps/PuzzleExampleMap.PuzzleExampleMap to /Game/PuzzleCPP/Maps/UEDPIE_0_PuzzleExampleMap.PuzzleExampleMap (0.025962s)
[2017.03.07-21.13.21:170][247]LogInit: XAudio2 using 'AMD HDMI Output (AMD High Definition Audio Device)' : 2 channels at 48 kHz using 16 bits per sample (channel mask 0x3)
[2017.03.07-21.13.21:179][247]LogInit: FAudioDevice initialized.
[2017.03.07-21.13.21:228][247]LogLoad: Game class is '2DSideScrollerGameMode_C'
[2017.03.07-21.13.21:230][247]LogWorld: Bringing World /Game/PuzzleCPP/Maps/UEDPIE_0_PuzzleExampleMap.PuzzleExampleMap up for play (max tick rate 0) at 2017.03.07-16.13.21
[2017.03.07-21.13.21:230][247]LogWorld: Bringing up level for play took: 0.001591
[2017.03.07-21.13.21:235][247]PIE: Info Play in editor start time for /Game/PuzzleCPP/Maps/UEDPIE_0_PuzzleExampleMap 0.69
[2017.03.07-21.13.21:236][247]LogBlueprintUserMessages: Late PlayInEditor Detection: Level '/Game/PuzzleCPP/Maps/PuzzleExampleMap.PuzzleExampleMap:PersistentLevel' has LevelScriptBlueprint '/Game/PuzzleCPP/Maps/PuzzleExampleMap.PuzzleExampleMap:PersistentLevel.PuzzleExampleMap' with GeneratedClass '/Game/PuzzleCPP/Maps/PuzzleExampleMap.PuzzleExampleMap_C' with ClassGeneratedBy '/Game/PuzzleCPP/Maps/PuzzleExampleMap.PuzzleExampleMap:PersistentLevel.PuzzleExampleMap'
[2017.03.07-21.13.25:073][291]LogBlueprintUserMessages: Early EndPlayMap Detection: Level '/Game/PuzzleCPP/Maps/PuzzleExampleMap.PuzzleExampleMap:PersistentLevel' has LevelScriptBlueprint '/Game/PuzzleCPP/Maps/PuzzleExampleMap.PuzzleExampleMap:PersistentLevel.PuzzleExampleMap' with GeneratedClass '/Game/PuzzleCPP/Maps/PuzzleExampleMap.PuzzleExampleMap_C' with ClassGeneratedBy '/Game/PuzzleCPP/Maps/PuzzleExampleMap.PuzzleExampleMap:PersistentLevel.PuzzleExampleMap'
[2017.03.07-21.13.25:102][291]LogBlueprintUserMessages: Late EndPlayMap Detection: Level '/Game/PuzzleCPP/Maps/PuzzleExampleMap.PuzzleExampleMap:PersistentLevel' has LevelScriptBlueprint '/Game/PuzzleCPP/Maps/PuzzleExampleMap.PuzzleExampleMap:PersistentLevel.PuzzleExampleMap' with GeneratedClass '/Game/PuzzleCPP/Maps/PuzzleExampleMap.PuzzleExampleMap_C' with ClassGeneratedBy '/Game/PuzzleCPP/Maps/PuzzleExampleMap.PuzzleExampleMap:PersistentLevel.PuzzleExampleMap'
[2017.03.07-21.13.34:506][770]MapCheck: New page: Map Check
[2017.03.07-21.13.34:521][770]Cmd: MAP REBUILD
[2017.03.07-21.13.34:521][770]LogEditorServer: Rebuildmap Clear paths rebuilt
[2017.03.07-21.13.34:617][770]Cmd: MAP CHECK DONTDISPLAYDIALOG
[2017.03.07-21.13.34:617][770]MapCheck: New page: PuzzleExampleMap - Mar 7, 2017, 11:13:34 AM
[2017.03.07-21.13.34:684][770]MapCheck: Info Map check complete: 0 Error(s), 0 Warning(s), took 67.716ms to complete.
[2017.03.07-21.13.34:707][770]LogEditorBuildUtils: Build time 0:00
[2017.03.07-21.13.50:606][237]LogSavePackage: Save=179.22ms
[2017.03.07-21.13.50:606][237]LogSavePackage: Moving '../../../../../../Users/mattlineback/git/monkeywrench/Saved/PuzzleExampleMapFC1BA3D541355A830E5E31A07A39CB03.tmp' to '../../../../../../Users/mattlineback/git/monkeywrench/Content/PuzzleCPP/Maps/PuzzleExampleMap.umap'
[2017.03.07-21.13.50:614][237]LogSavePackage:Display: Finished SavePackage ../../../../../../Users/mattlineback/git/monkeywrench/Content/PuzzleCPP/Maps/PuzzleExampleMap.umap
[2017.03.07-21.13.50:765][237]LogSavePackage: Save=12.60ms
[2017.03.07-21.13.50:766][237]LogSavePackage: Moving '../../../../../../Users/mattlineback/git/monkeywrench/Saved/PuzzleExampleMap_BuiltData66B6DD834806E69B4BFA67875A51D920.tmp' to '../../../../../../Users/mattlineback/git/monkeywrench/Content/PuzzleCPP/Maps/PuzzleExampleMap_BuiltData.uasset'
[2017.03.07-21.13.50:769][237]LogSavePackage:Display: Finished SavePackage ../../../../../../Users/mattlineback/git/monkeywrench/Content/PuzzleCPP/Maps/PuzzleExampleMap_BuiltData.uasset
[2017.03.07-21.13.53:805][285]LogWindowsTextInputMethodSystem:Display: IME system now deactivated.
[2017.03.07-21.13.53:941][286]Cmd: QUIT_EDITOR
[2017.03.07-21.13.54:513][286]LogExit: Preparing to exit.
[2017.03.07-21.13.55:004][286]LogDirectoryWatcher: A directory notification for 'C:/Users/mattlineback/git/monkeywrench/Content/' was aborted.
[2017.03.07-21.13.55:036][286]LogExit: Editor shut down
[2017.03.07-21.13.55:037][286]LogExit: Transaction tracking system shut down
[2017.03.07-21.13.55:109][286]LogObj: Freed 0b from 0 cluster array pools.
[2017.03.07-21.13.55:109][286]LogExit: Object subsystem successfully closed.
[2017.03.07-21.13.55:119][286]LogD3D11RHI: Shutdown
[2017.03.07-21.13.55:119][286]LogD3D11RHI: CleanupD3DDevice
[2017.03.07-21.13.55:193][286]LogD3D11RHI: ~FD3D11DynamicRHI
[2017.03.07-21.13.55:212][286]LogHttp:Display: Http module shutting down, but needs to wait on 1 outstanding Http requests:
[2017.03.07-21.13.55:212][286]LogHttp:Display: 	verb=[POST] url=[https://datarouter.ol.epicgames.com/datarouter/api/v1/public/data?SessionID=%7B8501E36D-4404-60E2-C9D7-029DC386D4E5%7D&AppID=UEEditor.Rocket.Release&AppVersion=4.14.3-3249277%2B%2B%2BUE4%2BRelease-4.14&UserID=063ea8b74d033e1b8770998eb4b43c95%7C7688f66bf330434687681f731b7ab27c%7C21693357-8d08-49fe-8eb2-9dfd6ac3f214&AppEnvironment=datacollector-binary&UploadType=eteventstream] status=Processing
[2017.03.07-21.13.55:229][286]LogModuleManager: Shutting down and abandoning module HierarchicalLODUtilities (243)
[2017.03.07-21.13.55:229][286]LogModuleManager: Shutting down and abandoning module MovieSceneCapture (242)
[2017.03.07-21.13.55:229][286]LogModuleManager: Shutting down and abandoning module HierarchicalLODOutliner (241)
[2017.03.07-21.13.55:229][286]LogModuleManager: Shutting down and abandoning module CrashTracker (240)
[2017.03.07-21.13.55:229][286]LogModuleManager: Shutting down and abandoning module SceneOutliner (239)
[2017.03.07-21.13.55:229][286]LogModuleManager: Shutting down and abandoning module WidgetCarousel (238)
[2017.03.07-21.13.55:229][286]LogModuleManager: Shutting down and abandoning module AddContentDialog (237)
[2017.03.07-21.13.55:229][286]LogDirectoryWatcher: A directory notification for 'C:/Program Files (x86)/Epic Games/4.14/FeaturePacks/' was aborted.
[2017.03.07-21.13.55:233][286]LogModuleManager: Shutting down and abandoning module GameplayTags (236)
[2017.03.07-21.13.55:233][286]LogModuleManager: Shutting down and abandoning module EditorWidgets (235)
[2017.03.07-21.13.55:233][286]LogModuleManager: Shutting down and abandoning module CollectionManager (234)
[2017.03.07-21.13.55:233][286]LogDirectoryWatcher: A directory notification for 'C:/Users/mattlineback/git/monkeywrench/Content/Collections/' was aborted.
[2017.03.07-21.13.55:233][286]LogDirectoryWatcher: A directory notification for 'C:/Users/mattlineback/git/monkeywrench/Content/Developers/mattlineback/Collections/' was aborted.
[2017.03.07-21.13.55:233][286]LogDirectoryWatcher: A directory notification for 'C:/Users/mattlineback/git/monkeywrench/Saved/Collections/' was aborted.
[2017.03.07-21.13.55:233][286]LogModuleManager: Shutting down and abandoning module StatsViewer (233)
[2017.03.07-21.13.55:233][286]LogModuleManager: Shutting down and abandoning module FoliageEdit (232)
[2017.03.07-21.13.55:233][286]LogModuleManager: Shutting down and abandoning module LandscapeEditor (231)
[2017.03.07-21.13.55:233][286]LogModuleManager: Shutting down and abandoning module SceneDepthPickerMode (230)
[2017.03.07-21.13.55:233][286]LogModuleManager: Shutting down and abandoning module ActorPickerMode (229)
[2017.03.07-21.13.55:233][286]LogModuleManager: Shutting down and abandoning module GeometryMode (228)
[2017.03.07-21.13.55:233][286]LogModuleManager: Shutting down and abandoning module TextureAlignMode (227)
[2017.03.07-21.13.55:233][286]LogModuleManager: Shutting down and abandoning module BspMode (226)
[2017.03.07-21.13.55:233][286]LogModuleManager: Shutting down and abandoning module HardwareSurvey (225)
[2017.03.07-21.13.55:233][286]LogModuleManager: Shutting down and abandoning module SequenceRecorderSections (224)
[2017.03.07-21.13.55:233][286]LogModuleManager: Shutting down and abandoning module AutomationWorker (223)
[2017.03.07-21.13.55:233][286]LogModuleManager: Shutting down and abandoning module MatineeToLevelSequence (222)
[2017.03.07-21.13.55:233][286]LogModuleManager: Shutting down and abandoning module PlacementMode (221)
[2017.03.07-21.13.55:233][286]LogModuleManager: Shutting down and abandoning module LevelSequenceEditor (220)
[2017.03.07-21.13.55:233][286]LogModuleManager: Shutting down and abandoning module WmfMediaFactory (219)
[2017.03.07-21.13.55:233][286]LogModuleManager: Shutting down and abandoning module WmfMediaEditor (218)
[2017.03.07-21.13.55:233][286]LogModuleManager: Shutting down and abandoning module AvfMediaFactory (217)
[2017.03.07-21.13.55:233][286]LogModuleManager: Shutting down and abandoning module AvfMediaEditor (216)
[2017.03.07-21.13.55:233][286]LogModuleManager: Shutting down and abandoning module Media (215)
[2017.03.07-21.13.55:233][286]LogModuleManager: Shutting down and abandoning module AndroidMediaFactory (214)
[2017.03.07-21.13.55:233][286]LogModuleManager: Shutting down and abandoning module AndroidMediaEditor (213)
[2017.03.07-21.13.55:233][286]LogModuleManager: Shutting down and abandoning module CharacterAI (212)
[2017.03.07-21.13.55:233][286]LogModuleManager: Shutting down and abandoning module SequenceRecorder (211)
[2017.03.07-21.13.55:233][286]LogModuleManager: Shutting down and abandoning module AudioCapture (210)
[2017.03.07-21.13.55:233][286]LogModuleManager: Shutting down and abandoning module SmartSnapping (209)
[2017.03.07-21.13.55:233][286]LogModuleManager: Shutting down and abandoning module SessionServices (208)
[2017.03.07-21.13.55:233][286]LogModuleManager: Shutting down and abandoning module ViewportSnapping (207)
[2017.03.07-21.13.55:233][286]LogModuleManager: Shutting down and abandoning module ViewportInteraction (206)
[2017.03.07-21.13.55:233][286]LogModuleManager: Shutting down and abandoning module LogVisualizer (205)
[2017.03.07-21.13.55:233][286]LogModuleManager: Shutting down and abandoning module GameProjectGeneration (204)
[2017.03.07-21.13.55:234][286]LogModuleManager: Shutting down and abandoning module IntroTutorials (203)
[2017.03.07-21.13.55:234][286]LogModuleManager: Shutting down and abandoning module EditorLiveStreaming (202)
[2017.03.07-21.13.55:234][286]LogModuleManager: Shutting down and abandoning module IOSPlatformEditor (201)
[2017.03.07-21.13.55:234][286]LogModuleManager: Shutting down and abandoning module HTML5PlatformEditor (200)
[2017.03.07-21.13.55:234][286]LogModuleManager: Shutting down and abandoning module AndroidDeviceDetection (199)
[2017.03.07-21.13.55:952][286]LogModuleManager: Shutting down and abandoning module AndroidPlatformEditor (198)
[2017.03.07-21.13.55:952][286]LogModuleManager: Shutting down and abandoning module IOSRuntimeSettings (197)
[2017.03.07-21.13.55:952][286]LogModuleManager: Shutting down and abandoning module AndroidRuntimeSettings (196)
[2017.03.07-21.13.55:952][286]LogModuleManager: Shutting down and abandoning module InputBindingEditor (195)
[2017.03.07-21.13.55:952][286]LogModuleManager: Shutting down and abandoning module NiagaraEditor (194)
[2017.03.07-21.13.55:952][286]LogModuleManager: Shutting down and abandoning module MergeActors (193)
[2017.03.07-21.13.55:952][286]LogModuleManager: Shutting down and abandoning module SizeMap (192)
[2017.03.07-21.13.55:952][286]LogModuleManager: Shutting down and abandoning module TreeMap (191)
[2017.03.07-21.13.55:953][286]LogModuleManager: Shutting down and abandoning module ReferenceViewer (190)
[2017.03.07-21.13.55:953][286]LogModuleManager: Shutting down and abandoning module LocalizationService (189)
[2017.03.07-21.13.55:953][286]LogModuleManager: Shutting down and abandoning module LocalizationDashboard (188)
[2017.03.07-21.13.55:953][286]LogModuleManager: Shutting down and abandoning module HardwareTargeting (187)
[2017.03.07-21.13.55:953][286]LogModuleManager: Shutting down and abandoning module DeviceProfileEditor (186)
[2017.03.07-21.13.55:953][286]LogModuleManager: Shutting down and abandoning module UndoHistory (185)
[2017.03.07-21.13.55:953][286]LogModuleManager: Shutting down and abandoning module UserFeedback (184)
[2017.03.07-21.13.55:953][286]LogModuleManager: Shutting down and abandoning module XmlParser (183)
[2017.03.07-21.13.55:953][286]LogModuleManager: Shutting down and abandoning module Blutility (182)
[2017.03.07-21.13.55:953][286]LogModuleManager: Shutting down and abandoning module ProjectTargetPlatformEditor (181)
[2017.03.07-21.13.55:953][286]LogModuleManager: Shutting down and abandoning module ProjectSettingsViewer (180)
[2017.03.07-21.13.55:953][286]LogModuleManager: Shutting down and abandoning module EditorSettingsViewer (179)
[2017.03.07-21.13.55:953][286]LogModuleManager: Shutting down and abandoning module SettingsEditor (178)
[2017.03.07-21.13.55:953][286]LogModuleManager: Shutting down and abandoning module ProjectLauncher (177)
[2017.03.07-21.13.55:953][286]LogModuleManager: Shutting down and abandoning module SessionFrontend (176)
[2017.03.07-21.13.55:953][286]LogModuleManager: Shutting down and abandoning module ProfilerClient (175)
[2017.03.07-21.13.55:953][286]LogModuleManager: Shutting down and abandoning module TargetDeviceServices (174)
[2017.03.07-21.13.55:953][286]LogModuleManager: Shutting down and abandoning module DeviceManager (173)
[2017.03.07-21.13.55:997][286]LogModuleManager: Shutting down and abandoning module AutomationController (172)
[2017.03.07-21.13.55:997][286]LogModuleManager: Shutting down and abandoning module AutomationWindow (171)
[2017.03.07-21.13.55:997][286]LogModuleManager: Shutting down and abandoning module Layers (170)
[2017.03.07-21.13.55:997][286]LogModuleManager: Shutting down and abandoning module ComponentVisualizers (169)
[2017.03.07-21.13.55:997][286]LogModuleManager: Shutting down and abandoning module DetailCustomizations (168)
[2017.03.07-21.13.55:997][286]LogModuleManager: Shutting down and abandoning module PackagesDialog (167)
[2017.03.07-21.13.55:997][286]LogModuleManager: Shutting down and abandoning module AnimGraph (166)
[2017.03.07-21.13.55:997][286]LogModuleManager: Shutting down and abandoning module Persona (165)
[2017.03.07-21.13.55:997][286]LogModuleManager: Shutting down and abandoning module Kismet (164)
[2017.03.07-21.13.55:998][286]LogModuleManager: Shutting down and abandoning module GraphEditor (163)
[2017.03.07-21.13.55:998][286]LogModuleManager: Shutting down and abandoning module ClassViewer (162)
[2017.03.07-21.13.55:998][286]LogModuleManager: Shutting down and abandoning module Toolbox (161)
[2017.03.07-21.13.55:998][286]LogModuleManager: Shutting down and abandoning module ModuleUI (160)
[2017.03.07-21.13.55:998][286]LogModuleManager: Shutting down and abandoning module MovieSceneTools (159)
[2017.03.07-21.13.55:998][286]LogModuleManager: Shutting down and abandoning module OutputLog (158)
[2017.03.07-21.13.55:998][286]LogModuleManager: Shutting down and abandoning module GammaUI (157)
[2017.03.07-21.13.55:998][286]LogModuleManager: Shutting down and abandoning module Documentation (156)
[2017.03.07-21.13.55:998][286]LogModuleManager: Shutting down and abandoning module Niagara (155)
[2017.03.07-21.13.55:998][286]LogModuleManager: Shutting down and abandoning module StreamingPauseRendering (154)
[2017.03.07-21.13.55:998][286]LogModuleManager: Shutting down and abandoning module AnalyticsET (153)
[2017.03.07-21.13.55:999][286]LogModuleManager: Shutting down and abandoning module PortalServices (152)
[2017.03.07-21.13.55:999][286]LogModuleManager: Shutting down and abandoning module PortalRpc (151)
[2017.03.07-21.13.55:999][286]LogModuleManager: Shutting down and abandoning module MessagingRpc (150)
[2017.03.07-21.13.55:999][286]LogModuleManager: Shutting down and abandoning module GameplayDebugger (149)
[2017.03.07-21.13.55:999][286]LogModuleManager: Shutting down and abandoning module AITestSuite (148)
[2017.03.07-21.13.55:999][286]LogModuleManager: Shutting down and abandoning module AIModule (147)
[2017.03.07-21.13.55:999][286]LogModuleManager: Shutting down and abandoning module ProfilerService (146)
[2017.03.07-21.13.56:239][286]LogModuleManager: Shutting down and abandoning module TaskGraph (145)
[2017.03.07-21.13.56:239][286]LogModuleManager: Shutting down and abandoning module SlateRemote (144)
[2017.03.07-21.13.56:239][286]LogModuleManager: Shutting down and abandoning module SteamVRController (143)
[2017.03.07-21.13.56:239][286]LogModuleManager: Shutting down and abandoning module SteamVR (142)
[2017.03.07-21.13.56:239][286]LogModuleManager: Shutting down and abandoning module ProceduralMeshComponentEditor (141)
[2017.03.07-21.13.56:240][286]LogModuleManager: Shutting down and abandoning module ProceduralMeshComponent (140)
[2017.03.07-21.13.56:240][286]LogModuleManager: Shutting down and abandoning module OculusLibrary (139)
[2017.03.07-21.13.56:240][286]LogModuleManager: Shutting down and abandoning module OculusInput (138)
[2017.03.07-21.13.56:240][286]LogModuleManager: Shutting down and abandoning module MobilePatchingUtils (137)
[2017.03.07-21.13.56:240][286]LogModuleManager: Shutting down and abandoning module CustomMeshComponent (136)
[2017.03.07-21.13.56:240][286]LogModuleManager: Shutting down and abandoning module CableComponent (135)
[2017.03.07-21.13.56:240][286]LogModuleManager: Shutting down and abandoning module ArchVisCharacter (134)
[2017.03.07-21.13.56:240][286]LogModuleManager: Shutting down and abandoning module MediaPlayerEditor (132)
[2017.03.07-21.13.56:240][286]LogModuleManager: Shutting down and abandoning module HTML5Networking (131)
[2017.03.07-21.13.56:240][286]LogModuleManager: Shutting down and abandoning module GeometryCacheEd (130)
[2017.03.07-21.13.56:240][286]LogModuleManager: Shutting down and abandoning module GeometryCache (129)
[2017.03.07-21.13.56:240][286]LogModuleManager: Shutting down and abandoning module AlembicLibrary (128)
[2017.03.07-21.13.56:240][286]LogModuleManager: Shutting down and abandoning module AlembicImporter (127)
[2017.03.07-21.13.56:240][286]LogModuleManager: Shutting down and abandoning module SuperSearch (126)
[2017.03.07-21.13.56:240][286]LogModuleManager: Shutting down and abandoning module SuperSearchEditor (125)
[2017.03.07-21.13.56:240][286]LogModuleManager: Shutting down and abandoning module SpeedTreeImporter (124)
[2017.03.07-21.13.56:240][286]LogModuleManager: Shutting down and abandoning module PluginBrowser (123)
[2017.03.07-21.13.56:240][286]LogModuleManager: Shutting down and abandoning module MobileLauncherProfileWizard (122)
[2017.03.07-21.13.56:240][286]LogModuleManager: Shutting down and abandoning module EpicSurvey (121)
[2017.03.07-21.13.56:240][286]LogModuleManager: Shutting down and abandoning module DesktopPlatform (120)
[2017.03.07-21.13.56:241][286]LogModuleManager: Shutting down and abandoning module VisualStudioSourceCodeAccess (119)
[2017.03.07-21.13.56:241][286]LogModuleManager: Shutting down and abandoning module UObjectPlugin (118)
[2017.03.07-21.13.56:241][286]LogModuleManager: Shutting down and abandoning module SubversionSourceControl (117)
[2017.03.07-21.13.56:241][286]LogModuleManager: Shutting down and abandoning module PerforceSourceControl (116)
[2017.03.07-21.13.56:241][286]LogModuleManager: Shutting down and abandoning module SourceControl (115)
[2017.03.07-21.13.56:241][286]LogModuleManager: Shutting down and abandoning module GitSourceControl (114)
[2017.03.07-21.13.56:241][286]LogModuleManager: Shutting down and abandoning module LightPropagationVolumeEditor (113)
[2017.03.07-21.13.56:241][286]LogModuleManager: Shutting down and abandoning module PaperTiledImporter (112)
[2017.03.07-21.13.56:241][286]LogModuleManager: Shutting down and abandoning module PaperSpriteSheetImporter (111)
[2017.03.07-21.13.56:241][286]LogModuleManager: Shutting down and abandoning module MeshPaint (110)
[2017.03.07-21.13.56:241][286]LogModuleManager: Shutting down and abandoning module PixelInspectorModule (109)
[2017.03.07-21.13.56:241][286]LogModuleManager: Shutting down and abandoning module HotReload (108)
[2017.03.07-21.13.56:241][286]LogDirectoryWatcher: A directory notification for 'C:/Users/mattlineback/git/monkeywrench/Binaries/Win64' was aborted.
[2017.03.07-21.13.56:242][286]LogModuleManager: Shutting down and abandoning module MainFrame (107)
[2017.03.07-21.13.56:242][286]LogModuleManager: Shutting down and abandoning module LevelEditor (106)
[2017.03.07-21.13.56:244][286]LogModuleManager: Shutting down and abandoning module ContentBrowser (105)
[2017.03.07-21.13.56:245][286]LogModuleManager: Shutting down and abandoning module Paper2DEditor (104)
[2017.03.07-21.13.56:245][286]LogModuleManager: Shutting down and abandoning module UdpMessaging (103)
[2017.03.07-21.13.56:346][286]LogModuleManager: Shutting down and abandoning module TcpMessaging (102)
[2017.03.07-21.13.56:447][286]LogModuleManager: Shutting down and abandoning module LightPropagationVolumeRuntime (101)
[2017.03.07-21.13.56:447][286]LogModuleManager: Shutting down and abandoning module Paper2D (100)
[2017.03.07-21.13.56:447][286]LogModuleManager: Shutting down and abandoning module WindowsMoviePlayer (99)
[2017.03.07-21.13.56:447][286]LogModuleManager: Shutting down and abandoning module WmfMedia (98)
[2017.03.07-21.13.56:447][286]LogModuleManager: Shutting down and abandoning module MediaAssets (97)
[2017.03.07-21.13.56:447][286]LogModuleManager: Shutting down and abandoning module GameLiveStreaming (96)
[2017.03.07-21.13.56:447][286]LogModuleManager: Shutting down and abandoning module GameplayTagsEditor (95)
[2017.03.07-21.13.56:447][286]LogModuleManager: Shutting down and abandoning module VREditor (94)
[2017.03.07-21.13.56:447][286]LogModuleManager: Shutting down and abandoning module GameplayTasksEditor (93)
[2017.03.07-21.13.56:447][286]LogModuleManager: Shutting down and abandoning module BehaviorTreeEditor (92)
[2017.03.07-21.13.56:447][286]LogModuleManager: Shutting down and abandoning module FunctionalTesting (91)
[2017.03.07-21.13.56:447][286]LogModuleManager: Shutting down and abandoning module CollisionAnalyzer (90)
[2017.03.07-21.13.56:447][286]LogModuleManager: Shutting down and abandoning module Sequencer (89)
[2017.03.07-21.13.56:448][286]LogModuleManager: Shutting down and abandoning module WorkspaceMenuStructure (88)
[2017.03.07-21.13.56:448][286]LogModuleManager: Shutting down and abandoning module MessageLog (87)
[2017.03.07-21.13.56:448][286]LogModuleManager: Shutting down and abandoning module AssetTools (86)
[2017.03.07-21.13.56:448][286]LogModuleManager: Shutting down and abandoning module UMGEditor (85)
[2017.03.07-21.13.56:448][286]LogModuleManager: Shutting down and abandoning module UMG (84)
[2017.03.07-21.13.56:448][286]LogModuleManager: Shutting down and abandoning module SlateReflector (83)
[2017.03.07-21.13.56:448][286]LogModuleManager: Shutting down and abandoning module Slate (82)
[2017.03.07-21.13.56:448][286]LogModuleManager: Shutting down and abandoning module EditorStyle (81)
[2017.03.07-21.13.56:453][286]LogModuleManager: Shutting down and abandoning module SourceCodeAccess (80)
[2017.03.07-21.13.56:453][286]LogModuleManager: Shutting down and abandoning module HeadMountedDisplay (79)
[2017.03.07-21.13.56:453][286]LogModuleManager: Shutting down and abandoning module XAudio2 (78)
[2017.03.07-21.13.56:453][286]LogModuleManager: Shutting down and abandoning module Networking (76)
[2017.03.07-21.13.56:453][286]LogModuleManager: Shutting down and abandoning module Core (75)
[2017.03.07-21.13.56:453][286]LogModuleManager: Shutting down and abandoning module DirectoryWatcher (74)
[2017.03.07-21.13.56:453][286]LogDirectoryWatcher: A directory notification for '../../../Engine/Content/' was aborted.
[2017.03.07-21.13.56:453][286]LogDirectoryWatcher: A directory notification for '../../../../../../Users/mattlineback/git/monkeywrench/Content/' was aborted.
[2017.03.07-21.13.56:454][286]LogDirectoryWatcher: A directory notification for '../../../Engine/Plugins/2D/Paper2D/Content/' was aborted.
[2017.03.07-21.13.56:455][286]LogModuleManager: Shutting down and abandoning module AssetRegistry (73)
[2017.03.07-21.13.56:632][286]LogModuleManager: Shutting down and abandoning module KismetCompiler (72)
[2017.03.07-21.13.56:632][286]LogModuleManager: Shutting down and abandoning module PhysXFormats (71)
[2017.03.07-21.13.56:632][286]LogModuleManager: Shutting down and abandoning module SimplygonSwarm (70)
[2017.03.07-21.13.56:632][286]LogModuleManager: Shutting down and abandoning module SimplygonMeshReduction (69)
[2017.03.07-21.13.56:632][286]LogModuleManager: Shutting down and abandoning module QuadricMeshReduction (68)
[2017.03.07-21.13.56:632][286]LogModuleManager: Shutting down and abandoning module PropertyEditor (67)
[2017.03.07-21.13.56:632][286]LogModuleManager: Shutting down and abandoning module MeshUtilities (66)
[2017.03.07-21.13.56:632][286]LogModuleManager: Shutting down and abandoning module DerivedDataCache (65)
[2017.03.07-21.13.56:715][286]LogDerivedDataCache: Shutdown
[2017.03.07-21.13.56:715][286]LogModuleManager: Shutting down and abandoning module VulkanShaderFormat (64)
[2017.03.07-21.13.56:715][286]LogModuleManager: Shutting down and abandoning module ShaderFormatOpenGL (63)
[2017.03.07-21.13.56:715][286]LogModuleManager: Shutting down and abandoning module ShaderFormatD3D (62)
[2017.03.07-21.13.56:716][286]LogModuleManager: Shutting down and abandoning module MetalShaderFormat (61)
[2017.03.07-21.13.56:716][286]LogModuleManager: Shutting down and abandoning module TextureFormatUncompressed (60)
[2017.03.07-21.13.56:716][286]LogModuleManager: Shutting down and abandoning module TextureFormatPVR (59)
[2017.03.07-21.13.56:716][286]LogModuleManager: Shutting down and abandoning module TextureFormatDXT (58)
[2017.03.07-21.13.56:716][286]LogModuleManager: Shutting down and abandoning module TextureFormatIntelISPCTexComp (57)
[2017.03.07-21.13.56:716][286]LogModuleManager: Shutting down and abandoning module ImageWrapper (56)
[2017.03.07-21.13.56:716][286]LogModuleManager: Shutting down and abandoning module TextureFormatASTC (55)
[2017.03.07-21.13.56:716][286]LogModuleManager: Shutting down and abandoning module TextureFormatAndroid (54)
[2017.03.07-21.13.56:716][286]LogModuleManager: Shutting down and abandoning module AudioFormatOpus (53)
[2017.03.07-21.13.56:716][286]LogModuleManager: Shutting down and abandoning module AudioFormatOgg (52)
[2017.03.07-21.13.56:716][286]LogModuleManager: Shutting down and abandoning module AudioFormatADPCM (51)
[2017.03.07-21.13.56:716][286]LogModuleManager: Shutting down and abandoning module LinuxTargetPlatform (50)
[2017.03.07-21.13.56:716][286]LogModuleManager: Shutting down and abandoning module LinuxServerTargetPlatform (49)
[2017.03.07-21.13.56:716][286]LogModuleManager: Shutting down and abandoning module LinuxNoEditorTargetPlatform (48)
[2017.03.07-21.13.56:716][286]LogModuleManager: Shutting down and abandoning module LinuxClientTargetPlatform (47)
[2017.03.07-21.13.56:716][286]LogModuleManager: Shutting down and abandoning module TVOSTargetPlatform (46)
[2017.03.07-21.13.56:716][286]LogModuleManager: Shutting down and abandoning module Messaging (45)
[2017.03.07-21.13.56:716][286]LogModuleManager: Shutting down and abandoning module IOSTargetPlatform (44)
[2017.03.07-21.13.56:716][286]LogModuleManager: Shutting down and abandoning module HTML5TargetPlatform (43)
[2017.03.07-21.13.56:716][286]LogModuleManager: Shutting down and abandoning module Android_PVRTCTargetPlatform (42)
[2017.03.07-21.13.56:716][286]LogModuleManager: Shutting down and abandoning module Android_MultiTargetPlatform (41)
[2017.03.07-21.13.56:716][286]LogModuleManager: Shutting down and abandoning module Android_ETC2TargetPlatform (40)
[2017.03.07-21.13.56:716][286]LogModuleManager: Shutting down and abandoning module Android_ETC1TargetPlatform (39)
[2017.03.07-21.13.56:716][286]LogModuleManager: Shutting down and abandoning module Android_DXTTargetPlatform (38)
[2017.03.07-21.13.56:716][286]LogModuleManager: Shutting down and abandoning module Android_ATCTargetPlatform (37)
[2017.03.07-21.13.56:716][286]LogModuleManager: Shutting down and abandoning module Android_ASTCTargetPlatform (36)
[2017.03.07-21.13.56:716][286]LogModuleManager: Shutting down and abandoning module AndroidTargetPlatform (35)
[2017.03.07-21.13.56:716][286]LogModuleManager: Shutting down and abandoning module WindowsTargetPlatform (34)
[2017.03.07-21.13.56:716][286]LogModuleManager: Shutting down and abandoning module WindowsServerTargetPlatform (33)
[2017.03.07-21.13.56:716][286]LogModuleManager: Shutting down and abandoning module WindowsNoEditorTargetPlatform (32)
[2017.03.07-21.13.56:716][286]LogModuleManager: Shutting down and abandoning module WindowsClientTargetPlatform (31)
[2017.03.07-21.13.56:716][286]LogModuleManager: Shutting down and abandoning module MacTargetPlatform (30)
[2017.03.07-21.13.56:716][286]LogModuleManager: Shutting down and abandoning module MacServerTargetPlatform (29)
[2017.03.07-21.13.56:716][286]LogModuleManager: Shutting down and abandoning module MacNoEditorTargetPlatform (28)
[2017.03.07-21.13.56:716][286]LogModuleManager: Shutting down and abandoning module MacClientTargetPlatform (27)
[2017.03.07-21.13.56:716][286]LogModuleManager: Shutting down and abandoning module AllDesktopTargetPlatform (26)
[2017.03.07-21.13.56:717][286]LogModuleManager: Shutting down and abandoning module TargetPlatform (25)
[2017.03.07-21.13.56:717][286]LogModuleManager: Shutting down and abandoning module InputCore (24)
[2017.03.07-21.13.56:717][286]LogModuleManager: Shutting down and abandoning module Settings (23)
[2017.03.07-21.13.56:717][286]LogModuleManager: Shutting down and abandoning module OculusRift (22)
[2017.03.07-21.13.56:717][286]LogModuleManager: Shutting down and abandoning module ExampleDeviceProfileSelector (21)
[2017.03.07-21.13.56:717][286]LogModuleManager: Shutting down and abandoning module OnlineBlueprintSupport (20)
[2017.03.07-21.13.56:717][286]LogModuleManager: Shutting down and abandoning module OnlineSubsystem (18)
[2017.03.07-21.13.56:717][286]LogOnline:Display: Unloading online subsystem: NULL
[2017.03.07-21.13.56:717][286]LogModuleManager: Shutting down and abandoning module SSL (17)
[2017.03.07-21.13.56:719][286]LogModuleManager: Shutting down and abandoning module HTTP (16)
[2017.03.07-21.13.56:719][286]LogModuleManager: Shutting down and abandoning module XMPP (15)
[2017.03.07-21.13.56:719][286]LogModuleManager: Shutting down and abandoning module TextureCompressor (14)
[2017.03.07-21.13.56:719][286]LogModuleManager: Shutting down and abandoning module ShaderCore (13)
[2017.03.07-21.13.56:719][286]LogModuleManager: Shutting down and abandoning module Landscape (12)
[2017.03.07-21.13.56:719][286]LogModuleManager: Shutting down and abandoning module SlateRHIRenderer (11)
[2017.03.07-21.13.56:721][286]LogModuleManager: Shutting down and abandoning module OpenGLDrv (10)
[2017.03.07-21.13.56:721][286]LogModuleManager: Shutting down and abandoning module D3D11RHI (9)
[2017.03.07-21.13.56:721][286]LogModuleManager: Shutting down and abandoning module AnimGraphRuntime (8)
[2017.03.07-21.13.56:721][286]LogModuleManager: Shutting down and abandoning module Renderer (7)
[2017.03.07-21.13.56:721][286]LogModuleManager: Shutting down and abandoning module Engine (6)
[2017.03.07-21.13.56:721][286]LogModuleManager: Shutting down and abandoning module CoreUObject (5)
[2017.03.07-21.13.56:721][286]LogModuleManager: Shutting down and abandoning module NetworkFile (4)
[2017.03.07-21.13.56:721][286]LogModuleManager: Shutting down and abandoning module StreamingFile (3)
[2017.03.07-21.13.56:721][286]LogModuleManager: Shutting down and abandoning module SandboxFile (2)
[2017.03.07-21.13.56:721][286]LogModuleManager: Shutting down and abandoning module PakFile (1)
[2017.03.07-21.13.56:723][286]LogExit: Exiting.
[2017.03.07-21.13.56:747][286]Log file closed, 03/07/17 16:13:56
